#-----------------------------------------------------------
# Vivado v2018.2 (64-bit)
# SW Build 2258646 on Thu Jun 14 20:02:38 MDT 2018
# IP Build 2256618 on Thu Jun 14 22:10:49 MDT 2018
# Start of session at: Wed Dec 12 12:12:16 2018
# Process ID: 26274
# Current directory: /home/tyrian/nnproject/hls8BitFloatMod/Lenet_100MHz/impl/ip
# Command line: vivado -notrace -mode batch -source run_ippack.tcl
# Log file: /home/tyrian/nnproject/hls8BitFloatMod/Lenet_100MHz/impl/ip/vivado.log
# Journal file: /home/tyrian/nnproject/hls8BitFloatMod/Lenet_100MHz/impl/ip/vivado.jou
#-----------------------------------------------------------
source run_ippack.tcl -notrace
INFO: [IP_Flow 19-234] Refreshing IP repositories
INFO: [IP_Flow 19-1704] No user IP repositories specified
INFO: [IP_Flow 19-2313] Loaded Vivado IP repository '/home/tyrian/xilinx/Vivado/2018.2/data/ip'.
WARNING: [IP_Flow 19-4832] The IP name 'lenetSynthMatlab_ap_fadd_3_full_dsp_32' you have specified is long. The Windows operating system has path length limitations. It is recommended you use shorter names to reduce the likelihood of issues.
INFO: [IP_Flow 19-1686] Generating 'Synthesis' target for IP 'lenetSynthMatlab_ap_fadd_3_full_dsp_32'...
INFO: [IP_Flow 19-1686] Generating 'Simulation' target for IP 'lenetSynthMatlab_ap_fadd_3_full_dsp_32'...
WARNING: [IP_Flow 19-4832] The IP name 'lenetSynthMatlab_ap_fcmp_0_no_dsp_32' you have specified is long. The Windows operating system has path length limitations. It is recommended you use shorter names to reduce the likelihood of issues.
INFO: [IP_Flow 19-1686] Generating 'Synthesis' target for IP 'lenetSynthMatlab_ap_fcmp_0_no_dsp_32'...
INFO: [IP_Flow 19-1686] Generating 'Simulation' target for IP 'lenetSynthMatlab_ap_fcmp_0_no_dsp_32'...
WARNING: [IP_Flow 19-4832] The IP name 'lenetSynthMatlab_ap_fmul_2_max_dsp_32' you have specified is long. The Windows operating system has path length limitations. It is recommended you use shorter names to reduce the likelihood of issues.
INFO: [IP_Flow 19-1686] Generating 'Synthesis' target for IP 'lenetSynthMatlab_ap_fmul_2_max_dsp_32'...
INFO: [IP_Flow 19-1686] Generating 'Simulation' target for IP 'lenetSynthMatlab_ap_fmul_2_max_dsp_32'...
WARNING: [IP_Flow 19-4832] The IP name 'lenetSynthMatlab_ap_uitofp_4_no_dsp_32' you have specified is long. The Windows operating system has path length limitations. It is recommended you use shorter names to reduce the likelihood of issues.
INFO: [IP_Flow 19-1686] Generating 'Synthesis' target for IP 'lenetSynthMatlab_ap_uitofp_4_no_dsp_32'...
INFO: [IP_Flow 19-1686] Generating 'Simulation' target for IP 'lenetSynthMatlab_ap_uitofp_4_no_dsp_32'...
INFO: [IP_Flow 19-234] Refreshing IP repositories
INFO: [IP_Flow 19-1704] No user IP repositories specified
INFO: [IP_Flow 19-2313] Loaded Vivado IP repository '/home/tyrian/xilinx/Vivado/2018.2/data/ip'.
INFO: [Common 17-206] Exiting Vivado at Wed Dec 12 12:12:33 2018...
