Copyright 1986-2018 Xilinx, Inc. All Rights Reserved.
--------------------------------------------------------------------------------------
| Tool Version : Vivado v.2018.2 (lin64) Build 2258646 Thu Jun 14 20:02:38 MDT 2018
| Date         : Fri Dec 14 13:37:04 2018
| Host         : Neuromancer running 64-bit Ubuntu 18.04.1 LTS
| Command      : report_control_sets -verbose -file lenet5top_control_sets_placed.rpt
| Design       : lenet5top
| Device       : xc7a100t
--------------------------------------------------------------------------------------

Control Set Information

Table of Contents
-----------------
1. Summary
2. Histogram
3. Flip-Flop Distribution
4. Detailed Control Set Information

1. Summary
----------

+----------------------------------------------------------+-------+
|                          Status                          | Count |
+----------------------------------------------------------+-------+
| Number of unique control sets                            |   155 |
| Unused register locations in slices containing registers |   378 |
+----------------------------------------------------------+-------+


2. Histogram
------------

+--------+--------------+
| Fanout | Control Sets |
+--------+--------------+
|      2 |            1 |
|      6 |            1 |
|      8 |           23 |
|     10 |           24 |
|     12 |            4 |
|     14 |           13 |
|    16+ |           89 |
+--------+--------------+


3. Flip-Flop Distribution
-------------------------

+--------------+-----------------------+------------------------+-----------------+--------------+
| Clock Enable | Synchronous Set/Reset | Asynchronous Set/Reset | Total Registers | Total Slices |
+--------------+-----------------------+------------------------+-----------------+--------------+
| No           | No                    | No                     |            2590 |          419 |
| No           | No                    | Yes                    |               8 |            2 |
| No           | Yes                   | No                     |             642 |          115 |
| Yes          | No                    | No                     |            2842 |          498 |
| Yes          | No                    | Yes                    |             118 |           20 |
| Yes          | Yes                   | No                     |             710 |          107 |
+--------------+-----------------------+------------------------+-----------------+--------------+


4. Detailed Control Set Information
-----------------------------------

+-------------------------------------------------+------------------------------------------------------------------------------+------------------------------------------------------------------------------------------------------------------------------------------------------------------------------------------------------+------------------+----------------+
|                   Clock Signal                  |                                 Enable Signal                                |                                                                                           Set/Reset Signal                                                                                           | Slice Load Count | Bel Load Count |
+-------------------------------------------------+------------------------------------------------------------------------------+------------------------------------------------------------------------------------------------------------------------------------------------------------------------------------------------------+------------------+----------------+
|  clk_div_0/inst/clk_out1                        | uart_0/TX_inst/tx_ff_i_1_n_0                                                 |                                                                                                                                                                                                      |                1 |              2 |
|  uart_0/RX_inst/sclk_en_16_x_baud               |                                                                              |                                                                                                                                                                                                      |                2 |              6 |
|  clk_div_0/inst/clk_out1                        | uart_0/RX_inst/sclk_en_16_x_baud                                             | uart_0/RX_inst/scount4[3]_i_1_n_0                                                                                                                                                                    |                1 |              8 |
|  clk_div_0/inst/clk_out1                        | lenet5_0/U0/ap_NS_fsm133_out                                                 | lenet5_0/U0/r_2_reg_1049                                                                                                                                                                             |                1 |              8 |
|  clk_div_0/inst/clk_out1                        | lenet5_0/U0/ap_NS_fsm124_out                                                 | lenet5_0/U0/ap_NS_fsm136_out                                                                                                                                                                         |                1 |              8 |
|  clk_div_0/inst/clk_out1                        | lenet5_0/U0/ap_NS_fsm123_out                                                 | lenet5_0/U0/colOutIdx_4_reg_1138                                                                                                                                                                     |                1 |              8 |
|  clk_div_0/inst/clk_out1                        | lenet5_0/U0/ap_CS_fsm_state94                                                | lenet5_0/U0/k_i2_reg_1296                                                                                                                                                                            |                1 |              8 |
|  clk_div_0/inst/clk_out1                        | lenet5_0/U0/ap_CS_fsm_state64                                                |                                                                                                                                                                                                      |                1 |              8 |
|  clk_div_0/inst/clk_out1                        | lenet5_0/U0/ap_CS_fsm_state63                                                |                                                                                                                                                                                                      |                1 |              8 |
|  clk_div_0/inst/clk_out1                        | lenet5_0/U0/grp_d_sum_fu_1410/b_k_reg_890                                    |                                                                                                                                                                                                      |                1 |              8 |
|  clk_div_0/inst/clk_out1                        | lenet5_0/U0/ap_CS_fsm_state43                                                |                                                                                                                                                                                                      |                2 |              8 |
|  clk_div_0/inst/clk_out1                        | lenet5_0/U0/ap_CS_fsm_state42                                                |                                                                                                                                                                                                      |                2 |              8 |
|  clk_div_0/inst/clk_out1                        | lenet5_0/U0/ap_CS_fsm_state36                                                | lenet5_0/U0/c_1_reg_1014                                                                                                                                                                             |                1 |              8 |
|  clk_div_0/inst/clk_out1                        | lenet5_0/U0/ap_CS_fsm_state32                                                |                                                                                                                                                                                                      |                2 |              8 |
|  clk_div_0/inst/clk_out1                        | lenet5_0/U0/grp_sum_fu_1422/b_k_reg_910                                      |                                                                                                                                                                                                      |                1 |              8 |
|  clk_div_0/inst/clk_out1                        | lenet5_0/U0/grp_g_sum_fu_1416/y_addr_2_reg_2370                              |                                                                                                                                                                                                      |                1 |              8 |
|  clk_div_0/inst/clk_out1                        | lenet5_0/U0/grp_g_sum_fu_1416/tmp_reg_2011                                   |                                                                                                                                                                                                      |                1 |              8 |
|  clk_div_0/inst/clk_out1                        | lenet5_0/U0/ap_NS_fsm139_out                                                 |                                                                                                                                                                                                      |                2 |              8 |
|  clk_div_0/inst/clk_out1                        | serializer_0/saddr[3]_i_1_n_0                                                |                                                                                                                                                                                                      |                2 |              8 |
|  clk_div_0/inst/clk_out1                        | lenet5_0/U0/b_k_2_reg_11490                                                  |                                                                                                                                                                                                      |                1 |              8 |
|  clk_div_0/inst/clk_out1                        | lenet5_0/U0/ce021_in                                                         |                                                                                                                                                                                                      |                1 |              8 |
|  clk_div_0/inst/clk_out1                        | lenet5_0/U0/ce053_in                                                         | lenet5_0/U0/biasConv1_U/lenetSynthMatlab_cud_rom_U/q0[21]_i_1_n_0                                                                                                                                    |                1 |              8 |
|  clk_div_0/inst/clk_out1                        | uart_0/RX_inst/sclk_en_16_x_baud                                             | uart_0/TX_inst/scount4[3]_i_1__0_n_0                                                                                                                                                                 |                1 |              8 |
|  clk_div_0/inst/clk_out1                        | lenet5_0/U0/colOutIdx_8_reg_13870                                            |                                                                                                                                                                                                      |                1 |              8 |
|  clk_div_0/inst/clk_out1                        | lenet5_0/U0/we017_in                                                         | lenet5_0/U0/tmp13_reg_4570[10]_i_1_n_0                                                                                                                                                               |                1 |              8 |
|  clk_div_0/inst/clk_out1                        | lenet5_0/U0/ce053_in                                                         | lenet5_0/U0/biasConv1_U/lenetSynthMatlab_cud_rom_U/q0[31]_i_1__5_n_0                                                                                                                                 |                2 |             10 |
|  clk_div_0/inst/clk_out1                        | lenet5_0/U0/grp_g_sum_fu_1416/ap_CS_fsm_state5                               |                                                                                                                                                                                                      |                1 |             10 |
|  clk_div_0/inst/clk_out1                        | lenet5_0/U0/grp_g_sum_fu_1416/ap_CS_fsm_state9                               | lenet5_0/U0/grp_g_sum_fu_1416/b_k_reg_930                                                                                                                                                            |                1 |             10 |
|  clk_div_0/inst/clk_out1                        | lenet5_0/U0/ap_NS_fsm[7]                                                     |                                                                                                                                                                                                      |                2 |             10 |
|  clk_div_0/inst/clk_out1                        | lenet5_0/U0/we019_in                                                         | lenet5_0/U0/b_k_2_reg_11490                                                                                                                                                                          |                2 |             10 |
|  clk_div_0/inst/clk_out1                        | lenet5_0/U0/ap_CS_fsm_reg_n_0_[83]                                           | lenet5_0/U0/b_k_3_reg_12750                                                                                                                                                                          |                2 |             10 |
|  clk_div_0/inst/clk_out1                        | lenet5_0/U0/ap_CS_fsm_state26                                                |                                                                                                                                                                                                      |                1 |             10 |
|  clk_div_0/inst/clk_out1                        | lenet5_0/U0/we011_in                                                         | lenet5_0/U0/c_reg_8590                                                                                                                                                                               |                2 |             10 |
|  clk_div_0/inst/clk_out1                        | lenet5_0/U0/ce02_in                                                          |                                                                                                                                                                                                      |                2 |             10 |
|  clk_div_0/inst/clk_out1                        | lenet5_0/U0/ap_NS_fsm115_out                                                 |                                                                                                                                                                                                      |                1 |             10 |
|  clk_div_0/inst/clk_out1                        | lenet5_0/U0/ap_NS_fsm120_out                                                 | lenet5_0/U0/f_3_reg_1171                                                                                                                                                                             |                2 |             10 |
|  clk_div_0/inst/clk_out1                        | lenet5_0/U0/ap_NS_fsm143_out                                                 | lenet5_0/U0/colOutIdx_1_reg_936[4]_i_1_n_0                                                                                                                                                           |                1 |             10 |
|  clk_div_0/inst/clk_out1                        | lenet5_0/U0/ap_CS_fsm_state65                                                |                                                                                                                                                                                                      |                2 |             10 |
|  clk_div_0/inst/clk_out1                        | lenet5_0/U0/ap_NS_fsm134_out                                                 | lenet5_0/U0/f_2_reg_1037                                                                                                                                                                             |                1 |             10 |
|  clk_div_0/inst/clk_out1                        | lenet5_0/U0/grp_g_sum_fu_1416/ap_CS_fsm_state2                               |                                                                                                                                                                                                      |                2 |             10 |
|  clk_div_0/inst/clk_out1                        | lenet5_0/U0/grp_c_sum_fu_1398/b_k_1_reg_1120                                 |                                                                                                                                                                                                      |                1 |             10 |
|  clk_div_0/inst/clk_out1                        | lenet5_0/U0/grp_f_sum_fu_1404/Q[0]                                           |                                                                                                                                                                                                      |                2 |             10 |
|  clk_div_0/inst/clk_out1                        | lenet5_0/U0/grp_c_sum_fu_1398/b_k_reg_900                                    |                                                                                                                                                                                                      |                2 |             10 |
|  clk_div_0/inst/clk_out1                        | lenet5_0/U0/grp_g_sum_fu_1416/ap_CS_fsm_state3                               | lenet5_0/U0/grp_g_sum_fu_1416/k_reg_71                                                                                                                                                               |                2 |             10 |
|  clk_div_0/inst/clk_out1                        | lenet5_0/U0/grp_f_sum_fu_1404/ap_CS_fsm_state3                               |                                                                                                                                                                                                      |                2 |             10 |
|  clk_div_0/inst/clk_out1                        | lenet5_0/U0/grp_f_sum_fu_1404/ap_CS_fsm_state4                               | lenet5_0/U0/grp_f_sum_fu_1404/b_k_reg_900                                                                                                                                                            |                2 |             10 |
|  clk_div_0/inst/clk_out1                        | lenet5_0/U0/grp_c_sum_fu_1398/y_addr_5_reg_4410                              |                                                                                                                                                                                                      |                4 |             10 |
|  clk_div_0/inst/clk_out1                        | lenet5_0/U0/grp_c_sum_fu_1398/ap_NS_fsm[3]                                   |                                                                                                                                                                                                      |                2 |             10 |
|  clk_div_0/inst/clk_out1                        | lenet5_0/U0/grp_f_sum_fu_1404/ap_CS_fsm_state11                              | lenet5_0/U0/grp_f_sum_fu_1404/c_k_reg_1230                                                                                                                                                           |                1 |             10 |
|  clk_div_0/inst/clk_out1                        | lenet5_0/U0/ap_CS_fsm_state6                                                 |                                                                                                                                                                                                      |                2 |             12 |
|  clk_div_0/inst/clk_out1                        | lenet5_0/U0/tmp8_reg_4698[10]_i_1_n_0                                        |                                                                                                                                                                                                      |                1 |             12 |
|  clk_div_0/inst/clk_out1                        | lenet5_0/U0/tmp13_reg_4570[10]_i_1_n_0                                       |                                                                                                                                                                                                      |                2 |             12 |
|  clk_div_0/inst/clk_out1                        | lenet5_0/U0/r_3_reg_11940                                                    |                                                                                                                                                                                                      |                1 |             12 |
|  clk_div_0/inst/clk_out1                        | lenet5_0/U0/tmp_4_reg_4371[7]_i_1_n_0                                        |                                                                                                                                                                                                      |                3 |             14 |
|  clk_div_0/inst/clk_out1                        | lenet5_0/U0/we07_in                                                          | lenet5_0/U0/ap_NS_fsm18_out                                                                                                                                                                          |                2 |             14 |
|  clk_div_0/inst/clk_out1                        | lenet5_0/U0/ap_CS_fsm_state78                                                |                                                                                                                                                                                                      |                3 |             14 |
|  clk_div_0/inst/clk_out1                        | lenet5_0/U0/we0                                                              | lenet5_0/U0/ap_NS_fsm116_out                                                                                                                                                                         |                1 |             14 |
|  clk_div_0/inst/clk_out1                        | lenet5_0/U0/ap_CS_fsm_state99                                                |                                                                                                                                                                                                      |                3 |             14 |
|  clk_div_0/inst/clk_out1                        | lenet5_0/U0/ap_CS_fsm_state120                                               | lenet5_0/U0/colOutIdx_8_reg_1387                                                                                                                                                                     |                1 |             14 |
|  clk_div_0/inst/clk_out1                        | lenet5_0/U0/ap_CS_fsm_state108                                               | lenet5_0/U0/colOutIdx_7_reg_1341                                                                                                                                                                     |                2 |             14 |
|  clk_div_0/inst/clk_out1                        | lenet5_0/U0/grp_f_sum_fu_1404/tmp_158_reg_3161                               |                                                                                                                                                                                                      |                2 |             14 |
|  clk_div_0/inst/clk_out1                        | lenet5_0/U0/ap_CS_fsm_state101                                               |                                                                                                                                                                                                      |                2 |             14 |
|  clk_div_0/inst/clk_out1                        | lenet5_0/U0/ap_CS_fsm_reg_n_0_[101]                                          |                                                                                                                                                                                                      |                3 |             14 |
|  clk_div_0/inst/clk_out1                        | lenet5_0/U0/ap_CS_fsm[94]_i_1_n_0                                            |                                                                                                                                                                                                      |                3 |             14 |
|  clk_div_0/inst/clk_out1                        | lenet5_0/U0/ap_NS_fsm[99]                                                    |                                                                                                                                                                                                      |                2 |             14 |
|  clk_div_0/inst/clk_out1                        | lenet5_0/U0/grp_f_sum_fu_1404/y_addr_3_reg_3710                              |                                                                                                                                                                                                      |                2 |             14 |
|  clk_div_0/inst/clk_out1                        | uart_0/RX_inst/sdata_read[7]_i_1_n_0                                         |                                                                                                                                                                                                      |                2 |             16 |
|  clk_div_0/inst/clk_out1                        | lenet5_0/U0/ap_CS_fsm_state8                                                 |                                                                                                                                                                                                      |                1 |             16 |
|  uart_0/TX_inst/FSM_onehot_sstateTX_reg_n_0_[1] |                                                                              |                                                                                                                                                                                                      |                2 |             16 |
|  clk_div_0/inst/clk_out1                        | uart_0/RX_inst/sdata_out[7]_i_1_n_0                                          |                                                                                                                                                                                                      |                1 |             16 |
|  clk_div_0/inst/clk_out1                        | uart_0/RX_inst/out[0]                                                        |                                                                                                                                                                                                      |                2 |             16 |
|  clk_div_0/inst/clk_out1                        | serializer_0/data_out[7]_i_1_n_0                                             |                                                                                                                                                                                                      |                3 |             16 |
|  clk_div_0/inst/clk_out1                        | lenet5_0/U0/ap_NS_fsm[46]                                                    |                                                                                                                                                                                                      |                2 |             16 |
|  clk_div_0/inst/clk_out1                        | lenet5_0/U0/invdar1_reg_11600                                                | lenet5_0/U0/ap_NS_fsm125_out                                                                                                                                                                         |                3 |             18 |
|  clk_div_0/inst/clk_out1                        | srx_read_reg_n_0                                                             | tx_fifo_0/AR[0]                                                                                                                                                                                      |                3 |             18 |
|  clk_div_0/inst/clk_out1                        | srx_write_reg_n_0                                                            | tx_fifo_0/AR[0]                                                                                                                                                                                      |                2 |             18 |
|  clk_div_0/inst/clk_out1                        | lenet5_0/U0/ap_NS_fsm[73]                                                    |                                                                                                                                                                                                      |                4 |             18 |
|  clk_div_0/inst/clk_out1                        | lenet5_0/U0/b_k_3_reg_12750                                                  |                                                                                                                                                                                                      |                2 |             18 |
|  clk_div_0/inst/clk_out1                        | lenet5_0/U0/ap_NS_fsm[81]                                                    |                                                                                                                                                                                                      |                3 |             18 |
|  clk_div_0/inst/clk_out1                        | read                                                                         | tx_fifo_0/AR[0]                                                                                                                                                                                      |                4 |             20 |
|  clk_div_0/inst/clk_out1                        | rx_fifo_0/element_counter[9]_i_1_n_0                                         | tx_fifo_0/AR[0]                                                                                                                                                                                      |                4 |             20 |
|  clk_div_0/inst/clk_out1                        | lenet5_0/U0/ap_CS_fsm_state68                                                |                                                                                                                                                                                                      |                2 |             20 |
|  clk_div_0/inst/clk_out1                        | serializer_0/E[0]                                                            | tx_fifo_0/AR[0]                                                                                                                                                                                      |                3 |             20 |
|  clk_div_0/inst/clk_out1                        | lenet5_0/U0/ap_CS_fsm_state5                                                 |                                                                                                                                                                                                      |                4 |             20 |
|  clk_div_0/inst/clk_out1                        | serializer_0/simg_addr_reg[0][0]                                             |                                                                                                                                                                                                      |                5 |             22 |
|  clk_div_0/inst/clk_out1                        | serializer_0/element_counter_reg[10][0]                                      | tx_fifo_0/AR[0]                                                                                                                                                                                      |                4 |             22 |
|  clk_div_0/inst/clk_out1                        | lenet5_0/U0/invdar_reg_9580                                                  | lenet5_0/U0/ap_NS_fsm145_out                                                                                                                                                                         |                4 |             22 |
|  clk_div_0/inst/clk_out1                        |                                                                              | uart_0/RX_inst/sclk_en_16_x_baud                                                                                                                                                                     |                3 |             22 |
|  clk_div_0/inst/clk_out1                        | lenet5_0/U0/b_k_1_reg_10950                                                  |                                                                                                                                                                                                      |                4 |             22 |
|  clk_div_0/inst/clk_out1                        | lenet5_0/U0/ap_NS_fsm[65]                                                    |                                                                                                                                                                                                      |                3 |             22 |
|  clk_div_0/inst/clk_out1                        | lenet5_0/U0/grp_c_sum_fu_1398/c_k_reg_1230                                   |                                                                                                                                                                                                      |                3 |             22 |
|  clk_div_0/inst/clk_out1                        | lenet5_0/U0/ap_CS_fsm[59]_i_1_n_0                                            |                                                                                                                                                                                                      |                3 |             22 |
|  clk_div_0/inst/clk_out1                        | uart_0/RX_inst/FSM_onehot_sstateRX[11]_i_1_n_0                               |                                                                                                                                                                                                      |                3 |             24 |
|  clk_div_0/inst/clk_out1                        | lenet5_0/U0/netScores_ce0                                                    | lenet5_0/U0/ap_NS_fsm17_out                                                                                                                                                                          |                5 |             24 |
|  clk_div_0/inst/clk_out1                        | lenet5_0/U0/ap_CS_fsm_state113                                               |                                                                                                                                                                                                      |                3 |             24 |
|  clk_div_0/inst/clk_out1                        | lenet5_0/U0/ap_NS_fsm[27]                                                    |                                                                                                                                                                                                      |                4 |             26 |
|  clk_div_0/inst/clk_out1                        | lenet5_0/U0/ap_NS_fsm114_out                                                 | lenet5_0/U0/k_4_reg_12410                                                                                                                                                                            |                4 |             26 |
|  clk_div_0/inst/clk_out1                        | lenet5_0/U0/ap_CS_fsm[21]_i_1_n_0                                            |                                                                                                                                                                                                      |                4 |             26 |
|  clk_div_0/inst/clk_out1                        | lenet5_0/U0/ap_CS_fsm_state79                                                |                                                                                                                                                                                                      |                4 |             26 |
|  clk_div_0/inst/clk_out1                        | uart_0/TX_inst/FSM_onehot_sstateTX[12]_i_1_n_0                               |                                                                                                                                                                                                      |                3 |             26 |
|  clk_div_0/inst/clk_out1                        | lenet5_0/U0/ap_NS_fsm150_out                                                 |                                                                                                                                                                                                      |                6 |             28 |
|  clk_div_0/inst/clk_out1                        | lenet5_0/U0/ap_CS_fsm_state39                                                | lenet5_0/U0/phi_mul4_reg_1003                                                                                                                                                                        |                4 |             28 |
|  clk_div_0/inst/clk_out1                        |                                                                              | lenet5_0/U0/grp_d_sum_fu_1410/lenetSynthMatlab_bkb_U8/lenetSynthMatlab_ap_fadd_2_full_dsp_32_u/U0/i_synth/ADDSUB_OP.ADDSUB/SPEED_OP.DSP.OP/DSP48E1_BODY.ALIGN_ADD/DSP2/opt_has_pipe.first_q_reg[15]  |                3 |             30 |
|  clk_div_0/inst/clk_out1                        |                                                                              | lenet5_0/U0/grp_g_sum_fu_1416/lenetSynthMatlab_bkb_U14/lenetSynthMatlab_ap_fadd_2_full_dsp_32_u/U0/i_synth/ADDSUB_OP.ADDSUB/SPEED_OP.DSP.OP/DSP48E1_BODY.ALIGN_ADD/DSP2/opt_has_pipe.first_q_reg[15] |                5 |             30 |
|  clk_div_0/inst/clk_out1                        |                                                                              | lenet5_0/U0/grp_f_sum_fu_1404/lenetSynthMatlab_bkb_U11/lenetSynthMatlab_ap_fadd_2_full_dsp_32_u/U0/i_synth/ADDSUB_OP.ADDSUB/SPEED_OP.DSP.OP/DSP48E1_BODY.ALIGN_ADD/DSP2/opt_has_pipe.first_q_reg[15] |                3 |             30 |
|  clk_div_0/inst/clk_out1                        |                                                                              | lenet5_0/U0/lenetSynthMatlab_bkb_U17/lenetSynthMatlab_ap_fadd_2_full_dsp_32_u/U0/i_synth/ADDSUB_OP.ADDSUB/SPEED_OP.DSP.OP/DSP48E1_BODY.ALIGN_ADD/DSP2/opt_has_pipe.first_q_reg[15]                   |                5 |             30 |
|  clk_div_0/inst/clk_out1                        |                                                                              | lenet5_0/U0/grp_sum_fu_1422/lenetSynthMatlab_bkb_U1/lenetSynthMatlab_ap_fadd_2_full_dsp_32_u/U0/i_synth/ADDSUB_OP.ADDSUB/SPEED_OP.DSP.OP/DSP48E1_BODY.ALIGN_ADD/DSP2/opt_has_pipe.first_q_reg[15]    |                3 |             30 |
|  clk_div_0/inst/clk_out1                        |                                                                              | lenet5_0/U0/grp_c_sum_fu_1398/lenetSynthMatlab_bkb_U5/lenetSynthMatlab_ap_fadd_2_full_dsp_32_u/U0/i_synth/ADDSUB_OP.ADDSUB/SPEED_OP.DSP.OP/DSP48E1_BODY.ALIGN_ADD/DSP2/opt_has_pipe.first_q_reg[15]  |                4 |             30 |
|  clk_div_0/inst/clk_out1                        | lenet5_0/U0/ap_NS_fsm132_out                                                 |                                                                                                                                                                                                      |                5 |             32 |
|  clk_div_0/inst/clk_out1                        | lenet5_0/U0/ap_NS_fsm151_out                                                 | lenet5_0/U0/phi_mul_reg_848                                                                                                                                                                          |                4 |             32 |
|  clk_div_0/inst/clk_out1                        | lenet5_0/U0/ap_NS_fsm144_out                                                 | lenet5_0/U0/ap_NS_fsm154_out                                                                                                                                                                         |                5 |             32 |
|  clk_div_0/inst/clk_out1                        | lenet5_0/U0/we015_in                                                         | lenet5_0/U0/ap_NS_fsm121_out                                                                                                                                                                         |                6 |             34 |
|  clk_div_0/inst/clk_out1                        | lenet5_0/U0/colOutIdx_7_reg_13410                                            |                                                                                                                                                                                                      |                6 |             36 |
|  clk_div_0/inst/clk_out1                        | lenet5_0/U0/ap_NS_fsm[71]                                                    |                                                                                                                                                                                                      |                6 |             38 |
|  clk_div_0/inst/clk_out1                        |                                                                              | lenet5_0/U0/lenetSynthMatlab_Ee0_U19/lenetSynthMatlab_ap_uitofp_1_no_dsp_32_u/U0/i_synth/FIX_TO_FLT_OP.SPD.OP/LZE/ZERO_DET_CC_1/flt_all_zero                                                         |                7 |             46 |
|  clk_div_0/inst/clk_out1                        | lenet5_0/U0/ap_CS_fsm_state31                                                |                                                                                                                                                                                                      |                6 |             48 |
|  clk_div_0/inst/clk_out1                        | lenet5_0/U0/ap_NS_fsm[33]                                                    |                                                                                                                                                                                                      |                9 |             52 |
|  clk_div_0/inst/clk_out1                        | lenet5_0/U0/ce053_in                                                         |                                                                                                                                                                                                      |                9 |             52 |
|  clk_div_0/inst/clk_out1                        | lenet5_0/U0/ap_CS_fsm_state4                                                 |                                                                                                                                                                                                      |                5 |             54 |
|  clk_div_0/inst/clk_out1                        | lenet5_0/U0/ap_CS_fsm_state25                                                |                                                                                                                                                                                                      |                6 |             54 |
|  clk_div_0/inst/clk_out1                        | lenet5_0/U0/ap_CS_fsm_state41                                                |                                                                                                                                                                                                      |                6 |             58 |
|  clk_div_0/inst/clk_out1                        | lenet5_0/U0/ap_CS_fsm_state3                                                 |                                                                                                                                                                                                      |                6 |             58 |
|  clk_div_0/inst/clk_out1                        | lenet5_0/U0/grp_d_sum_fu_1410/q0_reg[31][0]                                  |                                                                                                                                                                                                      |               22 |             64 |
|  clk_div_0/inst/clk_out1                        | lenet5_0/U0/ap_NS_fsm[101]                                                   | lenet5_0/U0/tmp_95_reg_1329[31]_i_1_n_0                                                                                                                                                              |               10 |             64 |
|  clk_div_0/inst/clk_out1                        | lenet5_0/U0/grp_g_sum_fu_1416/p_0_in                                         |                                                                                                                                                                                                      |                8 |             64 |
|  clk_div_0/inst/clk_out1                        | lenet5_0/U0/ap_NS_fsm[54]                                                    |                                                                                                                                                                                                      |                7 |             64 |
|  clk_div_0/inst/clk_out1                        | lenet5_0/U0/grp_g_sum_fu_1416/E[0]                                           |                                                                                                                                                                                                      |               17 |             64 |
|  clk_div_0/inst/clk_out1                        | lenet5_0/U0/fv10_U/lenetSynthMatlab_pcA_ram_U/ram_reg_0_15_0_0__0_i_1__0_n_0 |                                                                                                                                                                                                      |                8 |             64 |
|  clk_div_0/inst/clk_out1                        | lenet5_0/U0/fv10_U/lenetSynthMatlab_pcA_ram_U/ram_reg_0_15_0_0_i_1__1_n_0    |                                                                                                                                                                                                      |                8 |             64 |
|  clk_div_0/inst/clk_out1                        | lenet5_0/U0/grp_sum_fu_1422/ce0                                              |                                                                                                                                                                                                      |               10 |             64 |
|  clk_div_0/inst/clk_out1                        | lenet5_0/U0/grp_sum_fu_1422/p_0_in                                           |                                                                                                                                                                                                      |                8 |             64 |
|  clk_div_0/inst/clk_out1                        | serializer_0/sdata                                                           |                                                                                                                                                                                                      |                6 |             64 |
|  clk_div_0/inst/clk_out1                        | lenet5_0/U0/grp_sum_fu_1422/E[0]                                             |                                                                                                                                                                                                      |               17 |             64 |
|  clk_div_0/inst/clk_out1                        | lenet5_0/U0/ap_NS_fsm[113]                                                   | lenet5_0/U0/tmp_111_reg_1375[31]_i_1_n_0                                                                                                                                                             |               10 |             64 |
|  clk_div_0/inst/clk_out1                        | lenet5_0/U0/ap_NS_fsm[89]                                                    |                                                                                                                                                                                                      |               20 |             64 |
|  clk_div_0/inst/clk_out1                        | lenet5_0/U0/maxval_1_6_fu_344[31]_i_1_n_0                                    |                                                                                                                                                                                                      |               21 |             64 |
|  clk_div_0/inst/clk_out1                        | lenet5_0/U0/grp_c_sum_fu_1398/q0_reg[0]                                      |                                                                                                                                                                                                      |                8 |             64 |
|  clk_div_0/inst/clk_out1                        | lenet5_0/U0/grp_c_sum_fu_1398/q0_reg[24]                                     |                                                                                                                                                                                                      |                8 |             64 |
|  clk_div_0/inst/clk_out1                        | lenet5_0/U0/grp_d_sum_fu_1410/p_0_in                                         |                                                                                                                                                                                                      |                8 |             64 |
|  clk_div_0/inst/clk_out1                        | lenet5_0/U0/grp_d_sum_fu_1410/E[0]                                           |                                                                                                                                                                                                      |               12 |             64 |
|  clk_div_0/inst/clk_out1                        | lenet5_0/U0/maxval_1_3_fu_340                                                |                                                                                                                                                                                                      |               15 |             64 |
|  clk_div_0/inst/clk_out1                        | lenet5_0/U0/maxval_1_7_fu_348[31]_i_1_n_0                                    |                                                                                                                                                                                                      |               14 |             64 |
|  clk_div_0/inst/clk_out1                        | lenet5_0/U0/maxval_1_fu_336                                                  |                                                                                                                                                                                                      |               13 |             64 |
|  clk_div_0/inst/clk_out1                        | lenet5_0/U0/reg_14880                                                        |                                                                                                                                                                                                      |               11 |             64 |
|  clk_div_0/inst/clk_out1                        | lenet5_0/U0/x_assign_5_reg_1182[31]_i_2_n_0                                  | lenet5_0/U0/x_assign_5_reg_1182[31]_i_1_n_0                                                                                                                                                          |                8 |             64 |
|  clk_div_0/inst/clk_out1                        | lenet5_0/U0/x_assign_reg_980[31]_i_2_n_0                                     | lenet5_0/U0/x_assign_reg_980[31]_i_1_n_0                                                                                                                                                             |               11 |             64 |
|  clk_div_0/inst/clk_out1                        | lenet5_0/U0/ap_NS_fsm[16]                                                    |                                                                                                                                                                                                      |               13 |             64 |
|  clk_div_0/inst/clk_out1                        | lenet5_0/U0/ce08_in                                                          |                                                                                                                                                                                                      |                6 |             70 |
|  clk_div_0/inst/clk_out1                        | lenet5_0/U0/c_3_reg_12060                                                    |                                                                                                                                                                                                      |               11 |             70 |
|  clk_div_0/inst/clk_out1                        | lenet5_0/U0/ce035_in                                                         |                                                                                                                                                                                                      |                9 |             78 |
|  clk_div_0/inst/clk_out1                        | lenet5_0/U0/c_1_reg_10140                                                    |                                                                                                                                                                                                      |               17 |             82 |
|  clk_div_0/inst/clk_out1                        | lenet5_0/U0/ap_CS_fsm_state11                                                |                                                                                                                                                                                                      |               27 |            126 |
|  clk_div_0/inst/clk_out1                        | lenet5_0/U0/ap_CS_fsm_state30                                                |                                                                                                                                                                                                      |               22 |            140 |
|  clk_div_0/inst/clk_out1                        |                                                                              | tx_fifo_0/AR[0]                                                                                                                                                                                      |               84 |            402 |
|  clk_div_0/inst/clk_out1                        |                                                                              |                                                                                                                                                                                                      |              419 |           2578 |
+-------------------------------------------------+------------------------------------------------------------------------------+------------------------------------------------------------------------------------------------------------------------------------------------------------------------------------------------------+------------------+----------------+


