

================================================================
== Vivado HLS Report for 'lenetSynthMatlab'
================================================================
* Date:           Wed Dec 12 12:37:03 2018

* Version:        2018.2 (Build 2258646 on Thu Jun 14 20:25:20 MDT 2018)
* Project:        hls8BitFloatMod
* Solution:       Lenet5_50MHz
* Product family: artix7
* Target device:  xc7a100tcsg324-1


================================================================
== Performance Estimates
================================================================
+ Timing (ns): 
    * Summary: 
    +--------+-------+----------+------------+
    |  Clock | Target| Estimated| Uncertainty|
    +--------+-------+----------+------------+
    |ap_clk  |  20.00|    16.232|        2.50|
    +--------+-------+----------+------------+

+ Latency (clock cycles): 
    * Summary: 
    +---------+---------+---------+---------+---------+
    |      Latency      |      Interval     | Pipeline|
    |   min   |   max   |   min   |   max   |   Type  |
    +---------+---------+---------+---------+---------+
    |  4644468|  4644468|  4644468|  4644468|   none  |
    +---------+---------+---------+---------+---------+

    + Detail: 
        * Instance: 
        +-------------------+-------+------+------+------+------+---------+
        |                   |       |   Latency   |   Interval  | Pipeline|
        |      Instance     | Module|  min |  max |  min |  max |   Type  |
        +-------------------+-------+------+------+------+------+---------+
        |grp_c_sum_fu_1398  |c_sum  |   720|   720|   720|   720|   none  |
        |grp_f_sum_fu_1404  |f_sum  |  1820|  1820|  1820|  1820|   none  |
        |grp_d_sum_fu_1410  |d_sum  |   142|   142|   142|   142|   none  |
        |grp_g_sum_fu_1416  |g_sum  |   362|   362|   362|   362|   none  |
        |grp_sum_fu_1422    |sum    |   120|   120|   120|   120|   none  |
        +-------------------+-------+------+------+------+------+---------+

        * Loop: 
        +-----------------------------+---------+---------+----------+-----------+-----------+------+----------+
        |                             |      Latency      | Iteration|  Initiation Interval  | Trip |          |
        |          Loop Name          |   min   |   max   |  Latency |  achieved |   target  | Count| Pipelined|
        +-----------------------------+---------+---------+----------+-----------+-----------+------+----------+
        |- Loop 1                     |  1571490|  1571490|    261915|          -|          -|     6|    no    |
        | + Loop 1.1                  |   261912|   261912|      9354|          -|          -|    28|    no    |
        |  ++ Loop 1.1.1              |     9352|     9352|       334|          -|          -|    28|    no    |
        |   +++ Loop 1.1.1.1          |      185|      185|        37|          -|          -|     5|    no    |
        |    ++++ Loop 1.1.1.1.1      |       35|       35|         7|          -|          -|     5|    no    |
        |   +++ Loop 1.1.1.2          |       20|       20|         5|          -|          -|     4|    no    |
        |- Loop 2                     |    11032|    11032|       394|          -|          -|    28|    no    |
        | + Loop 2.1                  |      392|      392|        14|          -|          -|    28|    no    |
        |  ++ Loop 2.1.1              |       12|       12|         2|          -|          -|     6|    no    |
        |- memset_pool1ActivationMap  |     1175|     1175|         1|          -|          -|  1176|    no    |
        |- Loop 4                     |    11016|    11016|      1836|          -|          -|     6|    no    |
        | + Loop 4.1                  |     1834|     1834|       131|          -|          -|    14|    no    |
        |  ++ Loop 4.1.1              |      126|      126|         9|          -|          -|    14|    no    |
        |   +++ Loop 4.1.1.1          |        6|        6|         3|          -|          -|     2|    no    |
        |- Loop 5                     |  2493168|  2493168|    155823|          -|          -|    16|    no    |
        | + Loop 5.1                  |   155820|   155820|     15582|          -|          -|    10|    no    |
        |  ++ Loop 5.1.1              |    15580|    15580|      1558|          -|          -|    10|    no    |
        |   +++ Loop 5.1.1.1          |      660|      660|       132|          -|          -|     5|    no    |
        |    ++++ Loop 5.1.1.1.1      |      130|      130|        26|          -|          -|     5|    no    |
        |     +++++ Loop 5.1.1.1.1.1  |       24|       24|         4|          -|          -|     6|    no    |
        |   +++ Loop 5.1.1.2          |       25|       25|         5|          -|          -|     5|    no    |
        |- Loop 6                     |     3420|     3420|       342|          -|          -|    10|    no    |
        | + Loop 6.1                  |      340|      340|        34|          -|          -|    10|    no    |
        |  ++ Loop 6.1.1              |       32|       32|         2|          -|          -|    16|    no    |
        |- memset_pool2ActivationMap  |      399|      399|         1|          -|          -|   400|    no    |
        |- Loop 8                     |     4032|     4032|       252|          -|          -|    16|    no    |
        | + Loop 8.1                  |      250|      250|        50|          -|          -|     5|    no    |
        |  ++ Loop 8.1.1              |       45|       45|         9|          -|          -|     5|    no    |
        |   +++ Loop 8.1.1.1          |        6|        6|         3|          -|          -|     2|    no    |
        |- Loop 9                     |   471480|   471480|      3929|          -|          -|   120|    no    |
        | + Loop 9.1                  |     1660|     1660|       332|          -|          -|     5|    no    |
        |  ++ Loop 9.1.1              |      330|      330|        66|          -|          -|     5|    no    |
        |   +++ Loop 9.1.1.1          |       64|       64|         4|          -|          -|    16|    no    |
        | + Loop 9.2                  |       75|       75|         5|          -|          -|    15|    no    |
        |- Loop 10                    |      240|      240|         2|          -|          -|   120|    no    |
        |- Loop 11                    |    71064|    71064|       846|          -|          -|    84|    no    |
        | + Loop 11.1                 |      840|      840|         7|          -|          -|   120|    no    |
        |- Loop 12                    |     5940|     5940|       594|          -|          -|    10|    no    |
        | + Loop 12.1                 |      588|      588|         7|          -|          -|    84|    no    |
        +-----------------------------+---------+---------+----------+-----------+-----------+------+----------+



================================================================
== Utilization Estimates
================================================================
* Summary: 
+-----------------+---------+-------+--------+-------+
|       Name      | BRAM_18K| DSP48E|   FF   |  LUT  |
+-----------------+---------+-------+--------+-------+
|DSP              |        -|      -|       -|      -|
|Expression       |        -|      3|       0|   3931|
|FIFO             |        -|      -|       -|      -|
|Instance         |        -|     15|    1985|   3244|
|Memory           |      224|      -|     416|     58|
|Multiplexer      |        -|      -|       -|   1760|
|Register         |        -|      -|    1981|      -|
+-----------------+---------+-------+--------+-------+
|Total            |      224|     18|    4382|   8993|
+-----------------+---------+-------+--------+-------+
|Available        |      270|    240|  126800|  63400|
+-----------------+---------+-------+--------+-------+
|Utilization (%)  |       82|      7|       3|     14|
+-----------------+---------+-------+--------+-------+

+ Detail: 
    * Instance: 
    +--------------------------+----------------------+---------+-------+-----+-----+
    |         Instance         |        Module        | BRAM_18K| DSP48E|  FF | LUT |
    +--------------------------+----------------------+---------+-------+-----+-----+
    |grp_c_sum_fu_1398         |c_sum                 |        0|      2|  333|  595|
    |grp_d_sum_fu_1410         |d_sum                 |        0|      2|  265|  450|
    |grp_f_sum_fu_1404         |f_sum                 |        0|      2|  301|  559|
    |grp_g_sum_fu_1416         |g_sum                 |        0|      2|  273|  438|
    |lenetSynthMatlab_DeQ_U18  |lenetSynthMatlab_DeQ  |        0|      3|  128|  135|
    |lenetSynthMatlab_Ee0_U19  |lenetSynthMatlab_Ee0  |        0|      0|  128|  330|
    |lenetSynthMatlab_Ffa_U20  |lenetSynthMatlab_Ffa  |        0|      0|   66|   70|
    |lenetSynthMatlab_bkb_U17  |lenetSynthMatlab_bkb  |        0|      2|  227|  219|
    |grp_sum_fu_1422           |sum                   |        0|      2|  264|  448|
    +--------------------------+----------------------+---------+-------+-----+-----+
    |Total                     |                      |        0|     15| 1985| 3244|
    +--------------------------+----------------------+---------+-------+-----+-----+

    * DSP48: 
    N/A

    * Memory: 
    +------------------------+----------------------+---------+----+----+-------+-----+------+-------------+
    |         Memory         |        Module        | BRAM_18K| FF | LUT| Words | Bits| Banks| W*Bits*Banks|
    +------------------------+----------------------+---------+----+----+-------+-----+------+-------------+
    |fv16_U                  |lenetSynthMatlab_Aem  |        0|  64|   8|     16|   32|     1|          512|
    |d_relu3ActivationMap_U  |lenetSynthMatlab_CeG  |        1|   0|   0|     84|   32|     1|         2688|
    |biasConv1_U             |lenetSynthMatlab_cud  |        0|  32|   3|      6|   32|     1|          192|
    |weightsConv1_U          |lenetSynthMatlab_dEe  |        1|   0|   0|    150|   32|     1|         4800|
    |biasConv2_U             |lenetSynthMatlab_eOg  |        0|  32|   8|     16|   32|     1|          512|
    |weightsConv2_U          |lenetSynthMatlab_fYi  |        8|   0|   0|   2400|   32|     1|        76800|
    |weightsFC1_U            |lenetSynthMatlab_g8j  |      128|   0|   0|  48000|   32|     1|      1536000|
    |biasFC1_U               |lenetSynthMatlab_hbi  |        1|   0|   0|    120|   32|     1|         3840|
    |weightsFC2_U            |lenetSynthMatlab_ibs  |       32|   0|   0|  10080|   32|     1|       322560|
    |biasFC2_U               |lenetSynthMatlab_jbC  |        1|   0|   0|     84|   32|     1|         2688|
    |weightsFC3_U            |lenetSynthMatlab_kbM  |        2|   0|   0|    840|   32|     1|        26880|
    |biasFC3_U               |lenetSynthMatlab_lbW  |        0|  32|   5|     10|   32|     1|          320|
    |pool1ActivationMap_U    |lenetSynthMatlab_mb6  |        4|   0|   0|   1176|   32|     1|        37632|
    |conv1ActivationMap_U    |lenetSynthMatlab_ncg  |       16|   0|   0|   4704|   32|     1|       150528|
    |relu1ActivationMap_U    |lenetSynthMatlab_ocq  |       16|   0|   0|   4704|   32|     1|       150528|
    |fv10_U                  |lenetSynthMatlab_pcA  |        0|  64|  13|     25|   32|     1|          800|
    |fv11_U                  |lenetSynthMatlab_qcK  |        0|  64|   3|      5|   32|     1|          160|
    |pool2ActivationMap_U    |lenetSynthMatlab_rcU  |        1|   0|   0|    400|   32|     1|        12800|
    |b_pool2ActivationMap_U  |lenetSynthMatlab_rcU  |        1|   0|   0|    400|   32|     1|        12800|
    |conv2ActivationMap_U    |lenetSynthMatlab_sc4  |        4|   0|   0|   1600|   32|     1|        51200|
    |relu2ActivationMap_U    |lenetSynthMatlab_tde  |        4|   0|   0|   1600|   32|     1|        51200|
    |fv12_U                  |lenetSynthMatlab_udo  |        1|   0|   0|    150|   32|     1|         4800|
    |fv13_U                  |lenetSynthMatlab_vdy  |        0|  64|  15|     30|   32|     1|          960|
    |fv14_U                  |lenetSynthMatlab_wdI  |        0|  64|   3|      6|   32|     1|          192|
    |fv15_U                  |lenetSynthMatlab_yd2  |        1|   0|   0|     80|   32|     1|         2560|
    |fc1ActivationMap_U      |lenetSynthMatlab_zec  |        1|   0|   0|    120|   32|     1|         3840|
    |relu3ActivationMap_U    |lenetSynthMatlab_zec  |        1|   0|   0|    120|   32|     1|         3840|
    +------------------------+----------------------+---------+----+----+-------+-----+------+-------------+
    |Total                   |                      |      224| 416|  58|  76926|  864|    27|      2461632|
    +------------------------+----------------------+---------+----+----+-------+-----+------+-------------+

    * FIFO: 
    N/A

    * Expression: 
    +----------------------------------+----------+-------+---+-----+------------+------------+
    |           Variable Name          | Operation| DSP48E| FF| LUT | Bitwidth P0| Bitwidth P1|
    +----------------------------------+----------+-------+---+-----+------------+------------+
    |tmp_21_fu_2045_p2                 |     *    |      0|  0|   42|           5|           8|
    |tmp_60_fu_2530_p2                 |     *    |      3|  0|   21|           7|          32|
    |tmp_75_fu_2657_p2                 |     *    |      0|  0|   33|           4|           7|
    |b_k_4_fu_1878_p2                  |     +    |      0|  0|   12|           3|           1|
    |b_k_6_fu_3056_p2                  |     +    |      0|  0|   15|           5|           1|
    |b_k_7_fu_3843_p2                  |     +    |      0|  0|   15|           5|           1|
    |b_k_8_fu_2841_p2                  |     +    |      0|  0|   12|           3|           1|
    |c_4_fu_1564_p2                    |     +    |      0|  0|   15|           5|           1|
    |c_5_fu_2625_p2                    |     +    |      0|  0|   13|           4|           1|
    |colOutIdx_10_fu_2725_p2           |     +    |      0|  0|   12|           3|           1|
    |colOutIdx_13_fu_4098_p2           |     +    |      0|  0|   15|           7|           1|
    |colOutIdx_14_fu_4155_p2           |     +    |      0|  0|   15|           7|           1|
    |colOutIdx_15_fu_2061_p2           |     +    |      0|  0|   13|           4|           1|
    |colOutIdx_16_fu_3251_p2           |     +    |      0|  0|   12|           3|           1|
    |colOutIdx_2_fu_1640_p2            |     +    |      0|  0|   12|           3|           1|
    |colOutIdx_5_fu_3032_p2            |     +    |      0|  0|   13|           4|           1|
    |colOutIdx_9_fu_3789_p2            |     +    |      0|  0|   12|           3|           1|
    |colOutIdx_fu_1832_p2              |     +    |      0|  0|   15|           5|           1|
    |f_5_fu_1521_p2                    |     +    |      0|  0|   12|           3|           1|
    |f_6_fu_1989_p2                    |     +    |      0|  0|   12|           3|           1|
    |f_7_fu_2570_p2                    |     +    |      0|  0|   15|           5|           1|
    |f_8_fu_3167_p2                    |     +    |      0|  0|   15|           5|           1|
    |f_9_fu_3733_p2                    |     +    |      0|  0|   15|           7|           1|
    |indvarinc1_fu_3132_p2             |     +    |      0|  0|   16|           9|           1|
    |indvarinc_fu_1958_p2              |     +    |      0|  0|   18|          11|           1|
    |j_2_fu_2089_p2                    |     +    |      0|  0|   10|           1|           2|
    |j_3_fu_3263_p2                    |     +    |      0|  0|   10|           2|           1|
    |k_10_fu_1741_p2                   |     +    |      0|  0|   12|           3|           1|
    |k_11_fu_2994_p2                   |     +    |      0|  0|   13|           4|           1|
    |k_13_fu_3751_p2                   |     +    |      0|  0|   12|           3|           1|
    |k_14_fu_2641_p2                   |     +    |      0|  0|   12|           3|           1|
    |k_15_fu_3958_p2                   |     +    |      0|  0|   13|           4|           1|
    |k_16_fu_4135_p2                   |     +    |      0|  0|   13|           4|           1|
    |k_20_fu_2951_p2                   |     +    |      0|  0|   12|           3|           1|
    |k_21_fu_3980_p2                   |     +    |      0|  0|   15|           7|           1|
    |k_22_fu_4048_p2                   |     +    |      0|  0|   15|           7|           1|
    |k_9_fu_1580_p2                    |     +    |      0|  0|   12|           3|           1|
    |k_fu_1820_p2                      |     +    |      0|  0|   15|           5|           1|
    |next_mul3_fu_1808_p2              |     +    |      0|  0|   20|          13|           8|
    |next_mul5_fu_2009_p2              |     +    |      0|  0|   20|          13|           9|
    |next_mul7_fu_3739_p2              |     +    |      0|  0|   23|          16|          14|
    |next_mul9_fu_4123_p2              |     +    |      0|  0|   17|          10|           7|
    |next_mul_fu_1536_p2               |     +    |      0|  0|   20|          13|           8|
    |r_4_fu_1548_p2                    |     +    |      0|  0|   15|           5|           1|
    |r_5_fu_2021_p2                    |     +    |      0|  0|   13|           4|           1|
    |r_6_fu_2587_p2                    |     +    |      0|  0|   13|           4|           1|
    |r_7_fu_3185_p2                    |     +    |      0|  0|   12|           3|           1|
    |sh_assign_4_fu_3374_p2            |     +    |      0|  0|   16|           8|           9|
    |sh_assign_fu_2220_p2              |     +    |      0|  0|   16|           8|           9|
    |tmp10_fu_2870_p2                  |     +    |      0|  0|   15|           7|           7|
    |tmp12_fu_2913_p2                  |     +    |      0|  0|   18|          11|          11|
    |tmp13_fu_2613_p2                  |     +    |      0|  0|   18|          11|          11|
    |tmp14_fu_2970_p2                  |     +    |      0|  0|   15|           8|           8|
    |tmp16_fu_3062_p2                  |     +    |      0|  0|   15|           8|           8|
    |tmp18_fu_3310_p2                  |     +    |      0|  0|   32|          12|          12|
    |tmp19_fu_3486_p2                  |     +    |      0|  0|   32|          32|          32|
    |tmp20_fu_3492_p2                  |     +    |      0|  0|   15|           8|           8|
    |tmp23_fu_3777_p2                  |     +    |      0|  0|   16|           9|           9|
    |tmp24_fu_3849_p2                  |     +    |      0|  0|   15|           7|           7|
    |tmp26_fu_3928_p2                  |     +    |      0|  0|   22|          15|          15|
    |tmp3_fu_1665_p2                   |     +    |      0|  0|   32|           5|           5|
    |tmp4_fu_1709_p2                   |     +    |      0|  0|   32|           9|           9|
    |tmp5_fu_1786_p2                   |     +    |      0|  0|   32|          14|          14|
    |tmp6_fu_1884_p2                   |     +    |      0|  0|   16|           9|           9|
    |tmp7_fu_2535_p2                   |     +    |      0|  0|   32|          32|          32|
    |tmp8_fu_3020_p2                   |     +    |      0|  0|   18|          11|          11|
    |tmp9_fu_2847_p2                   |     +    |      0|  0|   15|           8|           8|
    |tmp_101_fu_2879_p2                |     +    |      0|  0|   16|           9|           9|
    |tmp_106_fu_2922_p2                |     +    |      0|  0|   20|          13|          13|
    |tmp_115_fu_4109_p2                |     +    |      0|  0|   22|          15|          15|
    |tmp_120_fu_3283_p2                |     +    |      0|  0|   15|           8|           8|
    |tmp_121_fu_3300_p2                |     +    |      0|  0|   18|          11|          11|
    |tmp_126_fu_4166_p2                |     +    |      0|  0|   17|          10|          10|
    |tmp_131_fu_3315_p2                |     +    |      0|  0|   32|          12|          12|
    |tmp_139_fu_3501_p2                |     +    |      0|  0|   32|          32|          32|
    |tmp_147_fu_3858_p2                |     +    |      0|  0|   16|           9|           9|
    |tmp_14_fu_1791_p2                 |     +    |      0|  0|   32|          14|          14|
    |tmp_151_fu_3937_p2                |     +    |      0|  0|   24|          17|          17|
    |tmp_17_fu_1586_p2                 |     +    |      0|  0|   15|           5|           5|
    |tmp_22_fu_1655_p2                 |     +    |      0|  0|   17|          10|          10|
    |tmp_24_fu_1670_p2                 |     +    |      0|  0|   32|           5|           5|
    |tmp_27_fu_1714_p2                 |     +    |      0|  0|   32|           9|           9|
    |tmp_44_fu_2129_p2                 |     +    |      0|  0|   32|           9|           9|
    |tmp_45_fu_2138_p2                 |     +    |      0|  0|   21|          14|          14|
    |tmp_48_fu_3173_p2                 |     +    |      0|  0|   15|           8|           8|
    |tmp_51_fu_2152_p2                 |     +    |      0|  0|   21|          14|          14|
    |tmp_5_fu_1995_p2                  |     +    |      0|  0|   15|           8|           8|
    |tmp_62_fu_2541_p2                 |     +    |      0|  0|   32|          32|          32|
    |tmp_69_fu_3071_p2                 |     +    |      0|  0|   18|          11|          11|
    |tmp_74_fu_2647_p2                 |     +    |      0|  0|   13|           4|           4|
    |tmp_7_fu_1893_p2                  |     +    |      0|  0|   21|          14|          14|
    |tmp_80_fu_2979_p2                 |     +    |      0|  0|   18|          11|          11|
    |tmp_86_fu_2731_p2                 |     +    |      0|  0|   13|           4|           4|
    |tmp_98_fu_2856_p2                 |     +    |      0|  0|   19|          12|          12|
    |p_Val2_6_i_i_i2_fu_3460_p2        |     -    |      0|  0|   39|           1|          32|
    |p_Val2_6_i_i_i_fu_2306_p2         |     -    |      0|  0|   39|           1|          32|
    |tmp_109_fu_3827_p2                |     -    |      0|  0|   22|          15|          15|
    |tmp_12_fu_1776_p2                 |     -    |      0|  0|   16|           9|           9|
    |tmp_149_fu_3896_p2                |     -    |      0|  0|   19|          12|          12|
    |tmp_162_i_i_i2_fu_3388_p2         |     -    |      0|  0|   15|           7|           8|
    |tmp_162_i_i_i_fu_2234_p2          |     -    |      0|  0|   15|           7|           8|
    |tmp_18_fu_1624_p2                 |     -    |      0|  0|   16|           9|           9|
    |tmp_26_fu_1699_p2                 |     -    |      0|  0|   15|           7|           7|
    |tmp_40_fu_2123_p2                 |     -    |      0|  0|   32|           9|           9|
    |tmp_47_fu_2178_p2                 |     -    |      0|  0|   15|           8|           8|
    |tmp_4_fu_1862_p2                  |     -    |      0|  0|   16|           9|           9|
    |tmp_76_fu_2691_p2                 |     -    |      0|  0|   16|           9|           9|
    |tmp_79_fu_2709_p2                 |     -    |      0|  0|   20|          13|          13|
    |tmp_87_fu_2761_p2                 |     -    |      0|  0|   15|           8|           8|
    |tmp_88_fu_2791_p2                 |     -    |      0|  0|   15|           7|           7|
    |tmp_89_fu_2821_p2                 |     -    |      0|  0|   18|          11|          11|
    |tmp_92_fu_4082_p2                 |     -    |      0|  0|   22|          15|          15|
    |tmp_110_fu_4027_p2                |    and   |      0|  0|    2|           1|           1|
    |tmp_138_fu_3702_p2                |    and   |      0|  0|    2|           1|           1|
    |tmp_13_fu_1943_p2                 |    and   |      0|  0|    2|           1|           1|
    |tmp_142_fu_3708_p2                |    and   |      0|  0|    2|           1|           1|
    |tmp_161_fu_3582_p2                |    and   |      0|  0|    2|           1|           1|
    |tmp_163_fu_3588_p2                |    and   |      0|  0|    2|           1|           1|
    |tmp_41_fu_2515_p2                 |    and   |      0|  0|    2|           1|           1|
    |tmp_43_fu_2521_p2                 |    and   |      0|  0|    2|           1|           1|
    |tmp_68_fu_2392_p2                 |    and   |      0|  0|    2|           1|           1|
    |tmp_73_fu_2398_p2                 |    and   |      0|  0|    2|           1|           1|
    |tmp_94_fu_3117_p2                 |    and   |      0|  0|    2|           1|           1|
    |exitcond10_fu_3245_p2             |   icmp   |      0|  0|    9|           3|           3|
    |exitcond11_fu_3179_p2             |   icmp   |      0|  0|    9|           3|           3|
    |exitcond12_fu_3161_p2             |   icmp   |      0|  0|   11|           5|           6|
    |exitcond13_fu_3050_p2             |   icmp   |      0|  0|   11|           5|           6|
    |exitcond14_fu_3026_p2             |   icmp   |      0|  0|    9|           4|           4|
    |exitcond15_fu_2988_p2             |   icmp   |      0|  0|    9|           4|           4|
    |exitcond16_fu_2835_p2             |   icmp   |      0|  0|    9|           3|           3|
    |exitcond17_fu_2719_p2             |   icmp   |      0|  0|    9|           3|           3|
    |exitcond18_fu_2635_p2             |   icmp   |      0|  0|    9|           3|           3|
    |exitcond19_fu_2619_p2             |   icmp   |      0|  0|    9|           4|           4|
    |exitcond1_fu_4129_p2              |   icmp   |      0|  0|    9|           4|           4|
    |exitcond20_fu_2581_p2             |   icmp   |      0|  0|    9|           4|           4|
    |exitcond21_fu_2564_p2             |   icmp   |      0|  0|   11|           5|           6|
    |exitcond22_fu_2083_p2             |   icmp   |      0|  0|    9|           2|           3|
    |exitcond23_fu_2055_p2             |   icmp   |      0|  0|    9|           4|           3|
    |exitcond24_fu_2015_p2             |   icmp   |      0|  0|    9|           4|           3|
    |exitcond25_fu_1983_p2             |   icmp   |      0|  0|    9|           3|           3|
    |exitcond26_fu_1872_p2             |   icmp   |      0|  0|    9|           3|           3|
    |exitcond27_fu_1826_p2             |   icmp   |      0|  0|   11|           5|           4|
    |exitcond28_fu_1814_p2             |   icmp   |      0|  0|   11|           5|           4|
    |exitcond29_fu_1634_p2             |   icmp   |      0|  0|    9|           3|           3|
    |exitcond2_fu_4092_p2              |   icmp   |      0|  0|   11|           7|           5|
    |exitcond30_fu_1574_p2             |   icmp   |      0|  0|    9|           3|           3|
    |exitcond31_fu_1558_p2             |   icmp   |      0|  0|   11|           5|           4|
    |exitcond32_fu_1542_p2             |   icmp   |      0|  0|   11|           5|           4|
    |exitcond33_fu_1515_p2             |   icmp   |      0|  0|    9|           3|           3|
    |exitcond3_fu_4042_p2              |   icmp   |      0|  0|   11|           7|           7|
    |exitcond4_fu_3974_p2              |   icmp   |      0|  0|   11|           7|           5|
    |exitcond5_fu_3837_p2              |   icmp   |      0|  0|   11|           5|           6|
    |exitcond6_fu_3783_p2              |   icmp   |      0|  0|    9|           3|           3|
    |exitcond7_fu_3745_p2              |   icmp   |      0|  0|    9|           3|           3|
    |exitcond8_fu_3727_p2              |   icmp   |      0|  0|   11|           7|           5|
    |exitcond9_fu_3257_p2              |   icmp   |      0|  0|    9|           2|           3|
    |exitcond_fu_4149_p2               |   icmp   |      0|  0|   11|           7|           7|
    |exitcond_i1_fu_2945_p2            |   icmp   |      0|  0|    9|           3|           3|
    |exitcond_i2_fu_3952_p2            |   icmp   |      0|  0|    9|           4|           2|
    |exitcond_i_fu_1735_p2             |   icmp   |      0|  0|    9|           3|           4|
    |notlhs10_fu_3564_p2               |   icmp   |      0|  0|   11|           8|           2|
    |notlhs1_fu_2479_p2                |   icmp   |      0|  0|   11|           8|           2|
    |notlhs2_fu_2497_p2                |   icmp   |      0|  0|   11|           8|           2|
    |notlhs3_fu_2356_p2                |   icmp   |      0|  0|   11|           8|           2|
    |notlhs4_fu_2374_p2                |   icmp   |      0|  0|   11|           8|           2|
    |notlhs5_fu_3099_p2                |   icmp   |      0|  0|   11|           8|           2|
    |notlhs6_fu_4009_p2                |   icmp   |      0|  0|   11|           8|           2|
    |notlhs7_fu_3666_p2                |   icmp   |      0|  0|   11|           8|           2|
    |notlhs8_fu_3684_p2                |   icmp   |      0|  0|   11|           8|           2|
    |notlhs9_fu_3546_p2                |   icmp   |      0|  0|   11|           8|           2|
    |notlhs_fu_1925_p2                 |   icmp   |      0|  0|   11|           8|           2|
    |notrhs10_fu_3570_p2               |   icmp   |      0|  0|   18|          23|           1|
    |notrhs1_fu_2485_p2                |   icmp   |      0|  0|   18|          23|           1|
    |notrhs2_fu_2503_p2                |   icmp   |      0|  0|   18|          23|           1|
    |notrhs3_fu_2362_p2                |   icmp   |      0|  0|   18|          23|           1|
    |notrhs4_fu_2380_p2                |   icmp   |      0|  0|   18|          23|           1|
    |notrhs5_fu_3105_p2                |   icmp   |      0|  0|   18|          23|           1|
    |notrhs6_fu_4015_p2                |   icmp   |      0|  0|   18|          23|           1|
    |notrhs7_fu_3672_p2                |   icmp   |      0|  0|   18|          23|           1|
    |notrhs8_fu_3690_p2                |   icmp   |      0|  0|   18|          23|           1|
    |notrhs9_fu_3552_p2                |   icmp   |      0|  0|   18|          23|           1|
    |notrhs_fu_1931_p2                 |   icmp   |      0|  0|   18|          23|           1|
    |tmp_20_fu_3143_p2                 |   icmp   |      0|  0|   13|           9|           8|
    |tmp_3_fu_1969_p2                  |   icmp   |      0|  0|   13|          11|          11|
    |tmp_164_i_i_i2_fu_3418_p2         |   lshr   |      0|  0|   73|          25|          25|
    |tmp_164_i_i_i_fu_2264_p2          |   lshr   |      0|  0|   73|          25|          25|
    |tmp_104_fu_4021_p2                |    or    |      0|  0|    2|           1|           1|
    |tmp_136_fu_3678_p2                |    or    |      0|  0|    2|           1|           1|
    |tmp_137_fu_3696_p2                |    or    |      0|  0|    2|           1|           1|
    |tmp_159_fu_3558_p2                |    or    |      0|  0|    2|           1|           1|
    |tmp_160_fu_3576_p2                |    or    |      0|  0|    2|           1|           1|
    |tmp_19_fu_2035_p2                 |    or    |      0|  0|    5|           5|           1|
    |tmp_38_fu_2491_p2                 |    or    |      0|  0|    2|           1|           1|
    |tmp_39_fu_2509_p2                 |    or    |      0|  0|    2|           1|           1|
    |tmp_61_fu_2368_p2                 |    or    |      0|  0|    2|           1|           1|
    |tmp_66_fu_2386_p2                 |    or    |      0|  0|    2|           1|           1|
    |tmp_84_fu_3211_p2                 |    or    |      0|  0|    4|           4|           1|
    |tmp_85_fu_3111_p2                 |    or    |      0|  0|    2|           1|           1|
    |tmp_s_fu_1937_p2                  |    or    |      0|  0|    2|           1|           1|
    |b_maxval_6_fu_2404_p3             |  select  |      0|  0|   14|           1|          14|
    |b_maxval_7_fu_3594_p3             |  select  |      0|  0|   12|           1|          12|
    |maxval_1_1_fu_2419_p3             |  select  |      0|  0|   32|           1|          32|
    |maxval_1_2_fu_2426_p3             |  select  |      0|  0|   32|           1|          32|
    |maxval_1_3_maxval_0_3_fu_2551_p3  |  select  |      0|  0|   32|           1|          32|
    |maxval_1_4_fu_3606_p3             |  select  |      0|  0|   32|           1|          32|
    |maxval_1_5_fu_3613_p3             |  select  |      0|  0|   32|           1|          32|
    |maxval_1_8_maxval_0_8_fu_3718_p3  |  select  |      0|  0|   32|           1|          32|
    |p_Val2_1_fu_3466_p3               |  select  |      0|  0|   32|           1|          32|
    |p_Val2_2_fu_2298_p3               |  select  |      0|  0|   32|           1|          32|
    |p_Val2_6_fu_2312_p3               |  select  |      0|  0|   32|           1|          32|
    |p_Val2_9_fu_3452_p3               |  select  |      0|  0|   32|           1|          32|
    |relu1ActivationMap_d0             |  select  |      0|  0|   32|           1|           1|
    |relu2ActivationMap_d0             |  select  |      0|  0|   32|           1|           1|
    |relu3ActivationMap_d0             |  select  |      0|  0|   32|           1|           1|
    |sh_assign_1_fu_2244_p3            |  select  |      0|  0|    9|           1|           9|
    |sh_assign_5_fu_3398_p3            |  select  |      0|  0|    9|           1|           9|
    |tmp_165_i_i_i2_fu_3424_p2         |    shl   |      0|  0|  243|          79|          79|
    |tmp_165_i_i_i_fu_2270_p2          |    shl   |      0|  0|  243|          79|          79|
    +----------------------------------+----------+-------+---+-----+------------+------------+
    |Total                             |          |      3|  0| 3931|        1732|        1705|
    +----------------------------------+----------+-------+---+-----+------------+------------+

    * Multiplexer: 
    +-------------------------------+-----+-----------+-----+-----------+
    |              Name             | LUT | Input Size| Bits| Total Bits|
    +-------------------------------+-----+-----------+-----+-----------+
    |ap_NS_fsm                      |  536|        125|    1|        125|
    |b_k_1_reg_1095                 |    9|          2|    3|          6|
    |b_k_2_reg_1149                 |    9|          2|    5|         10|
    |b_k_3_reg_1275                 |    9|          2|    5|         10|
    |b_k_reg_947                    |    9|          2|    3|          6|
    |b_pool2ActivationMap_address0  |   15|          3|    9|         27|
    |b_pool2ActivationMap_ce0       |   15|          3|    1|          3|
    |c_1_reg_1014                   |    9|          2|    4|          8|
    |c_2_reg_1061                   |    9|          2|    4|          8|
    |c_3_reg_1206                   |    9|          2|    3|          6|
    |c_reg_859                      |    9|          2|    5|         10|
    |colOutIdx1_reg_882             |    9|          2|    3|          6|
    |colOutIdx_1_reg_936            |    9|          2|    5|         10|
    |colOutIdx_3_reg_1084           |    9|          2|    3|          6|
    |colOutIdx_4_reg_1138           |    9|          2|    4|          8|
    |colOutIdx_6_reg_1264           |    9|          2|    3|          6|
    |colOutIdx_7_reg_1341           |    9|          2|    7|         14|
    |colOutIdx_8_reg_1387           |    9|          2|    7|         14|
    |conv1ActivationMap_address0    |   15|          3|   13|         39|
    |conv2ActivationMap_address0    |   15|          3|   11|         33|
    |d_relu3ActivationMap_address0  |   15|          3|    7|         21|
    |f_1_reg_969                    |    9|          2|    3|          6|
    |f_2_reg_1037                   |    9|          2|    5|         10|
    |f_3_reg_1171                   |    9|          2|    5|         10|
    |f_4_reg_1229                   |    9|          2|    7|         14|
    |f_reg_825                      |    9|          2|    3|          6|
    |fc1ActivationMap_address0      |   15|          3|    7|         21|
    |fv10_address0                  |   15|          3|    5|         15|
    |fv10_ce0                       |   15|          3|    1|          3|
    |fv11_address0                  |   21|          4|    3|         12|
    |fv11_ce0                       |   15|          3|    1|          3|
    |fv11_we0                       |    9|          2|    1|          2|
    |fv12_address0                  |   15|          3|    8|         24|
    |fv12_ce0                       |   15|          3|    1|          3|
    |fv13_address0                  |   15|          3|    5|         15|
    |fv13_ce0                       |   15|          3|    1|          3|
    |fv13_we0                       |    9|          2|    1|          2|
    |fv14_address0                  |   21|          4|    3|         12|
    |fv14_ce0                       |   15|          3|    1|          3|
    |fv14_we0                       |    9|          2|    1|          2|
    |fv15_address0                  |   15|          3|    7|         21|
    |fv15_ce0                       |   15|          3|    1|          3|
    |fv15_we0                       |    9|          2|    1|          2|
    |fv16_address0                  |   21|          4|    4|         16|
    |fv16_ce0                       |   15|          3|    1|          3|
    |fv16_we0                       |    9|          2|    1|          2|
    |grp_fu_1428_p0                 |   47|         10|   32|        320|
    |grp_fu_1428_p1                 |   50|         11|   32|        352|
    |grp_fu_1453_p0                 |   33|          6|   32|        192|
    |grp_fu_1453_p1                 |   33|          6|   32|        192|
    |grp_fu_1460_p0                 |   41|          8|   32|        256|
    |grp_fu_1460_p1                 |   33|          6|   32|        192|
    |invdar1_reg_1160               |    9|          2|    9|         18|
    |invdar_reg_958                 |    9|          2|   11|         22|
    |j_1_reg_1218                   |    9|          2|    2|          4|
    |j_reg_1026                     |    9|          2|    2|          4|
    |k4_reg_871                     |    9|          2|    3|          6|
    |k_1_reg_914                    |    9|          2|    5|         10|
    |k_2_reg_1073                   |    9|          2|    3|          6|
    |k_3_reg_1127                   |    9|          2|    4|          8|
    |k_4_reg_1241                   |    9|          2|    3|          6|
    |k_5_reg_1307                   |    9|          2|    7|         14|
    |k_6_reg_1318                   |    9|          2|    7|         14|
    |k_7_reg_1352                   |    9|          2|    4|          8|
    |k_i1_reg_1116                  |    9|          2|    3|          6|
    |k_i2_reg_1296                  |    9|          2|    4|          8|
    |k_i_reg_903                    |    9|          2|    3|          6|
    |maxval_1_6_fu_344              |    9|          2|   32|         64|
    |maxval_1_7_fu_348              |    9|          2|   32|         64|
    |phi_mul2_reg_925               |    9|          2|   13|         26|
    |phi_mul4_reg_1003              |    9|          2|   13|         26|
    |phi_mul6_reg_1252              |    9|          2|   16|         32|
    |phi_mul8_reg_1363              |    9|          2|   10|         20|
    |phi_mul_reg_848                |    9|          2|   13|         26|
    |pool1ActivationMap_address0    |   21|          4|   11|         44|
    |pool1ActivationMap_d0          |   15|          3|   32|         96|
    |pool2ActivationMap_address0    |   21|          4|    9|         36|
    |pool2ActivationMap_d0          |   15|          3|   32|         96|
    |r_1_reg_992                    |    9|          2|    4|          8|
    |r_2_reg_1049                   |    9|          2|    4|          8|
    |r_3_reg_1194                   |    9|          2|    3|          6|
    |r_reg_836                      |    9|          2|    5|         10|
    |relu1ActivationMap_address0    |   15|          3|   13|         39|
    |relu1ActivationMap_address1    |   15|          3|   13|         39|
    |relu2ActivationMap_address0    |   15|          3|   11|         33|
    |relu2ActivationMap_address1    |   15|          3|   11|         33|
    |relu3ActivationMap_address0    |   15|          3|    7|         21|
    |tmp_111_reg_1375               |    9|          2|   32|         64|
    |tmp_95_reg_1329                |    9|          2|   32|         64|
    |x_assign_5_reg_1182            |    9|          2|   32|         64|
    |x_assign_reg_980               |    9|          2|   32|         64|
    |y1_i_reg_1286                  |    9|          2|   32|         64|
    |y3_i_reg_1106                  |    9|          2|   32|         64|
    |y5_i_reg_893                   |    9|          2|   32|         64|
    +-------------------------------+-----+-----------+-----+-----------+
    |Total                          | 1760|        380|  953|       3408|
    +-------------------------------+-----+-----------+-----+-----------+

    * Register: 
    +---------------------------------+-----+----+-----+-----------+
    |               Name              |  FF | LUT| Bits| Const Bits|
    +---------------------------------+-----+----+-----+-----------+
    |ap_CS_fsm                        |  124|   0|  124|          0|
    |b_k_1_reg_1095                   |    3|   0|    3|          0|
    |b_k_2_reg_1149                   |    5|   0|    5|          0|
    |b_k_3_reg_1275                   |    5|   0|    5|          0|
    |b_k_4_reg_4379                   |    3|   0|    3|          0|
    |b_k_5_cast_reg_4485              |    4|   0|    8|          4|
    |b_k_6_reg_4719                   |    5|   0|    5|          0|
    |b_k_7_reg_4908                   |    5|   0|    5|          0|
    |b_k_8_reg_4632                   |    3|   0|    3|          0|
    |b_k_reg_947                      |    3|   0|    3|          0|
    |biasConv1_load_reg_4205          |   32|   0|   32|          0|
    |biasConv2_load_reg_4557          |   32|   0|   32|          0|
    |c_1_reg_1014                     |    4|   0|    4|          0|
    |c_2_reg_1061                     |    4|   0|    4|          0|
    |c_3_reg_1206                     |    3|   0|    3|          0|
    |c_4_reg_4236                     |    5|   0|    5|          0|
    |c_5_reg_4578                     |    4|   0|    4|          0|
    |c_cast1_reg_4228                 |    5|   0|   10|          5|
    |c_reg_859                        |    5|   0|    5|          0|
    |colOutIdx1_reg_882               |    3|   0|    3|          0|
    |colOutIdx_10_reg_4609            |    3|   0|    3|          0|
    |colOutIdx_13_reg_5016            |    7|   0|    7|          0|
    |colOutIdx_14_reg_5073            |    7|   0|    7|          0|
    |colOutIdx_15_reg_4480            |    4|   0|    4|          0|
    |colOutIdx_16_reg_4812            |    3|   0|    3|          0|
    |colOutIdx_1_reg_936              |    5|   0|    5|          0|
    |colOutIdx_2_reg_4272             |    3|   0|    3|          0|
    |colOutIdx_3_reg_1084             |    3|   0|    3|          0|
    |colOutIdx_4_reg_1138             |    4|   0|    4|          0|
    |colOutIdx_5_reg_4706             |    4|   0|    4|          0|
    |colOutIdx_6_reg_1264             |    3|   0|    3|          0|
    |colOutIdx_7_reg_1341             |    7|   0|    7|          0|
    |colOutIdx_8_reg_1387             |    7|   0|    7|          0|
    |colOutIdx_9_reg_4890             |    3|   0|    3|          0|
    |colOutIdx_reg_4366               |    5|   0|    5|          0|
    |d_relu3ActivationMap_3_reg_5093  |   32|   0|   32|          0|
    |f_1_cast_reg_4424                |    3|   0|    9|          6|
    |f_1_reg_969                      |    3|   0|    3|          0|
    |f_2_cast_reg_4539                |    5|   0|    8|          3|
    |f_2_reg_1037                     |    5|   0|    5|          0|
    |f_3_cast_reg_4756                |    5|   0|    8|          3|
    |f_3_reg_1171                     |    5|   0|    5|          0|
    |f_4_reg_1229                     |    7|   0|    7|          0|
    |f_5_reg_4195                     |    3|   0|    3|          0|
    |f_6_reg_4432                     |    3|   0|    3|          0|
    |f_7_reg_4547                     |    5|   0|    5|          0|
    |f_8_reg_4764                     |    5|   0|    5|          0|
    |f_9_reg_4864                     |    7|   0|    7|          0|
    |f_cast1_reg_4187                 |    3|   0|    9|          6|
    |f_cast_reg_4182                  |    3|   0|   14|         11|
    |f_reg_825                        |    3|   0|    3|          0|
    |grp_c_sum_fu_1398_ap_start_reg   |    1|   0|    1|          0|
    |grp_d_sum_fu_1410_ap_start_reg   |    1|   0|    1|          0|
    |grp_f_sum_fu_1404_ap_start_reg   |    1|   0|    1|          0|
    |grp_g_sum_fu_1416_ap_start_reg   |    1|   0|    1|          0|
    |grp_sum_fu_1422_ap_start_reg     |    1|   0|    1|          0|
    |inputImg_load_reg_4292           |    8|   0|    8|          0|
    |invdar1_reg_1160                 |    9|   0|    9|          0|
    |invdar_reg_958                   |   11|   0|   11|          0|
    |j_1_reg_1218                     |    2|   0|    2|          0|
    |j_2_reg_4499                     |    2|   0|    2|          0|
    |j_3_reg_4820                     |    2|   0|    2|          0|
    |j_reg_1026                       |    2|   0|    2|          0|
    |k4_cast2_reg_4241                |    3|   0|    5|          2|
    |k4_reg_871                       |    3|   0|    3|          0|
    |k_10_reg_4325                    |    3|   0|    3|          0|
    |k_11_reg_4693                    |    4|   0|    4|          0|
    |k_13_reg_4877                    |    3|   0|    3|          0|
    |k_14_reg_4586                    |    3|   0|    3|          0|
    |k_15_reg_4946                    |    4|   0|    4|          0|
    |k_16_reg_5059                    |    4|   0|    4|          0|
    |k_1_reg_914                      |    5|   0|    5|          0|
    |k_20_reg_4670                    |    3|   0|    3|          0|
    |k_21_reg_4979                    |    7|   0|    7|          0|
    |k_22_reg_4997                    |    7|   0|    7|          0|
    |k_2_reg_1073                     |    3|   0|    3|          0|
    |k_3_reg_1127                     |    4|   0|    4|          0|
    |k_4_reg_1241                     |    3|   0|    3|          0|
    |k_5_reg_1307                     |    7|   0|    7|          0|
    |k_6_reg_1318                     |    7|   0|    7|          0|
    |k_7_reg_1352                     |    4|   0|    4|          0|
    |k_9_reg_4249                     |    3|   0|    3|          0|
    |k_i1_reg_1116                    |    3|   0|    3|          0|
    |k_i2_reg_1296                    |    4|   0|    4|          0|
    |k_i_reg_903                      |    3|   0|    3|          0|
    |k_reg_4358                       |    5|   0|    5|          0|
    |maxval_1_3_fu_340                |   32|   0|   32|          0|
    |maxval_1_3_load_reg_4419         |   32|   0|   32|          0|
    |maxval_1_6_fu_344                |   32|   0|   32|          0|
    |maxval_1_7_fu_348                |   32|   0|   32|          0|
    |maxval_1_fu_336                  |   32|   0|   32|          0|
    |maxval_1_load_reg_4414           |   32|   0|   32|          0|
    |next_mul3_reg_4350               |   13|   0|   13|          0|
    |next_mul5_reg_4452               |   13|   0|   13|          0|
    |next_mul7_reg_4869               |   16|   0|   16|          0|
    |next_mul9_reg_5051               |   10|   0|   10|          0|
    |next_mul_reg_4215                |   13|   0|   13|          0|
    |p_Val2_6_reg_4529                |   32|   0|   32|          0|
    |p_Val2_s_41_reg_4802             |   32|   0|   32|          0|
    |p_Val2_s_reg_4470                |   32|   0|   32|          0|
    |p_shl35_cast_reg_4787            |    3|   0|   11|          8|
    |p_shl36_cast_reg_4792            |    3|   0|   12|          9|
    |p_shl37_cast_reg_4797            |    3|   0|   12|          9|
    |p_shl6_reg_4259                  |    3|   0|    5|          2|
    |phi_mul2_cast_reg_4345           |   13|   0|   14|          1|
    |phi_mul2_reg_925                 |   13|   0|   13|          0|
    |phi_mul4_cast_reg_4447           |   13|   0|   14|          1|
    |phi_mul4_reg_1003                |   13|   0|   13|          0|
    |phi_mul6_reg_1252                |   16|   0|   16|          0|
    |phi_mul8_reg_1363                |   10|   0|   10|          0|
    |phi_mul_cast_reg_4210            |   13|   0|   14|          1|
    |phi_mul_reg_848                  |   13|   0|   13|          0|
    |pool1ActivationMap_l_reg_4652    |   32|   0|   32|          0|
    |pool2ActivationMap_l_reg_4928    |   32|   0|   32|          0|
    |r_1_reg_992                      |    4|   0|    4|          0|
    |r_2_reg_1049                     |    4|   0|    4|          0|
    |r_3_reg_1194                     |    3|   0|    3|          0|
    |r_4_reg_4223                     |    5|   0|    5|          0|
    |r_5_reg_4460                     |    4|   0|    4|          0|
    |r_6_reg_4565                     |    4|   0|    4|          0|
    |r_7_reg_4782                     |    3|   0|    3|          0|
    |r_reg_836                        |    5|   0|    5|          0|
    |reg_1488                         |   32|   0|   32|          0|
    |relu3ActivationMap_l_reg_5036    |   32|   0|   32|          0|
    |tmp13_reg_4570                   |    6|   0|   11|          5|
    |tmp23_reg_4882                   |    5|   0|    9|          4|
    |tmp8_reg_4698                    |    6|   0|   11|          5|
    |tmp_101_reg_4642                 |    9|   0|    9|          0|
    |tmp_109_reg_4900                 |    8|   0|   15|          7|
    |tmp_111_reg_1375                 |   32|   0|   32|          0|
    |tmp_121_reg_4831                 |   11|   0|   11|          0|
    |tmp_131_reg_4841                 |   12|   0|   12|          0|
    |tmp_139_reg_4851                 |   32|   0|   32|          0|
    |tmp_148_reg_4913                 |    9|   0|   64|         55|
    |tmp_14_reg_4335                  |   14|   0|   14|          0|
    |tmp_165_reg_4825                 |    1|   0|    1|          0|
    |tmp_17_reg_4254                  |    5|   0|    5|          0|
    |tmp_18_reg_4264                  |    8|   0|    9|          1|
    |tmp_21_reg_4465                  |   11|   0|   14|          3|
    |tmp_24_reg_4282                  |    5|   0|    5|          0|
    |tmp_27_reg_4287                  |    9|   0|    9|          0|
    |tmp_30_reg_4312                  |   32|   0|   32|          0|
    |tmp_32_reg_4490                  |    1|   0|    1|          0|
    |tmp_33_reg_4711                  |    4|   0|    8|          4|
    |tmp_45_reg_4504                  |   14|   0|   14|          0|
    |tmp_47_reg_4524                  |    7|   0|    8|          1|
    |tmp_48_reg_4769                  |    8|   0|    8|          0|
    |tmp_49_reg_4984                  |    7|   0|   64|         57|
    |tmp_4_reg_4371                   |    8|   0|    9|          1|
    |tmp_51_reg_4514                  |   14|   0|   14|          0|
    |tmp_52_reg_4956                  |    7|   0|   64|         57|
    |tmp_5_cast_reg_4437              |   32|   0|   32|          0|
    |tmp_72_reg_4724                  |   11|   0|   64|         53|
    |tmp_75_reg_4591                  |   10|   0|   12|          2|
    |tmp_76_reg_4596                  |    8|   0|    9|          1|
    |tmp_79_reg_4601                  |    8|   0|   13|          5|
    |tmp_80_reg_4680                  |   11|   0|   11|          0|
    |tmp_87_reg_4614                  |    7|   0|    8|          1|
    |tmp_88_reg_4619                  |    6|   0|    7|          1|
    |tmp_89_reg_4624                  |    6|   0|   11|          5|
    |tmp_8_reg_4384                   |   32|   0|   64|         32|
    |tmp_91_reg_5002                  |    7|   0|   64|         57|
    |tmp_92_reg_5008                  |   12|   0|   15|          3|
    |tmp_93_reg_5064                  |    4|   0|   64|         60|
    |tmp_95_reg_1329                  |   32|   0|   32|          0|
    |tmp_96_reg_4895                  |    3|   0|    7|          4|
    |weightsConv1_load_reg_4307       |   32|   0|   32|          0|
    |weightsConv2_load_reg_4657       |   32|   0|   32|          0|
    |weightsFC1_load_reg_4933         |   32|   0|   32|          0|
    |weightsFC2_load_reg_5041         |   32|   0|   32|          0|
    |weightsFC3_load_reg_5098         |   32|   0|   32|          0|
    |x_assign_5_reg_1182              |   32|   0|   32|          0|
    |x_assign_reg_980                 |   32|   0|   32|          0|
    |y1_i_reg_1286                    |   32|   0|   32|          0|
    |y3_i_reg_1106                    |   32|   0|   32|          0|
    |y5_i_reg_893                     |   32|   0|   32|          0|
    +---------------------------------+-----+----+-----+-----------+
    |Total                            | 1981|   0| 2476|        495|
    +---------------------------------+-----+----+-----+-----------+



================================================================
== Interface
================================================================
* Summary: 
+--------------------+-----+-----+------------+------------------+--------------+
|      RTL Ports     | Dir | Bits|  Protocol  |   Source Object  |    C Type    |
+--------------------+-----+-----+------------+------------------+--------------+
|ap_clk              |  in |    1| ap_ctrl_hs | lenetSynthMatlab | return value |
|ap_rst              |  in |    1| ap_ctrl_hs | lenetSynthMatlab | return value |
|ap_start            |  in |    1| ap_ctrl_hs | lenetSynthMatlab | return value |
|ap_done             | out |    1| ap_ctrl_hs | lenetSynthMatlab | return value |
|ap_idle             | out |    1| ap_ctrl_hs | lenetSynthMatlab | return value |
|ap_ready            | out |    1| ap_ctrl_hs | lenetSynthMatlab | return value |
|inputImg_address0   | out |   10|  ap_memory |     inputImg     |     array    |
|inputImg_ce0        | out |    1|  ap_memory |     inputImg     |     array    |
|inputImg_q0         |  in |    8|  ap_memory |     inputImg     |     array    |
|netScores_address0  | out |    4|  ap_memory |     netScores    |     array    |
|netScores_ce0       | out |    1|  ap_memory |     netScores    |     array    |
|netScores_we0       | out |    1|  ap_memory |     netScores    |     array    |
|netScores_d0        | out |   32|  ap_memory |     netScores    |     array    |
+--------------------+-----+-----+------------+------------------+--------------+

