

================================================================
== Vivado HLS Report for 'lenetSynthMatlab'
================================================================
* Date:           Wed Dec 12 12:11:08 2018

* Version:        2018.2 (Build 2258646 on Thu Jun 14 20:25:20 MDT 2018)
* Project:        hls8BitFloatMod
* Solution:       Lenet_100MHz
* Product family: artix7
* Target device:  xc7a100tcsg324-1


================================================================
== Performance Estimates
================================================================
+ Timing (ns): 
    * Summary: 
    +--------+-------+----------+------------+
    |  Clock | Target| Estimated| Uncertainty|
    +--------+-------+----------+------------+
    |ap_clk  |  10.00|     9.315|        1.25|
    +--------+-------+----------+------------+

+ Latency (clock cycles): 
    * Summary: 
    +---------+---------+---------+---------+---------+
    |      Latency      |      Interval     | Pipeline|
    |   min   |   max   |   min   |   max   |   Type  |
    +---------+---------+---------+---------+---------+
    |  7433930|  7433930|  7433930|  7433930|   none  |
    +---------+---------+---------+---------+---------+

    + Detail: 
        * Instance: 
        +-------------------+-------+------+------+------+------+---------+
        |                   |       |   Latency   |   Interval  | Pipeline|
        |      Instance     | Module|  min |  max |  min |  max |   Type  |
        +-------------------+-------+------+------+------+------+---------+
        |grp_c_sum_fu_1398  |c_sum  |  1080|  1080|  1080|  1080|   none  |
        |grp_f_sum_fu_1404  |f_sum  |  3100|  3100|  3100|  3100|   none  |
        |grp_d_sum_fu_1410  |d_sum  |   214|   214|   214|   214|   none  |
        |grp_g_sum_fu_1416  |g_sum  |   554|   554|   554|   554|   none  |
        |grp_sum_fu_1422    |sum    |   180|   180|   180|   180|   none  |
        +-------------------+-------+------+------+------+------+---------+

        * Loop: 
        +-----------------------------+---------+---------+----------+-----------+-----------+------+----------+
        |                             |      Latency      | Iteration|  Initiation Interval  | Trip |          |
        |          Loop Name          |   min   |   max   |  Latency |  achieved |   target  | Count| Pipelined|
        +-----------------------------+---------+---------+----------+-----------+-----------+------+----------+
        |- Loop 1                     |  2488770|  2488770|    414795|          -|          -|     6|    no    |
        | + Loop 1.1                  |   414792|   414792|     14814|          -|          -|    28|    no    |
        |  ++ Loop 1.1.1              |    14812|    14812|       529|          -|          -|    28|    no    |
        |   +++ Loop 1.1.1.1          |      310|      310|        62|          -|          -|     5|    no    |
        |    ++++ Loop 1.1.1.1.1      |       60|       60|        12|          -|          -|     5|    no    |
        |   +++ Loop 1.1.1.2          |       28|       28|         7|          -|          -|     4|    no    |
        |- Loop 2                     |    20440|    20440|       730|          -|          -|    28|    no    |
        | + Loop 2.1                  |      728|      728|        26|          -|          -|    28|    no    |
        |  ++ Loop 2.1.1              |       24|       24|         4|          -|          -|     6|    no    |
        |- memset_pool1ActivationMap  |     1175|     1175|         1|          -|          -|  1176|    no    |
        |- Loop 4                     |    20508|    20508|      3418|          -|          -|     6|    no    |
        | + Loop 4.1                  |     3416|     3416|       244|          -|          -|    14|    no    |
        |  ++ Loop 4.1.1              |      238|      238|        17|          -|          -|    14|    no    |
        |   +++ Loop 4.1.1.1          |       12|       12|         6|          -|          -|     2|    no    |
        |- Loop 5                     |  3923568|  3923568|    245223|          -|          -|    16|    no    |
        | + Loop 5.1                  |   245220|   245220|     24522|          -|          -|    10|    no    |
        |  ++ Loop 5.1.1              |    24520|    24520|      2452|          -|          -|    10|    no    |
        |   +++ Loop 5.1.1.1          |     1110|     1110|       222|          -|          -|     5|    no    |
        |    ++++ Loop 5.1.1.1.1      |      220|      220|        44|          -|          -|     5|    no    |
        |     +++++ Loop 5.1.1.1.1.1  |       42|       42|         7|          -|          -|     6|    no    |
        |   +++ Loop 5.1.1.2          |       35|       35|         7|          -|          -|     5|    no    |
        |- Loop 6                     |     6620|     6620|       662|          -|          -|    10|    no    |
        | + Loop 6.1                  |      660|      660|        66|          -|          -|    10|    no    |
        |  ++ Loop 6.1.1              |       64|       64|         4|          -|          -|    16|    no    |
        |- memset_pool2ActivationMap  |      399|      399|         1|          -|          -|   400|    no    |
        |- Loop 8                     |     6912|     6912|       432|          -|          -|    16|    no    |
        | + Loop 8.1                  |      430|      430|        86|          -|          -|     5|    no    |
        |  ++ Loop 8.1.1              |       80|       80|        16|          -|          -|     5|    no    |
        |   +++ Loop 8.1.1.1          |       12|       12|         6|          -|          -|     2|    no    |
        |- Loop 9                     |   844080|   844080|      7034|          -|          -|   120|    no    |
        | + Loop 9.1                  |     3260|     3260|       652|          -|          -|     5|    no    |
        |  ++ Loop 9.1.1              |      650|      650|       130|          -|          -|     5|    no    |
        |   +++ Loop 9.1.1.1          |      128|      128|         8|          -|          -|    16|    no    |
        | + Loop 9.2                  |      105|      105|         7|          -|          -|    15|    no    |
        |- Loop 10                    |      480|      480|         4|          -|          -|   120|    no    |
        |- Loop 11                    |   111636|   111636|      1329|          -|          -|    84|    no    |
        | + Loop 11.1                 |     1320|     1320|        11|          -|          -|   120|    no    |
        |- Loop 12                    |     9330|     9330|       933|          -|          -|    10|    no    |
        | + Loop 12.1                 |      924|      924|        11|          -|          -|    84|    no    |
        +-----------------------------+---------+---------+----------+-----------+-----------+------+----------+



================================================================
== Utilization Estimates
================================================================
* Summary: 
+-----------------+---------+-------+--------+-------+
|       Name      | BRAM_18K| DSP48E|   FF   |  LUT  |
+-----------------+---------+-------+--------+-------+
|DSP              |        -|      -|       -|      -|
|Expression       |        -|      3|       0|   3931|
|FIFO             |        -|      -|       -|      -|
|Instance         |        -|     15|    2591|   3256|
|Memory           |      224|      -|     416|     58|
|Multiplexer      |        -|      -|       -|   2013|
|Register         |        -|      -|    2803|      -|
+-----------------+---------+-------+--------+-------+
|Total            |      224|     18|    5810|   9258|
+-----------------+---------+-------+--------+-------+
|Available        |      270|    240|  126800|  63400|
+-----------------+---------+-------+--------+-------+
|Utilization (%)  |       82|      7|       4|     14|
+-----------------+---------+-------+--------+-------+

+ Detail: 
    * Instance: 
    +--------------------------+----------------------+---------+-------+-----+-----+
    |         Instance         |        Module        | BRAM_18K| DSP48E|  FF | LUT |
    +--------------------------+----------------------+---------+-------+-----+-----+
    |grp_c_sum_fu_1398         |c_sum                 |        0|      2|  410|  590|
    |grp_d_sum_fu_1410         |d_sum                 |        0|      2|  342|  445|
    |grp_f_sum_fu_1404         |f_sum                 |        0|      2|  395|  557|
    |grp_g_sum_fu_1416         |g_sum                 |        0|      2|  350|  433|
    |lenetSynthMatlab_DeQ_U18  |lenetSynthMatlab_DeQ  |        0|      3|  143|  140|
    |lenetSynthMatlab_Ee0_U19  |lenetSynthMatlab_Ee0  |        0|      0|  339|  373|
    |lenetSynthMatlab_Ffa_U20  |lenetSynthMatlab_Ffa  |        0|      0|   66|   70|
    |lenetSynthMatlab_bkb_U17  |lenetSynthMatlab_bkb  |        0|      2|  205|  205|
    |grp_sum_fu_1422           |sum                   |        0|      2|  341|  443|
    +--------------------------+----------------------+---------+-------+-----+-----+
    |Total                     |                      |        0|     15| 2591| 3256|
    +--------------------------+----------------------+---------+-------+-----+-----+

    * DSP48: 
    N/A

    * Memory: 
    +------------------------+----------------------+---------+----+----+-------+-----+------+-------------+
    |         Memory         |        Module        | BRAM_18K| FF | LUT| Words | Bits| Banks| W*Bits*Banks|
    +------------------------+----------------------+---------+----+----+-------+-----+------+-------------+
    |fv16_U                  |lenetSynthMatlab_Aem  |        0|  64|   8|     16|   32|     1|          512|
    |d_relu3ActivationMap_U  |lenetSynthMatlab_CeG  |        1|   0|   0|     84|   32|     1|         2688|
    |biasConv1_U             |lenetSynthMatlab_cud  |        0|  32|   3|      6|   32|     1|          192|
    |weightsConv1_U          |lenetSynthMatlab_dEe  |        1|   0|   0|    150|   32|     1|         4800|
    |biasConv2_U             |lenetSynthMatlab_eOg  |        0|  32|   8|     16|   32|     1|          512|
    |weightsConv2_U          |lenetSynthMatlab_fYi  |        8|   0|   0|   2400|   32|     1|        76800|
    |weightsFC1_U            |lenetSynthMatlab_g8j  |      128|   0|   0|  48000|   32|     1|      1536000|
    |biasFC1_U               |lenetSynthMatlab_hbi  |        1|   0|   0|    120|   32|     1|         3840|
    |weightsFC2_U            |lenetSynthMatlab_ibs  |       32|   0|   0|  10080|   32|     1|       322560|
    |biasFC2_U               |lenetSynthMatlab_jbC  |        1|   0|   0|     84|   32|     1|         2688|
    |weightsFC3_U            |lenetSynthMatlab_kbM  |        2|   0|   0|    840|   32|     1|        26880|
    |biasFC3_U               |lenetSynthMatlab_lbW  |        0|  32|   5|     10|   32|     1|          320|
    |pool1ActivationMap_U    |lenetSynthMatlab_mb6  |        4|   0|   0|   1176|   32|     1|        37632|
    |conv1ActivationMap_U    |lenetSynthMatlab_ncg  |       16|   0|   0|   4704|   32|     1|       150528|
    |relu1ActivationMap_U    |lenetSynthMatlab_ocq  |       16|   0|   0|   4704|   32|     1|       150528|
    |fv10_U                  |lenetSynthMatlab_pcA  |        0|  64|  13|     25|   32|     1|          800|
    |fv11_U                  |lenetSynthMatlab_qcK  |        0|  64|   3|      5|   32|     1|          160|
    |pool2ActivationMap_U    |lenetSynthMatlab_rcU  |        1|   0|   0|    400|   32|     1|        12800|
    |b_pool2ActivationMap_U  |lenetSynthMatlab_rcU  |        1|   0|   0|    400|   32|     1|        12800|
    |conv2ActivationMap_U    |lenetSynthMatlab_sc4  |        4|   0|   0|   1600|   32|     1|        51200|
    |relu2ActivationMap_U    |lenetSynthMatlab_tde  |        4|   0|   0|   1600|   32|     1|        51200|
    |fv12_U                  |lenetSynthMatlab_udo  |        1|   0|   0|    150|   32|     1|         4800|
    |fv13_U                  |lenetSynthMatlab_vdy  |        0|  64|  15|     30|   32|     1|          960|
    |fv14_U                  |lenetSynthMatlab_wdI  |        0|  64|   3|      6|   32|     1|          192|
    |fv15_U                  |lenetSynthMatlab_yd2  |        1|   0|   0|     80|   32|     1|         2560|
    |fc1ActivationMap_U      |lenetSynthMatlab_zec  |        1|   0|   0|    120|   32|     1|         3840|
    |relu3ActivationMap_U    |lenetSynthMatlab_zec  |        1|   0|   0|    120|   32|     1|         3840|
    +------------------------+----------------------+---------+----+----+-------+-----+------+-------------+
    |Total                   |                      |      224| 416|  58|  76926|  864|    27|      2461632|
    +------------------------+----------------------+---------+----+----+-------+-----+------+-------------+

    * FIFO: 
    N/A

    * Expression: 
    +----------------------------------+----------+-------+---+-----+------------+------------+
    |           Variable Name          | Operation| DSP48E| FF| LUT | Bitwidth P0| Bitwidth P1|
    +----------------------------------+----------+-------+---+-----+------------+------------+
    |tmp_21_fu_2033_p2                 |     *    |      0|  0|   42|           5|           8|
    |tmp_60_fu_2507_p2                 |     *    |      3|  0|   21|           7|          32|
    |tmp_75_fu_2635_p2                 |     *    |      0|  0|   33|           4|           7|
    |b_k_4_fu_1869_p2                  |     +    |      0|  0|   12|           3|           1|
    |b_k_6_fu_3034_p2                  |     +    |      0|  0|   15|           5|           1|
    |b_k_7_fu_3808_p2                  |     +    |      0|  0|   15|           5|           1|
    |b_k_8_fu_2819_p2                  |     +    |      0|  0|   12|           3|           1|
    |c_4_fu_1555_p2                    |     +    |      0|  0|   15|           5|           1|
    |c_5_fu_2603_p2                    |     +    |      0|  0|   13|           4|           1|
    |colOutIdx_10_fu_2703_p2           |     +    |      0|  0|   12|           3|           1|
    |colOutIdx_13_fu_4058_p2           |     +    |      0|  0|   15|           7|           1|
    |colOutIdx_14_fu_4115_p2           |     +    |      0|  0|   15|           7|           1|
    |colOutIdx_15_fu_2049_p2           |     +    |      0|  0|   13|           4|           1|
    |colOutIdx_16_fu_3226_p2           |     +    |      0|  0|   12|           3|           1|
    |colOutIdx_2_fu_1631_p2            |     +    |      0|  0|   12|           3|           1|
    |colOutIdx_5_fu_3010_p2            |     +    |      0|  0|   13|           4|           1|
    |colOutIdx_9_fu_3754_p2            |     +    |      0|  0|   12|           3|           1|
    |colOutIdx_fu_1823_p2              |     +    |      0|  0|   15|           5|           1|
    |f_5_fu_1512_p2                    |     +    |      0|  0|   12|           3|           1|
    |f_6_fu_1977_p2                    |     +    |      0|  0|   12|           3|           1|
    |f_7_fu_2548_p2                    |     +    |      0|  0|   15|           5|           1|
    |f_8_fu_3142_p2                    |     +    |      0|  0|   15|           5|           1|
    |f_9_fu_3698_p2                    |     +    |      0|  0|   15|           7|           1|
    |indvarinc1_fu_3107_p2             |     +    |      0|  0|   16|           9|           1|
    |indvarinc_fu_1946_p2              |     +    |      0|  0|   18|          11|           1|
    |j_2_fu_2077_p2                    |     +    |      0|  0|   10|           1|           2|
    |j_3_fu_3238_p2                    |     +    |      0|  0|   10|           2|           1|
    |k_10_fu_1732_p2                   |     +    |      0|  0|   12|           3|           1|
    |k_11_fu_2972_p2                   |     +    |      0|  0|   13|           4|           1|
    |k_13_fu_3716_p2                   |     +    |      0|  0|   12|           3|           1|
    |k_14_fu_2619_p2                   |     +    |      0|  0|   12|           3|           1|
    |k_15_fu_3921_p2                   |     +    |      0|  0|   13|           4|           1|
    |k_16_fu_4095_p2                   |     +    |      0|  0|   13|           4|           1|
    |k_20_fu_2929_p2                   |     +    |      0|  0|   12|           3|           1|
    |k_21_fu_3943_p2                   |     +    |      0|  0|   15|           7|           1|
    |k_22_fu_4008_p2                   |     +    |      0|  0|   15|           7|           1|
    |k_9_fu_1571_p2                    |     +    |      0|  0|   12|           3|           1|
    |k_fu_1811_p2                      |     +    |      0|  0|   15|           5|           1|
    |next_mul3_fu_1799_p2              |     +    |      0|  0|   20|          13|           8|
    |next_mul5_fu_1997_p2              |     +    |      0|  0|   20|          13|           9|
    |next_mul7_fu_3704_p2              |     +    |      0|  0|   23|          16|          14|
    |next_mul9_fu_4083_p2              |     +    |      0|  0|   17|          10|           7|
    |next_mul_fu_1527_p2               |     +    |      0|  0|   20|          13|           8|
    |r_4_fu_1539_p2                    |     +    |      0|  0|   15|           5|           1|
    |r_5_fu_2009_p2                    |     +    |      0|  0|   13|           4|           1|
    |r_6_fu_2565_p2                    |     +    |      0|  0|   13|           4|           1|
    |r_7_fu_3160_p2                    |     +    |      0|  0|   12|           3|           1|
    |sh_assign_4_fu_3339_p2            |     +    |      0|  0|   16|           8|           9|
    |sh_assign_fu_2190_p2              |     +    |      0|  0|   16|           8|           9|
    |tmp10_fu_2848_p2                  |     +    |      0|  0|   15|           7|           7|
    |tmp12_fu_2891_p2                  |     +    |      0|  0|   18|          11|          11|
    |tmp13_fu_2591_p2                  |     +    |      0|  0|   18|          11|          11|
    |tmp14_fu_2948_p2                  |     +    |      0|  0|   15|           8|           8|
    |tmp16_fu_3040_p2                  |     +    |      0|  0|   15|           8|           8|
    |tmp18_fu_3280_p2                  |     +    |      0|  0|   32|          12|          12|
    |tmp19_fu_3665_p2                  |     +    |      0|  0|   32|          32|          32|
    |tmp20_fu_3425_p2                  |     +    |      0|  0|   15|           8|           8|
    |tmp23_fu_3742_p2                  |     +    |      0|  0|   16|           9|           9|
    |tmp24_fu_3814_p2                  |     +    |      0|  0|   15|           7|           7|
    |tmp26_fu_3888_p2                  |     +    |      0|  0|   22|          15|          15|
    |tmp3_fu_1656_p2                   |     +    |      0|  0|   32|           5|           5|
    |tmp4_fu_1700_p2                   |     +    |      0|  0|   32|           9|           9|
    |tmp5_fu_1777_p2                   |     +    |      0|  0|   32|          14|          14|
    |tmp6_fu_1875_p2                   |     +    |      0|  0|   16|           9|           9|
    |tmp7_fu_2523_p2                   |     +    |      0|  0|   32|          32|          32|
    |tmp8_fu_2998_p2                   |     +    |      0|  0|   18|          11|          11|
    |tmp9_fu_2825_p2                   |     +    |      0|  0|   15|           8|           8|
    |tmp_101_fu_2857_p2                |     +    |      0|  0|   16|           9|           9|
    |tmp_106_fu_2900_p2                |     +    |      0|  0|   20|          13|          13|
    |tmp_115_fu_4069_p2                |     +    |      0|  0|   22|          15|          15|
    |tmp_120_fu_3258_p2                |     +    |      0|  0|   15|           8|           8|
    |tmp_121_fu_3275_p2                |     +    |      0|  0|   18|          11|          11|
    |tmp_126_fu_4126_p2                |     +    |      0|  0|   17|          10|          10|
    |tmp_131_fu_3285_p2                |     +    |      0|  0|   32|          12|          12|
    |tmp_139_fu_3674_p2                |     +    |      0|  0|   32|          32|          32|
    |tmp_147_fu_3823_p2                |     +    |      0|  0|   16|           9|           9|
    |tmp_14_fu_1782_p2                 |     +    |      0|  0|   32|          14|          14|
    |tmp_151_fu_3897_p2                |     +    |      0|  0|   24|          17|          17|
    |tmp_17_fu_1577_p2                 |     +    |      0|  0|   15|           5|           5|
    |tmp_22_fu_1646_p2                 |     +    |      0|  0|   17|          10|          10|
    |tmp_24_fu_1661_p2                 |     +    |      0|  0|   32|           5|           5|
    |tmp_27_fu_1705_p2                 |     +    |      0|  0|   32|           9|           9|
    |tmp_44_fu_2117_p2                 |     +    |      0|  0|   32|           9|           9|
    |tmp_45_fu_2126_p2                 |     +    |      0|  0|   21|          14|          14|
    |tmp_48_fu_3148_p2                 |     +    |      0|  0|   15|           8|           8|
    |tmp_51_fu_2131_p2                 |     +    |      0|  0|   21|          14|          14|
    |tmp_5_fu_1983_p2                  |     +    |      0|  0|   15|           8|           8|
    |tmp_62_fu_2528_p2                 |     +    |      0|  0|   32|          32|          32|
    |tmp_69_fu_3049_p2                 |     +    |      0|  0|   18|          11|          11|
    |tmp_74_fu_2625_p2                 |     +    |      0|  0|   13|           4|           4|
    |tmp_7_fu_1884_p2                  |     +    |      0|  0|   21|          14|          14|
    |tmp_80_fu_2957_p2                 |     +    |      0|  0|   18|          11|          11|
    |tmp_86_fu_2709_p2                 |     +    |      0|  0|   13|           4|           4|
    |tmp_98_fu_2834_p2                 |     +    |      0|  0|   19|          12|          12|
    |p_Val2_6_i_i_i2_fu_3642_p2        |     -    |      0|  0|   39|           1|          32|
    |p_Val2_6_i_i_i_fu_2412_p2         |     -    |      0|  0|   39|           1|          32|
    |tmp_109_fu_3792_p2                |     -    |      0|  0|   22|          15|          15|
    |tmp_12_fu_1767_p2                 |     -    |      0|  0|   16|           9|           9|
    |tmp_149_fu_3856_p2                |     -    |      0|  0|   19|          12|          12|
    |tmp_162_i_i_i2_fu_3353_p2         |     -    |      0|  0|   15|           7|           8|
    |tmp_162_i_i_i_fu_2204_p2          |     -    |      0|  0|   15|           7|           8|
    |tmp_18_fu_1615_p2                 |     -    |      0|  0|   16|           9|           9|
    |tmp_26_fu_1690_p2                 |     -    |      0|  0|   15|           7|           7|
    |tmp_40_fu_2111_p2                 |     -    |      0|  0|   32|           9|           9|
    |tmp_47_fu_2148_p2                 |     -    |      0|  0|   15|           8|           8|
    |tmp_4_fu_1853_p2                  |     -    |      0|  0|   16|           9|           9|
    |tmp_76_fu_2669_p2                 |     -    |      0|  0|   16|           9|           9|
    |tmp_79_fu_2687_p2                 |     -    |      0|  0|   20|          13|          13|
    |tmp_87_fu_2739_p2                 |     -    |      0|  0|   15|           8|           8|
    |tmp_88_fu_2769_p2                 |     -    |      0|  0|   15|           7|           7|
    |tmp_89_fu_2799_p2                 |     -    |      0|  0|   18|          11|          11|
    |tmp_92_fu_4042_p2                 |     -    |      0|  0|   22|          15|          15|
    |tmp_110_fu_3989_p2                |    and   |      0|  0|    2|           1|           1|
    |tmp_138_fu_3630_p2                |    and   |      0|  0|    2|           1|           1|
    |tmp_13_fu_1933_p2                 |    and   |      0|  0|    2|           1|           1|
    |tmp_142_fu_3636_p2                |    and   |      0|  0|    2|           1|           1|
    |tmp_161_fu_3511_p2                |    and   |      0|  0|    2|           1|           1|
    |tmp_163_fu_3517_p2                |    and   |      0|  0|    2|           1|           1|
    |tmp_41_fu_2495_p2                 |    and   |      0|  0|    2|           1|           1|
    |tmp_43_fu_2501_p2                 |    and   |      0|  0|    2|           1|           1|
    |tmp_68_fu_2362_p2                 |    and   |      0|  0|    2|           1|           1|
    |tmp_73_fu_2368_p2                 |    and   |      0|  0|    2|           1|           1|
    |tmp_94_fu_3094_p2                 |    and   |      0|  0|    2|           1|           1|
    |exitcond10_fu_3220_p2             |   icmp   |      0|  0|    9|           3|           3|
    |exitcond11_fu_3154_p2             |   icmp   |      0|  0|    9|           3|           3|
    |exitcond12_fu_3136_p2             |   icmp   |      0|  0|   11|           5|           6|
    |exitcond13_fu_3028_p2             |   icmp   |      0|  0|   11|           5|           6|
    |exitcond14_fu_3004_p2             |   icmp   |      0|  0|    9|           4|           4|
    |exitcond15_fu_2966_p2             |   icmp   |      0|  0|    9|           4|           4|
    |exitcond16_fu_2813_p2             |   icmp   |      0|  0|    9|           3|           3|
    |exitcond17_fu_2697_p2             |   icmp   |      0|  0|    9|           3|           3|
    |exitcond18_fu_2613_p2             |   icmp   |      0|  0|    9|           3|           3|
    |exitcond19_fu_2597_p2             |   icmp   |      0|  0|    9|           4|           4|
    |exitcond1_fu_4089_p2              |   icmp   |      0|  0|    9|           4|           4|
    |exitcond20_fu_2559_p2             |   icmp   |      0|  0|    9|           4|           4|
    |exitcond21_fu_2542_p2             |   icmp   |      0|  0|   11|           5|           6|
    |exitcond22_fu_2071_p2             |   icmp   |      0|  0|    9|           2|           3|
    |exitcond23_fu_2043_p2             |   icmp   |      0|  0|    9|           4|           3|
    |exitcond24_fu_2003_p2             |   icmp   |      0|  0|    9|           4|           3|
    |exitcond25_fu_1971_p2             |   icmp   |      0|  0|    9|           3|           3|
    |exitcond26_fu_1863_p2             |   icmp   |      0|  0|    9|           3|           3|
    |exitcond27_fu_1817_p2             |   icmp   |      0|  0|   11|           5|           4|
    |exitcond28_fu_1805_p2             |   icmp   |      0|  0|   11|           5|           4|
    |exitcond29_fu_1625_p2             |   icmp   |      0|  0|    9|           3|           3|
    |exitcond2_fu_4052_p2              |   icmp   |      0|  0|   11|           7|           5|
    |exitcond30_fu_1565_p2             |   icmp   |      0|  0|    9|           3|           3|
    |exitcond31_fu_1549_p2             |   icmp   |      0|  0|   11|           5|           4|
    |exitcond32_fu_1533_p2             |   icmp   |      0|  0|   11|           5|           4|
    |exitcond33_fu_1506_p2             |   icmp   |      0|  0|    9|           3|           3|
    |exitcond3_fu_4002_p2              |   icmp   |      0|  0|   11|           7|           7|
    |exitcond4_fu_3937_p2              |   icmp   |      0|  0|   11|           7|           5|
    |exitcond5_fu_3802_p2              |   icmp   |      0|  0|   11|           5|           6|
    |exitcond6_fu_3748_p2              |   icmp   |      0|  0|    9|           3|           3|
    |exitcond7_fu_3710_p2              |   icmp   |      0|  0|    9|           3|           3|
    |exitcond8_fu_3692_p2              |   icmp   |      0|  0|   11|           7|           5|
    |exitcond9_fu_3232_p2              |   icmp   |      0|  0|    9|           2|           3|
    |exitcond_fu_4109_p2               |   icmp   |      0|  0|   11|           7|           7|
    |exitcond_i1_fu_2923_p2            |   icmp   |      0|  0|    9|           3|           3|
    |exitcond_i2_fu_3915_p2            |   icmp   |      0|  0|    9|           4|           2|
    |exitcond_i_fu_1726_p2             |   icmp   |      0|  0|    9|           3|           4|
    |notlhs10_fu_3493_p2               |   icmp   |      0|  0|   11|           8|           2|
    |notlhs1_fu_2459_p2                |   icmp   |      0|  0|   11|           8|           2|
    |notlhs2_fu_2477_p2                |   icmp   |      0|  0|   11|           8|           2|
    |notlhs3_fu_2326_p2                |   icmp   |      0|  0|   11|           8|           2|
    |notlhs4_fu_2344_p2                |   icmp   |      0|  0|   11|           8|           2|
    |notlhs5_fu_3076_p2                |   icmp   |      0|  0|   11|           8|           2|
    |notlhs6_fu_3971_p2                |   icmp   |      0|  0|   11|           8|           2|
    |notlhs7_fu_3594_p2                |   icmp   |      0|  0|   11|           8|           2|
    |notlhs8_fu_3612_p2                |   icmp   |      0|  0|   11|           8|           2|
    |notlhs9_fu_3475_p2                |   icmp   |      0|  0|   11|           8|           2|
    |notlhs_fu_1915_p2                 |   icmp   |      0|  0|   11|           8|           2|
    |notrhs10_fu_3499_p2               |   icmp   |      0|  0|   18|          23|           1|
    |notrhs1_fu_2465_p2                |   icmp   |      0|  0|   18|          23|           1|
    |notrhs2_fu_2483_p2                |   icmp   |      0|  0|   18|          23|           1|
    |notrhs3_fu_2332_p2                |   icmp   |      0|  0|   18|          23|           1|
    |notrhs4_fu_2350_p2                |   icmp   |      0|  0|   18|          23|           1|
    |notrhs5_fu_3082_p2                |   icmp   |      0|  0|   18|          23|           1|
    |notrhs6_fu_3977_p2                |   icmp   |      0|  0|   18|          23|           1|
    |notrhs7_fu_3600_p2                |   icmp   |      0|  0|   18|          23|           1|
    |notrhs8_fu_3618_p2                |   icmp   |      0|  0|   18|          23|           1|
    |notrhs9_fu_3481_p2                |   icmp   |      0|  0|   18|          23|           1|
    |notrhs_fu_1921_p2                 |   icmp   |      0|  0|   18|          23|           1|
    |tmp_20_fu_3118_p2                 |   icmp   |      0|  0|   13|           9|           8|
    |tmp_3_fu_1957_p2                  |   icmp   |      0|  0|   13|          11|          11|
    |tmp_164_i_i_i2_fu_3383_p2         |   lshr   |      0|  0|   73|          25|          25|
    |tmp_164_i_i_i_fu_2234_p2          |   lshr   |      0|  0|   73|          25|          25|
    |tmp_104_fu_3983_p2                |    or    |      0|  0|    2|           1|           1|
    |tmp_136_fu_3606_p2                |    or    |      0|  0|    2|           1|           1|
    |tmp_137_fu_3624_p2                |    or    |      0|  0|    2|           1|           1|
    |tmp_159_fu_3487_p2                |    or    |      0|  0|    2|           1|           1|
    |tmp_160_fu_3505_p2                |    or    |      0|  0|    2|           1|           1|
    |tmp_19_fu_2023_p2                 |    or    |      0|  0|    5|           5|           1|
    |tmp_38_fu_2471_p2                 |    or    |      0|  0|    2|           1|           1|
    |tmp_39_fu_2489_p2                 |    or    |      0|  0|    2|           1|           1|
    |tmp_61_fu_2338_p2                 |    or    |      0|  0|    2|           1|           1|
    |tmp_66_fu_2356_p2                 |    or    |      0|  0|    2|           1|           1|
    |tmp_84_fu_3186_p2                 |    or    |      0|  0|    4|           4|           1|
    |tmp_85_fu_3088_p2                 |    or    |      0|  0|    2|           1|           1|
    |tmp_s_fu_1927_p2                  |    or    |      0|  0|    2|           1|           1|
    |b_maxval_6_fu_2374_p3             |  select  |      0|  0|   14|           1|          14|
    |b_maxval_7_fu_3523_p3             |  select  |      0|  0|   12|           1|          12|
    |maxval_1_1_fu_2388_p3             |  select  |      0|  0|   32|           1|          32|
    |maxval_1_2_fu_2395_p3             |  select  |      0|  0|   32|           1|          32|
    |maxval_1_3_maxval_0_3_fu_2512_p3  |  select  |      0|  0|   32|           1|          32|
    |maxval_1_4_fu_3534_p3             |  select  |      0|  0|   32|           1|          32|
    |maxval_1_5_fu_3541_p3             |  select  |      0|  0|   32|           1|          32|
    |maxval_1_8_maxval_0_8_fu_3680_p3  |  select  |      0|  0|   32|           1|          32|
    |p_Val2_1_fu_3647_p3               |  select  |      0|  0|   32|           1|          32|
    |p_Val2_2_fu_2268_p3               |  select  |      0|  0|   32|           1|          32|
    |p_Val2_6_fu_2417_p3               |  select  |      0|  0|   32|           1|          32|
    |p_Val2_9_fu_3417_p3               |  select  |      0|  0|   32|           1|          32|
    |rowOutIdx_1_fu_1939_p3            |  select  |      0|  0|   32|           1|           1|
    |rowOutIdx_2_fu_3100_p3            |  select  |      0|  0|   32|           1|           1|
    |rowOutIdx_4_fu_3995_p3            |  select  |      0|  0|   32|           1|           1|
    |sh_assign_1_fu_2214_p3            |  select  |      0|  0|    9|           1|           9|
    |sh_assign_5_fu_3363_p3            |  select  |      0|  0|    9|           1|           9|
    |tmp_165_i_i_i2_fu_3389_p2         |    shl   |      0|  0|  243|          79|          79|
    |tmp_165_i_i_i_fu_2240_p2          |    shl   |      0|  0|  243|          79|          79|
    +----------------------------------+----------+-------+---+-----+------------+------------+
    |Total                             |          |      3|  0| 3931|        1732|        1705|
    +----------------------------------+----------+-------+---+-----+------------+------------+

    * Multiplexer: 
    +-------------------------------+-----+-----------+-----+-----------+
    |              Name             | LUT | Input Size| Bits| Total Bits|
    +-------------------------------+-----+-----------+-----+-----------+
    |ap_NS_fsm                      |  789|        181|    1|        181|
    |b_k_1_reg_1095                 |    9|          2|    3|          6|
    |b_k_2_reg_1149                 |    9|          2|    5|         10|
    |b_k_3_reg_1275                 |    9|          2|    5|         10|
    |b_k_reg_947                    |    9|          2|    3|          6|
    |b_pool2ActivationMap_address0  |   15|          3|    9|         27|
    |b_pool2ActivationMap_ce0       |   15|          3|    1|          3|
    |c_1_reg_1014                   |    9|          2|    4|          8|
    |c_2_reg_1061                   |    9|          2|    4|          8|
    |c_3_reg_1206                   |    9|          2|    3|          6|
    |c_reg_859                      |    9|          2|    5|         10|
    |colOutIdx1_reg_882             |    9|          2|    3|          6|
    |colOutIdx_1_reg_936            |    9|          2|    5|         10|
    |colOutIdx_3_reg_1084           |    9|          2|    3|          6|
    |colOutIdx_4_reg_1138           |    9|          2|    4|          8|
    |colOutIdx_6_reg_1264           |    9|          2|    3|          6|
    |colOutIdx_7_reg_1341           |    9|          2|    7|         14|
    |colOutIdx_8_reg_1387           |    9|          2|    7|         14|
    |conv1ActivationMap_address0    |   15|          3|   13|         39|
    |conv2ActivationMap_address0    |   15|          3|   11|         33|
    |d_relu3ActivationMap_address0  |   15|          3|    7|         21|
    |f_1_reg_969                    |    9|          2|    3|          6|
    |f_2_reg_1037                   |    9|          2|    5|         10|
    |f_3_reg_1171                   |    9|          2|    5|         10|
    |f_4_reg_1229                   |    9|          2|    7|         14|
    |f_reg_825                      |    9|          2|    3|          6|
    |fc1ActivationMap_address0      |   15|          3|    7|         21|
    |fv10_address0                  |   15|          3|    5|         15|
    |fv10_ce0                       |   15|          3|    1|          3|
    |fv11_address0                  |   21|          4|    3|         12|
    |fv11_ce0                       |   15|          3|    1|          3|
    |fv11_we0                       |    9|          2|    1|          2|
    |fv12_address0                  |   15|          3|    8|         24|
    |fv12_ce0                       |   15|          3|    1|          3|
    |fv13_address0                  |   15|          3|    5|         15|
    |fv13_ce0                       |   15|          3|    1|          3|
    |fv13_we0                       |    9|          2|    1|          2|
    |fv14_address0                  |   21|          4|    3|         12|
    |fv14_ce0                       |   15|          3|    1|          3|
    |fv14_we0                       |    9|          2|    1|          2|
    |fv15_address0                  |   15|          3|    7|         21|
    |fv15_ce0                       |   15|          3|    1|          3|
    |fv15_we0                       |    9|          2|    1|          2|
    |fv16_address0                  |   21|          4|    4|         16|
    |fv16_ce0                       |   15|          3|    1|          3|
    |fv16_we0                       |    9|          2|    1|          2|
    |grp_fu_1428_p0                 |   47|         10|   32|        320|
    |grp_fu_1428_p1                 |   50|         11|   32|        352|
    |grp_fu_1442_p0                 |   33|          6|   32|        192|
    |grp_fu_1442_p1                 |   33|          6|   32|        192|
    |grp_fu_1450_p0                 |   41|          8|   32|        256|
    |grp_fu_1450_p1                 |   33|          6|   32|        192|
    |invdar1_reg_1160               |    9|          2|    9|         18|
    |invdar_reg_958                 |    9|          2|   11|         22|
    |j_1_reg_1218                   |    9|          2|    2|          4|
    |j_reg_1026                     |    9|          2|    2|          4|
    |k4_reg_871                     |    9|          2|    3|          6|
    |k_1_reg_914                    |    9|          2|    5|         10|
    |k_2_reg_1073                   |    9|          2|    3|          6|
    |k_3_reg_1127                   |    9|          2|    4|          8|
    |k_4_reg_1241                   |    9|          2|    3|          6|
    |k_5_reg_1307                   |    9|          2|    7|         14|
    |k_6_reg_1318                   |    9|          2|    7|         14|
    |k_7_reg_1352                   |    9|          2|    4|          8|
    |k_i1_reg_1116                  |    9|          2|    3|          6|
    |k_i2_reg_1296                  |    9|          2|    4|          8|
    |k_i_reg_903                    |    9|          2|    3|          6|
    |maxval_1_6_fu_344              |    9|          2|   32|         64|
    |maxval_1_7_fu_348              |    9|          2|   32|         64|
    |phi_mul2_reg_925               |    9|          2|   13|         26|
    |phi_mul4_reg_1003              |    9|          2|   13|         26|
    |phi_mul6_reg_1252              |    9|          2|   16|         32|
    |phi_mul8_reg_1363              |    9|          2|   10|         20|
    |phi_mul_reg_848                |    9|          2|   13|         26|
    |pool1ActivationMap_address0    |   21|          4|   11|         44|
    |pool1ActivationMap_d0          |   15|          3|   32|         96|
    |pool2ActivationMap_address0    |   21|          4|    9|         36|
    |pool2ActivationMap_d0          |   15|          3|   32|         96|
    |r_1_reg_992                    |    9|          2|    4|          8|
    |r_2_reg_1049                   |    9|          2|    4|          8|
    |r_3_reg_1194                   |    9|          2|    3|          6|
    |r_reg_836                      |    9|          2|    5|         10|
    |relu1ActivationMap_address0    |   15|          3|   13|         39|
    |relu1ActivationMap_address1    |   15|          3|   13|         39|
    |relu2ActivationMap_address0    |   15|          3|   11|         33|
    |relu2ActivationMap_address1    |   15|          3|   11|         33|
    |relu3ActivationMap_address0    |   15|          3|    7|         21|
    |tmp_111_reg_1375               |    9|          2|   32|         64|
    |tmp_95_reg_1329                |    9|          2|   32|         64|
    |x_assign_5_reg_1182            |    9|          2|   32|         64|
    |x_assign_reg_980               |    9|          2|   32|         64|
    |y1_i_reg_1286                  |    9|          2|   32|         64|
    |y3_i_reg_1106                  |    9|          2|   32|         64|
    |y5_i_reg_893                   |    9|          2|   32|         64|
    +-------------------------------+-----+-----------+-----+-----------+
    |Total                          | 2013|        436|  953|       3464|
    +-------------------------------+-----+-----------+-----+-----------+

    * Register: 
    +---------------------------------+-----+----+-----+-----------+
    |               Name              |  FF | LUT| Bits| Const Bits|
    +---------------------------------+-----+----+-----+-----------+
    |ap_CS_fsm                        |  180|   0|  180|          0|
    |b_k_1_reg_1095                   |    3|   0|    3|          0|
    |b_k_2_reg_1149                   |    5|   0|    5|          0|
    |b_k_3_reg_1275                   |    5|   0|    5|          0|
    |b_k_4_reg_4339                   |    3|   0|    3|          0|
    |b_k_5_cast_reg_4457              |    4|   0|    8|          4|
    |b_k_6_reg_4731                   |    5|   0|    5|          0|
    |b_k_7_reg_4972                   |    5|   0|    5|          0|
    |b_k_8_reg_4644                   |    3|   0|    3|          0|
    |b_k_reg_947                      |    3|   0|    3|          0|
    |b_maxval_1_reg_4520              |   32|   0|   32|          0|
    |b_maxval_3_reg_4893              |   32|   0|   32|          0|
    |b_maxval_4_reg_4899              |   32|   0|   32|          0|
    |b_maxval_6_reg_4526              |   14|   0|   14|          0|
    |b_maxval_7_reg_4905              |   12|   0|   12|          0|
    |b_maxval_reg_4514                |   32|   0|   32|          0|
    |biasConv1_load_reg_4165          |   32|   0|   32|          0|
    |biasConv2_load_reg_4569          |   32|   0|   32|          0|
    |biasFC1_load_reg_5045            |   32|   0|   32|          0|
    |biasFC2_load_reg_5132            |   32|   0|   32|          0|
    |biasFC3_load_reg_5189            |   32|   0|   32|          0|
    |c_1_reg_1014                     |    4|   0|    4|          0|
    |c_2_reg_1061                     |    4|   0|    4|          0|
    |c_3_reg_1206                     |    3|   0|    3|          0|
    |c_4_reg_4196                     |    5|   0|    5|          0|
    |c_5_reg_4590                     |    4|   0|    4|          0|
    |c_cast1_reg_4188                 |    5|   0|   10|          5|
    |c_reg_859                        |    5|   0|    5|          0|
    |colOutIdx1_reg_882               |    3|   0|    3|          0|
    |colOutIdx_10_reg_4621            |    3|   0|    3|          0|
    |colOutIdx_13_reg_5102            |    7|   0|    7|          0|
    |colOutIdx_14_reg_5159            |    7|   0|    7|          0|
    |colOutIdx_15_reg_4452            |    4|   0|    4|          0|
    |colOutIdx_16_reg_4836            |    3|   0|    3|          0|
    |colOutIdx_1_reg_936              |    5|   0|    5|          0|
    |colOutIdx_2_reg_4232             |    3|   0|    3|          0|
    |colOutIdx_3_reg_1084             |    3|   0|    3|          0|
    |colOutIdx_4_reg_1138             |    4|   0|    4|          0|
    |colOutIdx_5_reg_4718             |    4|   0|    4|          0|
    |colOutIdx_6_reg_1264             |    3|   0|    3|          0|
    |colOutIdx_7_reg_1341             |    7|   0|    7|          0|
    |colOutIdx_8_reg_1387             |    7|   0|    7|          0|
    |colOutIdx_9_reg_4954             |    3|   0|    3|          0|
    |colOutIdx_reg_4326               |    5|   0|    5|          0|
    |d_relu3ActivationMap_3_reg_5179  |   32|   0|   32|          0|
    |f_1_cast_reg_4396                |    3|   0|    9|          6|
    |f_1_reg_969                      |    3|   0|    3|          0|
    |f_2_cast_reg_4551                |    5|   0|    8|          3|
    |f_2_reg_1037                     |    5|   0|    5|          0|
    |f_3_cast_reg_4780                |    5|   0|    8|          3|
    |f_3_reg_1171                     |    5|   0|    5|          0|
    |f_4_reg_1229                     |    7|   0|    7|          0|
    |f_5_reg_4155                     |    3|   0|    3|          0|
    |f_6_reg_4404                     |    3|   0|    3|          0|
    |f_7_reg_4559                     |    5|   0|    5|          0|
    |f_8_reg_4788                     |    5|   0|    5|          0|
    |f_9_reg_4928                     |    7|   0|    7|          0|
    |f_cast1_reg_4147                 |    3|   0|    9|          6|
    |f_cast_reg_4142                  |    3|   0|   14|         11|
    |f_reg_825                        |    3|   0|    3|          0|
    |fv11_load_reg_4300               |   32|   0|   32|          0|
    |fv14_load_reg_4697               |   32|   0|   32|          0|
    |fv16_load_reg_5040               |   32|   0|   32|          0|
    |grp_c_sum_fu_1398_ap_start_reg   |    1|   0|    1|          0|
    |grp_d_sum_fu_1410_ap_start_reg   |    1|   0|    1|          0|
    |grp_f_sum_fu_1404_ap_start_reg   |    1|   0|    1|          0|
    |grp_g_sum_fu_1416_ap_start_reg   |    1|   0|    1|          0|
    |grp_sum_fu_1422_ap_start_reg     |    1|   0|    1|          0|
    |inputImg_load_reg_4252           |    8|   0|    8|          0|
    |invdar1_reg_1160                 |    9|   0|    9|          0|
    |invdar_reg_958                   |   11|   0|   11|          0|
    |j_1_reg_1218                     |    2|   0|    2|          0|
    |j_2_reg_4471                     |    2|   0|    2|          0|
    |j_3_reg_4844                     |    2|   0|    2|          0|
    |j_reg_1026                       |    2|   0|    2|          0|
    |k4_cast2_reg_4201                |    3|   0|    5|          2|
    |k4_reg_871                       |    3|   0|    3|          0|
    |k_10_reg_4285                    |    3|   0|    3|          0|
    |k_11_reg_4705                    |    4|   0|    4|          0|
    |k_13_reg_4941                    |    3|   0|    3|          0|
    |k_14_reg_4598                    |    3|   0|    3|          0|
    |k_15_reg_5020                    |    4|   0|    4|          0|
    |k_16_reg_5145                    |    4|   0|    4|          0|
    |k_1_reg_914                      |    5|   0|    5|          0|
    |k_20_reg_4682                    |    3|   0|    3|          0|
    |k_21_reg_5053                    |    7|   0|    7|          0|
    |k_22_reg_5083                    |    7|   0|    7|          0|
    |k_2_reg_1073                     |    3|   0|    3|          0|
    |k_3_reg_1127                     |    4|   0|    4|          0|
    |k_4_reg_1241                     |    3|   0|    3|          0|
    |k_5_reg_1307                     |    7|   0|    7|          0|
    |k_6_reg_1318                     |    7|   0|    7|          0|
    |k_7_reg_1352                     |    4|   0|    4|          0|
    |k_9_reg_4209                     |    3|   0|    3|          0|
    |k_i1_reg_1116                    |    3|   0|    3|          0|
    |k_i2_reg_1296                    |    4|   0|    4|          0|
    |k_i_reg_903                      |    3|   0|    3|          0|
    |k_reg_4318                       |    5|   0|    5|          0|
    |maxval_1_3_fu_340                |   32|   0|   32|          0|
    |maxval_1_3_load_reg_4391         |   32|   0|   32|          0|
    |maxval_1_3_maxval_0_3_reg_4546   |   32|   0|   32|          0|
    |maxval_1_6_fu_344                |   32|   0|   32|          0|
    |maxval_1_7_fu_348                |   32|   0|   32|          0|
    |maxval_1_8_maxval_0_8_reg_4920   |   32|   0|   32|          0|
    |maxval_1_fu_336                  |   32|   0|   32|          0|
    |maxval_1_load_reg_4386           |   32|   0|   32|          0|
    |next_mul3_reg_4310               |   13|   0|   13|          0|
    |next_mul5_reg_4424               |   13|   0|   13|          0|
    |next_mul7_reg_4933               |   16|   0|   16|          0|
    |next_mul9_reg_5137               |   10|   0|   10|          0|
    |next_mul_reg_4175                |   13|   0|   13|          0|
    |p_Val2_2_reg_4498                |   32|   0|   32|          0|
    |p_Val2_6_reg_4536                |   32|   0|   32|          0|
    |p_Val2_9_reg_4872                |   32|   0|   32|          0|
    |p_Val2_s_41_reg_4826             |   32|   0|   32|          0|
    |p_Val2_s_reg_4442                |   32|   0|   32|          0|
    |p_shl35_cast_reg_4811            |    3|   0|   11|          8|
    |p_shl36_cast_reg_4816            |    3|   0|   12|          9|
    |p_shl37_cast_reg_4821            |    3|   0|   12|          9|
    |p_shl6_reg_4219                  |    3|   0|    5|          2|
    |phi_mul2_cast_reg_4305           |   13|   0|   14|          1|
    |phi_mul2_reg_925                 |   13|   0|   13|          0|
    |phi_mul4_cast_reg_4419           |   13|   0|   14|          1|
    |phi_mul4_reg_1003                |   13|   0|   13|          0|
    |phi_mul6_reg_1252                |   16|   0|   16|          0|
    |phi_mul8_reg_1363                |   10|   0|   10|          0|
    |phi_mul_cast_reg_4170            |   13|   0|   14|          1|
    |phi_mul_reg_848                  |   13|   0|   13|          0|
    |pool1ActivationMap_l_reg_4664    |   32|   0|   32|          0|
    |pool2ActivationMap_l_reg_5002    |   32|   0|   32|          0|
    |r_1_reg_992                      |    4|   0|    4|          0|
    |r_2_reg_1049                     |    4|   0|    4|          0|
    |r_3_reg_1194                     |    3|   0|    3|          0|
    |r_4_reg_4183                     |    5|   0|    5|          0|
    |r_5_reg_4432                     |    4|   0|    4|          0|
    |r_6_reg_4577                     |    4|   0|    4|          0|
    |r_7_reg_4806                     |    3|   0|    3|          0|
    |r_reg_836                        |    5|   0|    5|          0|
    |reg_1482                         |   32|   0|   32|          0|
    |reg_1491                         |   32|   0|   32|          0|
    |relu3ActivationMap_l_reg_5122    |   32|   0|   32|          0|
    |rowOutIdx_1_reg_4361             |   32|   0|   32|          0|
    |rowOutIdx_2_reg_4753             |   32|   0|   32|          0|
    |rowOutIdx_4_reg_5075             |   32|   0|   32|          0|
    |rowOutIdx_5_reg_4746             |   32|   0|   32|          0|
    |rowOutIdx_6_reg_5068             |   32|   0|   32|          0|
    |rowOutIdx_reg_4354               |   32|   0|   32|          0|
    |tmp13_reg_4582                   |    6|   0|   11|          5|
    |tmp20_reg_4878                   |    8|   0|    8|          0|
    |tmp23_reg_4946                   |    5|   0|    9|          4|
    |tmp8_reg_4710                    |    6|   0|   11|          5|
    |tmp_101_reg_4654                 |    9|   0|    9|          0|
    |tmp_109_reg_4964                 |    8|   0|   15|          7|
    |tmp_111_reg_1375                 |   32|   0|   32|          0|
    |tmp_121_reg_4855                 |   11|   0|   11|          0|
    |tmp_131_reg_4861                 |   12|   0|   12|          0|
    |tmp_139_reg_4915                 |   32|   0|   32|          0|
    |tmp_143_reg_4867                 |    1|   0|    1|          0|
    |tmp_147_reg_4977                 |    9|   0|    9|          0|
    |tmp_148_reg_4987                 |    9|   0|   64|         55|
    |tmp_14_reg_4295                  |   14|   0|   14|          0|
    |tmp_151_reg_4982                 |   17|   0|   17|          0|
    |tmp_165_reg_4849                 |    1|   0|    1|          0|
    |tmp_17_reg_4214                  |    5|   0|    5|          0|
    |tmp_18_reg_4224                  |    8|   0|    9|          1|
    |tmp_21_reg_4437                  |   11|   0|   14|          3|
    |tmp_24_reg_4242                  |    5|   0|    5|          0|
    |tmp_27_reg_4247                  |    9|   0|    9|          0|
    |tmp_30_reg_4272                  |   32|   0|   32|          0|
    |tmp_32_reg_4462                  |    1|   0|    1|          0|
    |tmp_33_reg_4723                  |    4|   0|    8|          4|
    |tmp_45_reg_4476                  |   14|   0|   14|          0|
    |tmp_47_reg_4488                  |    7|   0|    8|          1|
    |tmp_48_reg_4793                  |    8|   0|    8|          0|
    |tmp_49_reg_5058                  |    7|   0|   64|         57|
    |tmp_4_reg_4331                   |    8|   0|    9|          1|
    |tmp_50_reg_4493                  |    1|   0|    1|          0|
    |tmp_51_reg_4482                  |   14|   0|   14|          0|
    |tmp_52_reg_5030                  |    7|   0|   64|         57|
    |tmp_5_cast_reg_4409              |   32|   0|   32|          0|
    |tmp_60_reg_4541                  |   32|   0|   32|          0|
    |tmp_72_reg_4736                  |   11|   0|   64|         53|
    |tmp_75_reg_4603                  |   10|   0|   12|          2|
    |tmp_76_reg_4608                  |    8|   0|    9|          1|
    |tmp_79_reg_4613                  |    8|   0|   13|          5|
    |tmp_80_reg_4692                  |   11|   0|   11|          0|
    |tmp_87_reg_4626                  |    7|   0|    8|          1|
    |tmp_88_reg_4631                  |    6|   0|    7|          1|
    |tmp_89_reg_4636                  |    6|   0|   11|          5|
    |tmp_8_reg_4344                   |   32|   0|   64|         32|
    |tmp_91_reg_5088                  |    7|   0|   64|         57|
    |tmp_92_reg_5094                  |   12|   0|   15|          3|
    |tmp_93_reg_5150                  |    4|   0|   64|         60|
    |tmp_95_reg_1329                  |   32|   0|   32|          0|
    |tmp_96_reg_4959                  |    3|   0|    7|          4|
    |weightsConv1_load_reg_4267       |   32|   0|   32|          0|
    |weightsConv2_load_reg_4669       |   32|   0|   32|          0|
    |weightsFC1_load_reg_5007         |   32|   0|   32|          0|
    |weightsFC2_load_reg_5127         |   32|   0|   32|          0|
    |weightsFC3_load_reg_5184         |   32|   0|   32|          0|
    |x_assign_5_reg_1182              |   32|   0|   32|          0|
    |x_assign_reg_980                 |   32|   0|   32|          0|
    |y1_i_reg_1286                    |   32|   0|   32|          0|
    |y3_i_reg_1106                    |   32|   0|   32|          0|
    |y5_i_reg_893                     |   32|   0|   32|          0|
    +---------------------------------+-----+----+-----+-----------+
    |Total                            | 2803|   0| 3298|        495|
    +---------------------------------+-----+----+-----+-----------+



================================================================
== Interface
================================================================
* Summary: 
+--------------------+-----+-----+------------+------------------+--------------+
|      RTL Ports     | Dir | Bits|  Protocol  |   Source Object  |    C Type    |
+--------------------+-----+-----+------------+------------------+--------------+
|ap_clk              |  in |    1| ap_ctrl_hs | lenetSynthMatlab | return value |
|ap_rst              |  in |    1| ap_ctrl_hs | lenetSynthMatlab | return value |
|ap_start            |  in |    1| ap_ctrl_hs | lenetSynthMatlab | return value |
|ap_done             | out |    1| ap_ctrl_hs | lenetSynthMatlab | return value |
|ap_idle             | out |    1| ap_ctrl_hs | lenetSynthMatlab | return value |
|ap_ready            | out |    1| ap_ctrl_hs | lenetSynthMatlab | return value |
|inputImg_address0   | out |   10|  ap_memory |     inputImg     |     array    |
|inputImg_ce0        | out |    1|  ap_memory |     inputImg     |     array    |
|inputImg_q0         |  in |    8|  ap_memory |     inputImg     |     array    |
|netScores_address0  | out |    4|  ap_memory |     netScores    |     array    |
|netScores_ce0       | out |    1|  ap_memory |     netScores    |     array    |
|netScores_we0       | out |    1|  ap_memory |     netScores    |     array    |
|netScores_d0        | out |   32|  ap_memory |     netScores    |     array    |
+--------------------+-----+-----+------------+------------------+--------------+

