

================================================================
== Vivado HLS Report for 'g_sum'
================================================================
* Date:           Sat Dec  8 21:20:56 2018

* Version:        2018.2 (Build 2258646 on Thu Jun 14 20:25:20 MDT 2018)
* Project:        hlsProject
* Solution:       solution1
* Product family: artix7
* Target device:  xc7a100tcsg324-1


================================================================
== Performance Estimates
================================================================
+ Timing (ns): 
    * Summary: 
    +--------+-------+----------+------------+
    |  Clock | Target| Estimated| Uncertainty|
    +--------+-------+----------+------------+
    |ap_clk  |  10.00|     8.263|        1.25|
    +--------+-------+----------+------------+

+ Latency (clock cycles): 
    * Summary: 
    +-----+-----+-----+-----+---------+
    |  Latency  |  Interval | Pipeline|
    | min | max | min | max |   Type  |
    +-----+-----+-----+-----+---------+
    |  554|  554|  554|  554|   none  |
    +-----+-----+-----+-----+---------+

    + Detail: 
        * Instance: 
        N/A

        * Loop: 
        +-------------+-----+-----+----------+-----------+-----------+------+----------+
        |             |  Latency  | Iteration|  Initiation Interval  | Trip |          |
        |  Loop Name  | min | max |  Latency |  achieved |   target  | Count| Pipelined|
        +-------------+-----+-----+----------+-----------+-----------+------+----------+
        |- Loop 1     |   32|   32|         2|          -|          -|    16|    no    |
        |- Loop 2     |  520|  520|       130|          -|          -|     4|    no    |
        | + Loop 2.1  |  128|  128|         8|          -|          -|    16|    no    |
        +-------------+-----+-----+----------+-----------+-----------+------+----------+



================================================================
== Utilization Estimates
================================================================
* Summary: 
+-----------------+---------+-------+--------+-------+
|       Name      | BRAM_18K| DSP48E|   FF   |  LUT  |
+-----------------+---------+-------+--------+-------+
|DSP              |        -|      -|       -|      -|
|Expression       |        -|      -|       0|     94|
|FIFO             |        -|      -|       -|      -|
|Instance         |        -|      2|     205|    205|
|Memory           |        -|      -|       -|      -|
|Multiplexer      |        -|      -|       -|    134|
|Register         |        -|      -|     145|      -|
+-----------------+---------+-------+--------+-------+
|Total            |        0|      2|     350|    433|
+-----------------+---------+-------+--------+-------+
|Available        |      270|    240|  126800|  63400|
+-----------------+---------+-------+--------+-------+
|Utilization (%)  |        0|   ~0  |   ~0   |   ~0  |
+-----------------+---------+-------+--------+-------+

+ Detail: 
    * Instance: 
    +--------------------------+----------------------+---------+-------+-----+-----+
    |         Instance         |        Module        | BRAM_18K| DSP48E|  FF | LUT |
    +--------------------------+----------------------+---------+-------+-----+-----+
    |lenetSynthMatlab_bkb_U14  |lenetSynthMatlab_bkb  |        0|      2|  205|  205|
    +--------------------------+----------------------+---------+-------+-----+-----+
    |Total                     |                      |        0|      2|  205|  205|
    +--------------------------+----------------------+---------+-------+-----+-----+

    * DSP48: 
    N/A

    * Memory: 
    N/A

    * FIFO: 
    N/A

    * Expression: 
    +---------------------+----------+-------+---+----+------------+------------+
    |    Variable Name    | Operation| DSP48E| FF| LUT| Bitwidth P0| Bitwidth P1|
    +---------------------+----------+-------+---+----+------------+------------+
    |b_k_9_fu_159_p2      |     +    |      0|  0|  15|           5|           1|
    |k_23_fu_114_p2       |     +    |      0|  0|  15|           5|           1|
    |k_24_fu_131_p2       |     +    |      0|  0|  12|           3|           1|
    |tmp_133_fu_175_p2    |     +    |      0|  0|  15|           7|           7|
    |exitcond1_fu_125_p2  |   icmp   |      0|  0|   9|           3|           4|
    |exitcond2_fu_108_p2  |   icmp   |      0|  0|  11|           5|           6|
    |exitcond_fu_153_p2   |   icmp   |      0|  0|  11|           5|           6|
    |tmp1_fu_165_p2       |    xor   |      0|  0|   6|           5|           6|
    +---------------------+----------+-------+---+----+------------+------------+
    |Total                |          |      0|  0|  94|          38|          32|
    +---------------------+----------+-------+---+----+------------+------------+

    * Multiplexer: 
    +------------+----+-----------+-----+-----------+
    |    Name    | LUT| Input Size| Bits| Total Bits|
    +------------+----+-----------+-----+-----------+
    |ap_NS_fsm   |  56|         13|    1|         13|
    |b_k_reg_93  |   9|          2|    5|         10|
    |k_1_reg_82  |   9|          2|    3|          6|
    |k_reg_71    |   9|          2|    5|         10|
    |x_address0  |  15|          3|    7|         21|
    |y_address0  |  21|          4|    4|         16|
    |y_d0        |  15|          3|   32|         96|
    +------------+----+-----------+-----+-----------+
    |Total       | 134|         29|   57|        172|
    +------------+----+-----------+-----+-----------+

    * Register: 
    +------------------+----+----+-----+-----------+
    |       Name       | FF | LUT| Bits| Const Bits|
    +------------------+----+----+-----+-----------+
    |ap_CS_fsm         |  12|   0|   12|          0|
    |b_k_9_reg_224     |   5|   0|    5|          0|
    |b_k_reg_93        |   5|   0|    5|          0|
    |k_1_reg_82        |   3|   0|    3|          0|
    |k_23_reg_193      |   5|   0|    5|          0|
    |k_24_reg_211      |   3|   0|    3|          0|
    |k_reg_71          |   5|   0|    5|          0|
    |tmp_136_reg_249   |  32|   0|   32|          0|
    |tmp_cast_reg_216  |   2|   0|    7|          5|
    |tmp_reg_198       |   5|   0|   64|         59|
    |x_load_2_reg_239  |  32|   0|   32|          0|
    |y_addr_2_reg_234  |   4|   0|    4|          0|
    |y_load_reg_244    |  32|   0|   32|          0|
    +------------------+----+----+-----+-----------+
    |Total             | 145|   0|  209|         64|
    +------------------+----+----+-----+-----------+



================================================================
== Interface
================================================================
* Summary: 
+------------+-----+-----+------------+--------------+--------------+
|  RTL Ports | Dir | Bits|  Protocol  | Source Object|    C Type    |
+------------+-----+-----+------------+--------------+--------------+
|ap_clk      |  in |    1| ap_ctrl_hs |     g_sum    | return value |
|ap_rst      |  in |    1| ap_ctrl_hs |     g_sum    | return value |
|ap_start    |  in |    1| ap_ctrl_hs |     g_sum    | return value |
|ap_done     | out |    1| ap_ctrl_hs |     g_sum    | return value |
|ap_idle     | out |    1| ap_ctrl_hs |     g_sum    | return value |
|ap_ready    | out |    1| ap_ctrl_hs |     g_sum    | return value |
|x_address0  | out |    7|  ap_memory |       x      |     array    |
|x_ce0       | out |    1|  ap_memory |       x      |     array    |
|x_q0        |  in |   32|  ap_memory |       x      |     array    |
|y_address0  | out |    4|  ap_memory |       y      |     array    |
|y_ce0       | out |    1|  ap_memory |       y      |     array    |
|y_we0       | out |    1|  ap_memory |       y      |     array    |
|y_d0        | out |   32|  ap_memory |       y      |     array    |
|y_q0        |  in |   32|  ap_memory |       y      |     array    |
+------------+-----+-----+------------+--------------+--------------+

