Copyright 1986-2018 Xilinx, Inc. All Rights Reserved.
-------------------------------------------------------------------------------------------------
| Tool Version : Vivado v.2018.2 (lin64) Build 2258646 Thu Jun 14 20:02:38 MDT 2018
| Date         : Mon Dec 10 15:26:18 2018
| Host         : Neuromancer running 64-bit Ubuntu 18.04.1 LTS
| Command      : report_utilization -file ./report/lenetSynthMatlab_fixpt_utilization_routed.rpt
| Design       : lenetSynthMatlab_fixpt
| Device       : 7a100tcsg324-1
| Design State : Fully Placed
-------------------------------------------------------------------------------------------------

Utilization Design Information

Table of Contents
-----------------
1. Slice Logic
1.1 Summary of Registers by Type
2. Slice Logic Distribution
3. Memory
4. DSP
5. IO and GT Specific
6. Clocking
7. Specific Feature
8. Primitives
9. Black Boxes
10. Instantiated Netlists

1. Slice Logic
--------------

+----------------------------+------+-------+-----------+-------+
|          Site Type         | Used | Fixed | Available | Util% |
+----------------------------+------+-------+-----------+-------+
| Slice LUTs                 | 1607 |     0 |     63400 |  2.53 |
|   LUT as Logic             | 1595 |     0 |     63400 |  2.52 |
|   LUT as Memory            |   12 |     0 |     19000 |  0.06 |
|     LUT as Distributed RAM |    1 |     0 |           |       |
|     LUT as Shift Register  |   11 |     0 |           |       |
| Slice Registers            | 1561 |     0 |    126800 |  1.23 |
|   Register as Flip Flop    | 1561 |     0 |    126800 |  1.23 |
|   Register as Latch        |    0 |     0 |    126800 |  0.00 |
| F7 Muxes                   |    1 |     0 |     31700 | <0.01 |
| F8 Muxes                   |    0 |     0 |     15850 |  0.00 |
+----------------------------+------+-------+-----------+-------+


1.1 Summary of Registers by Type
--------------------------------

+-------+--------------+-------------+--------------+
| Total | Clock Enable | Synchronous | Asynchronous |
+-------+--------------+-------------+--------------+
| 0     |            _ |           - |            - |
| 0     |            _ |           - |          Set |
| 0     |            _ |           - |        Reset |
| 0     |            _ |         Set |            - |
| 0     |            _ |       Reset |            - |
| 0     |          Yes |           - |            - |
| 0     |          Yes |           - |          Set |
| 0     |          Yes |           - |        Reset |
| 49    |          Yes |         Set |            - |
| 1512  |          Yes |       Reset |            - |
+-------+--------------+-------------+--------------+


2. Slice Logic Distribution
---------------------------

+-------------------------------------------+------+-------+-----------+-------+
|                 Site Type                 | Used | Fixed | Available | Util% |
+-------------------------------------------+------+-------+-----------+-------+
| Slice                                     |  655 |     0 |     15850 |  4.13 |
|   SLICEL                                  |  483 |     0 |           |       |
|   SLICEM                                  |  172 |     0 |           |       |
| LUT as Logic                              | 1595 |     0 |     63400 |  2.52 |
|   using O5 output only                    |    2 |       |           |       |
|   using O6 output only                    | 1171 |       |           |       |
|   using O5 and O6                         |  422 |       |           |       |
| LUT as Memory                             |   12 |     0 |     19000 |  0.06 |
|   LUT as Distributed RAM                  |    1 |     0 |           |       |
|     using O5 output only                  |    0 |       |           |       |
|     using O6 output only                  |    1 |       |           |       |
|     using O5 and O6                       |    0 |       |           |       |
|   LUT as Shift Register                   |   11 |     0 |           |       |
|     using O5 output only                  |   11 |       |           |       |
|     using O6 output only                  |    0 |       |           |       |
|     using O5 and O6                       |    0 |       |           |       |
| LUT Flip Flop Pairs                       |  702 |     0 |     63400 |  1.11 |
|   fully used LUT-FF pairs                 |  138 |       |           |       |
|   LUT-FF pairs with one unused LUT output |  526 |       |           |       |
|   LUT-FF pairs with one unused Flip Flop  |  509 |       |           |       |
| Unique Control Sets                       |  108 |       |           |       |
+-------------------------------------------+------+-------+-----------+-------+
* Note: Review the Control Sets Report for more information regarding control sets.


3. Memory
---------

+----------------+------+-------+-----------+-------+
|    Site Type   | Used | Fixed | Available | Util% |
+----------------+------+-------+-----------+-------+
| Block RAM Tile |    0 |     0 |       135 |  0.00 |
|   RAMB36/FIFO* |    0 |     0 |       135 |  0.00 |
|   RAMB18       |    0 |     0 |       270 |  0.00 |
+----------------+------+-------+-----------+-------+
* Note: Each Block RAM Tile only has one FIFO logic available and therefore can accommodate only one FIFO36E1 or one FIFO18E1. However, if a FIFO18E1 occupies a Block RAM Tile, that tile can still accommodate a RAMB18E1


4. DSP
------

+----------------+------+-------+-----------+-------+
|    Site Type   | Used | Fixed | Available | Util% |
+----------------+------+-------+-----------+-------+
| DSPs           |    2 |     0 |       240 |  0.83 |
|   DSP48E1 only |    2 |       |           |       |
+----------------+------+-------+-----------+-------+


5. IO and GT Specific
---------------------

+-----------------------------+------+-------+-----------+-------+
|          Site Type          | Used | Fixed | Available | Util% |
+-----------------------------+------+-------+-----------+-------+
| Bonded IOB                  |    0 |     0 |       210 |  0.00 |
| Bonded IPADs                |    0 |     0 |         2 |  0.00 |
| PHY_CONTROL                 |    0 |     0 |         6 |  0.00 |
| PHASER_REF                  |    0 |     0 |         6 |  0.00 |
| OUT_FIFO                    |    0 |     0 |        24 |  0.00 |
| IN_FIFO                     |    0 |     0 |        24 |  0.00 |
| IDELAYCTRL                  |    0 |     0 |         6 |  0.00 |
| IBUFDS                      |    0 |     0 |       202 |  0.00 |
| PHASER_OUT/PHASER_OUT_PHY   |    0 |     0 |        24 |  0.00 |
| PHASER_IN/PHASER_IN_PHY     |    0 |     0 |        24 |  0.00 |
| IDELAYE2/IDELAYE2_FINEDELAY |    0 |     0 |       300 |  0.00 |
| ILOGIC                      |    0 |     0 |       210 |  0.00 |
| OLOGIC                      |    0 |     0 |       210 |  0.00 |
+-----------------------------+------+-------+-----------+-------+


6. Clocking
-----------

+------------+------+-------+-----------+-------+
|  Site Type | Used | Fixed | Available | Util% |
+------------+------+-------+-----------+-------+
| BUFGCTRL   |    0 |     0 |        32 |  0.00 |
| BUFIO      |    0 |     0 |        24 |  0.00 |
| MMCME2_ADV |    0 |     0 |         6 |  0.00 |
| PLLE2_ADV  |    0 |     0 |         6 |  0.00 |
| BUFMRCE    |    0 |     0 |        12 |  0.00 |
| BUFHCE     |    0 |     0 |        96 |  0.00 |
| BUFR       |    0 |     0 |        24 |  0.00 |
+------------+------+-------+-----------+-------+


7. Specific Feature
-------------------

+-------------+------+-------+-----------+-------+
|  Site Type  | Used | Fixed | Available | Util% |
+-------------+------+-------+-----------+-------+
| BSCANE2     |    0 |     0 |         4 |  0.00 |
| CAPTUREE2   |    0 |     0 |         1 |  0.00 |
| DNA_PORT    |    0 |     0 |         1 |  0.00 |
| EFUSE_USR   |    0 |     0 |         1 |  0.00 |
| FRAME_ECCE2 |    0 |     0 |         1 |  0.00 |
| ICAPE2      |    0 |     0 |         2 |  0.00 |
| PCIE_2_1    |    0 |     0 |         1 |  0.00 |
| STARTUPE2   |    0 |     0 |         1 |  0.00 |
| XADC        |    0 |     0 |         1 |  0.00 |
+-------------+------+-------+-----------+-------+


8. Primitives
-------------

+----------+------+---------------------+
| Ref Name | Used | Functional Category |
+----------+------+---------------------+
| FDRE     | 1512 |        Flop & Latch |
| LUT2     |  577 |                 LUT |
| LUT3     |  317 |                 LUT |
| LUT1     |  303 |                 LUT |
| LUT6     |  285 |                 LUT |
| LUT4     |  281 |                 LUT |
| LUT5     |  254 |                 LUT |
| CARRY4   |  251 |          CarryLogic |
| FDSE     |   49 |        Flop & Latch |
| SRL16E   |   11 |  Distributed Memory |
| DSP48E1  |    2 |    Block Arithmetic |
| RAMS32   |    1 |  Distributed Memory |
| MUXF7    |    1 |               MuxFx |
+----------+------+---------------------+


9. Black Boxes
--------------

+----------+------+
| Ref Name | Used |
+----------+------+


10. Instantiated Netlists
-------------------------

+----------+------+
| Ref Name | Used |
+----------+------+


