

================================================================
== Vivado HLS Report for 'lenetSynthMatlab'
================================================================
* Date:           Tue Dec 11 22:56:10 2018

* Version:        2018.2 (Build 2258646 on Thu Jun 14 20:25:20 MDT 2018)
* Project:        hls8BitFloatMod
* Solution:       solution1
* Product family: artix7
* Target device:  xc7a100tcsg324-1


================================================================
== Performance Estimates
================================================================
+ Timing (ns): 
    * Summary: 
    +--------+--------+----------+------------+
    |  Clock | Target | Estimated| Uncertainty|
    +--------+--------+----------+------------+
    |ap_clk  |  100.00|    44.129|       12.50|
    +--------+--------+----------+------------+

+ Latency (clock cycles): 
    * Summary: 
    +---------+---------+---------+---------+---------+
    |      Latency      |      Interval     | Pipeline|
    |   min   |   max   |   min   |   max   |   Type  |
    +---------+---------+---------+---------+---------+
    |  2206718|  2206718|  2206718|  2206718|   none  |
    +---------+---------+---------+---------+---------+

    + Detail: 
        * Instance: 
        +-------------------+-------+-----+-----+-----+-----+---------+
        |                   |       |  Latency  |  Interval | Pipeline|
        |      Instance     | Module| min | max | min | max |   Type  |
        +-------------------+-------+-----+-----+-----+-----+---------+
        |grp_c_sum_fu_1398  |c_sum  |  360|  360|  360|  360|   none  |
        |grp_f_sum_fu_1404  |f_sum  |  860|  860|  860|  860|   none  |
        |grp_d_sum_fu_1410  |d_sum  |   70|   70|   70|   70|   none  |
        |grp_g_sum_fu_1416  |g_sum  |  170|  170|  170|  170|   none  |
        |grp_sum_fu_1422    |sum    |   60|   60|   60|   60|   none  |
        +-------------------+-------+-----+-----+-----+-----+---------+

        * Loop: 
        +-----------------------------+---------+---------+----------+-----------+-----------+------+----------+
        |                             |      Latency      | Iteration|  Initiation Interval  | Trip |          |
        |          Loop Name          |   min   |   max   |  Latency |  achieved |   target  | Count| Pipelined|
        +-----------------------------+---------+---------+----------+-----------+-----------+------+----------+
        |- Loop 1                     |   630690|   630690|    105115|          -|          -|     6|    no    |
        | + Loop 1.1                  |   105112|   105112|      3754|          -|          -|    28|    no    |
        |  ++ Loop 1.1.1              |     3752|     3752|       134|          -|          -|    28|    no    |
        |   +++ Loop 1.1.1.1          |       60|       60|        12|          -|          -|     5|    no    |
        |    ++++ Loop 1.1.1.1.1      |       10|       10|         2|          -|          -|     5|    no    |
        |   +++ Loop 1.1.1.2          |        8|        8|         2|          -|          -|     4|    no    |
        |- Loop 2                     |    11032|    11032|       394|          -|          -|    28|    no    |
        | + Loop 2.1                  |      392|      392|        14|          -|          -|    28|    no    |
        |  ++ Loop 2.1.1              |       12|       12|         2|          -|          -|     6|    no    |
        |- memset_pool1ActivationMap  |     1175|     1175|         1|          -|          -|  1176|    no    |
        |- Loop 4                     |     9588|     9588|      1598|          -|          -|     6|    no    |
        | + Loop 4.1                  |     1596|     1596|       114|          -|          -|    14|    no    |
        |  ++ Loop 4.1.1              |      112|      112|         8|          -|          -|    14|    no    |
        |   +++ Loop 4.1.1.1          |        6|        6|         3|          -|          -|     2|    no    |
        |- Loop 5                     |  1293168|  1293168|     80823|          -|          -|    16|    no    |
        | + Loop 5.1                  |    80820|    80820|      8082|          -|          -|    10|    no    |
        |  ++ Loop 5.1.1              |     8080|     8080|       808|          -|          -|    10|    no    |
        |   +++ Loop 5.1.1.1          |      360|      360|        72|          -|          -|     5|    no    |
        |    ++++ Loop 5.1.1.1.1      |       70|       70|        14|          -|          -|     5|    no    |
        |     +++++ Loop 5.1.1.1.1.1  |       12|       12|         2|          -|          -|     6|    no    |
        |   +++ Loop 5.1.1.2          |       10|       10|         2|          -|          -|     5|    no    |
        |- Loop 6                     |     3420|     3420|       342|          -|          -|    10|    no    |
        | + Loop 6.1                  |      340|      340|        34|          -|          -|    10|    no    |
        |  ++ Loop 6.1.1              |       32|       32|         2|          -|          -|    16|    no    |
        |- memset_pool2ActivationMap  |      399|      399|         1|          -|          -|   400|    no    |
        |- Loop 8                     |     3392|     3392|       212|          -|          -|    16|    no    |
        | + Loop 8.1                  |      210|      210|        42|          -|          -|     5|    no    |
        |  ++ Loop 8.1.1              |       40|       40|         8|          -|          -|     5|    no    |
        |   +++ Loop 8.1.1.1          |        6|        6|         3|          -|          -|     2|    no    |
        |- Loop 9                     |   231480|   231480|      1929|          -|          -|   120|    no    |
        | + Loop 9.1                  |      860|      860|       172|          -|          -|     5|    no    |
        |  ++ Loop 9.1.1              |      170|      170|        34|          -|          -|     5|    no    |
        |   +++ Loop 9.1.1.1          |       32|       32|         2|          -|          -|    16|    no    |
        | + Loop 9.2                  |       30|       30|         2|          -|          -|    15|    no    |
        |- Loop 10                    |      240|      240|         2|          -|          -|   120|    no    |
        |- Loop 11                    |    20412|    20412|       243|          -|          -|    84|    no    |
        | + Loop 11.1                 |      240|      240|         2|          -|          -|   120|    no    |
        |- Loop 12                    |     1710|     1710|       171|          -|          -|    10|    no    |
        | + Loop 12.1                 |      168|      168|         2|          -|          -|    84|    no    |
        +-----------------------------+---------+---------+----------+-----------+-----------+------+----------+



================================================================
== Utilization Estimates
================================================================
* Summary: 
+-----------------+---------+-------+--------+-------+
|       Name      | BRAM_18K| DSP48E|   FF   |  LUT  |
+-----------------+---------+-------+--------+-------+
|DSP              |        -|      -|       -|      -|
|Expression       |        -|      3|       0|   3931|
|FIFO             |        -|      -|       -|      -|
|Instance         |        -|     15|    1670|   3055|
|Memory           |      224|      -|     416|     58|
|Multiplexer      |        -|      -|       -|   1553|
|Register         |        -|      -|    1465|      -|
+-----------------+---------+-------+--------+-------+
|Total            |      224|     18|    3551|   8597|
+-----------------+---------+-------+--------+-------+
|Available        |      270|    240|  126800|  63400|
+-----------------+---------+-------+--------+-------+
|Utilization (%)  |       82|      7|       2|     13|
+-----------------+---------+-------+--------+-------+

+ Detail: 
    * Instance: 
    +--------------------------+----------------------+---------+-------+-----+-----+
    |         Instance         |        Module        | BRAM_18K| DSP48E|  FF | LUT |
    +--------------------------+----------------------+---------+-------+-----+-----+
    |grp_c_sum_fu_1398         |c_sum                 |        0|      2|  280|  562|
    |grp_d_sum_fu_1410         |d_sum                 |        0|      2|  212|  417|
    |grp_f_sum_fu_1404         |f_sum                 |        0|      2|  248|  526|
    |grp_g_sum_fu_1416         |g_sum                 |        0|      2|  220|  405|
    |lenetSynthMatlab_DeQ_U18  |lenetSynthMatlab_DeQ  |        0|      3|  128|  135|
    |lenetSynthMatlab_Ee0_U19  |lenetSynthMatlab_Ee0  |        0|      0|  128|  330|
    |lenetSynthMatlab_Ffa_U20  |lenetSynthMatlab_Ffa  |        0|      0|   66|   70|
    |lenetSynthMatlab_bkb_U17  |lenetSynthMatlab_bkb  |        0|      2|  177|  195|
    |grp_sum_fu_1422           |sum                   |        0|      2|  211|  415|
    +--------------------------+----------------------+---------+-------+-----+-----+
    |Total                     |                      |        0|     15| 1670| 3055|
    +--------------------------+----------------------+---------+-------+-----+-----+

    * DSP48: 
    N/A

    * Memory: 
    +------------------------+----------------------+---------+----+----+-------+-----+------+-------------+
    |         Memory         |        Module        | BRAM_18K| FF | LUT| Words | Bits| Banks| W*Bits*Banks|
    +------------------------+----------------------+---------+----+----+-------+-----+------+-------------+
    |fv16_U                  |lenetSynthMatlab_Aem  |        0|  64|   8|     16|   32|     1|          512|
    |d_relu3ActivationMap_U  |lenetSynthMatlab_CeG  |        1|   0|   0|     84|   32|     1|         2688|
    |biasConv1_U             |lenetSynthMatlab_cud  |        0|  32|   3|      6|   32|     1|          192|
    |weightsConv1_U          |lenetSynthMatlab_dEe  |        1|   0|   0|    150|   32|     1|         4800|
    |biasConv2_U             |lenetSynthMatlab_eOg  |        0|  32|   8|     16|   32|     1|          512|
    |weightsConv2_U          |lenetSynthMatlab_fYi  |        8|   0|   0|   2400|   32|     1|        76800|
    |weightsFC1_U            |lenetSynthMatlab_g8j  |      128|   0|   0|  48000|   32|     1|      1536000|
    |biasFC1_U               |lenetSynthMatlab_hbi  |        1|   0|   0|    120|   32|     1|         3840|
    |weightsFC2_U            |lenetSynthMatlab_ibs  |       32|   0|   0|  10080|   32|     1|       322560|
    |biasFC2_U               |lenetSynthMatlab_jbC  |        1|   0|   0|     84|   32|     1|         2688|
    |weightsFC3_U            |lenetSynthMatlab_kbM  |        2|   0|   0|    840|   32|     1|        26880|
    |biasFC3_U               |lenetSynthMatlab_lbW  |        0|  32|   5|     10|   32|     1|          320|
    |pool1ActivationMap_U    |lenetSynthMatlab_mb6  |        4|   0|   0|   1176|   32|     1|        37632|
    |conv1ActivationMap_U    |lenetSynthMatlab_ncg  |       16|   0|   0|   4704|   32|     1|       150528|
    |relu1ActivationMap_U    |lenetSynthMatlab_ocq  |       16|   0|   0|   4704|   32|     1|       150528|
    |fv10_U                  |lenetSynthMatlab_pcA  |        0|  64|  13|     25|   32|     1|          800|
    |fv11_U                  |lenetSynthMatlab_qcK  |        0|  64|   3|      5|   32|     1|          160|
    |pool2ActivationMap_U    |lenetSynthMatlab_rcU  |        1|   0|   0|    400|   32|     1|        12800|
    |b_pool2ActivationMap_U  |lenetSynthMatlab_rcU  |        1|   0|   0|    400|   32|     1|        12800|
    |conv2ActivationMap_U    |lenetSynthMatlab_sc4  |        4|   0|   0|   1600|   32|     1|        51200|
    |relu2ActivationMap_U    |lenetSynthMatlab_tde  |        4|   0|   0|   1600|   32|     1|        51200|
    |fv12_U                  |lenetSynthMatlab_udo  |        1|   0|   0|    150|   32|     1|         4800|
    |fv13_U                  |lenetSynthMatlab_vdy  |        0|  64|  15|     30|   32|     1|          960|
    |fv14_U                  |lenetSynthMatlab_wdI  |        0|  64|   3|      6|   32|     1|          192|
    |fv15_U                  |lenetSynthMatlab_yd2  |        1|   0|   0|     80|   32|     1|         2560|
    |fc1ActivationMap_U      |lenetSynthMatlab_zec  |        1|   0|   0|    120|   32|     1|         3840|
    |relu3ActivationMap_U    |lenetSynthMatlab_zec  |        1|   0|   0|    120|   32|     1|         3840|
    +------------------------+----------------------+---------+----+----+-------+-----+------+-------------+
    |Total                   |                      |      224| 416|  58|  76926|  864|    27|      2461632|
    +------------------------+----------------------+---------+----+----+-------+-----+------+-------------+

    * FIFO: 
    N/A

    * Expression: 
    +----------------------------------+----------+-------+---+-----+------------+------------+
    |           Variable Name          | Operation| DSP48E| FF| LUT | Bitwidth P0| Bitwidth P1|
    +----------------------------------+----------+-------+---+-----+------------+------------+
    |tmp_21_fu_2054_p2                 |     *    |      0|  0|   42|           5|           8|
    |tmp_60_fu_2417_p2                 |     *    |      3|  0|   21|           7|          32|
    |tmp_75_fu_2668_p2                 |     *    |      0|  0|   33|           4|           7|
    |b_k_4_fu_1887_p2                  |     +    |      0|  0|   12|           3|           1|
    |b_k_6_fu_3068_p2                  |     +    |      0|  0|   15|           5|           1|
    |b_k_7_fu_3856_p2                  |     +    |      0|  0|   15|           5|           1|
    |b_k_8_fu_2852_p2                  |     +    |      0|  0|   12|           3|           1|
    |c_4_fu_1570_p2                    |     +    |      0|  0|   15|           5|           1|
    |c_5_fu_2636_p2                    |     +    |      0|  0|   13|           4|           1|
    |colOutIdx_10_fu_2736_p2           |     +    |      0|  0|   12|           3|           1|
    |colOutIdx_13_fu_4111_p2           |     +    |      0|  0|   15|           7|           1|
    |colOutIdx_14_fu_4168_p2           |     +    |      0|  0|   15|           7|           1|
    |colOutIdx_15_fu_2070_p2           |     +    |      0|  0|   13|           4|           1|
    |colOutIdx_16_fu_3263_p2           |     +    |      0|  0|   12|           3|           1|
    |colOutIdx_2_fu_1646_p2            |     +    |      0|  0|   12|           3|           1|
    |colOutIdx_5_fu_3044_p2            |     +    |      0|  0|   13|           4|           1|
    |colOutIdx_9_fu_3802_p2            |     +    |      0|  0|   12|           3|           1|
    |colOutIdx_fu_1841_p2              |     +    |      0|  0|   15|           5|           1|
    |f_5_fu_1527_p2                    |     +    |      0|  0|   12|           3|           1|
    |f_6_fu_1998_p2                    |     +    |      0|  0|   12|           3|           1|
    |f_7_fu_2581_p2                    |     +    |      0|  0|   15|           5|           1|
    |f_8_fu_3179_p2                    |     +    |      0|  0|   15|           5|           1|
    |f_9_fu_3746_p2                    |     +    |      0|  0|   15|           7|           1|
    |indvarinc1_fu_3144_p2             |     +    |      0|  0|   16|           9|           1|
    |indvarinc_fu_1967_p2              |     +    |      0|  0|   18|          11|           1|
    |j_2_fu_2098_p2                    |     +    |      0|  0|   10|           1|           2|
    |j_3_fu_3275_p2                    |     +    |      0|  0|   10|           2|           1|
    |k_10_fu_1749_p2                   |     +    |      0|  0|   12|           3|           1|
    |k_11_fu_3006_p2                   |     +    |      0|  0|   13|           4|           1|
    |k_13_fu_3764_p2                   |     +    |      0|  0|   12|           3|           1|
    |k_14_fu_2652_p2                   |     +    |      0|  0|   12|           3|           1|
    |k_15_fu_3971_p2                   |     +    |      0|  0|   13|           4|           1|
    |k_16_fu_4148_p2                   |     +    |      0|  0|   13|           4|           1|
    |k_20_fu_2962_p2                   |     +    |      0|  0|   12|           3|           1|
    |k_21_fu_3993_p2                   |     +    |      0|  0|   15|           7|           1|
    |k_22_fu_4061_p2                   |     +    |      0|  0|   15|           7|           1|
    |k_9_fu_1586_p2                    |     +    |      0|  0|   12|           3|           1|
    |k_fu_1829_p2                      |     +    |      0|  0|   15|           5|           1|
    |next_mul3_fu_1817_p2              |     +    |      0|  0|   20|          13|           8|
    |next_mul5_fu_2018_p2              |     +    |      0|  0|   20|          13|           9|
    |next_mul7_fu_3752_p2              |     +    |      0|  0|   23|          16|          14|
    |next_mul9_fu_4136_p2              |     +    |      0|  0|   17|          10|           7|
    |next_mul_fu_1542_p2               |     +    |      0|  0|   20|          13|           8|
    |r_4_fu_1554_p2                    |     +    |      0|  0|   15|           5|           1|
    |r_5_fu_2030_p2                    |     +    |      0|  0|   13|           4|           1|
    |r_6_fu_2598_p2                    |     +    |      0|  0|   13|           4|           1|
    |r_7_fu_3197_p2                    |     +    |      0|  0|   12|           3|           1|
    |sh_assign_4_fu_3470_p2            |     +    |      0|  0|   16|           8|           9|
    |sh_assign_fu_2317_p2              |     +    |      0|  0|   16|           8|           9|
    |tmp10_fu_2881_p2                  |     +    |      0|  0|   15|           7|           7|
    |tmp12_fu_2924_p2                  |     +    |      0|  0|   18|          11|          11|
    |tmp13_fu_2624_p2                  |     +    |      0|  0|   18|          11|          11|
    |tmp14_fu_2981_p2                  |     +    |      0|  0|   15|           8|           8|
    |tmp16_fu_3074_p2                  |     +    |      0|  0|   15|           8|           8|
    |tmp18_fu_3322_p2                  |     +    |      0|  0|   32|          12|          12|
    |tmp19_fu_3582_p2                  |     +    |      0|  0|   32|          32|          32|
    |tmp20_fu_3588_p2                  |     +    |      0|  0|   15|           8|           8|
    |tmp23_fu_3790_p2                  |     +    |      0|  0|   16|           9|           9|
    |tmp24_fu_3862_p2                  |     +    |      0|  0|   15|           7|           7|
    |tmp26_fu_3941_p2                  |     +    |      0|  0|   22|          15|          15|
    |tmp3_fu_1671_p2                   |     +    |      0|  0|   32|           5|           5|
    |tmp4_fu_1715_p2                   |     +    |      0|  0|   32|           9|           9|
    |tmp5_fu_1794_p2                   |     +    |      0|  0|   32|          14|          14|
    |tmp6_fu_1893_p2                   |     +    |      0|  0|   16|           9|           9|
    |tmp7_fu_2423_p2                   |     +    |      0|  0|   32|          32|          32|
    |tmp8_fu_3032_p2                   |     +    |      0|  0|   18|          11|          11|
    |tmp9_fu_2858_p2                   |     +    |      0|  0|   15|           8|           8|
    |tmp_101_fu_2890_p2                |     +    |      0|  0|   16|           9|           9|
    |tmp_106_fu_2933_p2                |     +    |      0|  0|   20|          13|          13|
    |tmp_115_fu_4122_p2                |     +    |      0|  0|   22|          15|          15|
    |tmp_120_fu_3295_p2                |     +    |      0|  0|   15|           8|           8|
    |tmp_121_fu_3312_p2                |     +    |      0|  0|   18|          11|          11|
    |tmp_126_fu_4179_p2                |     +    |      0|  0|   17|          10|          10|
    |tmp_131_fu_3327_p2                |     +    |      0|  0|   32|          12|          12|
    |tmp_139_fu_3597_p2                |     +    |      0|  0|   32|          32|          32|
    |tmp_147_fu_3871_p2                |     +    |      0|  0|   16|           9|           9|
    |tmp_14_fu_1799_p2                 |     +    |      0|  0|   32|          14|          14|
    |tmp_151_fu_3950_p2                |     +    |      0|  0|   24|          17|          17|
    |tmp_17_fu_1592_p2                 |     +    |      0|  0|   15|           5|           5|
    |tmp_22_fu_1661_p2                 |     +    |      0|  0|   17|          10|          10|
    |tmp_24_fu_1676_p2                 |     +    |      0|  0|   32|           5|           5|
    |tmp_27_fu_1720_p2                 |     +    |      0|  0|   32|           9|           9|
    |tmp_44_fu_2138_p2                 |     +    |      0|  0|   32|           9|           9|
    |tmp_45_fu_2147_p2                 |     +    |      0|  0|   21|          14|          14|
    |tmp_48_fu_3185_p2                 |     +    |      0|  0|   15|           8|           8|
    |tmp_51_fu_2161_p2                 |     +    |      0|  0|   21|          14|          14|
    |tmp_5_fu_2004_p2                  |     +    |      0|  0|   15|           8|           8|
    |tmp_62_fu_2429_p2                 |     +    |      0|  0|   32|          32|          32|
    |tmp_69_fu_3083_p2                 |     +    |      0|  0|   18|          11|          11|
    |tmp_74_fu_2658_p2                 |     +    |      0|  0|   13|           4|           4|
    |tmp_7_fu_1902_p2                  |     +    |      0|  0|   21|          14|          14|
    |tmp_80_fu_2990_p2                 |     +    |      0|  0|   18|          11|          11|
    |tmp_86_fu_2742_p2                 |     +    |      0|  0|   13|           4|           4|
    |tmp_98_fu_2867_p2                 |     +    |      0|  0|   19|          12|          12|
    |p_Val2_6_i_i_i2_fu_3556_p2        |     -    |      0|  0|   39|           1|          32|
    |p_Val2_6_i_i_i_fu_2403_p2         |     -    |      0|  0|   39|           1|          32|
    |tmp_109_fu_3840_p2                |     -    |      0|  0|   22|          15|          15|
    |tmp_12_fu_1784_p2                 |     -    |      0|  0|   16|           9|           9|
    |tmp_149_fu_3909_p2                |     -    |      0|  0|   19|          12|          12|
    |tmp_162_i_i_i2_fu_3484_p2         |     -    |      0|  0|   15|           7|           8|
    |tmp_162_i_i_i_fu_2331_p2          |     -    |      0|  0|   15|           7|           8|
    |tmp_18_fu_1630_p2                 |     -    |      0|  0|   16|           9|           9|
    |tmp_26_fu_1705_p2                 |     -    |      0|  0|   15|           7|           7|
    |tmp_40_fu_2132_p2                 |     -    |      0|  0|   32|           9|           9|
    |tmp_47_fu_2271_p2                 |     -    |      0|  0|   15|           8|           8|
    |tmp_4_fu_1871_p2                  |     -    |      0|  0|   16|           9|           9|
    |tmp_76_fu_2702_p2                 |     -    |      0|  0|   16|           9|           9|
    |tmp_79_fu_2720_p2                 |     -    |      0|  0|   20|          13|          13|
    |tmp_87_fu_2772_p2                 |     -    |      0|  0|   15|           8|           8|
    |tmp_88_fu_2802_p2                 |     -    |      0|  0|   15|           7|           7|
    |tmp_89_fu_2832_p2                 |     -    |      0|  0|   18|          11|          11|
    |tmp_92_fu_4095_p2                 |     -    |      0|  0|   22|          15|          15|
    |tmp_110_fu_4040_p2                |    and   |      0|  0|    2|           1|           1|
    |tmp_138_fu_3409_p2                |    and   |      0|  0|    2|           1|           1|
    |tmp_13_fu_1952_p2                 |    and   |      0|  0|    2|           1|           1|
    |tmp_142_fu_3415_p2                |    and   |      0|  0|    2|           1|           1|
    |tmp_161_fu_3692_p2                |    and   |      0|  0|    2|           1|           1|
    |tmp_163_fu_3698_p2                |    and   |      0|  0|    2|           1|           1|
    |tmp_41_fu_2247_p2                 |    and   |      0|  0|    2|           1|           1|
    |tmp_43_fu_2253_p2                 |    and   |      0|  0|    2|           1|           1|
    |tmp_68_fu_2520_p2                 |    and   |      0|  0|    2|           1|           1|
    |tmp_73_fu_2526_p2                 |    and   |      0|  0|    2|           1|           1|
    |tmp_94_fu_3129_p2                 |    and   |      0|  0|    2|           1|           1|
    |exitcond10_fu_3257_p2             |   icmp   |      0|  0|    9|           3|           3|
    |exitcond11_fu_3191_p2             |   icmp   |      0|  0|    9|           3|           3|
    |exitcond12_fu_3173_p2             |   icmp   |      0|  0|   11|           5|           6|
    |exitcond13_fu_3062_p2             |   icmp   |      0|  0|   11|           5|           6|
    |exitcond14_fu_3038_p2             |   icmp   |      0|  0|    9|           4|           4|
    |exitcond15_fu_3000_p2             |   icmp   |      0|  0|    9|           4|           4|
    |exitcond16_fu_2846_p2             |   icmp   |      0|  0|    9|           3|           3|
    |exitcond17_fu_2730_p2             |   icmp   |      0|  0|    9|           3|           3|
    |exitcond18_fu_2646_p2             |   icmp   |      0|  0|    9|           3|           3|
    |exitcond19_fu_2630_p2             |   icmp   |      0|  0|    9|           4|           4|
    |exitcond1_fu_4142_p2              |   icmp   |      0|  0|    9|           4|           4|
    |exitcond20_fu_2592_p2             |   icmp   |      0|  0|    9|           4|           4|
    |exitcond21_fu_2575_p2             |   icmp   |      0|  0|   11|           5|           6|
    |exitcond22_fu_2092_p2             |   icmp   |      0|  0|    9|           2|           3|
    |exitcond23_fu_2064_p2             |   icmp   |      0|  0|    9|           4|           3|
    |exitcond24_fu_2024_p2             |   icmp   |      0|  0|    9|           4|           3|
    |exitcond25_fu_1992_p2             |   icmp   |      0|  0|    9|           3|           3|
    |exitcond26_fu_1881_p2             |   icmp   |      0|  0|    9|           3|           3|
    |exitcond27_fu_1835_p2             |   icmp   |      0|  0|   11|           5|           4|
    |exitcond28_fu_1823_p2             |   icmp   |      0|  0|   11|           5|           4|
    |exitcond29_fu_1640_p2             |   icmp   |      0|  0|    9|           3|           3|
    |exitcond2_fu_4105_p2              |   icmp   |      0|  0|   11|           7|           5|
    |exitcond30_fu_1580_p2             |   icmp   |      0|  0|    9|           3|           3|
    |exitcond31_fu_1564_p2             |   icmp   |      0|  0|   11|           5|           4|
    |exitcond32_fu_1548_p2             |   icmp   |      0|  0|   11|           5|           4|
    |exitcond33_fu_1521_p2             |   icmp   |      0|  0|    9|           3|           3|
    |exitcond3_fu_4055_p2              |   icmp   |      0|  0|   11|           7|           7|
    |exitcond4_fu_3987_p2              |   icmp   |      0|  0|   11|           7|           5|
    |exitcond5_fu_3850_p2              |   icmp   |      0|  0|   11|           5|           6|
    |exitcond6_fu_3796_p2              |   icmp   |      0|  0|    9|           3|           3|
    |exitcond7_fu_3758_p2              |   icmp   |      0|  0|    9|           3|           3|
    |exitcond8_fu_3740_p2              |   icmp   |      0|  0|   11|           7|           5|
    |exitcond9_fu_3269_p2              |   icmp   |      0|  0|    9|           2|           3|
    |exitcond_fu_4162_p2               |   icmp   |      0|  0|   11|           7|           7|
    |exitcond_i1_fu_2956_p2            |   icmp   |      0|  0|    9|           3|           3|
    |exitcond_i2_fu_3965_p2            |   icmp   |      0|  0|    9|           4|           2|
    |exitcond_i_fu_1743_p2             |   icmp   |      0|  0|    9|           3|           4|
    |notlhs10_fu_3674_p2               |   icmp   |      0|  0|   11|           8|           2|
    |notlhs1_fu_2211_p2                |   icmp   |      0|  0|   11|           8|           2|
    |notlhs2_fu_2229_p2                |   icmp   |      0|  0|   11|           8|           2|
    |notlhs3_fu_2484_p2                |   icmp   |      0|  0|   11|           8|           2|
    |notlhs4_fu_2502_p2                |   icmp   |      0|  0|   11|           8|           2|
    |notlhs5_fu_3111_p2                |   icmp   |      0|  0|   11|           8|           2|
    |notlhs6_fu_4022_p2                |   icmp   |      0|  0|   11|           8|           2|
    |notlhs7_fu_3373_p2                |   icmp   |      0|  0|   11|           8|           2|
    |notlhs8_fu_3391_p2                |   icmp   |      0|  0|   11|           8|           2|
    |notlhs9_fu_3656_p2                |   icmp   |      0|  0|   11|           8|           2|
    |notlhs_fu_1934_p2                 |   icmp   |      0|  0|   11|           8|           2|
    |notrhs10_fu_3680_p2               |   icmp   |      0|  0|   18|          23|           1|
    |notrhs1_fu_2217_p2                |   icmp   |      0|  0|   18|          23|           1|
    |notrhs2_fu_2235_p2                |   icmp   |      0|  0|   18|          23|           1|
    |notrhs3_fu_2490_p2                |   icmp   |      0|  0|   18|          23|           1|
    |notrhs4_fu_2508_p2                |   icmp   |      0|  0|   18|          23|           1|
    |notrhs5_fu_3117_p2                |   icmp   |      0|  0|   18|          23|           1|
    |notrhs6_fu_4028_p2                |   icmp   |      0|  0|   18|          23|           1|
    |notrhs7_fu_3379_p2                |   icmp   |      0|  0|   18|          23|           1|
    |notrhs8_fu_3397_p2                |   icmp   |      0|  0|   18|          23|           1|
    |notrhs9_fu_3662_p2                |   icmp   |      0|  0|   18|          23|           1|
    |notrhs_fu_1940_p2                 |   icmp   |      0|  0|   18|          23|           1|
    |tmp_20_fu_3155_p2                 |   icmp   |      0|  0|   13|           9|           8|
    |tmp_3_fu_1978_p2                  |   icmp   |      0|  0|   13|          11|          11|
    |tmp_164_i_i_i2_fu_3514_p2         |   lshr   |      0|  0|   73|          25|          25|
    |tmp_164_i_i_i_fu_2361_p2          |   lshr   |      0|  0|   73|          25|          25|
    |tmp_104_fu_4034_p2                |    or    |      0|  0|    2|           1|           1|
    |tmp_136_fu_3385_p2                |    or    |      0|  0|    2|           1|           1|
    |tmp_137_fu_3403_p2                |    or    |      0|  0|    2|           1|           1|
    |tmp_159_fu_3668_p2                |    or    |      0|  0|    2|           1|           1|
    |tmp_160_fu_3686_p2                |    or    |      0|  0|    2|           1|           1|
    |tmp_19_fu_2044_p2                 |    or    |      0|  0|    5|           5|           1|
    |tmp_38_fu_2223_p2                 |    or    |      0|  0|    2|           1|           1|
    |tmp_39_fu_2241_p2                 |    or    |      0|  0|    2|           1|           1|
    |tmp_61_fu_2496_p2                 |    or    |      0|  0|    2|           1|           1|
    |tmp_66_fu_2514_p2                 |    or    |      0|  0|    2|           1|           1|
    |tmp_84_fu_3223_p2                 |    or    |      0|  0|    4|           4|           1|
    |tmp_85_fu_3123_p2                 |    or    |      0|  0|    2|           1|           1|
    |tmp_s_fu_1946_p2                  |    or    |      0|  0|    2|           1|           1|
    |b_maxval_6_fu_2532_p3             |  select  |      0|  0|   14|           1|          14|
    |b_maxval_7_fu_3704_p3             |  select  |      0|  0|   12|           1|          12|
    |maxval_1_1_fu_2547_p3             |  select  |      0|  0|   32|           1|          32|
    |maxval_1_2_fu_2554_p3             |  select  |      0|  0|   32|           1|          32|
    |maxval_1_3_maxval_0_3_fu_2439_p3  |  select  |      0|  0|   32|           1|          32|
    |maxval_1_4_fu_3716_p3             |  select  |      0|  0|   32|           1|          32|
    |maxval_1_5_fu_3723_p3             |  select  |      0|  0|   32|           1|          32|
    |maxval_1_8_maxval_0_8_fu_3608_p3  |  select  |      0|  0|   32|           1|          32|
    |p_Val2_1_fu_3562_p3               |  select  |      0|  0|   32|           1|          32|
    |p_Val2_2_fu_2395_p3               |  select  |      0|  0|   32|           1|          32|
    |p_Val2_6_fu_2409_p3               |  select  |      0|  0|   32|           1|          32|
    |p_Val2_9_fu_3548_p3               |  select  |      0|  0|   32|           1|          32|
    |relu1ActivationMap_d0             |  select  |      0|  0|   32|           1|           1|
    |relu2ActivationMap_d0             |  select  |      0|  0|   32|           1|           1|
    |relu3ActivationMap_d0             |  select  |      0|  0|   32|           1|           1|
    |sh_assign_1_fu_2341_p3            |  select  |      0|  0|    9|           1|           9|
    |sh_assign_5_fu_3494_p3            |  select  |      0|  0|    9|           1|           9|
    |tmp_165_i_i_i2_fu_3520_p2         |    shl   |      0|  0|  243|          79|          79|
    |tmp_165_i_i_i_fu_2367_p2          |    shl   |      0|  0|  243|          79|          79|
    +----------------------------------+----------+-------+---+-----+------------+------------+
    |Total                             |          |      3|  0| 3931|        1732|        1705|
    +----------------------------------+----------+-------+---+-----+------------+------------+

    * Multiplexer: 
    +-------------------------------+-----+-----------+-----+-----------+
    |              Name             | LUT | Input Size| Bits| Total Bits|
    +-------------------------------+-----+-----------+-----+-----------+
    |ap_NS_fsm                      |  329|         74|    1|         74|
    |b_k_1_reg_1095                 |    9|          2|    3|          6|
    |b_k_2_reg_1149                 |    9|          2|    5|         10|
    |b_k_3_reg_1275                 |    9|          2|    5|         10|
    |b_k_reg_947                    |    9|          2|    3|          6|
    |b_pool2ActivationMap_address0  |   15|          3|    9|         27|
    |b_pool2ActivationMap_ce0       |   15|          3|    1|          3|
    |c_1_reg_1014                   |    9|          2|    4|          8|
    |c_2_reg_1061                   |    9|          2|    4|          8|
    |c_3_reg_1206                   |    9|          2|    3|          6|
    |c_reg_859                      |    9|          2|    5|         10|
    |colOutIdx1_reg_882             |    9|          2|    3|          6|
    |colOutIdx_1_reg_936            |    9|          2|    5|         10|
    |colOutIdx_3_reg_1084           |    9|          2|    3|          6|
    |colOutIdx_4_reg_1138           |    9|          2|    4|          8|
    |colOutIdx_6_reg_1264           |    9|          2|    3|          6|
    |colOutIdx_7_reg_1341           |    9|          2|    7|         14|
    |colOutIdx_8_reg_1387           |    9|          2|    7|         14|
    |conv1ActivationMap_address0    |   15|          3|   13|         39|
    |conv2ActivationMap_address0    |   15|          3|   11|         33|
    |d_relu3ActivationMap_address0  |   15|          3|    7|         21|
    |f_1_reg_969                    |    9|          2|    3|          6|
    |f_2_reg_1037                   |    9|          2|    5|         10|
    |f_3_reg_1171                   |    9|          2|    5|         10|
    |f_4_reg_1229                   |    9|          2|    7|         14|
    |f_reg_825                      |    9|          2|    3|          6|
    |fc1ActivationMap_address0      |   15|          3|    7|         21|
    |fv10_address0                  |   15|          3|    5|         15|
    |fv10_ce0                       |   15|          3|    1|          3|
    |fv11_address0                  |   21|          4|    3|         12|
    |fv11_ce0                       |   15|          3|    1|          3|
    |fv11_we0                       |    9|          2|    1|          2|
    |fv12_address0                  |   15|          3|    8|         24|
    |fv12_ce0                       |   15|          3|    1|          3|
    |fv13_address0                  |   15|          3|    5|         15|
    |fv13_ce0                       |   15|          3|    1|          3|
    |fv13_we0                       |    9|          2|    1|          2|
    |fv14_address0                  |   21|          4|    3|         12|
    |fv14_ce0                       |   15|          3|    1|          3|
    |fv14_we0                       |    9|          2|    1|          2|
    |fv15_address0                  |   15|          3|    7|         21|
    |fv15_ce0                       |   15|          3|    1|          3|
    |fv15_we0                       |    9|          2|    1|          2|
    |fv16_address0                  |   21|          4|    4|         16|
    |fv16_ce0                       |   15|          3|    1|          3|
    |fv16_we0                       |    9|          2|    1|          2|
    |grp_fu_1428_p0                 |   47|         10|   32|        320|
    |grp_fu_1428_p1                 |   50|         11|   32|        352|
    |grp_fu_1453_p0                 |   33|          6|   32|        192|
    |grp_fu_1453_p1                 |   33|          6|   32|        192|
    |grp_fu_1474_p0                 |   41|          8|   32|        256|
    |grp_fu_1474_p1                 |   33|          6|   32|        192|
    |invdar1_reg_1160               |    9|          2|    9|         18|
    |invdar_reg_958                 |    9|          2|   11|         22|
    |j_1_reg_1218                   |    9|          2|    2|          4|
    |j_reg_1026                     |    9|          2|    2|          4|
    |k4_reg_871                     |    9|          2|    3|          6|
    |k_1_reg_914                    |    9|          2|    5|         10|
    |k_2_reg_1073                   |    9|          2|    3|          6|
    |k_3_reg_1127                   |    9|          2|    4|          8|
    |k_4_reg_1241                   |    9|          2|    3|          6|
    |k_5_reg_1307                   |    9|          2|    7|         14|
    |k_6_reg_1318                   |    9|          2|    7|         14|
    |k_7_reg_1352                   |    9|          2|    4|          8|
    |k_i1_reg_1116                  |    9|          2|    3|          6|
    |k_i2_reg_1296                  |    9|          2|    4|          8|
    |k_i_reg_903                    |    9|          2|    3|          6|
    |maxval_1_6_fu_344              |    9|          2|   32|         64|
    |maxval_1_7_fu_348              |    9|          2|   32|         64|
    |phi_mul2_reg_925               |    9|          2|   13|         26|
    |phi_mul4_reg_1003              |    9|          2|   13|         26|
    |phi_mul6_reg_1252              |    9|          2|   16|         32|
    |phi_mul8_reg_1363              |    9|          2|   10|         20|
    |phi_mul_reg_848                |    9|          2|   13|         26|
    |pool1ActivationMap_address0    |   21|          4|   11|         44|
    |pool1ActivationMap_d0          |   15|          3|   32|         96|
    |pool2ActivationMap_address0    |   21|          4|    9|         36|
    |pool2ActivationMap_d0          |   15|          3|   32|         96|
    |r_1_reg_992                    |    9|          2|    4|          8|
    |r_2_reg_1049                   |    9|          2|    4|          8|
    |r_3_reg_1194                   |    9|          2|    3|          6|
    |r_reg_836                      |    9|          2|    5|         10|
    |relu1ActivationMap_address0    |   15|          3|   13|         39|
    |relu1ActivationMap_address1    |   15|          3|   13|         39|
    |relu2ActivationMap_address0    |   15|          3|   11|         33|
    |relu2ActivationMap_address1    |   15|          3|   11|         33|
    |relu3ActivationMap_address0    |   15|          3|    7|         21|
    |tmp_111_reg_1375               |    9|          2|   32|         64|
    |tmp_95_reg_1329                |    9|          2|   32|         64|
    |x_assign_5_reg_1182            |    9|          2|   32|         64|
    |x_assign_reg_980               |    9|          2|   32|         64|
    |y1_i_reg_1286                  |    9|          2|   32|         64|
    |y3_i_reg_1106                  |    9|          2|   32|         64|
    |y5_i_reg_893                   |    9|          2|   32|         64|
    +-------------------------------+-----+-----------+-----+-----------+
    |Total                          | 1553|        329|  953|       3357|
    +-------------------------------+-----+-----------+-----+-----------+

    * Register: 
    +--------------------------------+----+----+-----+-----------+
    |              Name              | FF | LUT| Bits| Const Bits|
    +--------------------------------+----+----+-----+-----------+
    |ap_CS_fsm                       |  73|   0|   73|          0|
    |b_k_1_reg_1095                  |   3|   0|    3|          0|
    |b_k_2_reg_1149                  |   5|   0|    5|          0|
    |b_k_3_reg_1275                  |   5|   0|    5|          0|
    |b_k_4_reg_4357                  |   3|   0|    3|          0|
    |b_k_5_cast_reg_4463             |   4|   0|    8|          4|
    |b_k_6_reg_4667                  |   5|   0|    5|          0|
    |b_k_7_reg_4851                  |   5|   0|    5|          0|
    |b_k_8_reg_4600                  |   3|   0|    3|          0|
    |b_k_reg_947                     |   3|   0|    3|          0|
    |biasConv1_load_reg_4218         |  32|   0|   32|          0|
    |biasConv2_load_reg_4525         |  32|   0|   32|          0|
    |c_1_reg_1014                    |   4|   0|    4|          0|
    |c_2_reg_1061                    |   4|   0|    4|          0|
    |c_3_reg_1206                    |   3|   0|    3|          0|
    |c_4_reg_4249                    |   5|   0|    5|          0|
    |c_5_reg_4546                    |   4|   0|    4|          0|
    |c_cast1_reg_4241                |   5|   0|   10|          5|
    |c_reg_859                       |   5|   0|    5|          0|
    |colOutIdx1_reg_882              |   3|   0|    3|          0|
    |colOutIdx_10_reg_4577           |   3|   0|    3|          0|
    |colOutIdx_13_reg_4939           |   7|   0|    7|          0|
    |colOutIdx_14_reg_4981           |   7|   0|    7|          0|
    |colOutIdx_15_reg_4458           |   4|   0|    4|          0|
    |colOutIdx_16_reg_4760           |   3|   0|    3|          0|
    |colOutIdx_1_reg_936             |   5|   0|    5|          0|
    |colOutIdx_2_reg_4285            |   3|   0|    3|          0|
    |colOutIdx_3_reg_1084            |   3|   0|    3|          0|
    |colOutIdx_4_reg_1138            |   4|   0|    4|          0|
    |colOutIdx_5_reg_4654            |   4|   0|    4|          0|
    |colOutIdx_6_reg_1264            |   3|   0|    3|          0|
    |colOutIdx_7_reg_1341            |   7|   0|    7|          0|
    |colOutIdx_8_reg_1387            |   7|   0|    7|          0|
    |colOutIdx_9_reg_4833            |   3|   0|    3|          0|
    |colOutIdx_reg_4344              |   5|   0|    5|          0|
    |f_1_cast_reg_4402               |   3|   0|    9|          6|
    |f_1_reg_969                     |   3|   0|    3|          0|
    |f_2_cast_reg_4507               |   5|   0|    8|          3|
    |f_2_reg_1037                    |   5|   0|    5|          0|
    |f_3_cast_reg_4704               |   5|   0|    8|          3|
    |f_3_reg_1171                    |   5|   0|    5|          0|
    |f_4_reg_1229                    |   7|   0|    7|          0|
    |f_5_reg_4208                    |   3|   0|    3|          0|
    |f_6_reg_4410                    |   3|   0|    3|          0|
    |f_7_reg_4515                    |   5|   0|    5|          0|
    |f_8_reg_4712                    |   5|   0|    5|          0|
    |f_9_reg_4807                    |   7|   0|    7|          0|
    |f_cast1_reg_4200                |   3|   0|    9|          6|
    |f_cast_reg_4195                 |   3|   0|   14|         11|
    |f_reg_825                       |   3|   0|    3|          0|
    |grp_c_sum_fu_1398_ap_start_reg  |   1|   0|    1|          0|
    |grp_d_sum_fu_1410_ap_start_reg  |   1|   0|    1|          0|
    |grp_f_sum_fu_1404_ap_start_reg  |   1|   0|    1|          0|
    |grp_g_sum_fu_1416_ap_start_reg  |   1|   0|    1|          0|
    |grp_sum_fu_1422_ap_start_reg    |   1|   0|    1|          0|
    |invdar1_reg_1160                |   9|   0|    9|          0|
    |invdar_reg_958                  |  11|   0|   11|          0|
    |j_1_reg_1218                    |   2|   0|    2|          0|
    |j_2_reg_4477                    |   2|   0|    2|          0|
    |j_3_reg_4768                    |   2|   0|    2|          0|
    |j_reg_1026                      |   2|   0|    2|          0|
    |k4_cast2_reg_4254               |   3|   0|    5|          2|
    |k4_reg_871                      |   3|   0|    3|          0|
    |k_10_reg_4313                   |   3|   0|    3|          0|
    |k_11_reg_4641                   |   4|   0|    4|          0|
    |k_13_reg_4820                   |   3|   0|    3|          0|
    |k_14_reg_4554                   |   3|   0|    3|          0|
    |k_15_reg_4879                   |   4|   0|    4|          0|
    |k_16_reg_4967                   |   4|   0|    4|          0|
    |k_1_reg_914                     |   5|   0|    5|          0|
    |k_20_reg_4628                   |   3|   0|    3|          0|
    |k_21_reg_4902                   |   7|   0|    7|          0|
    |k_22_reg_4920                   |   7|   0|    7|          0|
    |k_2_reg_1073                    |   3|   0|    3|          0|
    |k_3_reg_1127                    |   4|   0|    4|          0|
    |k_4_reg_1241                    |   3|   0|    3|          0|
    |k_5_reg_1307                    |   7|   0|    7|          0|
    |k_6_reg_1318                    |   7|   0|    7|          0|
    |k_7_reg_1352                    |   4|   0|    4|          0|
    |k_9_reg_4262                    |   3|   0|    3|          0|
    |k_i1_reg_1116                   |   3|   0|    3|          0|
    |k_i2_reg_1296                   |   4|   0|    4|          0|
    |k_i_reg_903                     |   3|   0|    3|          0|
    |k_reg_4336                      |   5|   0|    5|          0|
    |maxval_1_3_fu_340               |  32|   0|   32|          0|
    |maxval_1_3_load_reg_4397        |  32|   0|   32|          0|
    |maxval_1_6_fu_344               |  32|   0|   32|          0|
    |maxval_1_7_fu_348               |  32|   0|   32|          0|
    |maxval_1_fu_336                 |  32|   0|   32|          0|
    |maxval_1_load_reg_4392          |  32|   0|   32|          0|
    |next_mul3_reg_4328              |  13|   0|   13|          0|
    |next_mul5_reg_4430              |  13|   0|   13|          0|
    |next_mul7_reg_4812              |  16|   0|   16|          0|
    |next_mul9_reg_4959              |  10|   0|   10|          0|
    |next_mul_reg_4228               |  13|   0|   13|          0|
    |p_Val2_s_41_reg_4750            |  32|   0|   32|          0|
    |p_Val2_s_reg_4448               |  32|   0|   32|          0|
    |p_shl35_cast_reg_4735           |   3|   0|   11|          8|
    |p_shl36_cast_reg_4740           |   3|   0|   12|          9|
    |p_shl37_cast_reg_4745           |   3|   0|   12|          9|
    |p_shl6_reg_4272                 |   3|   0|    5|          2|
    |phi_mul2_cast_reg_4323          |  13|   0|   14|          1|
    |phi_mul2_reg_925                |  13|   0|   13|          0|
    |phi_mul4_cast_reg_4425          |  13|   0|   14|          1|
    |phi_mul4_reg_1003               |  13|   0|   13|          0|
    |phi_mul6_reg_1252               |  16|   0|   16|          0|
    |phi_mul8_reg_1363               |  10|   0|   10|          0|
    |phi_mul_cast_reg_4223           |  13|   0|   14|          1|
    |phi_mul_reg_848                 |  13|   0|   13|          0|
    |r_1_reg_992                     |   4|   0|    4|          0|
    |r_2_reg_1049                    |   4|   0|    4|          0|
    |r_3_reg_1194                    |   3|   0|    3|          0|
    |r_4_reg_4236                    |   5|   0|    5|          0|
    |r_5_reg_4438                    |   4|   0|    4|          0|
    |r_6_reg_4533                    |   4|   0|    4|          0|
    |r_7_reg_4730                    |   3|   0|    3|          0|
    |r_reg_836                       |   5|   0|    5|          0|
    |tmp13_reg_4538                  |   6|   0|   11|          5|
    |tmp23_reg_4825                  |   5|   0|    9|          4|
    |tmp8_reg_4646                   |   6|   0|   11|          5|
    |tmp_101_reg_4610                |   9|   0|    9|          0|
    |tmp_109_reg_4843                |   8|   0|   15|          7|
    |tmp_111_reg_1375                |  32|   0|   32|          0|
    |tmp_121_reg_4779                |  11|   0|   11|          0|
    |tmp_131_reg_4789                |  12|   0|   12|          0|
    |tmp_148_reg_4856                |   9|   0|   64|         55|
    |tmp_165_reg_4773                |   1|   0|    1|          0|
    |tmp_17_reg_4267                 |   5|   0|    5|          0|
    |tmp_18_reg_4277                 |   8|   0|    9|          1|
    |tmp_21_reg_4443                 |  11|   0|   14|          3|
    |tmp_24_reg_4295                 |   5|   0|    5|          0|
    |tmp_32_reg_4468                 |   1|   0|    1|          0|
    |tmp_33_reg_4659                 |   4|   0|    8|          4|
    |tmp_45_reg_4482                 |  14|   0|   14|          0|
    |tmp_48_reg_4717                 |   8|   0|    8|          0|
    |tmp_49_reg_4907                 |   7|   0|   64|         57|
    |tmp_4_reg_4349                  |   8|   0|    9|          1|
    |tmp_51_reg_4492                 |  14|   0|   14|          0|
    |tmp_52_reg_4889                 |   7|   0|   64|         57|
    |tmp_5_cast_reg_4415             |  32|   0|   32|          0|
    |tmp_72_reg_4672                 |  11|   0|   64|         53|
    |tmp_75_reg_4559                 |  10|   0|   12|          2|
    |tmp_76_reg_4564                 |   8|   0|    9|          1|
    |tmp_79_reg_4569                 |   8|   0|   13|          5|
    |tmp_87_reg_4582                 |   7|   0|    8|          1|
    |tmp_88_reg_4587                 |   6|   0|    7|          1|
    |tmp_89_reg_4592                 |   6|   0|   11|          5|
    |tmp_8_reg_4362                  |  32|   0|   64|         32|
    |tmp_91_reg_4925                 |   7|   0|   64|         57|
    |tmp_92_reg_4931                 |  12|   0|   15|          3|
    |tmp_93_reg_4972                 |   4|   0|   64|         60|
    |tmp_95_reg_1329                 |  32|   0|   32|          0|
    |tmp_96_reg_4838                 |   3|   0|    7|          4|
    |x_assign_5_reg_1182             |  32|   0|   32|          0|
    |x_assign_reg_980                |  32|   0|   32|          0|
    |y1_i_reg_1286                   |  32|   0|   32|          0|
    |y3_i_reg_1106                   |  32|   0|   32|          0|
    |y5_i_reg_893                    |  32|   0|   32|          0|
    +--------------------------------+----+----+-----+-----------+
    |Total                           |1465|   0| 1959|        494|
    +--------------------------------+----+----+-----+-----------+



================================================================
== Interface
================================================================
* Summary: 
+--------------------+-----+-----+------------+------------------+--------------+
|      RTL Ports     | Dir | Bits|  Protocol  |   Source Object  |    C Type    |
+--------------------+-----+-----+------------+------------------+--------------+
|ap_clk              |  in |    1| ap_ctrl_hs | lenetSynthMatlab | return value |
|ap_rst              |  in |    1| ap_ctrl_hs | lenetSynthMatlab | return value |
|ap_start            |  in |    1| ap_ctrl_hs | lenetSynthMatlab | return value |
|ap_done             | out |    1| ap_ctrl_hs | lenetSynthMatlab | return value |
|ap_idle             | out |    1| ap_ctrl_hs | lenetSynthMatlab | return value |
|ap_ready            | out |    1| ap_ctrl_hs | lenetSynthMatlab | return value |
|inputImg_address0   | out |   10|  ap_memory |     inputImg     |     array    |
|inputImg_ce0        | out |    1|  ap_memory |     inputImg     |     array    |
|inputImg_q0         |  in |    8|  ap_memory |     inputImg     |     array    |
|netScores_address0  | out |    4|  ap_memory |     netScores    |     array    |
|netScores_ce0       | out |    1|  ap_memory |     netScores    |     array    |
|netScores_we0       | out |    1|  ap_memory |     netScores    |     array    |
|netScores_d0        | out |   32|  ap_memory |     netScores    |     array    |
+--------------------+-----+-----+------------+------------------+--------------+

