Copyright 1986-2018 Xilinx, Inc. All Rights Reserved.
---------------------------------------------------------------------------------------------
| Tool Version : Vivado v.2018.2 (lin64) Build 2258646 Thu Jun 14 20:02:38 MDT 2018
| Date         : Wed Dec 12 12:43:08 2018
| Host         : Neuromancer running 64-bit Ubuntu 18.04.1 LTS
| Command      : report_control_sets -verbose -file lenetSynthMatlab_control_sets_placed.rpt
| Design       : lenetSynthMatlab
| Device       : xc7a100t
---------------------------------------------------------------------------------------------

Control Set Information

Table of Contents
-----------------
1. Summary
2. Histogram
3. Flip-Flop Distribution
4. Detailed Control Set Information

1. Summary
----------

+----------------------------------------------------------+-------+
|                          Status                          | Count |
+----------------------------------------------------------+-------+
| Number of unique control sets                            |   136 |
| Unused register locations in slices containing registers |   338 |
+----------------------------------------------------------+-------+


2. Histogram
------------

+--------+--------------+
| Fanout | Control Sets |
+--------+--------------+
|      8 |           21 |
|     10 |           24 |
|     12 |            4 |
|     14 |           14 |
|    16+ |           73 |
+--------+--------------+


3. Flip-Flop Distribution
-------------------------

+--------------+-----------------------+------------------------+-----------------+--------------+
| Clock Enable | Synchronous Set/Reset | Asynchronous Set/Reset | Total Registers | Total Slices |
+--------------+-----------------------+------------------------+-----------------+--------------+
| No           | No                    | No                     |            2508 |          383 |
| No           | No                    | Yes                    |               0 |            0 |
| No           | Yes                   | No                     |             590 |          113 |
| Yes          | No                    | No                     |            2654 |          479 |
| Yes          | No                    | Yes                    |               0 |            0 |
| Yes          | Yes                   | No                     |             694 |           89 |
+--------------+-----------------------+------------------------+-----------------+--------------+


4. Detailed Control Set Information
-----------------------------------

+--------------+------------------------------------------------------------------+-----------------------------------------------------------------------------------------------------------------------------------------------------------------------------------------+------------------+----------------+
| Clock Signal |                           Enable Signal                          |                                                                                     Set/Reset Signal                                                                                    | Slice Load Count | Bel Load Count |
+--------------+------------------------------------------------------------------+-----------------------------------------------------------------------------------------------------------------------------------------------------------------------------------------+------------------+----------------+
|  ap_clk      | b_k_2_reg_11490                                                  |                                                                                                                                                                                         |                1 |              8 |
|  ap_clk      | grp_sum_fu_1422/b_k_reg_910                                      |                                                                                                                                                                                         |                1 |              8 |
|  ap_clk      | ap_NS_fsm139_out                                                 |                                                                                                                                                                                         |                2 |              8 |
|  ap_clk      | ap_NS_fsm133_out                                                 | r_2_reg_1049                                                                                                                                                                            |                1 |              8 |
|  ap_clk      | ce053_in                                                         | biasConv1_U/lenetSynthMatlab_cud_rom_U/q0[21]_i_1_n_0                                                                                                                                   |                1 |              8 |
|  ap_clk      | ap_NS_fsm124_out                                                 | ap_NS_fsm136_out                                                                                                                                                                        |                1 |              8 |
|  ap_clk      | colOutIdx_8_reg_13870                                            |                                                                                                                                                                                         |                1 |              8 |
|  ap_clk      | grp_d_sum_fu_1410/b_k_reg_890                                    |                                                                                                                                                                                         |                1 |              8 |
|  ap_clk      | ap_NS_fsm123_out                                                 | colOutIdx_4_reg_1138                                                                                                                                                                    |                1 |              8 |
|  ap_clk      | ce021_in                                                         |                                                                                                                                                                                         |                1 |              8 |
|  ap_clk      | ap_CS_fsm_state94                                                | k_i2_reg_1296                                                                                                                                                                           |                1 |              8 |
|  ap_clk      | ap_CS_fsm_state64                                                |                                                                                                                                                                                         |                1 |              8 |
|  ap_clk      | grp_g_sum_fu_1416/y_addr_2_reg_2370                              |                                                                                                                                                                                         |                1 |              8 |
|  ap_clk      | tmp_5_cast_reg_4437[4]_i_1_n_0                                   |                                                                                                                                                                                         |                1 |              8 |
|  ap_clk      | ap_CS_fsm_state63                                                |                                                                                                                                                                                         |                1 |              8 |
|  ap_clk      | ap_CS_fsm_state43                                                |                                                                                                                                                                                         |                1 |              8 |
|  ap_clk      | we017_in                                                         | tmp13_reg_4570[10]_i_1_n_0                                                                                                                                                              |                1 |              8 |
|  ap_clk      | ap_CS_fsm_state42                                                |                                                                                                                                                                                         |                1 |              8 |
|  ap_clk      | ap_CS_fsm_state36                                                | c_1_reg_1014                                                                                                                                                                            |                1 |              8 |
|  ap_clk      | ap_CS_fsm_state32                                                |                                                                                                                                                                                         |                1 |              8 |
|  ap_clk      | grp_g_sum_fu_1416/tmp_reg_2011                                   |                                                                                                                                                                                         |                1 |              8 |
|  ap_clk      | ap_NS_fsm120_out                                                 | f_3_reg_1171                                                                                                                                                                            |                2 |             10 |
|  ap_clk      | ap_NS_fsm143_out                                                 | colOutIdx_1_reg_936[4]_i_1_n_0                                                                                                                                                          |                1 |             10 |
|  ap_clk      | ap_NS_fsm134_out                                                 | f_2_reg_1037                                                                                                                                                                            |                1 |             10 |
|  ap_clk      | grp_g_sum_fu_1416/ap_CS_fsm_state5                               |                                                                                                                                                                                         |                2 |             10 |
|  ap_clk      | ap_NS_fsm115_out                                                 |                                                                                                                                                                                         |                2 |             10 |
|  ap_clk      | ap_CS_fsm_state65                                                |                                                                                                                                                                                         |                2 |             10 |
|  ap_clk      | ap_CS_fsm_reg_n_0_[83]                                           | b_k_3_reg_12750                                                                                                                                                                         |                3 |             10 |
|  ap_clk      | ap_CS_fsm_state26                                                |                                                                                                                                                                                         |                1 |             10 |
|  ap_clk      | grp_g_sum_fu_1416/ap_CS_fsm_state9                               | grp_g_sum_fu_1416/b_k_reg_930                                                                                                                                                           |                1 |             10 |
|  ap_clk      | we011_in                                                         | c_reg_8590                                                                                                                                                                              |                1 |             10 |
|  ap_clk      | grp_c_sum_fu_1398/b_k_1_reg_1120                                 |                                                                                                                                                                                         |                1 |             10 |
|  ap_clk      | grp_c_sum_fu_1398/b_k_reg_900                                    |                                                                                                                                                                                         |                1 |             10 |
|  ap_clk      | we019_in                                                         | b_k_2_reg_11490                                                                                                                                                                         |                1 |             10 |
|  ap_clk      | grp_c_sum_fu_1398/y_addr_5_reg_4410                              |                                                                                                                                                                                         |                3 |             10 |
|  ap_clk      | grp_c_sum_fu_1398/ap_NS_fsm[3]                                   |                                                                                                                                                                                         |                3 |             10 |
|  ap_clk      | ce053_in                                                         | biasConv1_U/lenetSynthMatlab_cud_rom_U/q0[31]_i_1__6_n_0                                                                                                                                |                1 |             10 |
|  ap_clk      | grp_f_sum_fu_1404/ap_CS_fsm_state11                              | grp_f_sum_fu_1404/c_k_reg_1230                                                                                                                                                          |                1 |             10 |
|  ap_clk      | grp_f_sum_fu_1404/ap_CS_fsm_state3                               |                                                                                                                                                                                         |                2 |             10 |
|  ap_clk      | grp_f_sum_fu_1404/ap_CS_fsm_state4                               | grp_f_sum_fu_1404/b_k_reg_900                                                                                                                                                           |                2 |             10 |
|  ap_clk      | ce02_in                                                          |                                                                                                                                                                                         |                2 |             10 |
|  ap_clk      | grp_f_sum_fu_1404/c_k_1_reg_361_reg[4]_0[0]                      |                                                                                                                                                                                         |                2 |             10 |
|  ap_clk      | grp_g_sum_fu_1416/ap_CS_fsm_state2                               |                                                                                                                                                                                         |                2 |             10 |
|  ap_clk      | grp_g_sum_fu_1416/ap_CS_fsm_state3                               | grp_g_sum_fu_1416/k_reg_71                                                                                                                                                              |                1 |             10 |
|  ap_clk      | ap_NS_fsm[7]                                                     |                                                                                                                                                                                         |                2 |             10 |
|  ap_clk      | r_3_reg_11940                                                    |                                                                                                                                                                                         |                2 |             12 |
|  ap_clk      | tmp13_reg_4570[10]_i_1_n_0                                       |                                                                                                                                                                                         |                1 |             12 |
|  ap_clk      | tmp8_reg_4698[10]_i_1_n_0                                        |                                                                                                                                                                                         |                1 |             12 |
|  ap_clk      | ap_CS_fsm_state6                                                 |                                                                                                                                                                                         |                1 |             12 |
|  ap_clk      | we07_in                                                          | ap_NS_fsm18_out                                                                                                                                                                         |                2 |             14 |
|  ap_clk      | ap_NS_fsm[35]                                                    |                                                                                                                                                                                         |                3 |             14 |
|  ap_clk      | we0                                                              | ap_NS_fsm116_out                                                                                                                                                                        |                1 |             14 |
|  ap_clk      | ap_CS_fsm_state78                                                |                                                                                                                                                                                         |                3 |             14 |
|  ap_clk      | ap_CS_fsm_state99                                                |                                                                                                                                                                                         |                2 |             14 |
|  ap_clk      | ap_NS_fsm[99]                                                    |                                                                                                                                                                                         |                1 |             14 |
|  ap_clk      | b_k_reg_9470                                                     |                                                                                                                                                                                         |                4 |             14 |
|  ap_clk      | ap_CS_fsm_state120                                               | colOutIdx_8_reg_1387                                                                                                                                                                    |                2 |             14 |
|  ap_clk      | grp_f_sum_fu_1404/y_addr_3_reg_3710                              |                                                                                                                                                                                         |                2 |             14 |
|  ap_clk      | grp_f_sum_fu_1404/tmp_158_reg_3161                               |                                                                                                                                                                                         |                2 |             14 |
|  ap_clk      | ap_CS_fsm[94]_i_1_n_0                                            |                                                                                                                                                                                         |                2 |             14 |
|  ap_clk      | ap_CS_fsm_state108                                               | colOutIdx_7_reg_1341                                                                                                                                                                    |                1 |             14 |
|  ap_clk      | ap_CS_fsm_state101                                               |                                                                                                                                                                                         |                2 |             14 |
|  ap_clk      | ap_CS_fsm_reg_n_0_[101]                                          |                                                                                                                                                                                         |                2 |             14 |
|  ap_clk      | ap_NS_fsm[46]                                                    |                                                                                                                                                                                         |                2 |             16 |
|  ap_clk      | ap_CS_fsm_state8                                                 |                                                                                                                                                                                         |                1 |             16 |
|  ap_clk      | ap_NS_fsm[81]                                                    |                                                                                                                                                                                         |                4 |             18 |
|  ap_clk      | invdar1_reg_11600                                                | ap_NS_fsm125_out                                                                                                                                                                        |                3 |             18 |
|  ap_clk      | b_k_3_reg_12750                                                  |                                                                                                                                                                                         |                3 |             18 |
|  ap_clk      | ap_NS_fsm[73]                                                    |                                                                                                                                                                                         |                3 |             18 |
|  ap_clk      | ap_CS_fsm_state68                                                |                                                                                                                                                                                         |                2 |             20 |
|  ap_clk      | ap_CS_fsm_state5                                                 |                                                                                                                                                                                         |                2 |             20 |
|  ap_clk      | ap_CS_fsm[59]_i_1_n_0                                            |                                                                                                                                                                                         |                3 |             22 |
|  ap_clk      | ap_NS_fsm[65]                                                    |                                                                                                                                                                                         |                3 |             22 |
|  ap_clk      | b_k_1_reg_10950                                                  |                                                                                                                                                                                         |                4 |             22 |
|  ap_clk      | grp_c_sum_fu_1398/c_k_reg_1230                                   |                                                                                                                                                                                         |                3 |             22 |
|  ap_clk      | invdar_reg_9580                                                  | ap_NS_fsm145_out                                                                                                                                                                        |                4 |             22 |
|  ap_clk      | ap_CS_fsm_state113                                               |                                                                                                                                                                                         |                4 |             24 |
|  ap_clk      | netScores_ce0                                                    | ap_NS_fsm17_out                                                                                                                                                                         |                4 |             24 |
|  ap_clk      | ap_CS_fsm_state79                                                |                                                                                                                                                                                         |                4 |             26 |
|  ap_clk      | ap_CS_fsm[21]_i_1_n_0                                            |                                                                                                                                                                                         |                4 |             26 |
|  ap_clk      | ap_NS_fsm114_out                                                 | k_4_reg_12410                                                                                                                                                                           |                4 |             26 |
|  ap_clk      | ap_NS_fsm[27]                                                    |                                                                                                                                                                                         |                4 |             26 |
|  ap_clk      | ap_NS_fsm150_out                                                 |                                                                                                                                                                                         |                5 |             28 |
|  ap_clk      | ap_CS_fsm_state39                                                | phi_mul4_reg_1003                                                                                                                                                                       |                3 |             28 |
|  ap_clk      |                                                                  | lenetSynthMatlab_bkb_U17/lenetSynthMatlab_ap_fadd_2_full_dsp_32_u/U0/i_synth/ADDSUB_OP.ADDSUB/SPEED_OP.DSP.OP/DSP48E1_BODY.ALIGN_ADD/DSP2/opt_has_pipe.first_q_reg[0]                   |                5 |             30 |
|  ap_clk      |                                                                  | grp_sum_fu_1422/lenetSynthMatlab_bkb_U1/lenetSynthMatlab_ap_fadd_2_full_dsp_32_u/U0/i_synth/ADDSUB_OP.ADDSUB/SPEED_OP.DSP.OP/DSP48E1_BODY.ALIGN_ADD/DSP2/opt_has_pipe.first_q_reg[0]    |                5 |             30 |
|  ap_clk      |                                                                  | grp_c_sum_fu_1398/lenetSynthMatlab_bkb_U5/lenetSynthMatlab_ap_fadd_2_full_dsp_32_u/U0/i_synth/ADDSUB_OP.ADDSUB/SPEED_OP.DSP.OP/DSP48E1_BODY.ALIGN_ADD/DSP2/opt_has_pipe.first_q_reg[0]  |                3 |             30 |
|  ap_clk      |                                                                  | grp_g_sum_fu_1416/lenetSynthMatlab_bkb_U14/lenetSynthMatlab_ap_fadd_2_full_dsp_32_u/U0/i_synth/ADDSUB_OP.ADDSUB/SPEED_OP.DSP.OP/DSP48E1_BODY.ALIGN_ADD/DSP2/opt_has_pipe.first_q_reg[0] |                4 |             30 |
|  ap_clk      |                                                                  | grp_f_sum_fu_1404/lenetSynthMatlab_bkb_U11/lenetSynthMatlab_ap_fadd_2_full_dsp_32_u/U0/i_synth/ADDSUB_OP.ADDSUB/SPEED_OP.DSP.OP/DSP48E1_BODY.ALIGN_ADD/DSP2/opt_has_pipe.first_q_reg[0] |                4 |             30 |
|  ap_clk      |                                                                  | grp_d_sum_fu_1410/lenetSynthMatlab_bkb_U8/lenetSynthMatlab_ap_fadd_2_full_dsp_32_u/U0/i_synth/ADDSUB_OP.ADDSUB/SPEED_OP.DSP.OP/DSP48E1_BODY.ALIGN_ADD/DSP2/opt_has_pipe.first_q_reg[0]  |                3 |             30 |
|  ap_clk      | ap_NS_fsm144_out                                                 | ap_NS_fsm154_out                                                                                                                                                                        |                4 |             32 |
|  ap_clk      | ap_NS_fsm151_out                                                 | phi_mul_reg_848                                                                                                                                                                         |                4 |             32 |
|  ap_clk      | ap_NS_fsm132_out                                                 |                                                                                                                                                                                         |                5 |             32 |
|  ap_clk      | we015_in                                                         | ap_NS_fsm121_out                                                                                                                                                                        |                7 |             34 |
|  ap_clk      | colOutIdx_7_reg_13410                                            |                                                                                                                                                                                         |                4 |             36 |
|  ap_clk      | ap_NS_fsm[71]                                                    |                                                                                                                                                                                         |                9 |             38 |
|  ap_clk      |                                                                  | lenetSynthMatlab_Ee0_U19/lenetSynthMatlab_ap_uitofp_1_no_dsp_32_u/U0/i_synth/FIX_TO_FLT_OP.SPD.OP/LZE/ZERO_DET_CC_2.CC/SR[0]                                                            |                7 |             46 |
|  ap_clk      | ap_CS_fsm_state31                                                |                                                                                                                                                                                         |                5 |             48 |
|  ap_clk      | ap_NS_fsm[33]                                                    |                                                                                                                                                                                         |                9 |             52 |
|  ap_clk      | ce053_in                                                         |                                                                                                                                                                                         |                4 |             52 |
|  ap_clk      | ap_CS_fsm_state4                                                 |                                                                                                                                                                                         |                5 |             54 |
|  ap_clk      | ap_CS_fsm_state25                                                |                                                                                                                                                                                         |                6 |             54 |
|  ap_clk      | ap_CS_fsm_state3                                                 |                                                                                                                                                                                         |                7 |             58 |
|  ap_clk      | ap_CS_fsm_state41                                                |                                                                                                                                                                                         |                5 |             58 |
|  ap_clk      | grp_d_sum_fu_1410/p_0_in                                         |                                                                                                                                                                                         |                8 |             64 |
|  ap_clk      | ap_CS_fsm[54]_i_1_n_0                                            |                                                                                                                                                                                         |                9 |             64 |
|  ap_clk      | ap_CS_fsm[16]_i_1_n_0                                            |                                                                                                                                                                                         |                9 |             64 |
|  ap_clk      | ap_CS_fsm[113]_i_1_n_0                                           | tmp_111_reg_1375[31]_i_1_n_0                                                                                                                                                            |                7 |             64 |
|  ap_clk      | ap_CS_fsm[101]_i_1_n_0                                           | tmp_95_reg_1329[31]_i_1_n_0                                                                                                                                                             |                7 |             64 |
|  ap_clk      | grp_sum_fu_1422/q0_reg[31][0]                                    |                                                                                                                                                                                         |               23 |             64 |
|  ap_clk      | grp_sum_fu_1422/E[0]                                             |                                                                                                                                                                                         |               11 |             64 |
|  ap_clk      | x_assign_reg_980[31]_i_2_n_0                                     | x_assign_reg_980[31]_i_1_n_0                                                                                                                                                            |                9 |             64 |
|  ap_clk      | x_assign_5_reg_1182[31]_i_2_n_0                                  | x_assign_5_reg_1182[31]_i_1_n_0                                                                                                                                                         |                5 |             64 |
|  ap_clk      | grp_sum_fu_1422/p_0_in                                           |                                                                                                                                                                                         |                8 |             64 |
|  ap_clk      | fv10_U/lenetSynthMatlab_pcA_ram_U/ram_reg_0_15_0_0_i_1__1_n_0    |                                                                                                                                                                                         |                8 |             64 |
|  ap_clk      | fv10_U/lenetSynthMatlab_pcA_ram_U/ram_reg_0_15_0_0__0_i_1__0_n_0 |                                                                                                                                                                                         |                8 |             64 |
|  ap_clk      | grp_g_sum_fu_1416/E[0]                                           |                                                                                                                                                                                         |               18 |             64 |
|  ap_clk      | grp_g_sum_fu_1416/p_0_in                                         |                                                                                                                                                                                         |                8 |             64 |
|  ap_clk      | ap_NS_fsm[89]                                                    |                                                                                                                                                                                         |               19 |             64 |
|  ap_clk      | grp_c_sum_fu_1398/q0_reg[0]_2                                    |                                                                                                                                                                                         |                8 |             64 |
|  ap_clk      | reg_14880                                                        |                                                                                                                                                                                         |               10 |             64 |
|  ap_clk      | grp_c_sum_fu_1398/q0_reg[31]                                     |                                                                                                                                                                                         |                8 |             64 |
|  ap_clk      | maxval_1_fu_336                                                  |                                                                                                                                                                                         |               13 |             64 |
|  ap_clk      | maxval_1_7_fu_348[31]_i_1_n_0                                    |                                                                                                                                                                                         |               15 |             64 |
|  ap_clk      | maxval_1_6_fu_344[31]_i_1_n_0                                    |                                                                                                                                                                                         |               23 |             64 |
|  ap_clk      | maxval_1_3_fu_340                                                |                                                                                                                                                                                         |               12 |             64 |
|  ap_clk      | grp_d_sum_fu_1410/q0_reg[31][0]                                  |                                                                                                                                                                                         |               18 |             64 |
|  ap_clk      | grp_d_sum_fu_1410/E[0]                                           |                                                                                                                                                                                         |               14 |             64 |
|  ap_clk      | c_3_reg_12060                                                    |                                                                                                                                                                                         |               13 |             70 |
|  ap_clk      | ce08_in                                                          |                                                                                                                                                                                         |                8 |             70 |
|  ap_clk      | ce035_in                                                         |                                                                                                                                                                                         |                8 |             78 |
|  ap_clk      | c_1_reg_10140                                                    |                                                                                                                                                                                         |               19 |             82 |
|  ap_clk      | ap_CS_fsm_state11                                                |                                                                                                                                                                                         |               33 |            126 |
|  ap_clk      | ap_CS_fsm_state30                                                |                                                                                                                                                                                         |               26 |            140 |
|  ap_clk      |                                                                  | ap_rst                                                                                                                                                                                  |               82 |            364 |
|  ap_clk      |                                                                  |                                                                                                                                                                                         |              387 |           2518 |
+--------------+------------------------------------------------------------------+-----------------------------------------------------------------------------------------------------------------------------------------------------------------------------------------+------------------+----------------+


