Copyright 1986-2018 Xilinx, Inc. All Rights Reserved.
------------------------------------------------------------------------------------------------------------------------------------------
| Tool Version : Vivado v.2018.2 (lin64) Build 2258646 Thu Jun 14 20:02:38 MDT 2018
| Date         : Wed Dec 12 12:43:52 2018
| Host         : Neuromancer running 64-bit Ubuntu 18.04.1 LTS
| Command      : report_drc -file lenetSynthMatlab_drc_routed.rpt -pb lenetSynthMatlab_drc_routed.pb -rpx lenetSynthMatlab_drc_routed.rpx
| Design       : lenetSynthMatlab
| Device       : xc7a100tcsg324-1
| Speed File   : -1
| Design State : Routed
------------------------------------------------------------------------------------------------------------------------------------------

Report DRC

Table of Contents
-----------------
1. REPORT SUMMARY
2. REPORT DETAILS

1. REPORT SUMMARY
-----------------
            Netlist: netlist
          Floorplan: checkpoint_lenetSynthMatlab
      Design limits: <entire design considered>
           Ruledeck: default
             Max violations: <unlimited>
             Violations found: 97
+-----------+----------+-------------------------------------------------------------------+------------+
| Rule      | Severity | Description                                                       | Violations |
+-----------+----------+-------------------------------------------------------------------+------------+
| CFGBVS-1  | Warning  | Missing CFGBVS and CONFIG_VOLTAGE Design Properties               | 1          |
| DPIP-1    | Warning  | Input pipelining                                                  | 40         |
| DPOP-1    | Warning  | PREG Output pipelining                                            | 24         |
| DPOP-2    | Warning  | MREG Output pipelining                                            | 10         |
| DPREG-4   | Warning  | DSP48E1_PregDynOpmodeZmuxP:                                       | 6          |
| AVAL-4    | Advisory | enum_USE_DPORT_FALSE_enum_DREG_ADREG_0_connects_CED_CEAD_RSTD_GND | 9          |
| AVAL-5    | Advisory | enum_USE_MULT_NONE_enum_DREG_ADREG_0_connects_CED_CEAD_RSTD_GND   | 1          |
| REQP-1725 | Advisory | DSP_Abus_sign_bit_alert                                           | 6          |
+-----------+----------+-------------------------------------------------------------------+------------+

2. REPORT DETAILS
-----------------
CFGBVS-1#1 Warning
Missing CFGBVS and CONFIG_VOLTAGE Design Properties  
Neither the CFGBVS nor CONFIG_VOLTAGE voltage property is set in the current_design.  Configuration bank voltage select (CFGBVS) must be set to VCCO or GND, and CONFIG_VOLTAGE must be set to the correct configuration voltage, in order to determine the I/O voltage support for the pins in bank 0.  It is suggested to specify these either using the 'Edit Device Properties' function in the GUI or directly in the XDC file using the following syntax:

 set_property CFGBVS value1 [current_design]
 #where value1 is either VCCO or GND

 set_property CONFIG_VOLTAGE value2 [current_design]
 #where value2 is the voltage provided to configuration bank 0

Refer to the device configuration user guide for more information.
Related violations: <none>

DPIP-1#1 Warning
Input pipelining  
DSP grp_c_sum_fu_1398/lenetSynthMatlab_bkb_U5/lenetSynthMatlab_ap_fadd_2_full_dsp_32_u/U0/i_synth/ADDSUB_OP.ADDSUB/SPEED_OP.DSP.OP/DSP48E1_BODY.ALIGN_ADD/DSP2/DSP input grp_c_sum_fu_1398/lenetSynthMatlab_bkb_U5/lenetSynthMatlab_ap_fadd_2_full_dsp_32_u/U0/i_synth/ADDSUB_OP.ADDSUB/SPEED_OP.DSP.OP/DSP48E1_BODY.ALIGN_ADD/DSP2/DSP/A[29:0] is not pipelined. Pipelining DSP48 input will improve performance.
Related violations: <none>

DPIP-1#2 Warning
Input pipelining  
DSP grp_c_sum_fu_1398/lenetSynthMatlab_bkb_U5/lenetSynthMatlab_ap_fadd_2_full_dsp_32_u/U0/i_synth/ADDSUB_OP.ADDSUB/SPEED_OP.DSP.OP/DSP48E1_BODY.ALIGN_ADD/DSP2/DSP input grp_c_sum_fu_1398/lenetSynthMatlab_bkb_U5/lenetSynthMatlab_ap_fadd_2_full_dsp_32_u/U0/i_synth/ADDSUB_OP.ADDSUB/SPEED_OP.DSP.OP/DSP48E1_BODY.ALIGN_ADD/DSP2/DSP/B[17:0] is not pipelined. Pipelining DSP48 input will improve performance.
Related violations: <none>

DPIP-1#3 Warning
Input pipelining  
DSP grp_c_sum_fu_1398/lenetSynthMatlab_bkb_U5/lenetSynthMatlab_ap_fadd_2_full_dsp_32_u/U0/i_synth/ADDSUB_OP.ADDSUB/SPEED_OP.DSP.OP/DSP48E1_BODY.ALIGN_ADD/DSP2/DSP input grp_c_sum_fu_1398/lenetSynthMatlab_bkb_U5/lenetSynthMatlab_ap_fadd_2_full_dsp_32_u/U0/i_synth/ADDSUB_OP.ADDSUB/SPEED_OP.DSP.OP/DSP48E1_BODY.ALIGN_ADD/DSP2/DSP/C[47:0] is not pipelined. Pipelining DSP48 input will improve performance.
Related violations: <none>

DPIP-1#4 Warning
Input pipelining  
DSP grp_c_sum_fu_1398/lenetSynthMatlab_bkb_U5/lenetSynthMatlab_ap_fadd_2_full_dsp_32_u/U0/i_synth/ADDSUB_OP.ADDSUB/SPEED_OP.DSP.OP/DSP48E1_BODY.NORM_RND/FULL_USAGE_DSP.SHIFT_RND/DSP input grp_c_sum_fu_1398/lenetSynthMatlab_bkb_U5/lenetSynthMatlab_ap_fadd_2_full_dsp_32_u/U0/i_synth/ADDSUB_OP.ADDSUB/SPEED_OP.DSP.OP/DSP48E1_BODY.NORM_RND/FULL_USAGE_DSP.SHIFT_RND/DSP/A[29:0] is not pipelined. Pipelining DSP48 input will improve performance.
Related violations: <none>

DPIP-1#5 Warning
Input pipelining  
DSP grp_c_sum_fu_1398/lenetSynthMatlab_bkb_U5/lenetSynthMatlab_ap_fadd_2_full_dsp_32_u/U0/i_synth/ADDSUB_OP.ADDSUB/SPEED_OP.DSP.OP/DSP48E1_BODY.NORM_RND/FULL_USAGE_DSP.SHIFT_RND/DSP input grp_c_sum_fu_1398/lenetSynthMatlab_bkb_U5/lenetSynthMatlab_ap_fadd_2_full_dsp_32_u/U0/i_synth/ADDSUB_OP.ADDSUB/SPEED_OP.DSP.OP/DSP48E1_BODY.NORM_RND/FULL_USAGE_DSP.SHIFT_RND/DSP/B[17:0] is not pipelined. Pipelining DSP48 input will improve performance.
Related violations: <none>

DPIP-1#6 Warning
Input pipelining  
DSP grp_c_sum_fu_1398/lenetSynthMatlab_bkb_U5/lenetSynthMatlab_ap_fadd_2_full_dsp_32_u/U0/i_synth/ADDSUB_OP.ADDSUB/SPEED_OP.DSP.OP/DSP48E1_BODY.NORM_RND/FULL_USAGE_DSP.SHIFT_RND/DSP input grp_c_sum_fu_1398/lenetSynthMatlab_bkb_U5/lenetSynthMatlab_ap_fadd_2_full_dsp_32_u/U0/i_synth/ADDSUB_OP.ADDSUB/SPEED_OP.DSP.OP/DSP48E1_BODY.NORM_RND/FULL_USAGE_DSP.SHIFT_RND/DSP/C[47:0] is not pipelined. Pipelining DSP48 input will improve performance.
Related violations: <none>

DPIP-1#7 Warning
Input pipelining  
DSP grp_d_sum_fu_1410/lenetSynthMatlab_bkb_U8/lenetSynthMatlab_ap_fadd_2_full_dsp_32_u/U0/i_synth/ADDSUB_OP.ADDSUB/SPEED_OP.DSP.OP/DSP48E1_BODY.ALIGN_ADD/DSP2/DSP input grp_d_sum_fu_1410/lenetSynthMatlab_bkb_U8/lenetSynthMatlab_ap_fadd_2_full_dsp_32_u/U0/i_synth/ADDSUB_OP.ADDSUB/SPEED_OP.DSP.OP/DSP48E1_BODY.ALIGN_ADD/DSP2/DSP/A[29:0] is not pipelined. Pipelining DSP48 input will improve performance.
Related violations: <none>

DPIP-1#8 Warning
Input pipelining  
DSP grp_d_sum_fu_1410/lenetSynthMatlab_bkb_U8/lenetSynthMatlab_ap_fadd_2_full_dsp_32_u/U0/i_synth/ADDSUB_OP.ADDSUB/SPEED_OP.DSP.OP/DSP48E1_BODY.ALIGN_ADD/DSP2/DSP input grp_d_sum_fu_1410/lenetSynthMatlab_bkb_U8/lenetSynthMatlab_ap_fadd_2_full_dsp_32_u/U0/i_synth/ADDSUB_OP.ADDSUB/SPEED_OP.DSP.OP/DSP48E1_BODY.ALIGN_ADD/DSP2/DSP/B[17:0] is not pipelined. Pipelining DSP48 input will improve performance.
Related violations: <none>

DPIP-1#9 Warning
Input pipelining  
DSP grp_d_sum_fu_1410/lenetSynthMatlab_bkb_U8/lenetSynthMatlab_ap_fadd_2_full_dsp_32_u/U0/i_synth/ADDSUB_OP.ADDSUB/SPEED_OP.DSP.OP/DSP48E1_BODY.ALIGN_ADD/DSP2/DSP input grp_d_sum_fu_1410/lenetSynthMatlab_bkb_U8/lenetSynthMatlab_ap_fadd_2_full_dsp_32_u/U0/i_synth/ADDSUB_OP.ADDSUB/SPEED_OP.DSP.OP/DSP48E1_BODY.ALIGN_ADD/DSP2/DSP/C[47:0] is not pipelined. Pipelining DSP48 input will improve performance.
Related violations: <none>

DPIP-1#10 Warning
Input pipelining  
DSP grp_d_sum_fu_1410/lenetSynthMatlab_bkb_U8/lenetSynthMatlab_ap_fadd_2_full_dsp_32_u/U0/i_synth/ADDSUB_OP.ADDSUB/SPEED_OP.DSP.OP/DSP48E1_BODY.NORM_RND/FULL_USAGE_DSP.SHIFT_RND/DSP input grp_d_sum_fu_1410/lenetSynthMatlab_bkb_U8/lenetSynthMatlab_ap_fadd_2_full_dsp_32_u/U0/i_synth/ADDSUB_OP.ADDSUB/SPEED_OP.DSP.OP/DSP48E1_BODY.NORM_RND/FULL_USAGE_DSP.SHIFT_RND/DSP/A[29:0] is not pipelined. Pipelining DSP48 input will improve performance.
Related violations: <none>

DPIP-1#11 Warning
Input pipelining  
DSP grp_d_sum_fu_1410/lenetSynthMatlab_bkb_U8/lenetSynthMatlab_ap_fadd_2_full_dsp_32_u/U0/i_synth/ADDSUB_OP.ADDSUB/SPEED_OP.DSP.OP/DSP48E1_BODY.NORM_RND/FULL_USAGE_DSP.SHIFT_RND/DSP input grp_d_sum_fu_1410/lenetSynthMatlab_bkb_U8/lenetSynthMatlab_ap_fadd_2_full_dsp_32_u/U0/i_synth/ADDSUB_OP.ADDSUB/SPEED_OP.DSP.OP/DSP48E1_BODY.NORM_RND/FULL_USAGE_DSP.SHIFT_RND/DSP/B[17:0] is not pipelined. Pipelining DSP48 input will improve performance.
Related violations: <none>

DPIP-1#12 Warning
Input pipelining  
DSP grp_d_sum_fu_1410/lenetSynthMatlab_bkb_U8/lenetSynthMatlab_ap_fadd_2_full_dsp_32_u/U0/i_synth/ADDSUB_OP.ADDSUB/SPEED_OP.DSP.OP/DSP48E1_BODY.NORM_RND/FULL_USAGE_DSP.SHIFT_RND/DSP input grp_d_sum_fu_1410/lenetSynthMatlab_bkb_U8/lenetSynthMatlab_ap_fadd_2_full_dsp_32_u/U0/i_synth/ADDSUB_OP.ADDSUB/SPEED_OP.DSP.OP/DSP48E1_BODY.NORM_RND/FULL_USAGE_DSP.SHIFT_RND/DSP/C[47:0] is not pipelined. Pipelining DSP48 input will improve performance.
Related violations: <none>

DPIP-1#13 Warning
Input pipelining  
DSP grp_f_sum_fu_1404/lenetSynthMatlab_bkb_U11/lenetSynthMatlab_ap_fadd_2_full_dsp_32_u/U0/i_synth/ADDSUB_OP.ADDSUB/SPEED_OP.DSP.OP/DSP48E1_BODY.ALIGN_ADD/DSP2/DSP input grp_f_sum_fu_1404/lenetSynthMatlab_bkb_U11/lenetSynthMatlab_ap_fadd_2_full_dsp_32_u/U0/i_synth/ADDSUB_OP.ADDSUB/SPEED_OP.DSP.OP/DSP48E1_BODY.ALIGN_ADD/DSP2/DSP/A[29:0] is not pipelined. Pipelining DSP48 input will improve performance.
Related violations: <none>

DPIP-1#14 Warning
Input pipelining  
DSP grp_f_sum_fu_1404/lenetSynthMatlab_bkb_U11/lenetSynthMatlab_ap_fadd_2_full_dsp_32_u/U0/i_synth/ADDSUB_OP.ADDSUB/SPEED_OP.DSP.OP/DSP48E1_BODY.ALIGN_ADD/DSP2/DSP input grp_f_sum_fu_1404/lenetSynthMatlab_bkb_U11/lenetSynthMatlab_ap_fadd_2_full_dsp_32_u/U0/i_synth/ADDSUB_OP.ADDSUB/SPEED_OP.DSP.OP/DSP48E1_BODY.ALIGN_ADD/DSP2/DSP/B[17:0] is not pipelined. Pipelining DSP48 input will improve performance.
Related violations: <none>

DPIP-1#15 Warning
Input pipelining  
DSP grp_f_sum_fu_1404/lenetSynthMatlab_bkb_U11/lenetSynthMatlab_ap_fadd_2_full_dsp_32_u/U0/i_synth/ADDSUB_OP.ADDSUB/SPEED_OP.DSP.OP/DSP48E1_BODY.ALIGN_ADD/DSP2/DSP input grp_f_sum_fu_1404/lenetSynthMatlab_bkb_U11/lenetSynthMatlab_ap_fadd_2_full_dsp_32_u/U0/i_synth/ADDSUB_OP.ADDSUB/SPEED_OP.DSP.OP/DSP48E1_BODY.ALIGN_ADD/DSP2/DSP/C[47:0] is not pipelined. Pipelining DSP48 input will improve performance.
Related violations: <none>

DPIP-1#16 Warning
Input pipelining  
DSP grp_f_sum_fu_1404/lenetSynthMatlab_bkb_U11/lenetSynthMatlab_ap_fadd_2_full_dsp_32_u/U0/i_synth/ADDSUB_OP.ADDSUB/SPEED_OP.DSP.OP/DSP48E1_BODY.NORM_RND/FULL_USAGE_DSP.SHIFT_RND/DSP input grp_f_sum_fu_1404/lenetSynthMatlab_bkb_U11/lenetSynthMatlab_ap_fadd_2_full_dsp_32_u/U0/i_synth/ADDSUB_OP.ADDSUB/SPEED_OP.DSP.OP/DSP48E1_BODY.NORM_RND/FULL_USAGE_DSP.SHIFT_RND/DSP/A[29:0] is not pipelined. Pipelining DSP48 input will improve performance.
Related violations: <none>

DPIP-1#17 Warning
Input pipelining  
DSP grp_f_sum_fu_1404/lenetSynthMatlab_bkb_U11/lenetSynthMatlab_ap_fadd_2_full_dsp_32_u/U0/i_synth/ADDSUB_OP.ADDSUB/SPEED_OP.DSP.OP/DSP48E1_BODY.NORM_RND/FULL_USAGE_DSP.SHIFT_RND/DSP input grp_f_sum_fu_1404/lenetSynthMatlab_bkb_U11/lenetSynthMatlab_ap_fadd_2_full_dsp_32_u/U0/i_synth/ADDSUB_OP.ADDSUB/SPEED_OP.DSP.OP/DSP48E1_BODY.NORM_RND/FULL_USAGE_DSP.SHIFT_RND/DSP/B[17:0] is not pipelined. Pipelining DSP48 input will improve performance.
Related violations: <none>

DPIP-1#18 Warning
Input pipelining  
DSP grp_f_sum_fu_1404/lenetSynthMatlab_bkb_U11/lenetSynthMatlab_ap_fadd_2_full_dsp_32_u/U0/i_synth/ADDSUB_OP.ADDSUB/SPEED_OP.DSP.OP/DSP48E1_BODY.NORM_RND/FULL_USAGE_DSP.SHIFT_RND/DSP input grp_f_sum_fu_1404/lenetSynthMatlab_bkb_U11/lenetSynthMatlab_ap_fadd_2_full_dsp_32_u/U0/i_synth/ADDSUB_OP.ADDSUB/SPEED_OP.DSP.OP/DSP48E1_BODY.NORM_RND/FULL_USAGE_DSP.SHIFT_RND/DSP/C[47:0] is not pipelined. Pipelining DSP48 input will improve performance.
Related violations: <none>

DPIP-1#19 Warning
Input pipelining  
DSP grp_g_sum_fu_1416/lenetSynthMatlab_bkb_U14/lenetSynthMatlab_ap_fadd_2_full_dsp_32_u/U0/i_synth/ADDSUB_OP.ADDSUB/SPEED_OP.DSP.OP/DSP48E1_BODY.ALIGN_ADD/DSP2/DSP input grp_g_sum_fu_1416/lenetSynthMatlab_bkb_U14/lenetSynthMatlab_ap_fadd_2_full_dsp_32_u/U0/i_synth/ADDSUB_OP.ADDSUB/SPEED_OP.DSP.OP/DSP48E1_BODY.ALIGN_ADD/DSP2/DSP/A[29:0] is not pipelined. Pipelining DSP48 input will improve performance.
Related violations: <none>

DPIP-1#20 Warning
Input pipelining  
DSP grp_g_sum_fu_1416/lenetSynthMatlab_bkb_U14/lenetSynthMatlab_ap_fadd_2_full_dsp_32_u/U0/i_synth/ADDSUB_OP.ADDSUB/SPEED_OP.DSP.OP/DSP48E1_BODY.ALIGN_ADD/DSP2/DSP input grp_g_sum_fu_1416/lenetSynthMatlab_bkb_U14/lenetSynthMatlab_ap_fadd_2_full_dsp_32_u/U0/i_synth/ADDSUB_OP.ADDSUB/SPEED_OP.DSP.OP/DSP48E1_BODY.ALIGN_ADD/DSP2/DSP/B[17:0] is not pipelined. Pipelining DSP48 input will improve performance.
Related violations: <none>

DPIP-1#21 Warning
Input pipelining  
DSP grp_g_sum_fu_1416/lenetSynthMatlab_bkb_U14/lenetSynthMatlab_ap_fadd_2_full_dsp_32_u/U0/i_synth/ADDSUB_OP.ADDSUB/SPEED_OP.DSP.OP/DSP48E1_BODY.ALIGN_ADD/DSP2/DSP input grp_g_sum_fu_1416/lenetSynthMatlab_bkb_U14/lenetSynthMatlab_ap_fadd_2_full_dsp_32_u/U0/i_synth/ADDSUB_OP.ADDSUB/SPEED_OP.DSP.OP/DSP48E1_BODY.ALIGN_ADD/DSP2/DSP/C[47:0] is not pipelined. Pipelining DSP48 input will improve performance.
Related violations: <none>

DPIP-1#22 Warning
Input pipelining  
DSP grp_g_sum_fu_1416/lenetSynthMatlab_bkb_U14/lenetSynthMatlab_ap_fadd_2_full_dsp_32_u/U0/i_synth/ADDSUB_OP.ADDSUB/SPEED_OP.DSP.OP/DSP48E1_BODY.NORM_RND/FULL_USAGE_DSP.SHIFT_RND/DSP input grp_g_sum_fu_1416/lenetSynthMatlab_bkb_U14/lenetSynthMatlab_ap_fadd_2_full_dsp_32_u/U0/i_synth/ADDSUB_OP.ADDSUB/SPEED_OP.DSP.OP/DSP48E1_BODY.NORM_RND/FULL_USAGE_DSP.SHIFT_RND/DSP/A[29:0] is not pipelined. Pipelining DSP48 input will improve performance.
Related violations: <none>

DPIP-1#23 Warning
Input pipelining  
DSP grp_g_sum_fu_1416/lenetSynthMatlab_bkb_U14/lenetSynthMatlab_ap_fadd_2_full_dsp_32_u/U0/i_synth/ADDSUB_OP.ADDSUB/SPEED_OP.DSP.OP/DSP48E1_BODY.NORM_RND/FULL_USAGE_DSP.SHIFT_RND/DSP input grp_g_sum_fu_1416/lenetSynthMatlab_bkb_U14/lenetSynthMatlab_ap_fadd_2_full_dsp_32_u/U0/i_synth/ADDSUB_OP.ADDSUB/SPEED_OP.DSP.OP/DSP48E1_BODY.NORM_RND/FULL_USAGE_DSP.SHIFT_RND/DSP/B[17:0] is not pipelined. Pipelining DSP48 input will improve performance.
Related violations: <none>

DPIP-1#24 Warning
Input pipelining  
DSP grp_g_sum_fu_1416/lenetSynthMatlab_bkb_U14/lenetSynthMatlab_ap_fadd_2_full_dsp_32_u/U0/i_synth/ADDSUB_OP.ADDSUB/SPEED_OP.DSP.OP/DSP48E1_BODY.NORM_RND/FULL_USAGE_DSP.SHIFT_RND/DSP input grp_g_sum_fu_1416/lenetSynthMatlab_bkb_U14/lenetSynthMatlab_ap_fadd_2_full_dsp_32_u/U0/i_synth/ADDSUB_OP.ADDSUB/SPEED_OP.DSP.OP/DSP48E1_BODY.NORM_RND/FULL_USAGE_DSP.SHIFT_RND/DSP/C[47:0] is not pipelined. Pipelining DSP48 input will improve performance.
Related violations: <none>

DPIP-1#25 Warning
Input pipelining  
DSP grp_sum_fu_1422/lenetSynthMatlab_bkb_U1/lenetSynthMatlab_ap_fadd_2_full_dsp_32_u/U0/i_synth/ADDSUB_OP.ADDSUB/SPEED_OP.DSP.OP/DSP48E1_BODY.ALIGN_ADD/DSP2/DSP input grp_sum_fu_1422/lenetSynthMatlab_bkb_U1/lenetSynthMatlab_ap_fadd_2_full_dsp_32_u/U0/i_synth/ADDSUB_OP.ADDSUB/SPEED_OP.DSP.OP/DSP48E1_BODY.ALIGN_ADD/DSP2/DSP/A[29:0] is not pipelined. Pipelining DSP48 input will improve performance.
Related violations: <none>

DPIP-1#26 Warning
Input pipelining  
DSP grp_sum_fu_1422/lenetSynthMatlab_bkb_U1/lenetSynthMatlab_ap_fadd_2_full_dsp_32_u/U0/i_synth/ADDSUB_OP.ADDSUB/SPEED_OP.DSP.OP/DSP48E1_BODY.ALIGN_ADD/DSP2/DSP input grp_sum_fu_1422/lenetSynthMatlab_bkb_U1/lenetSynthMatlab_ap_fadd_2_full_dsp_32_u/U0/i_synth/ADDSUB_OP.ADDSUB/SPEED_OP.DSP.OP/DSP48E1_BODY.ALIGN_ADD/DSP2/DSP/B[17:0] is not pipelined. Pipelining DSP48 input will improve performance.
Related violations: <none>

DPIP-1#27 Warning
Input pipelining  
DSP grp_sum_fu_1422/lenetSynthMatlab_bkb_U1/lenetSynthMatlab_ap_fadd_2_full_dsp_32_u/U0/i_synth/ADDSUB_OP.ADDSUB/SPEED_OP.DSP.OP/DSP48E1_BODY.ALIGN_ADD/DSP2/DSP input grp_sum_fu_1422/lenetSynthMatlab_bkb_U1/lenetSynthMatlab_ap_fadd_2_full_dsp_32_u/U0/i_synth/ADDSUB_OP.ADDSUB/SPEED_OP.DSP.OP/DSP48E1_BODY.ALIGN_ADD/DSP2/DSP/C[47:0] is not pipelined. Pipelining DSP48 input will improve performance.
Related violations: <none>

DPIP-1#28 Warning
Input pipelining  
DSP grp_sum_fu_1422/lenetSynthMatlab_bkb_U1/lenetSynthMatlab_ap_fadd_2_full_dsp_32_u/U0/i_synth/ADDSUB_OP.ADDSUB/SPEED_OP.DSP.OP/DSP48E1_BODY.NORM_RND/FULL_USAGE_DSP.SHIFT_RND/DSP input grp_sum_fu_1422/lenetSynthMatlab_bkb_U1/lenetSynthMatlab_ap_fadd_2_full_dsp_32_u/U0/i_synth/ADDSUB_OP.ADDSUB/SPEED_OP.DSP.OP/DSP48E1_BODY.NORM_RND/FULL_USAGE_DSP.SHIFT_RND/DSP/A[29:0] is not pipelined. Pipelining DSP48 input will improve performance.
Related violations: <none>

DPIP-1#29 Warning
Input pipelining  
DSP grp_sum_fu_1422/lenetSynthMatlab_bkb_U1/lenetSynthMatlab_ap_fadd_2_full_dsp_32_u/U0/i_synth/ADDSUB_OP.ADDSUB/SPEED_OP.DSP.OP/DSP48E1_BODY.NORM_RND/FULL_USAGE_DSP.SHIFT_RND/DSP input grp_sum_fu_1422/lenetSynthMatlab_bkb_U1/lenetSynthMatlab_ap_fadd_2_full_dsp_32_u/U0/i_synth/ADDSUB_OP.ADDSUB/SPEED_OP.DSP.OP/DSP48E1_BODY.NORM_RND/FULL_USAGE_DSP.SHIFT_RND/DSP/B[17:0] is not pipelined. Pipelining DSP48 input will improve performance.
Related violations: <none>

DPIP-1#30 Warning
Input pipelining  
DSP grp_sum_fu_1422/lenetSynthMatlab_bkb_U1/lenetSynthMatlab_ap_fadd_2_full_dsp_32_u/U0/i_synth/ADDSUB_OP.ADDSUB/SPEED_OP.DSP.OP/DSP48E1_BODY.NORM_RND/FULL_USAGE_DSP.SHIFT_RND/DSP input grp_sum_fu_1422/lenetSynthMatlab_bkb_U1/lenetSynthMatlab_ap_fadd_2_full_dsp_32_u/U0/i_synth/ADDSUB_OP.ADDSUB/SPEED_OP.DSP.OP/DSP48E1_BODY.NORM_RND/FULL_USAGE_DSP.SHIFT_RND/DSP/C[47:0] is not pipelined. Pipelining DSP48 input will improve performance.
Related violations: <none>

DPIP-1#31 Warning
Input pipelining  
DSP lenetSynthMatlab_DeQ_U18/lenetSynthMatlab_ap_fmul_0_max_dsp_32_u/U0/i_synth/MULT.OP/MULT/DSP48E1_SPD_SGL_VARIANT.FIX_MULT/DSP1/DSP input lenetSynthMatlab_DeQ_U18/lenetSynthMatlab_ap_fmul_0_max_dsp_32_u/U0/i_synth/MULT.OP/MULT/DSP48E1_SPD_SGL_VARIANT.FIX_MULT/DSP1/DSP/A[29:0] is not pipelined. Pipelining DSP48 input will improve performance.
Related violations: <none>

DPIP-1#32 Warning
Input pipelining  
DSP lenetSynthMatlab_DeQ_U18/lenetSynthMatlab_ap_fmul_0_max_dsp_32_u/U0/i_synth/MULT.OP/MULT/DSP48E1_SPD_SGL_VARIANT.FIX_MULT/DSP1/DSP input lenetSynthMatlab_DeQ_U18/lenetSynthMatlab_ap_fmul_0_max_dsp_32_u/U0/i_synth/MULT.OP/MULT/DSP48E1_SPD_SGL_VARIANT.FIX_MULT/DSP1/DSP/B[17:0] is not pipelined. Pipelining DSP48 input will improve performance.
Related violations: <none>

DPIP-1#33 Warning
Input pipelining  
DSP lenetSynthMatlab_DeQ_U18/lenetSynthMatlab_ap_fmul_0_max_dsp_32_u/U0/i_synth/MULT.OP/MULT/DSP48E1_SPD_SGL_VARIANT.FIX_MULT/DSP2/DSP input lenetSynthMatlab_DeQ_U18/lenetSynthMatlab_ap_fmul_0_max_dsp_32_u/U0/i_synth/MULT.OP/MULT/DSP48E1_SPD_SGL_VARIANT.FIX_MULT/DSP2/DSP/B[17:0] is not pipelined. Pipelining DSP48 input will improve performance.
Related violations: <none>

DPIP-1#34 Warning
Input pipelining  
DSP lenetSynthMatlab_DeQ_U18/lenetSynthMatlab_ap_fmul_0_max_dsp_32_u/U0/i_synth/MULT.OP/R_AND_R/LAT_OPT.FULL.R_AND_R/DSP48E1_SGL_EXP_IP.OLD_ADD.ADD/DSP input lenetSynthMatlab_DeQ_U18/lenetSynthMatlab_ap_fmul_0_max_dsp_32_u/U0/i_synth/MULT.OP/R_AND_R/LAT_OPT.FULL.R_AND_R/DSP48E1_SGL_EXP_IP.OLD_ADD.ADD/DSP/C[47:0] is not pipelined. Pipelining DSP48 input will improve performance.
Related violations: <none>

DPIP-1#35 Warning
Input pipelining  
DSP lenetSynthMatlab_bkb_U17/lenetSynthMatlab_ap_fadd_2_full_dsp_32_u/U0/i_synth/ADDSUB_OP.ADDSUB/SPEED_OP.DSP.OP/DSP48E1_BODY.ALIGN_ADD/DSP2/DSP input lenetSynthMatlab_bkb_U17/lenetSynthMatlab_ap_fadd_2_full_dsp_32_u/U0/i_synth/ADDSUB_OP.ADDSUB/SPEED_OP.DSP.OP/DSP48E1_BODY.ALIGN_ADD/DSP2/DSP/A[29:0] is not pipelined. Pipelining DSP48 input will improve performance.
Related violations: <none>

DPIP-1#36 Warning
Input pipelining  
DSP lenetSynthMatlab_bkb_U17/lenetSynthMatlab_ap_fadd_2_full_dsp_32_u/U0/i_synth/ADDSUB_OP.ADDSUB/SPEED_OP.DSP.OP/DSP48E1_BODY.ALIGN_ADD/DSP2/DSP input lenetSynthMatlab_bkb_U17/lenetSynthMatlab_ap_fadd_2_full_dsp_32_u/U0/i_synth/ADDSUB_OP.ADDSUB/SPEED_OP.DSP.OP/DSP48E1_BODY.ALIGN_ADD/DSP2/DSP/B[17:0] is not pipelined. Pipelining DSP48 input will improve performance.
Related violations: <none>

DPIP-1#37 Warning
Input pipelining  
DSP lenetSynthMatlab_bkb_U17/lenetSynthMatlab_ap_fadd_2_full_dsp_32_u/U0/i_synth/ADDSUB_OP.ADDSUB/SPEED_OP.DSP.OP/DSP48E1_BODY.ALIGN_ADD/DSP2/DSP input lenetSynthMatlab_bkb_U17/lenetSynthMatlab_ap_fadd_2_full_dsp_32_u/U0/i_synth/ADDSUB_OP.ADDSUB/SPEED_OP.DSP.OP/DSP48E1_BODY.ALIGN_ADD/DSP2/DSP/C[47:0] is not pipelined. Pipelining DSP48 input will improve performance.
Related violations: <none>

DPIP-1#38 Warning
Input pipelining  
DSP lenetSynthMatlab_bkb_U17/lenetSynthMatlab_ap_fadd_2_full_dsp_32_u/U0/i_synth/ADDSUB_OP.ADDSUB/SPEED_OP.DSP.OP/DSP48E1_BODY.NORM_RND/FULL_USAGE_DSP.SHIFT_RND/DSP input lenetSynthMatlab_bkb_U17/lenetSynthMatlab_ap_fadd_2_full_dsp_32_u/U0/i_synth/ADDSUB_OP.ADDSUB/SPEED_OP.DSP.OP/DSP48E1_BODY.NORM_RND/FULL_USAGE_DSP.SHIFT_RND/DSP/A[29:0] is not pipelined. Pipelining DSP48 input will improve performance.
Related violations: <none>

DPIP-1#39 Warning
Input pipelining  
DSP lenetSynthMatlab_bkb_U17/lenetSynthMatlab_ap_fadd_2_full_dsp_32_u/U0/i_synth/ADDSUB_OP.ADDSUB/SPEED_OP.DSP.OP/DSP48E1_BODY.NORM_RND/FULL_USAGE_DSP.SHIFT_RND/DSP input lenetSynthMatlab_bkb_U17/lenetSynthMatlab_ap_fadd_2_full_dsp_32_u/U0/i_synth/ADDSUB_OP.ADDSUB/SPEED_OP.DSP.OP/DSP48E1_BODY.NORM_RND/FULL_USAGE_DSP.SHIFT_RND/DSP/B[17:0] is not pipelined. Pipelining DSP48 input will improve performance.
Related violations: <none>

DPIP-1#40 Warning
Input pipelining  
DSP lenetSynthMatlab_bkb_U17/lenetSynthMatlab_ap_fadd_2_full_dsp_32_u/U0/i_synth/ADDSUB_OP.ADDSUB/SPEED_OP.DSP.OP/DSP48E1_BODY.NORM_RND/FULL_USAGE_DSP.SHIFT_RND/DSP input lenetSynthMatlab_bkb_U17/lenetSynthMatlab_ap_fadd_2_full_dsp_32_u/U0/i_synth/ADDSUB_OP.ADDSUB/SPEED_OP.DSP.OP/DSP48E1_BODY.NORM_RND/FULL_USAGE_DSP.SHIFT_RND/DSP/C[47:0] is not pipelined. Pipelining DSP48 input will improve performance.
Related violations: <none>

DPOP-1#1 Warning
PREG Output pipelining  
DSP grp_c_sum_fu_1398/lenetSynthMatlab_bkb_U5/lenetSynthMatlab_ap_fadd_2_full_dsp_32_u/U0/i_synth/ADDSUB_OP.ADDSUB/SPEED_OP.DSP.OP/DSP48E1_BODY.ALIGN_ADD/DSP2/DSP output grp_c_sum_fu_1398/lenetSynthMatlab_bkb_U5/lenetSynthMatlab_ap_fadd_2_full_dsp_32_u/U0/i_synth/ADDSUB_OP.ADDSUB/SPEED_OP.DSP.OP/DSP48E1_BODY.ALIGN_ADD/DSP2/DSP/PATTERNDETECT is not pipelined (PREG=0). Pipelining the DSP48 output will improve performance and often saves power so it is suggested whenever possible to fully pipeline this function.  If this DSP48 function was inferred, it is suggested to describe an additional register stage after this function.  If the DSP48 was instantiated in the design, it is suggested to set the PREG attribute to 1.
Related violations: <none>

DPOP-1#2 Warning
PREG Output pipelining  
DSP grp_c_sum_fu_1398/lenetSynthMatlab_bkb_U5/lenetSynthMatlab_ap_fadd_2_full_dsp_32_u/U0/i_synth/ADDSUB_OP.ADDSUB/SPEED_OP.DSP.OP/DSP48E1_BODY.ALIGN_ADD/DSP2/DSP output grp_c_sum_fu_1398/lenetSynthMatlab_bkb_U5/lenetSynthMatlab_ap_fadd_2_full_dsp_32_u/U0/i_synth/ADDSUB_OP.ADDSUB/SPEED_OP.DSP.OP/DSP48E1_BODY.ALIGN_ADD/DSP2/DSP/P[47:0] is not pipelined (PREG=0). Pipelining the DSP48 output will improve performance and often saves power so it is suggested whenever possible to fully pipeline this function.  If this DSP48 function was inferred, it is suggested to describe an additional register stage after this function.  If the DSP48 was instantiated in the design, it is suggested to set the PREG attribute to 1.
Related violations: <none>

DPOP-1#3 Warning
PREG Output pipelining  
DSP grp_c_sum_fu_1398/lenetSynthMatlab_bkb_U5/lenetSynthMatlab_ap_fadd_2_full_dsp_32_u/U0/i_synth/ADDSUB_OP.ADDSUB/SPEED_OP.DSP.OP/DSP48E1_BODY.NORM_RND/FULL_USAGE_DSP.SHIFT_RND/DSP output grp_c_sum_fu_1398/lenetSynthMatlab_bkb_U5/lenetSynthMatlab_ap_fadd_2_full_dsp_32_u/U0/i_synth/ADDSUB_OP.ADDSUB/SPEED_OP.DSP.OP/DSP48E1_BODY.NORM_RND/FULL_USAGE_DSP.SHIFT_RND/DSP/P[47:0] is not pipelined (PREG=0). Pipelining the DSP48 output will improve performance and often saves power so it is suggested whenever possible to fully pipeline this function.  If this DSP48 function was inferred, it is suggested to describe an additional register stage after this function.  If the DSP48 was instantiated in the design, it is suggested to set the PREG attribute to 1.
Related violations: <none>

DPOP-1#4 Warning
PREG Output pipelining  
DSP grp_d_sum_fu_1410/lenetSynthMatlab_bkb_U8/lenetSynthMatlab_ap_fadd_2_full_dsp_32_u/U0/i_synth/ADDSUB_OP.ADDSUB/SPEED_OP.DSP.OP/DSP48E1_BODY.ALIGN_ADD/DSP2/DSP output grp_d_sum_fu_1410/lenetSynthMatlab_bkb_U8/lenetSynthMatlab_ap_fadd_2_full_dsp_32_u/U0/i_synth/ADDSUB_OP.ADDSUB/SPEED_OP.DSP.OP/DSP48E1_BODY.ALIGN_ADD/DSP2/DSP/PATTERNDETECT is not pipelined (PREG=0). Pipelining the DSP48 output will improve performance and often saves power so it is suggested whenever possible to fully pipeline this function.  If this DSP48 function was inferred, it is suggested to describe an additional register stage after this function.  If the DSP48 was instantiated in the design, it is suggested to set the PREG attribute to 1.
Related violations: <none>

DPOP-1#5 Warning
PREG Output pipelining  
DSP grp_d_sum_fu_1410/lenetSynthMatlab_bkb_U8/lenetSynthMatlab_ap_fadd_2_full_dsp_32_u/U0/i_synth/ADDSUB_OP.ADDSUB/SPEED_OP.DSP.OP/DSP48E1_BODY.ALIGN_ADD/DSP2/DSP output grp_d_sum_fu_1410/lenetSynthMatlab_bkb_U8/lenetSynthMatlab_ap_fadd_2_full_dsp_32_u/U0/i_synth/ADDSUB_OP.ADDSUB/SPEED_OP.DSP.OP/DSP48E1_BODY.ALIGN_ADD/DSP2/DSP/P[47:0] is not pipelined (PREG=0). Pipelining the DSP48 output will improve performance and often saves power so it is suggested whenever possible to fully pipeline this function.  If this DSP48 function was inferred, it is suggested to describe an additional register stage after this function.  If the DSP48 was instantiated in the design, it is suggested to set the PREG attribute to 1.
Related violations: <none>

DPOP-1#6 Warning
PREG Output pipelining  
DSP grp_d_sum_fu_1410/lenetSynthMatlab_bkb_U8/lenetSynthMatlab_ap_fadd_2_full_dsp_32_u/U0/i_synth/ADDSUB_OP.ADDSUB/SPEED_OP.DSP.OP/DSP48E1_BODY.NORM_RND/FULL_USAGE_DSP.SHIFT_RND/DSP output grp_d_sum_fu_1410/lenetSynthMatlab_bkb_U8/lenetSynthMatlab_ap_fadd_2_full_dsp_32_u/U0/i_synth/ADDSUB_OP.ADDSUB/SPEED_OP.DSP.OP/DSP48E1_BODY.NORM_RND/FULL_USAGE_DSP.SHIFT_RND/DSP/P[47:0] is not pipelined (PREG=0). Pipelining the DSP48 output will improve performance and often saves power so it is suggested whenever possible to fully pipeline this function.  If this DSP48 function was inferred, it is suggested to describe an additional register stage after this function.  If the DSP48 was instantiated in the design, it is suggested to set the PREG attribute to 1.
Related violations: <none>

DPOP-1#7 Warning
PREG Output pipelining  
DSP grp_f_sum_fu_1404/lenetSynthMatlab_bkb_U11/lenetSynthMatlab_ap_fadd_2_full_dsp_32_u/U0/i_synth/ADDSUB_OP.ADDSUB/SPEED_OP.DSP.OP/DSP48E1_BODY.ALIGN_ADD/DSP2/DSP output grp_f_sum_fu_1404/lenetSynthMatlab_bkb_U11/lenetSynthMatlab_ap_fadd_2_full_dsp_32_u/U0/i_synth/ADDSUB_OP.ADDSUB/SPEED_OP.DSP.OP/DSP48E1_BODY.ALIGN_ADD/DSP2/DSP/PATTERNDETECT is not pipelined (PREG=0). Pipelining the DSP48 output will improve performance and often saves power so it is suggested whenever possible to fully pipeline this function.  If this DSP48 function was inferred, it is suggested to describe an additional register stage after this function.  If the DSP48 was instantiated in the design, it is suggested to set the PREG attribute to 1.
Related violations: <none>

DPOP-1#8 Warning
PREG Output pipelining  
DSP grp_f_sum_fu_1404/lenetSynthMatlab_bkb_U11/lenetSynthMatlab_ap_fadd_2_full_dsp_32_u/U0/i_synth/ADDSUB_OP.ADDSUB/SPEED_OP.DSP.OP/DSP48E1_BODY.ALIGN_ADD/DSP2/DSP output grp_f_sum_fu_1404/lenetSynthMatlab_bkb_U11/lenetSynthMatlab_ap_fadd_2_full_dsp_32_u/U0/i_synth/ADDSUB_OP.ADDSUB/SPEED_OP.DSP.OP/DSP48E1_BODY.ALIGN_ADD/DSP2/DSP/P[47:0] is not pipelined (PREG=0). Pipelining the DSP48 output will improve performance and often saves power so it is suggested whenever possible to fully pipeline this function.  If this DSP48 function was inferred, it is suggested to describe an additional register stage after this function.  If the DSP48 was instantiated in the design, it is suggested to set the PREG attribute to 1.
Related violations: <none>

DPOP-1#9 Warning
PREG Output pipelining  
DSP grp_f_sum_fu_1404/lenetSynthMatlab_bkb_U11/lenetSynthMatlab_ap_fadd_2_full_dsp_32_u/U0/i_synth/ADDSUB_OP.ADDSUB/SPEED_OP.DSP.OP/DSP48E1_BODY.NORM_RND/FULL_USAGE_DSP.SHIFT_RND/DSP output grp_f_sum_fu_1404/lenetSynthMatlab_bkb_U11/lenetSynthMatlab_ap_fadd_2_full_dsp_32_u/U0/i_synth/ADDSUB_OP.ADDSUB/SPEED_OP.DSP.OP/DSP48E1_BODY.NORM_RND/FULL_USAGE_DSP.SHIFT_RND/DSP/P[47:0] is not pipelined (PREG=0). Pipelining the DSP48 output will improve performance and often saves power so it is suggested whenever possible to fully pipeline this function.  If this DSP48 function was inferred, it is suggested to describe an additional register stage after this function.  If the DSP48 was instantiated in the design, it is suggested to set the PREG attribute to 1.
Related violations: <none>

DPOP-1#10 Warning
PREG Output pipelining  
DSP grp_g_sum_fu_1416/lenetSynthMatlab_bkb_U14/lenetSynthMatlab_ap_fadd_2_full_dsp_32_u/U0/i_synth/ADDSUB_OP.ADDSUB/SPEED_OP.DSP.OP/DSP48E1_BODY.ALIGN_ADD/DSP2/DSP output grp_g_sum_fu_1416/lenetSynthMatlab_bkb_U14/lenetSynthMatlab_ap_fadd_2_full_dsp_32_u/U0/i_synth/ADDSUB_OP.ADDSUB/SPEED_OP.DSP.OP/DSP48E1_BODY.ALIGN_ADD/DSP2/DSP/PATTERNDETECT is not pipelined (PREG=0). Pipelining the DSP48 output will improve performance and often saves power so it is suggested whenever possible to fully pipeline this function.  If this DSP48 function was inferred, it is suggested to describe an additional register stage after this function.  If the DSP48 was instantiated in the design, it is suggested to set the PREG attribute to 1.
Related violations: <none>

DPOP-1#11 Warning
PREG Output pipelining  
DSP grp_g_sum_fu_1416/lenetSynthMatlab_bkb_U14/lenetSynthMatlab_ap_fadd_2_full_dsp_32_u/U0/i_synth/ADDSUB_OP.ADDSUB/SPEED_OP.DSP.OP/DSP48E1_BODY.ALIGN_ADD/DSP2/DSP output grp_g_sum_fu_1416/lenetSynthMatlab_bkb_U14/lenetSynthMatlab_ap_fadd_2_full_dsp_32_u/U0/i_synth/ADDSUB_OP.ADDSUB/SPEED_OP.DSP.OP/DSP48E1_BODY.ALIGN_ADD/DSP2/DSP/P[47:0] is not pipelined (PREG=0). Pipelining the DSP48 output will improve performance and often saves power so it is suggested whenever possible to fully pipeline this function.  If this DSP48 function was inferred, it is suggested to describe an additional register stage after this function.  If the DSP48 was instantiated in the design, it is suggested to set the PREG attribute to 1.
Related violations: <none>

DPOP-1#12 Warning
PREG Output pipelining  
DSP grp_g_sum_fu_1416/lenetSynthMatlab_bkb_U14/lenetSynthMatlab_ap_fadd_2_full_dsp_32_u/U0/i_synth/ADDSUB_OP.ADDSUB/SPEED_OP.DSP.OP/DSP48E1_BODY.NORM_RND/FULL_USAGE_DSP.SHIFT_RND/DSP output grp_g_sum_fu_1416/lenetSynthMatlab_bkb_U14/lenetSynthMatlab_ap_fadd_2_full_dsp_32_u/U0/i_synth/ADDSUB_OP.ADDSUB/SPEED_OP.DSP.OP/DSP48E1_BODY.NORM_RND/FULL_USAGE_DSP.SHIFT_RND/DSP/P[47:0] is not pipelined (PREG=0). Pipelining the DSP48 output will improve performance and often saves power so it is suggested whenever possible to fully pipeline this function.  If this DSP48 function was inferred, it is suggested to describe an additional register stage after this function.  If the DSP48 was instantiated in the design, it is suggested to set the PREG attribute to 1.
Related violations: <none>

DPOP-1#13 Warning
PREG Output pipelining  
DSP grp_sum_fu_1422/lenetSynthMatlab_bkb_U1/lenetSynthMatlab_ap_fadd_2_full_dsp_32_u/U0/i_synth/ADDSUB_OP.ADDSUB/SPEED_OP.DSP.OP/DSP48E1_BODY.ALIGN_ADD/DSP2/DSP output grp_sum_fu_1422/lenetSynthMatlab_bkb_U1/lenetSynthMatlab_ap_fadd_2_full_dsp_32_u/U0/i_synth/ADDSUB_OP.ADDSUB/SPEED_OP.DSP.OP/DSP48E1_BODY.ALIGN_ADD/DSP2/DSP/PATTERNDETECT is not pipelined (PREG=0). Pipelining the DSP48 output will improve performance and often saves power so it is suggested whenever possible to fully pipeline this function.  If this DSP48 function was inferred, it is suggested to describe an additional register stage after this function.  If the DSP48 was instantiated in the design, it is suggested to set the PREG attribute to 1.
Related violations: <none>

DPOP-1#14 Warning
PREG Output pipelining  
DSP grp_sum_fu_1422/lenetSynthMatlab_bkb_U1/lenetSynthMatlab_ap_fadd_2_full_dsp_32_u/U0/i_synth/ADDSUB_OP.ADDSUB/SPEED_OP.DSP.OP/DSP48E1_BODY.ALIGN_ADD/DSP2/DSP output grp_sum_fu_1422/lenetSynthMatlab_bkb_U1/lenetSynthMatlab_ap_fadd_2_full_dsp_32_u/U0/i_synth/ADDSUB_OP.ADDSUB/SPEED_OP.DSP.OP/DSP48E1_BODY.ALIGN_ADD/DSP2/DSP/P[47:0] is not pipelined (PREG=0). Pipelining the DSP48 output will improve performance and often saves power so it is suggested whenever possible to fully pipeline this function.  If this DSP48 function was inferred, it is suggested to describe an additional register stage after this function.  If the DSP48 was instantiated in the design, it is suggested to set the PREG attribute to 1.
Related violations: <none>

DPOP-1#15 Warning
PREG Output pipelining  
DSP grp_sum_fu_1422/lenetSynthMatlab_bkb_U1/lenetSynthMatlab_ap_fadd_2_full_dsp_32_u/U0/i_synth/ADDSUB_OP.ADDSUB/SPEED_OP.DSP.OP/DSP48E1_BODY.NORM_RND/FULL_USAGE_DSP.SHIFT_RND/DSP output grp_sum_fu_1422/lenetSynthMatlab_bkb_U1/lenetSynthMatlab_ap_fadd_2_full_dsp_32_u/U0/i_synth/ADDSUB_OP.ADDSUB/SPEED_OP.DSP.OP/DSP48E1_BODY.NORM_RND/FULL_USAGE_DSP.SHIFT_RND/DSP/P[47:0] is not pipelined (PREG=0). Pipelining the DSP48 output will improve performance and often saves power so it is suggested whenever possible to fully pipeline this function.  If this DSP48 function was inferred, it is suggested to describe an additional register stage after this function.  If the DSP48 was instantiated in the design, it is suggested to set the PREG attribute to 1.
Related violations: <none>

DPOP-1#16 Warning
PREG Output pipelining  
DSP lenetSynthMatlab_DeQ_U18/lenetSynthMatlab_ap_fmul_0_max_dsp_32_u/U0/i_synth/MULT.OP/MULT/DSP48E1_SPD_SGL_VARIANT.FIX_MULT/DSP1/DSP output lenetSynthMatlab_DeQ_U18/lenetSynthMatlab_ap_fmul_0_max_dsp_32_u/U0/i_synth/MULT.OP/MULT/DSP48E1_SPD_SGL_VARIANT.FIX_MULT/DSP1/DSP/PATTERNDETECT is not pipelined (PREG=0). Pipelining the DSP48 output will improve performance and often saves power so it is suggested whenever possible to fully pipeline this function.  If this DSP48 function was inferred, it is suggested to describe an additional register stage after this function.  If the DSP48 was instantiated in the design, it is suggested to set the PREG attribute to 1.
Related violations: <none>

DPOP-1#17 Warning
PREG Output pipelining  
DSP lenetSynthMatlab_DeQ_U18/lenetSynthMatlab_ap_fmul_0_max_dsp_32_u/U0/i_synth/MULT.OP/MULT/DSP48E1_SPD_SGL_VARIANT.FIX_MULT/DSP2/DSP output lenetSynthMatlab_DeQ_U18/lenetSynthMatlab_ap_fmul_0_max_dsp_32_u/U0/i_synth/MULT.OP/MULT/DSP48E1_SPD_SGL_VARIANT.FIX_MULT/DSP2/DSP/PATTERNDETECT is not pipelined (PREG=0). Pipelining the DSP48 output will improve performance and often saves power so it is suggested whenever possible to fully pipeline this function.  If this DSP48 function was inferred, it is suggested to describe an additional register stage after this function.  If the DSP48 was instantiated in the design, it is suggested to set the PREG attribute to 1.
Related violations: <none>

DPOP-1#18 Warning
PREG Output pipelining  
DSP lenetSynthMatlab_DeQ_U18/lenetSynthMatlab_ap_fmul_0_max_dsp_32_u/U0/i_synth/MULT.OP/MULT/DSP48E1_SPD_SGL_VARIANT.FIX_MULT/DSP2/DSP output lenetSynthMatlab_DeQ_U18/lenetSynthMatlab_ap_fmul_0_max_dsp_32_u/U0/i_synth/MULT.OP/MULT/DSP48E1_SPD_SGL_VARIANT.FIX_MULT/DSP2/DSP/P[47:0] is not pipelined (PREG=0). Pipelining the DSP48 output will improve performance and often saves power so it is suggested whenever possible to fully pipeline this function.  If this DSP48 function was inferred, it is suggested to describe an additional register stage after this function.  If the DSP48 was instantiated in the design, it is suggested to set the PREG attribute to 1.
Related violations: <none>

DPOP-1#19 Warning
PREG Output pipelining  
DSP lenetSynthMatlab_DeQ_U18/lenetSynthMatlab_ap_fmul_0_max_dsp_32_u/U0/i_synth/MULT.OP/R_AND_R/LAT_OPT.FULL.R_AND_R/DSP48E1_SGL_EXP_IP.OLD_ADD.ADD/DSP output lenetSynthMatlab_DeQ_U18/lenetSynthMatlab_ap_fmul_0_max_dsp_32_u/U0/i_synth/MULT.OP/R_AND_R/LAT_OPT.FULL.R_AND_R/DSP48E1_SGL_EXP_IP.OLD_ADD.ADD/DSP/CARRYOUT[3:0] is not pipelined (PREG=0). Pipelining the DSP48 output will improve performance and often saves power so it is suggested whenever possible to fully pipeline this function.  If this DSP48 function was inferred, it is suggested to describe an additional register stage after this function.  If the DSP48 was instantiated in the design, it is suggested to set the PREG attribute to 1.
Related violations: <none>

DPOP-1#20 Warning
PREG Output pipelining  
DSP lenetSynthMatlab_DeQ_U18/lenetSynthMatlab_ap_fmul_0_max_dsp_32_u/U0/i_synth/MULT.OP/R_AND_R/LAT_OPT.FULL.R_AND_R/DSP48E1_SGL_EXP_IP.OLD_ADD.ADD/DSP output lenetSynthMatlab_DeQ_U18/lenetSynthMatlab_ap_fmul_0_max_dsp_32_u/U0/i_synth/MULT.OP/R_AND_R/LAT_OPT.FULL.R_AND_R/DSP48E1_SGL_EXP_IP.OLD_ADD.ADD/DSP/P[47:0] is not pipelined (PREG=0). Pipelining the DSP48 output will improve performance and often saves power so it is suggested whenever possible to fully pipeline this function.  If this DSP48 function was inferred, it is suggested to describe an additional register stage after this function.  If the DSP48 was instantiated in the design, it is suggested to set the PREG attribute to 1.
Related violations: <none>

DPOP-1#21 Warning
PREG Output pipelining  
DSP lenetSynthMatlab_bkb_U17/lenetSynthMatlab_ap_fadd_2_full_dsp_32_u/U0/i_synth/ADDSUB_OP.ADDSUB/SPEED_OP.DSP.OP/DSP48E1_BODY.ALIGN_ADD/DSP2/DSP output lenetSynthMatlab_bkb_U17/lenetSynthMatlab_ap_fadd_2_full_dsp_32_u/U0/i_synth/ADDSUB_OP.ADDSUB/SPEED_OP.DSP.OP/DSP48E1_BODY.ALIGN_ADD/DSP2/DSP/PATTERNDETECT is not pipelined (PREG=0). Pipelining the DSP48 output will improve performance and often saves power so it is suggested whenever possible to fully pipeline this function.  If this DSP48 function was inferred, it is suggested to describe an additional register stage after this function.  If the DSP48 was instantiated in the design, it is suggested to set the PREG attribute to 1.
Related violations: <none>

DPOP-1#22 Warning
PREG Output pipelining  
DSP lenetSynthMatlab_bkb_U17/lenetSynthMatlab_ap_fadd_2_full_dsp_32_u/U0/i_synth/ADDSUB_OP.ADDSUB/SPEED_OP.DSP.OP/DSP48E1_BODY.ALIGN_ADD/DSP2/DSP output lenetSynthMatlab_bkb_U17/lenetSynthMatlab_ap_fadd_2_full_dsp_32_u/U0/i_synth/ADDSUB_OP.ADDSUB/SPEED_OP.DSP.OP/DSP48E1_BODY.ALIGN_ADD/DSP2/DSP/P[47:0] is not pipelined (PREG=0). Pipelining the DSP48 output will improve performance and often saves power so it is suggested whenever possible to fully pipeline this function.  If this DSP48 function was inferred, it is suggested to describe an additional register stage after this function.  If the DSP48 was instantiated in the design, it is suggested to set the PREG attribute to 1.
Related violations: <none>

DPOP-1#23 Warning
PREG Output pipelining  
DSP lenetSynthMatlab_bkb_U17/lenetSynthMatlab_ap_fadd_2_full_dsp_32_u/U0/i_synth/ADDSUB_OP.ADDSUB/SPEED_OP.DSP.OP/DSP48E1_BODY.NORM_RND/FULL_USAGE_DSP.SHIFT_RND/DSP output lenetSynthMatlab_bkb_U17/lenetSynthMatlab_ap_fadd_2_full_dsp_32_u/U0/i_synth/ADDSUB_OP.ADDSUB/SPEED_OP.DSP.OP/DSP48E1_BODY.NORM_RND/FULL_USAGE_DSP.SHIFT_RND/DSP/P[47:0] is not pipelined (PREG=0). Pipelining the DSP48 output will improve performance and often saves power so it is suggested whenever possible to fully pipeline this function.  If this DSP48 function was inferred, it is suggested to describe an additional register stage after this function.  If the DSP48 was instantiated in the design, it is suggested to set the PREG attribute to 1.
Related violations: <none>

DPOP-1#24 Warning
PREG Output pipelining  
DSP tmp_60_fu_2530_p2 output tmp_60_fu_2530_p2/P[47:0] is not pipelined (PREG=0). Pipelining the DSP48 output will improve performance and often saves power so it is suggested whenever possible to fully pipeline this function.  If this DSP48 function was inferred, it is suggested to describe an additional register stage after this function.  If the DSP48 was instantiated in the design, it is suggested to set the PREG attribute to 1.
Related violations: <none>

DPOP-2#1 Warning
MREG Output pipelining  
DSP grp_c_sum_fu_1398/lenetSynthMatlab_bkb_U5/lenetSynthMatlab_ap_fadd_2_full_dsp_32_u/U0/i_synth/ADDSUB_OP.ADDSUB/SPEED_OP.DSP.OP/DSP48E1_BODY.NORM_RND/FULL_USAGE_DSP.SHIFT_RND/DSP multiplier stage grp_c_sum_fu_1398/lenetSynthMatlab_bkb_U5/lenetSynthMatlab_ap_fadd_2_full_dsp_32_u/U0/i_synth/ADDSUB_OP.ADDSUB/SPEED_OP.DSP.OP/DSP48E1_BODY.NORM_RND/FULL_USAGE_DSP.SHIFT_RND/DSP/P[47:0] is not pipelined (MREG=0). Pipelining the multiplier function will improve performance and will save significant power so it is suggested whenever possible to fully pipeline this function.  If this multiplier was inferred, it is suggested to describe an additional register stage after this function.  If there is no registered adder/accumulator following the multiply function, two pipeline stages are suggested to allow both the MREG and PREG registers to be used.  If the DSP48 was instantiated in the design, it is suggested to set both the MREG and PREG attributes to 1 when performing multiply functions.
Related violations: <none>

DPOP-2#2 Warning
MREG Output pipelining  
DSP grp_d_sum_fu_1410/lenetSynthMatlab_bkb_U8/lenetSynthMatlab_ap_fadd_2_full_dsp_32_u/U0/i_synth/ADDSUB_OP.ADDSUB/SPEED_OP.DSP.OP/DSP48E1_BODY.NORM_RND/FULL_USAGE_DSP.SHIFT_RND/DSP multiplier stage grp_d_sum_fu_1410/lenetSynthMatlab_bkb_U8/lenetSynthMatlab_ap_fadd_2_full_dsp_32_u/U0/i_synth/ADDSUB_OP.ADDSUB/SPEED_OP.DSP.OP/DSP48E1_BODY.NORM_RND/FULL_USAGE_DSP.SHIFT_RND/DSP/P[47:0] is not pipelined (MREG=0). Pipelining the multiplier function will improve performance and will save significant power so it is suggested whenever possible to fully pipeline this function.  If this multiplier was inferred, it is suggested to describe an additional register stage after this function.  If there is no registered adder/accumulator following the multiply function, two pipeline stages are suggested to allow both the MREG and PREG registers to be used.  If the DSP48 was instantiated in the design, it is suggested to set both the MREG and PREG attributes to 1 when performing multiply functions.
Related violations: <none>

DPOP-2#3 Warning
MREG Output pipelining  
DSP grp_f_sum_fu_1404/lenetSynthMatlab_bkb_U11/lenetSynthMatlab_ap_fadd_2_full_dsp_32_u/U0/i_synth/ADDSUB_OP.ADDSUB/SPEED_OP.DSP.OP/DSP48E1_BODY.NORM_RND/FULL_USAGE_DSP.SHIFT_RND/DSP multiplier stage grp_f_sum_fu_1404/lenetSynthMatlab_bkb_U11/lenetSynthMatlab_ap_fadd_2_full_dsp_32_u/U0/i_synth/ADDSUB_OP.ADDSUB/SPEED_OP.DSP.OP/DSP48E1_BODY.NORM_RND/FULL_USAGE_DSP.SHIFT_RND/DSP/P[47:0] is not pipelined (MREG=0). Pipelining the multiplier function will improve performance and will save significant power so it is suggested whenever possible to fully pipeline this function.  If this multiplier was inferred, it is suggested to describe an additional register stage after this function.  If there is no registered adder/accumulator following the multiply function, two pipeline stages are suggested to allow both the MREG and PREG registers to be used.  If the DSP48 was instantiated in the design, it is suggested to set both the MREG and PREG attributes to 1 when performing multiply functions.
Related violations: <none>

DPOP-2#4 Warning
MREG Output pipelining  
DSP grp_g_sum_fu_1416/lenetSynthMatlab_bkb_U14/lenetSynthMatlab_ap_fadd_2_full_dsp_32_u/U0/i_synth/ADDSUB_OP.ADDSUB/SPEED_OP.DSP.OP/DSP48E1_BODY.NORM_RND/FULL_USAGE_DSP.SHIFT_RND/DSP multiplier stage grp_g_sum_fu_1416/lenetSynthMatlab_bkb_U14/lenetSynthMatlab_ap_fadd_2_full_dsp_32_u/U0/i_synth/ADDSUB_OP.ADDSUB/SPEED_OP.DSP.OP/DSP48E1_BODY.NORM_RND/FULL_USAGE_DSP.SHIFT_RND/DSP/P[47:0] is not pipelined (MREG=0). Pipelining the multiplier function will improve performance and will save significant power so it is suggested whenever possible to fully pipeline this function.  If this multiplier was inferred, it is suggested to describe an additional register stage after this function.  If there is no registered adder/accumulator following the multiply function, two pipeline stages are suggested to allow both the MREG and PREG registers to be used.  If the DSP48 was instantiated in the design, it is suggested to set both the MREG and PREG attributes to 1 when performing multiply functions.
Related violations: <none>

DPOP-2#5 Warning
MREG Output pipelining  
DSP grp_sum_fu_1422/lenetSynthMatlab_bkb_U1/lenetSynthMatlab_ap_fadd_2_full_dsp_32_u/U0/i_synth/ADDSUB_OP.ADDSUB/SPEED_OP.DSP.OP/DSP48E1_BODY.NORM_RND/FULL_USAGE_DSP.SHIFT_RND/DSP multiplier stage grp_sum_fu_1422/lenetSynthMatlab_bkb_U1/lenetSynthMatlab_ap_fadd_2_full_dsp_32_u/U0/i_synth/ADDSUB_OP.ADDSUB/SPEED_OP.DSP.OP/DSP48E1_BODY.NORM_RND/FULL_USAGE_DSP.SHIFT_RND/DSP/P[47:0] is not pipelined (MREG=0). Pipelining the multiplier function will improve performance and will save significant power so it is suggested whenever possible to fully pipeline this function.  If this multiplier was inferred, it is suggested to describe an additional register stage after this function.  If there is no registered adder/accumulator following the multiply function, two pipeline stages are suggested to allow both the MREG and PREG registers to be used.  If the DSP48 was instantiated in the design, it is suggested to set both the MREG and PREG attributes to 1 when performing multiply functions.
Related violations: <none>

DPOP-2#6 Warning
MREG Output pipelining  
DSP lenetSynthMatlab_DeQ_U18/lenetSynthMatlab_ap_fmul_0_max_dsp_32_u/U0/i_synth/MULT.OP/MULT/DSP48E1_SPD_SGL_VARIANT.FIX_MULT/DSP1/DSP multiplier stage lenetSynthMatlab_DeQ_U18/lenetSynthMatlab_ap_fmul_0_max_dsp_32_u/U0/i_synth/MULT.OP/MULT/DSP48E1_SPD_SGL_VARIANT.FIX_MULT/DSP1/DSP/PATTERNDETECT is not pipelined (MREG=0). Pipelining the multiplier function will improve performance and will save significant power so it is suggested whenever possible to fully pipeline this function.  If this multiplier was inferred, it is suggested to describe an additional register stage after this function.  If there is no registered adder/accumulator following the multiply function, two pipeline stages are suggested to allow both the MREG and PREG registers to be used.  If the DSP48 was instantiated in the design, it is suggested to set both the MREG and PREG attributes to 1 when performing multiply functions.
Related violations: <none>

DPOP-2#7 Warning
MREG Output pipelining  
DSP lenetSynthMatlab_DeQ_U18/lenetSynthMatlab_ap_fmul_0_max_dsp_32_u/U0/i_synth/MULT.OP/MULT/DSP48E1_SPD_SGL_VARIANT.FIX_MULT/DSP2/DSP multiplier stage lenetSynthMatlab_DeQ_U18/lenetSynthMatlab_ap_fmul_0_max_dsp_32_u/U0/i_synth/MULT.OP/MULT/DSP48E1_SPD_SGL_VARIANT.FIX_MULT/DSP2/DSP/PATTERNDETECT is not pipelined (MREG=0). Pipelining the multiplier function will improve performance and will save significant power so it is suggested whenever possible to fully pipeline this function.  If this multiplier was inferred, it is suggested to describe an additional register stage after this function.  If there is no registered adder/accumulator following the multiply function, two pipeline stages are suggested to allow both the MREG and PREG registers to be used.  If the DSP48 was instantiated in the design, it is suggested to set both the MREG and PREG attributes to 1 when performing multiply functions.
Related violations: <none>

DPOP-2#8 Warning
MREG Output pipelining  
DSP lenetSynthMatlab_DeQ_U18/lenetSynthMatlab_ap_fmul_0_max_dsp_32_u/U0/i_synth/MULT.OP/MULT/DSP48E1_SPD_SGL_VARIANT.FIX_MULT/DSP2/DSP multiplier stage lenetSynthMatlab_DeQ_U18/lenetSynthMatlab_ap_fmul_0_max_dsp_32_u/U0/i_synth/MULT.OP/MULT/DSP48E1_SPD_SGL_VARIANT.FIX_MULT/DSP2/DSP/P[47:0] is not pipelined (MREG=0). Pipelining the multiplier function will improve performance and will save significant power so it is suggested whenever possible to fully pipeline this function.  If this multiplier was inferred, it is suggested to describe an additional register stage after this function.  If there is no registered adder/accumulator following the multiply function, two pipeline stages are suggested to allow both the MREG and PREG registers to be used.  If the DSP48 was instantiated in the design, it is suggested to set both the MREG and PREG attributes to 1 when performing multiply functions.
Related violations: <none>

DPOP-2#9 Warning
MREG Output pipelining  
DSP lenetSynthMatlab_bkb_U17/lenetSynthMatlab_ap_fadd_2_full_dsp_32_u/U0/i_synth/ADDSUB_OP.ADDSUB/SPEED_OP.DSP.OP/DSP48E1_BODY.NORM_RND/FULL_USAGE_DSP.SHIFT_RND/DSP multiplier stage lenetSynthMatlab_bkb_U17/lenetSynthMatlab_ap_fadd_2_full_dsp_32_u/U0/i_synth/ADDSUB_OP.ADDSUB/SPEED_OP.DSP.OP/DSP48E1_BODY.NORM_RND/FULL_USAGE_DSP.SHIFT_RND/DSP/P[47:0] is not pipelined (MREG=0). Pipelining the multiplier function will improve performance and will save significant power so it is suggested whenever possible to fully pipeline this function.  If this multiplier was inferred, it is suggested to describe an additional register stage after this function.  If there is no registered adder/accumulator following the multiply function, two pipeline stages are suggested to allow both the MREG and PREG registers to be used.  If the DSP48 was instantiated in the design, it is suggested to set both the MREG and PREG attributes to 1 when performing multiply functions.
Related violations: <none>

DPOP-2#10 Warning
MREG Output pipelining  
DSP tmp_60_fu_2530_p2 multiplier stage tmp_60_fu_2530_p2/P[47:0] is not pipelined (MREG=0). Pipelining the multiplier function will improve performance and will save significant power so it is suggested whenever possible to fully pipeline this function.  If this multiplier was inferred, it is suggested to describe an additional register stage after this function.  If there is no registered adder/accumulator following the multiply function, two pipeline stages are suggested to allow both the MREG and PREG registers to be used.  If the DSP48 was instantiated in the design, it is suggested to set both the MREG and PREG attributes to 1 when performing multiply functions.
Related violations: <none>

DPREG-4#1 Warning
DSP48E1_PregDynOpmodeZmuxP:  
The DSP48E1 cell grp_c_sum_fu_1398/lenetSynthMatlab_bkb_U5/lenetSynthMatlab_ap_fadd_2_full_dsp_32_u/U0/i_synth/ADDSUB_OP.ADDSUB/SPEED_OP.DSP.OP/DSP48E1_BODY.ALIGN_ADD/DSP2/DSP with the given dynamic OPMODE[6:0] connections may lead to an unregistered asynchronous feedback path without the PREG attribute enabled. Please refer to the user guide and if one of the internal P feedback opmodes is possible for this design the PREG attribute must be set to 1, currently set to 0
Related violations: <none>

DPREG-4#2 Warning
DSP48E1_PregDynOpmodeZmuxP:  
The DSP48E1 cell grp_d_sum_fu_1410/lenetSynthMatlab_bkb_U8/lenetSynthMatlab_ap_fadd_2_full_dsp_32_u/U0/i_synth/ADDSUB_OP.ADDSUB/SPEED_OP.DSP.OP/DSP48E1_BODY.ALIGN_ADD/DSP2/DSP with the given dynamic OPMODE[6:0] connections may lead to an unregistered asynchronous feedback path without the PREG attribute enabled. Please refer to the user guide and if one of the internal P feedback opmodes is possible for this design the PREG attribute must be set to 1, currently set to 0
Related violations: <none>

DPREG-4#3 Warning
DSP48E1_PregDynOpmodeZmuxP:  
The DSP48E1 cell grp_f_sum_fu_1404/lenetSynthMatlab_bkb_U11/lenetSynthMatlab_ap_fadd_2_full_dsp_32_u/U0/i_synth/ADDSUB_OP.ADDSUB/SPEED_OP.DSP.OP/DSP48E1_BODY.ALIGN_ADD/DSP2/DSP with the given dynamic OPMODE[6:0] connections may lead to an unregistered asynchronous feedback path without the PREG attribute enabled. Please refer to the user guide and if one of the internal P feedback opmodes is possible for this design the PREG attribute must be set to 1, currently set to 0
Related violations: <none>

DPREG-4#4 Warning
DSP48E1_PregDynOpmodeZmuxP:  
The DSP48E1 cell grp_g_sum_fu_1416/lenetSynthMatlab_bkb_U14/lenetSynthMatlab_ap_fadd_2_full_dsp_32_u/U0/i_synth/ADDSUB_OP.ADDSUB/SPEED_OP.DSP.OP/DSP48E1_BODY.ALIGN_ADD/DSP2/DSP with the given dynamic OPMODE[6:0] connections may lead to an unregistered asynchronous feedback path without the PREG attribute enabled. Please refer to the user guide and if one of the internal P feedback opmodes is possible for this design the PREG attribute must be set to 1, currently set to 0
Related violations: <none>

DPREG-4#5 Warning
DSP48E1_PregDynOpmodeZmuxP:  
The DSP48E1 cell grp_sum_fu_1422/lenetSynthMatlab_bkb_U1/lenetSynthMatlab_ap_fadd_2_full_dsp_32_u/U0/i_synth/ADDSUB_OP.ADDSUB/SPEED_OP.DSP.OP/DSP48E1_BODY.ALIGN_ADD/DSP2/DSP with the given dynamic OPMODE[6:0] connections may lead to an unregistered asynchronous feedback path without the PREG attribute enabled. Please refer to the user guide and if one of the internal P feedback opmodes is possible for this design the PREG attribute must be set to 1, currently set to 0
Related violations: <none>

DPREG-4#6 Warning
DSP48E1_PregDynOpmodeZmuxP:  
The DSP48E1 cell lenetSynthMatlab_bkb_U17/lenetSynthMatlab_ap_fadd_2_full_dsp_32_u/U0/i_synth/ADDSUB_OP.ADDSUB/SPEED_OP.DSP.OP/DSP48E1_BODY.ALIGN_ADD/DSP2/DSP with the given dynamic OPMODE[6:0] connections may lead to an unregistered asynchronous feedback path without the PREG attribute enabled. Please refer to the user guide and if one of the internal P feedback opmodes is possible for this design the PREG attribute must be set to 1, currently set to 0
Related violations: <none>

AVAL-4#1 Advisory
enum_USE_DPORT_FALSE_enum_DREG_ADREG_0_connects_CED_CEAD_RSTD_GND  
grp_c_sum_fu_1398/lenetSynthMatlab_bkb_U5/lenetSynthMatlab_ap_fadd_2_full_dsp_32_u/U0/i_synth/ADDSUB_OP.ADDSUB/SPEED_OP.DSP.OP/DSP48E1_BODY.NORM_RND/FULL_USAGE_DSP.SHIFT_RND/DSP: DSP48E1 is not using the D port (USE_DPORT = FALSE). For improved power characteristics, set DREG and ADREG to '1', tie CED, CEAD, and RSTD to logic '0'.
Related violations: <none>

AVAL-4#2 Advisory
enum_USE_DPORT_FALSE_enum_DREG_ADREG_0_connects_CED_CEAD_RSTD_GND  
grp_d_sum_fu_1410/lenetSynthMatlab_bkb_U8/lenetSynthMatlab_ap_fadd_2_full_dsp_32_u/U0/i_synth/ADDSUB_OP.ADDSUB/SPEED_OP.DSP.OP/DSP48E1_BODY.NORM_RND/FULL_USAGE_DSP.SHIFT_RND/DSP: DSP48E1 is not using the D port (USE_DPORT = FALSE). For improved power characteristics, set DREG and ADREG to '1', tie CED, CEAD, and RSTD to logic '0'.
Related violations: <none>

AVAL-4#3 Advisory
enum_USE_DPORT_FALSE_enum_DREG_ADREG_0_connects_CED_CEAD_RSTD_GND  
grp_f_sum_fu_1404/lenetSynthMatlab_bkb_U11/lenetSynthMatlab_ap_fadd_2_full_dsp_32_u/U0/i_synth/ADDSUB_OP.ADDSUB/SPEED_OP.DSP.OP/DSP48E1_BODY.NORM_RND/FULL_USAGE_DSP.SHIFT_RND/DSP: DSP48E1 is not using the D port (USE_DPORT = FALSE). For improved power characteristics, set DREG and ADREG to '1', tie CED, CEAD, and RSTD to logic '0'.
Related violations: <none>

AVAL-4#4 Advisory
enum_USE_DPORT_FALSE_enum_DREG_ADREG_0_connects_CED_CEAD_RSTD_GND  
grp_g_sum_fu_1416/lenetSynthMatlab_bkb_U14/lenetSynthMatlab_ap_fadd_2_full_dsp_32_u/U0/i_synth/ADDSUB_OP.ADDSUB/SPEED_OP.DSP.OP/DSP48E1_BODY.NORM_RND/FULL_USAGE_DSP.SHIFT_RND/DSP: DSP48E1 is not using the D port (USE_DPORT = FALSE). For improved power characteristics, set DREG and ADREG to '1', tie CED, CEAD, and RSTD to logic '0'.
Related violations: <none>

AVAL-4#5 Advisory
enum_USE_DPORT_FALSE_enum_DREG_ADREG_0_connects_CED_CEAD_RSTD_GND  
grp_sum_fu_1422/lenetSynthMatlab_bkb_U1/lenetSynthMatlab_ap_fadd_2_full_dsp_32_u/U0/i_synth/ADDSUB_OP.ADDSUB/SPEED_OP.DSP.OP/DSP48E1_BODY.NORM_RND/FULL_USAGE_DSP.SHIFT_RND/DSP: DSP48E1 is not using the D port (USE_DPORT = FALSE). For improved power characteristics, set DREG and ADREG to '1', tie CED, CEAD, and RSTD to logic '0'.
Related violations: <none>

AVAL-4#6 Advisory
enum_USE_DPORT_FALSE_enum_DREG_ADREG_0_connects_CED_CEAD_RSTD_GND  
lenetSynthMatlab_DeQ_U18/lenetSynthMatlab_ap_fmul_0_max_dsp_32_u/U0/i_synth/MULT.OP/MULT/DSP48E1_SPD_SGL_VARIANT.FIX_MULT/DSP1/DSP: DSP48E1 is not using the D port (USE_DPORT = FALSE). For improved power characteristics, set DREG and ADREG to '1', tie CED, CEAD, and RSTD to logic '0'.
Related violations: <none>

AVAL-4#7 Advisory
enum_USE_DPORT_FALSE_enum_DREG_ADREG_0_connects_CED_CEAD_RSTD_GND  
lenetSynthMatlab_DeQ_U18/lenetSynthMatlab_ap_fmul_0_max_dsp_32_u/U0/i_synth/MULT.OP/MULT/DSP48E1_SPD_SGL_VARIANT.FIX_MULT/DSP2/DSP: DSP48E1 is not using the D port (USE_DPORT = FALSE). For improved power characteristics, set DREG and ADREG to '1', tie CED, CEAD, and RSTD to logic '0'.
Related violations: <none>

AVAL-4#8 Advisory
enum_USE_DPORT_FALSE_enum_DREG_ADREG_0_connects_CED_CEAD_RSTD_GND  
lenetSynthMatlab_DeQ_U18/lenetSynthMatlab_ap_fmul_0_max_dsp_32_u/U0/i_synth/MULT.OP/R_AND_R/LAT_OPT.FULL.R_AND_R/DSP48E1_SGL_EXP_IP.OLD_ADD.ADD/DSP: DSP48E1 is not using the D port (USE_DPORT = FALSE). For improved power characteristics, set DREG and ADREG to '1', tie CED, CEAD, and RSTD to logic '0'.
Related violations: <none>

AVAL-4#9 Advisory
enum_USE_DPORT_FALSE_enum_DREG_ADREG_0_connects_CED_CEAD_RSTD_GND  
lenetSynthMatlab_bkb_U17/lenetSynthMatlab_ap_fadd_2_full_dsp_32_u/U0/i_synth/ADDSUB_OP.ADDSUB/SPEED_OP.DSP.OP/DSP48E1_BODY.NORM_RND/FULL_USAGE_DSP.SHIFT_RND/DSP: DSP48E1 is not using the D port (USE_DPORT = FALSE). For improved power characteristics, set DREG and ADREG to '1', tie CED, CEAD, and RSTD to logic '0'.
Related violations: <none>

AVAL-5#1 Advisory
enum_USE_MULT_NONE_enum_DREG_ADREG_0_connects_CED_CEAD_RSTD_GND  
lenetSynthMatlab_DeQ_U18/lenetSynthMatlab_ap_fmul_0_max_dsp_32_u/U0/i_synth/MULT.OP/R_AND_R/LAT_OPT.FULL.R_AND_R/DSP48E1_SGL_EXP_IP.OLD_ADD.ADD/DSP: DSP48E1 is not using the Multiplier (USE_MULT = NONE). For improved power characteristics, set DREG and ADREG to '1', tie CED, CEAD, and RSTD to logic '0'.
Related violations: <none>

REQP-1725#1 Advisory
DSP_Abus_sign_bit_alert  
grp_c_sum_fu_1398/lenetSynthMatlab_bkb_U5/lenetSynthMatlab_ap_fadd_2_full_dsp_32_u/U0/i_synth/ADDSUB_OP.ADDSUB/SPEED_OP.DSP.OP/DSP48E1_BODY.ALIGN_ADD/DSP2/DSP: When using the PreAdder and USE_DPORT is TRUE, the A operand should be restricted to 24 bit two's complement (and sign extended) to avoid over/underflow in the pre-add stage.
Related violations: <none>

REQP-1725#2 Advisory
DSP_Abus_sign_bit_alert  
grp_d_sum_fu_1410/lenetSynthMatlab_bkb_U8/lenetSynthMatlab_ap_fadd_2_full_dsp_32_u/U0/i_synth/ADDSUB_OP.ADDSUB/SPEED_OP.DSP.OP/DSP48E1_BODY.ALIGN_ADD/DSP2/DSP: When using the PreAdder and USE_DPORT is TRUE, the A operand should be restricted to 24 bit two's complement (and sign extended) to avoid over/underflow in the pre-add stage.
Related violations: <none>

REQP-1725#3 Advisory
DSP_Abus_sign_bit_alert  
grp_f_sum_fu_1404/lenetSynthMatlab_bkb_U11/lenetSynthMatlab_ap_fadd_2_full_dsp_32_u/U0/i_synth/ADDSUB_OP.ADDSUB/SPEED_OP.DSP.OP/DSP48E1_BODY.ALIGN_ADD/DSP2/DSP: When using the PreAdder and USE_DPORT is TRUE, the A operand should be restricted to 24 bit two's complement (and sign extended) to avoid over/underflow in the pre-add stage.
Related violations: <none>

REQP-1725#4 Advisory
DSP_Abus_sign_bit_alert  
grp_g_sum_fu_1416/lenetSynthMatlab_bkb_U14/lenetSynthMatlab_ap_fadd_2_full_dsp_32_u/U0/i_synth/ADDSUB_OP.ADDSUB/SPEED_OP.DSP.OP/DSP48E1_BODY.ALIGN_ADD/DSP2/DSP: When using the PreAdder and USE_DPORT is TRUE, the A operand should be restricted to 24 bit two's complement (and sign extended) to avoid over/underflow in the pre-add stage.
Related violations: <none>

REQP-1725#5 Advisory
DSP_Abus_sign_bit_alert  
grp_sum_fu_1422/lenetSynthMatlab_bkb_U1/lenetSynthMatlab_ap_fadd_2_full_dsp_32_u/U0/i_synth/ADDSUB_OP.ADDSUB/SPEED_OP.DSP.OP/DSP48E1_BODY.ALIGN_ADD/DSP2/DSP: When using the PreAdder and USE_DPORT is TRUE, the A operand should be restricted to 24 bit two's complement (and sign extended) to avoid over/underflow in the pre-add stage.
Related violations: <none>

REQP-1725#6 Advisory
DSP_Abus_sign_bit_alert  
lenetSynthMatlab_bkb_U17/lenetSynthMatlab_ap_fadd_2_full_dsp_32_u/U0/i_synth/ADDSUB_OP.ADDSUB/SPEED_OP.DSP.OP/DSP48E1_BODY.ALIGN_ADD/DSP2/DSP: When using the PreAdder and USE_DPORT is TRUE, the A operand should be restricted to 24 bit two's complement (and sign extended) to avoid over/underflow in the pre-add stage.
Related violations: <none>


