Copyright 1986-2018 Xilinx, Inc. All Rights Reserved.
---------------------------------------------------------------------------------------------
| Tool Version : Vivado v.2018.2 (lin64) Build 2258646 Thu Jun 14 20:02:38 MDT 2018
| Date         : Sun Dec  9 13:13:36 2018
| Host         : Neuromancer running 64-bit Ubuntu 18.04.1 LTS
| Command      : report_control_sets -verbose -file lenetSynthMatlab_control_sets_placed.rpt
| Design       : lenetSynthMatlab
| Device       : xc7a100t
---------------------------------------------------------------------------------------------

Control Set Information

Table of Contents
-----------------
1. Summary
2. Histogram
3. Flip-Flop Distribution
4. Detailed Control Set Information

1. Summary
----------

+----------------------------------------------------------+-------+
|                          Status                          | Count |
+----------------------------------------------------------+-------+
| Number of unique control sets                            |   152 |
| Unused register locations in slices containing registers |   318 |
+----------------------------------------------------------+-------+


2. Histogram
------------

+--------+--------------+
| Fanout | Control Sets |
+--------+--------------+
|      8 |           23 |
|     10 |           23 |
|     12 |            6 |
|     14 |           16 |
|    16+ |           84 |
+--------+--------------+


3. Flip-Flop Distribution
-------------------------

+--------------+-----------------------+------------------------+-----------------+--------------+
| Clock Enable | Synchronous Set/Reset | Asynchronous Set/Reset | Total Registers | Total Slices |
+--------------+-----------------------+------------------------+-----------------+--------------+
| No           | No                    | No                     |            3588 |          544 |
| No           | No                    | Yes                    |               0 |            0 |
| No           | Yes                   | No                     |             666 |          123 |
| Yes          | No                    | No                     |            4118 |          652 |
| Yes          | No                    | Yes                    |               0 |            0 |
| Yes          | Yes                   | No                     |            1062 |          127 |
+--------------+-----------------------+------------------------+-----------------+--------------+


4. Detailed Control Set Information
-----------------------------------

+--------------+------------------------------------------------------------------+--------------------------------------------------------------------------------------------------------------------------------------------------------------------------------------+------------------+----------------+
| Clock Signal |                           Enable Signal                          |                                                                                   Set/Reset Signal                                                                                   | Slice Load Count | Bel Load Count |
+--------------+------------------------------------------------------------------+--------------------------------------------------------------------------------------------------------------------------------------------------------------------------------------+------------------+----------------+
|  ap_clk      | ap_CS_fsm_state132                                               | k_i2_reg_1099                                                                                                                                                                        |                1 |              8 |
|  ap_clk      | ap_CS_fsm_state59                                                |                                                                                                                                                                                      |                1 |              8 |
|  ap_clk      | ap_CS_fsm_state58                                                |                                                                                                                                                                                      |                2 |              8 |
|  ap_clk      | ap_CS_fsm_state42                                                |                                                                                                                                                                                      |                1 |              8 |
|  ap_clk      | grp_g_sum_fu_1207/tmp_reg_198_reg0                               |                                                                                                                                                                                      |                1 |              8 |
|  ap_clk      | grp_g_sum_fu_1207/y_addr_2_reg_2340                              |                                                                                                                                                                                      |                1 |              8 |
|  ap_clk      | tmp_5_cast_reg_3798[4]_i_1_n_0                                   |                                                                                                                                                                                      |                3 |              8 |
|  ap_clk      | ap_CS_fsm_state86                                                | c_2_reg_876[3]_i_1_n_0                                                                                                                                                               |                1 |              8 |
|  ap_clk      | ap_CS_fsm_state87                                                |                                                                                                                                                                                      |                2 |              8 |
|  ap_clk      | ap_CS_fsm_state88                                                |                                                                                                                                                                                      |                1 |              8 |
|  ap_clk      | grp_d_sum_fu_1201/b_k_reg_890                                    |                                                                                                                                                                                      |                2 |              8 |
|  ap_clk      | ap_CS_fsm_state51                                                | c_1_reg_830                                                                                                                                                                          |                1 |              8 |
|  ap_clk      | b_k_2_reg_9640                                                   |                                                                                                                                                                                      |                1 |              8 |
|  ap_clk      | grp_sum_fu_1213/b_k_reg_910                                      |                                                                                                                                                                                      |                1 |              8 |
|  ap_clk      | netScores_we0                                                    | ap_NS_fsm12_out                                                                                                                                                                      |                1 |              8 |
|  ap_clk      | colOutIdx_8_reg_11780                                            |                                                                                                                                                                                      |                1 |              8 |
|  ap_clk      | ap_CS_fsm_state160                                               |                                                                                                                                                                                      |                1 |              8 |
|  ap_clk      | ap_NS_fsm[102]                                                   | p_Val2_9_reg_4231[3]                                                                                                                                                                 |                1 |              8 |
|  ap_clk      | ap_NS_fsm117_out                                                 | colOutIdx_4_reg_953                                                                                                                                                                  |                1 |              8 |
|  ap_clk      | ap_NS_fsm118_out                                                 | ap_NS_fsm129_out                                                                                                                                                                     |                1 |              8 |
|  ap_clk      | ap_NS_fsm127_out                                                 | r_2_reg_8640                                                                                                                                                                         |                1 |              8 |
|  ap_clk      | ap_CS_fsm_state126                                               |                                                                                                                                                                                      |                2 |              8 |
|  ap_clk      | ap_NS_fsm132_out                                                 |                                                                                                                                                                                      |                1 |              8 |
|  ap_clk      | grp_g_sum_fu_1207/ap_CS_fsm_state5                               |                                                                                                                                                                                      |                1 |             10 |
|  ap_clk      | grp_g_sum_fu_1207/ap_CS_fsm_state3                               | grp_g_sum_fu_1207/k_reg_71                                                                                                                                                           |                1 |             10 |
|  ap_clk      | ap_NS_fsm136_out                                                 | colOutIdx_1_reg_752[4]_i_1_n_0                                                                                                                                                       |                1 |             10 |
|  ap_clk      | grp_g_sum_fu_1207/ap_CS_fsm_state2                               |                                                                                                                                                                                      |                1 |             10 |
|  ap_clk      | ap_NS_fsm[6]                                                     |                                                                                                                                                                                      |                2 |             10 |
|  ap_clk      | ap_CS_fsm_state34                                                |                                                                                                                                                                                      |                1 |             10 |
|  ap_clk      | ap_CS_fsm_state32                                                | c_reg_6750                                                                                                                                                                           |                2 |             10 |
|  ap_clk      | ap_CS_fsm_state113                                               |                                                                                                                                                                                      |                1 |             10 |
|  ap_clk      | ap_CS_fsm_state120                                               | b_k_3_reg_10780                                                                                                                                                                      |                1 |             10 |
|  ap_clk      | grp_g_sum_fu_1207/ap_CS_fsm_state12                              | grp_g_sum_fu_1207/b_k_reg_930                                                                                                                                                        |                1 |             10 |
|  ap_clk      | ap_NS_fsm128_out                                                 | f_2_reg_853                                                                                                                                                                          |                3 |             10 |
|  ap_clk      | grp_f_sum_fu_1195/ap_CS_fsm_state7                               |                                                                                                                                                                                      |                2 |             10 |
|  ap_clk      | grp_f_sum_fu_1195/ap_CS_fsm_state4                               | grp_f_sum_fu_1195/b_k_reg_900                                                                                                                                                        |                1 |             10 |
|  ap_clk      | grp_f_sum_fu_1195/ap_CS_fsm_state3                               |                                                                                                                                                                                      |                2 |             10 |
|  ap_clk      | grp_f_sum_fu_1195/ap_CS_fsm_state15                              | grp_f_sum_fu_1195/c_k_reg_1230                                                                                                                                                       |                1 |             10 |
|  ap_clk      | grp_c_sum_fu_1189/b_k_1_reg_1120                                 |                                                                                                                                                                                      |                1 |             10 |
|  ap_clk      | grp_c_sum_fu_1189/b_k_reg_900                                    |                                                                                                                                                                                      |                1 |             10 |
|  ap_clk      | ap_NS_fsm114_out                                                 | f_3_reg_986                                                                                                                                                                          |                1 |             10 |
|  ap_clk      | ap_CS_fsm_state89                                                |                                                                                                                                                                                      |                1 |             10 |
|  ap_clk      | grp_c_sum_fu_1189/ap_NS_fsm[3]                                   |                                                                                                                                                                                      |                1 |             10 |
|  ap_clk      | grp_c_sum_fu_1189/y_addr_5_reg_4380                              |                                                                                                                                                                                      |                3 |             10 |
|  ap_clk      | ap_NS_fsm19_out                                                  |                                                                                                                                                                                      |                1 |             10 |
|  ap_clk      | ap_CS_fsm_state92                                                | b_k_2_reg_9640                                                                                                                                                                       |                1 |             10 |
|  ap_clk      | c_2_reg_876[3]_i_1_n_0                                           |                                                                                                                                                                                      |                2 |             12 |
|  ap_clk      | ap_CS_fsm_state2                                                 |                                                                                                                                                                                      |                1 |             12 |
|  ap_clk      | r_3_reg_10090                                                    |                                                                                                                                                                                      |                1 |             12 |
|  ap_clk      | tmp6_reg_4069[10]_i_1_n_0                                        |                                                                                                                                                                                      |                1 |             12 |
|  ap_clk      | ap_CS_fsm_state40                                                |                                                                                                                                                                                      |                2 |             12 |
|  ap_clk      | ap_CS_fsm_state5                                                 |                                                                                                                                                                                      |                3 |             12 |
|  ap_clk      | colOutIdx_7_reg_11440                                            |                                                                                                                                                                                      |                1 |             14 |
|  ap_clk      | ap_CS_fsm_state171                                               | colOutIdx_8_reg_1178                                                                                                                                                                 |                3 |             14 |
|  ap_clk      | ap_CS_fsm_state161                                               |                                                                                                                                                                                      |                3 |             14 |
|  ap_clk      | b_k_reg_7630                                                     |                                                                                                                                                                                      |                2 |             14 |
|  ap_clk      | ap_CS_fsm_state159                                               | ap_NS_fsm13_out                                                                                                                                                                      |                2 |             14 |
|  ap_clk      | ap_CS_fsm_state154                                               | colOutIdx_7_reg_1144                                                                                                                                                                 |                1 |             14 |
|  ap_clk      |                                                                  | lenetSynthMatlab_tde_U18/lenetSynthMatlab_ap_fmul_2_max_dsp_32_u/U0/i_synth/MULT.OP/EXP/STATE_DELAY/i_pipe/p_1_in12_out                                                              |                2 |             14 |
|  ap_clk      | ap_CS_fsm_state143                                               |                                                                                                                                                                                      |                2 |             14 |
|  ap_clk      | ap_CS_fsm_state142                                               |                                                                                                                                                                                      |                2 |             14 |
|  ap_clk      | ap_CS_fsm_state141                                               | ap_NS_fsm110_out                                                                                                                                                                     |                1 |             14 |
|  ap_clk      | ap_CS_fsm_state138                                               |                                                                                                                                                                                      |                2 |             14 |
|  ap_clk      | ap_CS_fsm_state137                                               | ap_NS_fsm115_out                                                                                                                                                                     |                1 |             14 |
|  ap_clk      | ap_NS_fsm[138]                                                   |                                                                                                                                                                                      |                1 |             14 |
|  ap_clk      | ap_CS_fsm_state110                                               |                                                                                                                                                                                      |                3 |             14 |
|  ap_clk      | grp_f_sum_fu_1195/tmp_138_reg_311_reg0                           |                                                                                                                                                                                      |                2 |             14 |
|  ap_clk      | grp_f_sum_fu_1195/y_addr_3_reg_376_reg[6]_0[0]                   |                                                                                                                                                                                      |                2 |             14 |
|  ap_clk      | ap_NS_fsm143_out                                                 |                                                                                                                                                                                      |                2 |             16 |
|  ap_clk      | ap_NS_fsm[62]                                                    |                                                                                                                                                                                      |                3 |             16 |
|  ap_clk      | ap_CS_fsm_state7                                                 |                                                                                                                                                                                      |                4 |             16 |
|  ap_clk      | ap_NS_fsm[113]                                                   |                                                                                                                                                                                      |                5 |             18 |
|  ap_clk      | ap_NS_fsm[48]                                                    |                                                                                                                                                                                      |                4 |             18 |
|  ap_clk      | invdar1_reg_9750                                                 | ap_NS_fsm119_out                                                                                                                                                                     |                2 |             18 |
|  ap_clk      | ap_CS_fsm_state57                                                |                                                                                                                                                                                      |                3 |             20 |
|  ap_clk      | ap_NS_fsm[102]                                                   |                                                                                                                                                                                      |                4 |             20 |
|  ap_clk      | ap_CS_fsm_state94                                                |                                                                                                                                                                                      |                2 |             20 |
|  ap_clk      | ap_NS_fsm[48]                                                    | p_Val2_2_reg_3887[10]                                                                                                                                                                |                7 |             20 |
|  ap_clk      | ap_CS_fsm_state4                                                 |                                                                                                                                                                                      |                3 |             20 |
|  ap_clk      | ap_CS_fsm_state103                                               |                                                                                                                                                                                      |                4 |             20 |
|  ap_clk      | ap_CS_fsm[81]_i_1_n_0                                            |                                                                                                                                                                                      |                4 |             22 |
|  ap_clk      | tmp_87_reg_4005[5]_i_1_n_0                                       |                                                                                                                                                                                      |                3 |             22 |
|  ap_clk      | ap_NS_fsm[89]                                                    |                                                                                                                                                                                      |                6 |             22 |
|  ap_clk      | ap_CS_fsm_state100                                               |                                                                                                                                                                                      |                7 |             22 |
|  ap_clk      | grp_c_sum_fu_1189/c_k_reg_1230                                   |                                                                                                                                                                                      |                4 |             22 |
|  ap_clk      | invdar_reg_7740                                                  | ap_NS_fsm138_out                                                                                                                                                                     |                3 |             22 |
|  ap_clk      | ap_NS_fsm[35]                                                    |                                                                                                                                                                                      |                4 |             26 |
|  ap_clk      | ap_CS_fsm[27]_i_1_n_0                                            |                                                                                                                                                                                      |                4 |             26 |
|  ap_clk      | grp_f_sum_fu_1195/tmp_140_reg_3610                               |                                                                                                                                                                                      |                4 |             26 |
|  ap_clk      | ap_CS_fsm_state46                                                |                                                                                                                                                                                      |                7 |             26 |
|  ap_clk      | ap_CS_fsm_state56                                                | phi_mul4_reg_819                                                                                                                                                                     |                4 |             28 |
|  ap_clk      | ap_NS_fsm126_out                                                 |                                                                                                                                                                                      |                4 |             32 |
|  ap_clk      | ap_NS_fsm137_out                                                 | ap_NS_fsm146_out                                                                                                                                                                     |                3 |             32 |
|  ap_clk      | ap_NS_fsm144_out                                                 | phi_mul_reg_6640                                                                                                                                                                     |                3 |             32 |
|  ap_clk      | ap_NS_fsm[97]                                                    |                                                                                                                                                                                      |                7 |             36 |
|  ap_clk      |                                                                  | lenetSynthMatlab_tde_U18/lenetSynthMatlab_ap_fmul_2_max_dsp_32_u/U0/i_synth/MULT.OP/EXP/SIG_DELAY/i_pipe/RESULT_REG.NORMAL.mant_op_reg[21]                                           |                6 |             44 |
|  ap_clk      |                                                                  | lenetSynthMatlab_udo_U19/lenetSynthMatlab_ap_uitofp_4_no_dsp_32_u/U0/i_synth/FIX_TO_FLT_OP.SPD.OP/EXP/ZERO_DELAY/i_pipe/op_state[0]                                                  |                7 |             46 |
|  ap_clk      | ap_CS_fsm_state41                                                |                                                                                                                                                                                      |                4 |             48 |
|  ap_clk      | ap_NS_fsm[43]                                                    |                                                                                                                                                                                      |                9 |             52 |
|  ap_clk      | ap_CS_fsm_state3                                                 |                                                                                                                                                                                      |                6 |             54 |
|  ap_clk      | ap_CS_fsm_state33                                                |                                                                                                                                                                                      |                5 |             54 |
|  ap_clk      | ap_CS_fsm_state13                                                |                                                                                                                                                                                      |                5 |             62 |
|  ap_clk      | ap_NS_fsm[74]                                                    |                                                                                                                                                                                      |                7 |             64 |
|  ap_clk      | reg_12890                                                        |                                                                                                                                                                                      |                6 |             64 |
|  ap_clk      | ap_NS_fsm[125]                                                   |                                                                                                                                                                                      |               14 |             64 |
|  ap_clk      | reg_13100                                                        |                                                                                                                                                                                      |                8 |             64 |
|  ap_clk      | reg_13150                                                        |                                                                                                                                                                                      |                6 |             64 |
|  ap_clk      | ap_NS_fsm[160]                                                   | tmp_89_reg_1166[31]_i_1_n_0                                                                                                                                                          |                9 |             64 |
|  ap_clk      | ap_NS_fsm[20]                                                    |                                                                                                                                                                                      |               13 |             64 |
|  ap_clk      | tmp_83_reg_1132[31]_i_2_n_0                                      | tmp_83_reg_1132[31]_i_1_n_0                                                                                                                                                          |                7 |             64 |
|  ap_clk      | grp_c_sum_fu_1189/ap_CS_fsm_state13                              |                                                                                                                                                                                      |                8 |             64 |
|  ap_clk      | grp_g_sum_fu_1207/ap_CS_fsm_state11                              |                                                                                                                                                                                      |                8 |             64 |
|  ap_clk      | grp_g_sum_fu_1207/p_0_in                                         |                                                                                                                                                                                      |                8 |             64 |
|  ap_clk      | grp_g_sum_fu_1207/E[0]                                           |                                                                                                                                                                                      |               14 |             64 |
|  ap_clk      | fv10_U/lenetSynthMatlab_fYi_ram_U/ram_reg_0_15_0_0__0_i_1__0_n_0 |                                                                                                                                                                                      |                8 |             64 |
|  ap_clk      | fv10_U/lenetSynthMatlab_fYi_ram_U/ram_reg_0_15_0_0_i_1__1_n_0    |                                                                                                                                                                                      |                8 |             64 |
|  ap_clk      | grp_sum_fu_1213/ap_CS_fsm_state11                                |                                                                                                                                                                                      |                7 |             64 |
|  ap_clk      | grp_f_sum_fu_1195/ap_CS_fsm_state14                              |                                                                                                                                                                                      |                9 |             64 |
|  ap_clk      | grp_d_sum_fu_1201/q0_reg[0][0]                                   |                                                                                                                                                                                      |               17 |             64 |
|  ap_clk      | grp_sum_fu_1213/p_0_in                                           |                                                                                                                                                                                      |                8 |             64 |
|  ap_clk      | grp_sum_fu_1213/E[0]                                             |                                                                                                                                                                                      |               11 |             64 |
|  ap_clk      | grp_d_sum_fu_1201/E[0]                                           |                                                                                                                                                                                      |               14 |             64 |
|  ap_clk      | grp_sum_fu_1213/q0_reg[0][0]                                     |                                                                                                                                                                                      |               16 |             64 |
|  ap_clk      | grp_d_sum_fu_1201/p_0_in                                         |                                                                                                                                                                                      |                8 |             64 |
|  ap_clk      | grp_d_sum_fu_1201/ap_CS_fsm_state11                              |                                                                                                                                                                                      |                5 |             64 |
|  ap_clk      | ap_CS_fsm_state127                                               |                                                                                                                                                                                      |                9 |             64 |
|  ap_clk      | grp_c_sum_fu_1189/q0_reg[31]                                     |                                                                                                                                                                                      |                8 |             64 |
|  ap_clk      | ap_CS_fsm_state22                                                |                                                                                                                                                                                      |                9 |             64 |
|  ap_clk      | grp_c_sum_fu_1189/q0_reg[0]_1                                    |                                                                                                                                                                                      |                8 |             64 |
|  ap_clk      | ap_CS_fsm_state76                                                |                                                                                                                                                                                      |                8 |             64 |
|  ap_clk      | ap_CS_fsm_state37                                                | conv1ActivationMap_U/lenetSynthMatlab_dEe_ram_U/SR[0]                                                                                                                                |                7 |             72 |
|  ap_clk      | maxval_1_fu_282                                                  |                                                                                                                                                                                      |               23 |             80 |
|  ap_clk      | maxval_1_3_fu_286                                                |                                                                                                                                                                                      |               11 |             80 |
|  ap_clk      | ap_CS_fsm_state45                                                |                                                                                                                                                                                      |               13 |             80 |
|  ap_clk      | ap_CS_fsm_state91                                                | conv2ActivationMap_U/lenetSynthMatlab_ibs_ram_U/SR[0]                                                                                                                                |                7 |             92 |
|  ap_clk      |                                                                  | lenetSynthMatlab_xdS_U22/lenetSynthMatlab_ap_dadd_4_full_dsp_64_u/U0/i_synth/ADDSUB_OP.ADDSUB/SPEED_OP.LOGIC.OP/EXP/EXP_OFF.LRG_EXP_DELAY/i_pipe/RESULT_REG.NORMAL.mant_op_reg[50]_0 |               14 |            102 |
|  ap_clk      | grp_g_sum_fu_1207/ap_CS_fsm_state6                               |                                                                                                                                                                                      |               20 |            128 |
|  ap_clk      | ap_CS_fsm_state99                                                |                                                                                                                                                                                      |               14 |            128 |
|  ap_clk      | grp_c_sum_fu_1189/ap_CS_fsm_state8                               |                                                                                                                                                                                      |               20 |            128 |
|  ap_clk      | ap_CS_fsm_state140                                               | fc1ActivationMap_U/lenetSynthMatlab_pcA_ram_U/SR[0]                                                                                                                                  |               12 |            128 |
|  ap_clk      | maxval_1_6_fu_290[63]_i_1_n_0                                    |                                                                                                                                                                                      |               28 |            128 |
|  ap_clk      | grp_d_sum_fu_1201/ap_CS_fsm_state6                               |                                                                                                                                                                                      |               14 |            128 |
|  ap_clk      | maxval_1_7_fu_294[63]_i_1_n_0                                    |                                                                                                                                                                                      |               20 |            128 |
|  ap_clk      | grp_sum_fu_1213/ap_CS_fsm_state6                                 |                                                                                                                                                                                      |               12 |            128 |
|  ap_clk      | grp_f_sum_fu_1195/ap_CS_fsm_state9                               |                                                                                                                                                                                      |               20 |            128 |
|  ap_clk      | x_assign_5_reg_997[63]_i_2_n_0                                   | x_assign_5_reg_997[63]_i_1_n_0                                                                                                                                                       |               19 |            128 |
|  ap_clk      | x_assign_reg_796[63]_i_2_n_0                                     | x_assign_reg_796[63]_i_1_n_0                                                                                                                                                         |               15 |            128 |
|  ap_clk      | p_Val2_s_37_reg_4185[63]_i_1_n_0                                 |                                                                                                                                                                                      |               27 |            134 |
|  ap_clk      | c_1_reg_8300                                                     |                                                                                                                                                                                      |               29 |            146 |
|  ap_clk      | reg_12960                                                        |                                                                                                                                                                                      |               26 |            160 |
|  ap_clk      |                                                                  | ap_rst                                                                                                                                                                               |               94 |            460 |
|  ap_clk      |                                                                  |                                                                                                                                                                                      |              548 |           3598 |
+--------------+------------------------------------------------------------------+--------------------------------------------------------------------------------------------------------------------------------------------------------------------------------------+------------------+----------------+


