INFO: [VRFC 10-2263] Analyzing Verilog file "/home/tyrian/nnproject/lenet58BitFloatMod/lenet58BitFloatMod.sim/sim_1/synth/timing/xsim/tb_lenet5_time_synth.v" into library xil_defaultlib
INFO: [VRFC 10-311] analyzing module RAM32X1S_UNIQ_BASE_
INFO: [VRFC 10-311] analyzing module RAM32X1S_HD1
INFO: [VRFC 10-311] analyzing module RAM32X1S_HD10
INFO: [VRFC 10-311] analyzing module RAM32X1S_HD100
INFO: [VRFC 10-311] analyzing module RAM32X1S_HD101
INFO: [VRFC 10-311] analyzing module RAM32X1S_HD102
INFO: [VRFC 10-311] analyzing module RAM32X1S_HD103
INFO: [VRFC 10-311] analyzing module RAM32X1S_HD104
INFO: [VRFC 10-311] analyzing module RAM32X1S_HD105
INFO: [VRFC 10-311] analyzing module RAM32X1S_HD106
INFO: [VRFC 10-311] analyzing module RAM32X1S_HD107
INFO: [VRFC 10-311] analyzing module RAM32X1S_HD108
INFO: [VRFC 10-311] analyzing module RAM32X1S_HD109
INFO: [VRFC 10-311] analyzing module RAM32X1S_HD11
INFO: [VRFC 10-311] analyzing module RAM32X1S_HD110
INFO: [VRFC 10-311] analyzing module RAM32X1S_HD111
INFO: [VRFC 10-311] analyzing module RAM32X1S_HD112
INFO: [VRFC 10-311] analyzing module RAM32X1S_HD113
INFO: [VRFC 10-311] analyzing module RAM32X1S_HD114
INFO: [VRFC 10-311] analyzing module RAM32X1S_HD115
INFO: [VRFC 10-311] analyzing module RAM32X1S_HD116
INFO: [VRFC 10-311] analyzing module RAM32X1S_HD117
INFO: [VRFC 10-311] analyzing module RAM32X1S_HD118
INFO: [VRFC 10-311] analyzing module RAM32X1S_HD119
INFO: [VRFC 10-311] analyzing module RAM32X1S_HD12
INFO: [VRFC 10-311] analyzing module RAM32X1S_HD120
INFO: [VRFC 10-311] analyzing module RAM32X1S_HD121
INFO: [VRFC 10-311] analyzing module RAM32X1S_HD122
INFO: [VRFC 10-311] analyzing module RAM32X1S_HD123
INFO: [VRFC 10-311] analyzing module RAM32X1S_HD124
INFO: [VRFC 10-311] analyzing module RAM32X1S_HD125
INFO: [VRFC 10-311] analyzing module RAM32X1S_HD126
INFO: [VRFC 10-311] analyzing module RAM32X1S_HD127
INFO: [VRFC 10-311] analyzing module RAM32X1S_HD128
INFO: [VRFC 10-311] analyzing module RAM32X1S_HD129
INFO: [VRFC 10-311] analyzing module RAM32X1S_HD13
INFO: [VRFC 10-311] analyzing module RAM32X1S_HD130
INFO: [VRFC 10-311] analyzing module RAM32X1S_HD131
INFO: [VRFC 10-311] analyzing module RAM32X1S_HD132
INFO: [VRFC 10-311] analyzing module RAM32X1S_HD133
INFO: [VRFC 10-311] analyzing module RAM32X1S_HD134
INFO: [VRFC 10-311] analyzing module RAM32X1S_HD135
INFO: [VRFC 10-311] analyzing module RAM32X1S_HD136
INFO: [VRFC 10-311] analyzing module RAM32X1S_HD137
INFO: [VRFC 10-311] analyzing module RAM32X1S_HD138
INFO: [VRFC 10-311] analyzing module RAM32X1S_HD139
INFO: [VRFC 10-311] analyzing module RAM32X1S_HD14
INFO: [VRFC 10-311] analyzing module RAM32X1S_HD140
INFO: [VRFC 10-311] analyzing module RAM32X1S_HD141
INFO: [VRFC 10-311] analyzing module RAM32X1S_HD142
INFO: [VRFC 10-311] analyzing module RAM32X1S_HD143
INFO: [VRFC 10-311] analyzing module RAM32X1S_HD144
INFO: [VRFC 10-311] analyzing module RAM32X1S_HD145
INFO: [VRFC 10-311] analyzing module RAM32X1S_HD146
INFO: [VRFC 10-311] analyzing module RAM32X1S_HD147
INFO: [VRFC 10-311] analyzing module RAM32X1S_HD148
INFO: [VRFC 10-311] analyzing module RAM32X1S_HD149
INFO: [VRFC 10-311] analyzing module RAM32X1S_HD15
INFO: [VRFC 10-311] analyzing module RAM32X1S_HD150
INFO: [VRFC 10-311] analyzing module RAM32X1S_HD151
INFO: [VRFC 10-311] analyzing module RAM32X1S_HD152
INFO: [VRFC 10-311] analyzing module RAM32X1S_HD153
INFO: [VRFC 10-311] analyzing module RAM32X1S_HD154
INFO: [VRFC 10-311] analyzing module RAM32X1S_HD155
INFO: [VRFC 10-311] analyzing module RAM32X1S_HD156
INFO: [VRFC 10-311] analyzing module RAM32X1S_HD157
INFO: [VRFC 10-311] analyzing module RAM32X1S_HD158
INFO: [VRFC 10-311] analyzing module RAM32X1S_HD159
INFO: [VRFC 10-311] analyzing module RAM32X1S_HD16
INFO: [VRFC 10-311] analyzing module RAM32X1S_HD160
INFO: [VRFC 10-311] analyzing module RAM32X1S_HD161
INFO: [VRFC 10-311] analyzing module RAM32X1S_HD162
INFO: [VRFC 10-311] analyzing module RAM32X1S_HD163
INFO: [VRFC 10-311] analyzing module RAM32X1S_HD164
INFO: [VRFC 10-311] analyzing module RAM32X1S_HD165
INFO: [VRFC 10-311] analyzing module RAM32X1S_HD166
INFO: [VRFC 10-311] analyzing module RAM32X1S_HD167
INFO: [VRFC 10-311] analyzing module RAM32X1S_HD168
INFO: [VRFC 10-311] analyzing module RAM32X1S_HD169
INFO: [VRFC 10-311] analyzing module RAM32X1S_HD17
INFO: [VRFC 10-311] analyzing module RAM32X1S_HD170
INFO: [VRFC 10-311] analyzing module RAM32X1S_HD171
INFO: [VRFC 10-311] analyzing module RAM32X1S_HD172
INFO: [VRFC 10-311] analyzing module RAM32X1S_HD173
INFO: [VRFC 10-311] analyzing module RAM32X1S_HD174
INFO: [VRFC 10-311] analyzing module RAM32X1S_HD175
INFO: [VRFC 10-311] analyzing module RAM32X1S_HD176
INFO: [VRFC 10-311] analyzing module RAM32X1S_HD177
INFO: [VRFC 10-311] analyzing module RAM32X1S_HD178
INFO: [VRFC 10-311] analyzing module RAM32X1S_HD179
INFO: [VRFC 10-311] analyzing module RAM32X1S_HD18
INFO: [VRFC 10-311] analyzing module RAM32X1S_HD180
INFO: [VRFC 10-311] analyzing module RAM32X1S_HD181
INFO: [VRFC 10-311] analyzing module RAM32X1S_HD182
INFO: [VRFC 10-311] analyzing module RAM32X1S_HD183
INFO: [VRFC 10-311] analyzing module RAM32X1S_HD184
INFO: [VRFC 10-311] analyzing module RAM32X1S_HD185
INFO: [VRFC 10-311] analyzing module RAM32X1S_HD186
INFO: [VRFC 10-311] analyzing module RAM32X1S_HD187
INFO: [VRFC 10-311] analyzing module RAM32X1S_HD188
INFO: [VRFC 10-311] analyzing module RAM32X1S_HD189
INFO: [VRFC 10-311] analyzing module RAM32X1S_HD19
INFO: [VRFC 10-311] analyzing module RAM32X1S_HD190
INFO: [VRFC 10-311] analyzing module RAM32X1S_HD191
INFO: [VRFC 10-311] analyzing module RAM32X1S_HD192
INFO: [VRFC 10-311] analyzing module RAM32X1S_HD193
INFO: [VRFC 10-311] analyzing module RAM32X1S_HD194
INFO: [VRFC 10-311] analyzing module RAM32X1S_HD195
INFO: [VRFC 10-311] analyzing module RAM32X1S_HD196
INFO: [VRFC 10-311] analyzing module RAM32X1S_HD197
INFO: [VRFC 10-311] analyzing module RAM32X1S_HD198
INFO: [VRFC 10-311] analyzing module RAM32X1S_HD199
INFO: [VRFC 10-311] analyzing module RAM32X1S_HD2
INFO: [VRFC 10-311] analyzing module RAM32X1S_HD20
INFO: [VRFC 10-311] analyzing module RAM32X1S_HD200
INFO: [VRFC 10-311] analyzing module RAM32X1S_HD201
INFO: [VRFC 10-311] analyzing module RAM32X1S_HD202
INFO: [VRFC 10-311] analyzing module RAM32X1S_HD203
INFO: [VRFC 10-311] analyzing module RAM32X1S_HD204
INFO: [VRFC 10-311] analyzing module RAM32X1S_HD205
INFO: [VRFC 10-311] analyzing module RAM32X1S_HD206
INFO: [VRFC 10-311] analyzing module RAM32X1S_HD207
INFO: [VRFC 10-311] analyzing module RAM32X1S_HD208
INFO: [VRFC 10-311] analyzing module RAM32X1S_HD209
INFO: [VRFC 10-311] analyzing module RAM32X1S_HD21
INFO: [VRFC 10-311] analyzing module RAM32X1S_HD210
INFO: [VRFC 10-311] analyzing module RAM32X1S_HD211
INFO: [VRFC 10-311] analyzing module RAM32X1S_HD212
INFO: [VRFC 10-311] analyzing module RAM32X1S_HD213
INFO: [VRFC 10-311] analyzing module RAM32X1S_HD214
INFO: [VRFC 10-311] analyzing module RAM32X1S_HD215
INFO: [VRFC 10-311] analyzing module RAM32X1S_HD216
INFO: [VRFC 10-311] analyzing module RAM32X1S_HD217
INFO: [VRFC 10-311] analyzing module RAM32X1S_HD218
INFO: [VRFC 10-311] analyzing module RAM32X1S_HD219
INFO: [VRFC 10-311] analyzing module RAM32X1S_HD22
INFO: [VRFC 10-311] analyzing module RAM32X1S_HD220
INFO: [VRFC 10-311] analyzing module RAM32X1S_HD221
INFO: [VRFC 10-311] analyzing module RAM32X1S_HD222
INFO: [VRFC 10-311] analyzing module RAM32X1S_HD223
INFO: [VRFC 10-311] analyzing module RAM32X1S_HD23
INFO: [VRFC 10-311] analyzing module RAM32X1S_HD24
INFO: [VRFC 10-311] analyzing module RAM32X1S_HD25
INFO: [VRFC 10-311] analyzing module RAM32X1S_HD26
INFO: [VRFC 10-311] analyzing module RAM32X1S_HD27
INFO: [VRFC 10-311] analyzing module RAM32X1S_HD28
INFO: [VRFC 10-311] analyzing module RAM32X1S_HD29
INFO: [VRFC 10-311] analyzing module RAM32X1S_HD3
INFO: [VRFC 10-311] analyzing module RAM32X1S_HD30
INFO: [VRFC 10-311] analyzing module RAM32X1S_HD31
INFO: [VRFC 10-311] analyzing module RAM32X1S_HD32
INFO: [VRFC 10-311] analyzing module RAM32X1S_HD33
INFO: [VRFC 10-311] analyzing module RAM32X1S_HD34
INFO: [VRFC 10-311] analyzing module RAM32X1S_HD35
INFO: [VRFC 10-311] analyzing module RAM32X1S_HD36
INFO: [VRFC 10-311] analyzing module RAM32X1S_HD37
INFO: [VRFC 10-311] analyzing module RAM32X1S_HD38
INFO: [VRFC 10-311] analyzing module RAM32X1S_HD39
INFO: [VRFC 10-311] analyzing module RAM32X1S_HD4
INFO: [VRFC 10-311] analyzing module RAM32X1S_HD40
INFO: [VRFC 10-311] analyzing module RAM32X1S_HD41
INFO: [VRFC 10-311] analyzing module RAM32X1S_HD42
INFO: [VRFC 10-311] analyzing module RAM32X1S_HD43
INFO: [VRFC 10-311] analyzing module RAM32X1S_HD44
INFO: [VRFC 10-311] analyzing module RAM32X1S_HD45
INFO: [VRFC 10-311] analyzing module RAM32X1S_HD46
INFO: [VRFC 10-311] analyzing module RAM32X1S_HD47
INFO: [VRFC 10-311] analyzing module RAM32X1S_HD48
INFO: [VRFC 10-311] analyzing module RAM32X1S_HD49
INFO: [VRFC 10-311] analyzing module RAM32X1S_HD5
INFO: [VRFC 10-311] analyzing module RAM32X1S_HD50
INFO: [VRFC 10-311] analyzing module RAM32X1S_HD51
INFO: [VRFC 10-311] analyzing module RAM32X1S_HD52
INFO: [VRFC 10-311] analyzing module RAM32X1S_HD53
INFO: [VRFC 10-311] analyzing module RAM32X1S_HD54
INFO: [VRFC 10-311] analyzing module RAM32X1S_HD55
INFO: [VRFC 10-311] analyzing module RAM32X1S_HD56
INFO: [VRFC 10-311] analyzing module RAM32X1S_HD57
INFO: [VRFC 10-311] analyzing module RAM32X1S_HD58
INFO: [VRFC 10-311] analyzing module RAM32X1S_HD59
INFO: [VRFC 10-311] analyzing module RAM32X1S_HD6
INFO: [VRFC 10-311] analyzing module RAM32X1S_HD60
INFO: [VRFC 10-311] analyzing module RAM32X1S_HD61
INFO: [VRFC 10-311] analyzing module RAM32X1S_HD62
INFO: [VRFC 10-311] analyzing module RAM32X1S_HD63
INFO: [VRFC 10-311] analyzing module RAM32X1S_HD64
INFO: [VRFC 10-311] analyzing module RAM32X1S_HD65
INFO: [VRFC 10-311] analyzing module RAM32X1S_HD66
INFO: [VRFC 10-311] analyzing module RAM32X1S_HD67
INFO: [VRFC 10-311] analyzing module RAM32X1S_HD68
INFO: [VRFC 10-311] analyzing module RAM32X1S_HD69
INFO: [VRFC 10-311] analyzing module RAM32X1S_HD7
INFO: [VRFC 10-311] analyzing module RAM32X1S_HD70
INFO: [VRFC 10-311] analyzing module RAM32X1S_HD71
INFO: [VRFC 10-311] analyzing module RAM32X1S_HD72
INFO: [VRFC 10-311] analyzing module RAM32X1S_HD73
INFO: [VRFC 10-311] analyzing module RAM32X1S_HD74
INFO: [VRFC 10-311] analyzing module RAM32X1S_HD75
INFO: [VRFC 10-311] analyzing module RAM32X1S_HD76
INFO: [VRFC 10-311] analyzing module RAM32X1S_HD77
INFO: [VRFC 10-311] analyzing module RAM32X1S_HD78
INFO: [VRFC 10-311] analyzing module RAM32X1S_HD79
INFO: [VRFC 10-311] analyzing module RAM32X1S_HD8
INFO: [VRFC 10-311] analyzing module RAM32X1S_HD80
INFO: [VRFC 10-311] analyzing module RAM32X1S_HD81
INFO: [VRFC 10-311] analyzing module RAM32X1S_HD82
INFO: [VRFC 10-311] analyzing module RAM32X1S_HD83
INFO: [VRFC 10-311] analyzing module RAM32X1S_HD84
INFO: [VRFC 10-311] analyzing module RAM32X1S_HD85
INFO: [VRFC 10-311] analyzing module RAM32X1S_HD86
INFO: [VRFC 10-311] analyzing module RAM32X1S_HD87
INFO: [VRFC 10-311] analyzing module RAM32X1S_HD88
INFO: [VRFC 10-311] analyzing module RAM32X1S_HD89
INFO: [VRFC 10-311] analyzing module RAM32X1S_HD9
INFO: [VRFC 10-311] analyzing module RAM32X1S_HD90
INFO: [VRFC 10-311] analyzing module RAM32X1S_HD91
INFO: [VRFC 10-311] analyzing module RAM32X1S_HD92
INFO: [VRFC 10-311] analyzing module RAM32X1S_HD93
INFO: [VRFC 10-311] analyzing module RAM32X1S_HD94
INFO: [VRFC 10-311] analyzing module RAM32X1S_HD95
INFO: [VRFC 10-311] analyzing module RAM32X1S_HD96
INFO: [VRFC 10-311] analyzing module RAM32X1S_HD97
INFO: [VRFC 10-311] analyzing module RAM32X1S_HD98
INFO: [VRFC 10-311] analyzing module RAM32X1S_HD99
INFO: [VRFC 10-311] analyzing module blk_mem_gen_0
INFO: [VRFC 10-311] analyzing module imgROM
INFO: [VRFC 10-311] analyzing module lenet5top
INFO: [VRFC 10-311] analyzing module lenetSynthMatlab_0
INFO: [VRFC 10-311] analyzing module lenetSynthMatlab_0_c_sum
INFO: [VRFC 10-311] analyzing module lenetSynthMatlab_0_d_sum
INFO: [VRFC 10-311] analyzing module lenetSynthMatlab_0_f_sum
INFO: [VRFC 10-311] analyzing module lenetSynthMatlab_0_g_sum
INFO: [VRFC 10-311] analyzing module lenetSynthMatlab_0_lenetSynthMatlab
INFO: [VRFC 10-311] analyzing module lenetSynthMatlab_0_lenetSynthMatlab_Aem
INFO: [VRFC 10-311] analyzing module lenetSynthMatlab_0_lenetSynthMatlab_Aem_ram
INFO: [VRFC 10-311] analyzing module lenetSynthMatlab_0_lenetSynthMatlab_CeG
INFO: [VRFC 10-311] analyzing module lenetSynthMatlab_0_lenetSynthMatlab_CeG_ram
INFO: [VRFC 10-311] analyzing module lenetSynthMatlab_0_lenetSynthMatlab_DeQ
INFO: [VRFC 10-311] analyzing module lenetSynthMatlab_0_lenetSynthMatlab_Ee0
INFO: [VRFC 10-311] analyzing module lenetSynthMatlab_0_lenetSynthMatlab_Ffa
INFO: [VRFC 10-311] analyzing module lenetSynthMatlab_0_lenetSynthMatlab_Gfk
INFO: [VRFC 10-311] analyzing module lenetSynthMatlab_0_lenetSynthMatlab_Hfu
INFO: [VRFC 10-311] analyzing module lenetSynthMatlab_0_lenetSynthMatlab_IfE
INFO: [VRFC 10-311] analyzing module lenetSynthMatlab_0_lenetSynthMatlab_ap_dadd_4_full_dsp_64
INFO: [VRFC 10-311] analyzing module lenetSynthMatlab_0_lenetSynthMatlab_ap_dcmp_0_no_dsp_64
INFO: [VRFC 10-311] analyzing module lenetSynthMatlab_0_lenetSynthMatlab_ap_fadd_3_full_dsp_32
INFO: [VRFC 10-311] analyzing module lenetSynthMatlab_0_lenetSynthMatlab_ap_fadd_3_full_dsp_32_106
INFO: [VRFC 10-311] analyzing module lenetSynthMatlab_0_lenetSynthMatlab_ap_fadd_3_full_dsp_32_173
INFO: [VRFC 10-311] analyzing module lenetSynthMatlab_0_lenetSynthMatlab_ap_fadd_3_full_dsp_32_240
INFO: [VRFC 10-311] analyzing module lenetSynthMatlab_0_lenetSynthMatlab_ap_fadd_3_full_dsp_32_307
INFO: [VRFC 10-311] analyzing module lenetSynthMatlab_0_lenetSynthMatlab_ap_fadd_3_full_dsp_32_374
INFO: [VRFC 10-311] analyzing module lenetSynthMatlab_0_lenetSynthMatlab_ap_fmul_2_max_dsp_32
INFO: [VRFC 10-311] analyzing module lenetSynthMatlab_0_lenetSynthMatlab_ap_fpext_0_no_dsp_32
INFO: [VRFC 10-311] analyzing module lenetSynthMatlab_0_lenetSynthMatlab_ap_fptrunc_0_no_dsp_64
INFO: [VRFC 10-311] analyzing module lenetSynthMatlab_0_lenetSynthMatlab_ap_uitofp_4_no_dsp_32
INFO: [VRFC 10-311] analyzing module lenetSynthMatlab_0_lenetSynthMatlab_bkb
INFO: [VRFC 10-311] analyzing module lenetSynthMatlab_0_lenetSynthMatlab_bkb_105
INFO: [VRFC 10-311] analyzing module lenetSynthMatlab_0_lenetSynthMatlab_bkb_172
INFO: [VRFC 10-311] analyzing module lenetSynthMatlab_0_lenetSynthMatlab_bkb_239
INFO: [VRFC 10-311] analyzing module lenetSynthMatlab_0_lenetSynthMatlab_bkb_306
INFO: [VRFC 10-311] analyzing module lenetSynthMatlab_0_lenetSynthMatlab_bkb_373
INFO: [VRFC 10-311] analyzing module lenetSynthMatlab_0_lenetSynthMatlab_cud
INFO: [VRFC 10-311] analyzing module lenetSynthMatlab_0_lenetSynthMatlab_cud_rom
INFO: [VRFC 10-311] analyzing module lenetSynthMatlab_0_lenetSynthMatlab_eOg
INFO: [VRFC 10-311] analyzing module lenetSynthMatlab_0_lenetSynthMatlab_eOg_rom
INFO: [VRFC 10-311] analyzing module lenetSynthMatlab_0_lenetSynthMatlab_g8j
INFO: [VRFC 10-311] analyzing module lenetSynthMatlab_0_lenetSynthMatlab_g8j_rom
INFO: [VRFC 10-311] analyzing module lenetSynthMatlab_0_lenetSynthMatlab_jbC
INFO: [VRFC 10-311] analyzing module lenetSynthMatlab_0_lenetSynthMatlab_jbC_rom
INFO: [VRFC 10-311] analyzing module lenetSynthMatlab_0_lenetSynthMatlab_kbM
INFO: [VRFC 10-311] analyzing module lenetSynthMatlab_0_lenetSynthMatlab_kbM_rom
INFO: [VRFC 10-311] analyzing module lenetSynthMatlab_0_lenetSynthMatlab_lbW
INFO: [VRFC 10-311] analyzing module lenetSynthMatlab_0_lenetSynthMatlab_lbW_rom
INFO: [VRFC 10-311] analyzing module lenetSynthMatlab_0_lenetSynthMatlab_mb6
INFO: [VRFC 10-311] analyzing module lenetSynthMatlab_0_lenetSynthMatlab_mb6_ram
INFO: [VRFC 10-311] analyzing module lenetSynthMatlab_0_lenetSynthMatlab_ncg
INFO: [VRFC 10-311] analyzing module lenetSynthMatlab_0_lenetSynthMatlab_ncg_ram
INFO: [VRFC 10-311] analyzing module lenetSynthMatlab_0_lenetSynthMatlab_ocq
INFO: [VRFC 10-311] analyzing module lenetSynthMatlab_0_lenetSynthMatlab_ocq_ram
INFO: [VRFC 10-311] analyzing module lenetSynthMatlab_0_lenetSynthMatlab_pcA
INFO: [VRFC 10-311] analyzing module lenetSynthMatlab_0_lenetSynthMatlab_pcA_ram
INFO: [VRFC 10-311] analyzing module lenetSynthMatlab_0_lenetSynthMatlab_qcK
INFO: [VRFC 10-311] analyzing module lenetSynthMatlab_0_lenetSynthMatlab_qcK_ram
INFO: [VRFC 10-311] analyzing module lenetSynthMatlab_0_lenetSynthMatlab_rcU
INFO: [VRFC 10-311] analyzing module lenetSynthMatlab_0_lenetSynthMatlab_rcU_ram
INFO: [VRFC 10-311] analyzing module lenetSynthMatlab_0_lenetSynthMatlab_sc4
INFO: [VRFC 10-311] analyzing module lenetSynthMatlab_0_lenetSynthMatlab_sc4_ram
INFO: [VRFC 10-311] analyzing module lenetSynthMatlab_0_lenetSynthMatlab_tde
INFO: [VRFC 10-311] analyzing module lenetSynthMatlab_0_lenetSynthMatlab_tde_ram
INFO: [VRFC 10-311] analyzing module lenetSynthMatlab_0_lenetSynthMatlab_udo
INFO: [VRFC 10-311] analyzing module lenetSynthMatlab_0_lenetSynthMatlab_udo_ram
INFO: [VRFC 10-311] analyzing module lenetSynthMatlab_0_lenetSynthMatlab_vdy
INFO: [VRFC 10-311] analyzing module lenetSynthMatlab_0_lenetSynthMatlab_vdy_ram
INFO: [VRFC 10-311] analyzing module lenetSynthMatlab_0_lenetSynthMatlab_wdI
INFO: [VRFC 10-311] analyzing module lenetSynthMatlab_0_lenetSynthMatlab_wdI_ram
INFO: [VRFC 10-311] analyzing module lenetSynthMatlab_0_lenetSynthMatlab_xdS
INFO: [VRFC 10-311] analyzing module lenetSynthMatlab_0_lenetSynthMatlab_xdS_ram
INFO: [VRFC 10-311] analyzing module lenetSynthMatlab_0_lenetSynthMatlab_yd2
INFO: [VRFC 10-311] analyzing module lenetSynthMatlab_0_lenetSynthMatlab_yd2_ram
INFO: [VRFC 10-311] analyzing module lenetSynthMatlab_0_lenetSynthMatlab_zec
INFO: [VRFC 10-311] analyzing module lenetSynthMatlab_0_lenetSynthMatlab_zec_0
INFO: [VRFC 10-311] analyzing module lenetSynthMatlab_0_lenetSynthMatlab_zec_ram
INFO: [VRFC 10-311] analyzing module lenetSynthMatlab_0_lenetSynthMatlab_zec_ram_440
INFO: [VRFC 10-311] analyzing module lenetSynthMatlab_0_sum
INFO: [VRFC 10-311] analyzing module blk_mem_gen_0_blk_mem_gen_generic_cstr
INFO: [VRFC 10-311] analyzing module blk_mem_gen_0_blk_mem_gen_prim_width
INFO: [VRFC 10-311] analyzing module blk_mem_gen_0_blk_mem_gen_prim_wrapper
INFO: [VRFC 10-311] analyzing module blk_mem_gen_0_blk_mem_gen_top
INFO: [VRFC 10-311] analyzing module blk_mem_gen_0_blk_mem_gen_v8_4_1
INFO: [VRFC 10-311] analyzing module blk_mem_gen_0_blk_mem_gen_v8_4_1_synth
INFO: [VRFC 10-311] analyzing module imgROM_blk_mem_gen_generic_cstr
INFO: [VRFC 10-311] analyzing module imgROM_blk_mem_gen_prim_width
INFO: [VRFC 10-311] analyzing module imgROM_blk_mem_gen_prim_wrapper_init
INFO: [VRFC 10-311] analyzing module imgROM_blk_mem_gen_top
INFO: [VRFC 10-311] analyzing module imgROM_blk_mem_gen_v8_4_1
INFO: [VRFC 10-311] analyzing module imgROM_blk_mem_gen_v8_4_1_synth
INFO: [VRFC 10-311] analyzing module lenetSynthMatlab_0_floating_point_v7_1_6
INFO: [VRFC 10-311] analyzing module lenetSynthMatlab_0_floating_point_v7_1_6__1
INFO: [VRFC 10-311] analyzing module lenetSynthMatlab_0_floating_point_v7_1_6__2
INFO: [VRFC 10-311] analyzing module lenetSynthMatlab_0_floating_point_v7_1_6__3
INFO: [VRFC 10-311] analyzing module lenetSynthMatlab_0_floating_point_v7_1_6__4
INFO: [VRFC 10-311] analyzing module lenetSynthMatlab_0_floating_point_v7_1_6__5
INFO: [VRFC 10-311] analyzing module lenetSynthMatlab_0_floating_point_v7_1_6__parameterized1
INFO: [VRFC 10-311] analyzing module lenetSynthMatlab_0_floating_point_v7_1_6__parameterized11
INFO: [VRFC 10-311] analyzing module lenetSynthMatlab_0_floating_point_v7_1_6__parameterized3
INFO: [VRFC 10-311] analyzing module lenetSynthMatlab_0_floating_point_v7_1_6__parameterized5
INFO: [VRFC 10-311] analyzing module lenetSynthMatlab_0_floating_point_v7_1_6__parameterized7
INFO: [VRFC 10-311] analyzing module lenetSynthMatlab_0_floating_point_v7_1_6__parameterized9
INFO: [VRFC 10-311] analyzing module lenetSynthMatlab_0_addsub
INFO: [VRFC 10-311] analyzing module lenetSynthMatlab_0_addsub_dsp
INFO: [VRFC 10-311] analyzing module lenetSynthMatlab_0_align_add
INFO: [VRFC 10-311] analyzing module lenetSynthMatlab_0_align_add_dsp48e1_sgl
INFO: [VRFC 10-311] analyzing module lenetSynthMatlab_0_align_add_dsp48e1_sgl_112
INFO: [VRFC 10-311] analyzing module lenetSynthMatlab_0_align_add_dsp48e1_sgl_179
INFO: [VRFC 10-311] analyzing module lenetSynthMatlab_0_align_add_dsp48e1_sgl_246
INFO: [VRFC 10-311] analyzing module lenetSynthMatlab_0_align_add_dsp48e1_sgl_313
INFO: [VRFC 10-311] analyzing module lenetSynthMatlab_0_align_add_dsp48e1_sgl_380
INFO: [VRFC 10-311] analyzing module lenetSynthMatlab_0_alignment
INFO: [VRFC 10-311] analyzing module lenetSynthMatlab_0_carry_chain
INFO: [VRFC 10-311] analyzing module lenetSynthMatlab_0_carry_chain_169
INFO: [VRFC 10-311] analyzing module lenetSynthMatlab_0_carry_chain_236
INFO: [VRFC 10-311] analyzing module lenetSynthMatlab_0_carry_chain_303
INFO: [VRFC 10-311] analyzing module lenetSynthMatlab_0_carry_chain_370
INFO: [VRFC 10-311] analyzing module lenetSynthMatlab_0_carry_chain_437
INFO: [VRFC 10-311] analyzing module lenetSynthMatlab_0_carry_chain__parameterized0
INFO: [VRFC 10-311] analyzing module lenetSynthMatlab_0_carry_chain__parameterized0_165
INFO: [VRFC 10-311] analyzing module lenetSynthMatlab_0_carry_chain__parameterized0_232
INFO: [VRFC 10-311] analyzing module lenetSynthMatlab_0_carry_chain__parameterized0_299
INFO: [VRFC 10-311] analyzing module lenetSynthMatlab_0_carry_chain__parameterized0_366
INFO: [VRFC 10-311] analyzing module lenetSynthMatlab_0_carry_chain__parameterized0_433
INFO: [VRFC 10-311] analyzing module lenetSynthMatlab_0_carry_chain__parameterized1
INFO: [VRFC 10-311] analyzing module lenetSynthMatlab_0_carry_chain__parameterized10
INFO: [VRFC 10-311] analyzing module lenetSynthMatlab_0_carry_chain__parameterized11
INFO: [VRFC 10-311] analyzing module lenetSynthMatlab_0_carry_chain__parameterized12
INFO: [VRFC 10-311] analyzing module lenetSynthMatlab_0_carry_chain__parameterized13
INFO: [VRFC 10-311] analyzing module lenetSynthMatlab_0_carry_chain__parameterized13_74
INFO: [VRFC 10-311] analyzing module lenetSynthMatlab_0_carry_chain__parameterized14
INFO: [VRFC 10-311] analyzing module lenetSynthMatlab_0_carry_chain__parameterized15
INFO: [VRFC 10-311] analyzing module lenetSynthMatlab_0_carry_chain__parameterized16
INFO: [VRFC 10-311] analyzing module lenetSynthMatlab_0_carry_chain__parameterized17
INFO: [VRFC 10-311] analyzing module lenetSynthMatlab_0_carry_chain__parameterized18
INFO: [VRFC 10-311] analyzing module lenetSynthMatlab_0_carry_chain__parameterized19
INFO: [VRFC 10-311] analyzing module lenetSynthMatlab_0_carry_chain__parameterized19_72
INFO: [VRFC 10-311] analyzing module lenetSynthMatlab_0_carry_chain__parameterized1_149
INFO: [VRFC 10-311] analyzing module lenetSynthMatlab_0_carry_chain__parameterized1_155
INFO: [VRFC 10-311] analyzing module lenetSynthMatlab_0_carry_chain__parameterized1_17
INFO: [VRFC 10-311] analyzing module lenetSynthMatlab_0_carry_chain__parameterized1_216
INFO: [VRFC 10-311] analyzing module lenetSynthMatlab_0_carry_chain__parameterized1_222
INFO: [VRFC 10-311] analyzing module lenetSynthMatlab_0_carry_chain__parameterized1_283
INFO: [VRFC 10-311] analyzing module lenetSynthMatlab_0_carry_chain__parameterized1_289
INFO: [VRFC 10-311] analyzing module lenetSynthMatlab_0_carry_chain__parameterized1_350
INFO: [VRFC 10-311] analyzing module lenetSynthMatlab_0_carry_chain__parameterized1_356
INFO: [VRFC 10-311] analyzing module lenetSynthMatlab_0_carry_chain__parameterized1_417
INFO: [VRFC 10-311] analyzing module lenetSynthMatlab_0_carry_chain__parameterized1_423
INFO: [VRFC 10-311] analyzing module lenetSynthMatlab_0_carry_chain__parameterized2
INFO: [VRFC 10-311] analyzing module lenetSynthMatlab_0_carry_chain__parameterized20
INFO: [VRFC 10-311] analyzing module lenetSynthMatlab_0_carry_chain__parameterized21
INFO: [VRFC 10-311] analyzing module lenetSynthMatlab_0_carry_chain__parameterized22
INFO: [VRFC 10-311] analyzing module lenetSynthMatlab_0_carry_chain__parameterized22_34
INFO: [VRFC 10-311] analyzing module lenetSynthMatlab_0_carry_chain__parameterized23
INFO: [VRFC 10-311] analyzing module lenetSynthMatlab_0_carry_chain__parameterized23_65
INFO: [VRFC 10-311] analyzing module lenetSynthMatlab_0_carry_chain__parameterized24
INFO: [VRFC 10-311] analyzing module lenetSynthMatlab_0_carry_chain__parameterized25
INFO: [VRFC 10-311] analyzing module lenetSynthMatlab_0_carry_chain__parameterized26
INFO: [VRFC 10-311] analyzing module lenetSynthMatlab_0_carry_chain__parameterized26_30
INFO: [VRFC 10-311] analyzing module lenetSynthMatlab_0_carry_chain__parameterized27
INFO: [VRFC 10-311] analyzing module lenetSynthMatlab_0_carry_chain__parameterized27_31
INFO: [VRFC 10-311] analyzing module lenetSynthMatlab_0_carry_chain__parameterized28
INFO: [VRFC 10-311] analyzing module lenetSynthMatlab_0_carry_chain__parameterized29
INFO: [VRFC 10-311] analyzing module lenetSynthMatlab_0_carry_chain__parameterized2_141
INFO: [VRFC 10-311] analyzing module lenetSynthMatlab_0_carry_chain__parameterized2_208
INFO: [VRFC 10-311] analyzing module lenetSynthMatlab_0_carry_chain__parameterized2_275
INFO: [VRFC 10-311] analyzing module lenetSynthMatlab_0_carry_chain__parameterized2_342
INFO: [VRFC 10-311] analyzing module lenetSynthMatlab_0_carry_chain__parameterized2_409
INFO: [VRFC 10-311] analyzing module lenetSynthMatlab_0_carry_chain__parameterized2_53
INFO: [VRFC 10-311] analyzing module lenetSynthMatlab_0_carry_chain__parameterized2_54
INFO: [VRFC 10-311] analyzing module lenetSynthMatlab_0_carry_chain__parameterized3
INFO: [VRFC 10-311] analyzing module lenetSynthMatlab_0_carry_chain__parameterized3_131
INFO: [VRFC 10-311] analyzing module lenetSynthMatlab_0_carry_chain__parameterized3_137
INFO: [VRFC 10-311] analyzing module lenetSynthMatlab_0_carry_chain__parameterized3_198
INFO: [VRFC 10-311] analyzing module lenetSynthMatlab_0_carry_chain__parameterized3_204
INFO: [VRFC 10-311] analyzing module lenetSynthMatlab_0_carry_chain__parameterized3_265
INFO: [VRFC 10-311] analyzing module lenetSynthMatlab_0_carry_chain__parameterized3_271
INFO: [VRFC 10-311] analyzing module lenetSynthMatlab_0_carry_chain__parameterized3_332
INFO: [VRFC 10-311] analyzing module lenetSynthMatlab_0_carry_chain__parameterized3_338
INFO: [VRFC 10-311] analyzing module lenetSynthMatlab_0_carry_chain__parameterized3_399
INFO: [VRFC 10-311] analyzing module lenetSynthMatlab_0_carry_chain__parameterized3_405
INFO: [VRFC 10-311] analyzing module lenetSynthMatlab_0_carry_chain__parameterized3_8
INFO: [VRFC 10-311] analyzing module lenetSynthMatlab_0_carry_chain__parameterized4
INFO: [VRFC 10-311] analyzing module lenetSynthMatlab_0_carry_chain__parameterized5
INFO: [VRFC 10-311] analyzing module lenetSynthMatlab_0_carry_chain__parameterized5_102
INFO: [VRFC 10-311] analyzing module lenetSynthMatlab_0_carry_chain__parameterized5_104
INFO: [VRFC 10-311] analyzing module lenetSynthMatlab_0_carry_chain__parameterized6
INFO: [VRFC 10-311] analyzing module lenetSynthMatlab_0_carry_chain__parameterized7
INFO: [VRFC 10-311] analyzing module lenetSynthMatlab_0_carry_chain__parameterized7_85
INFO: [VRFC 10-311] analyzing module lenetSynthMatlab_0_carry_chain__parameterized8
INFO: [VRFC 10-311] analyzing module lenetSynthMatlab_0_carry_chain__parameterized9
INFO: [VRFC 10-311] analyzing module lenetSynthMatlab_0_compare
INFO: [VRFC 10-311] analyzing module lenetSynthMatlab_0_compare_134
INFO: [VRFC 10-311] analyzing module lenetSynthMatlab_0_compare_201
INFO: [VRFC 10-311] analyzing module lenetSynthMatlab_0_compare_268
INFO: [VRFC 10-311] analyzing module lenetSynthMatlab_0_compare_335
INFO: [VRFC 10-311] analyzing module lenetSynthMatlab_0_compare_402
INFO: [VRFC 10-311] analyzing module lenetSynthMatlab_0_compare__parameterized0
INFO: [VRFC 10-311] analyzing module lenetSynthMatlab_0_compare_eq
INFO: [VRFC 10-311] analyzing module lenetSynthMatlab_0_compare_eq__parameterized0
INFO: [VRFC 10-311] analyzing module lenetSynthMatlab_0_compare_eq_im
INFO: [VRFC 10-311] analyzing module lenetSynthMatlab_0_compare_eq_im_166
INFO: [VRFC 10-311] analyzing module lenetSynthMatlab_0_compare_eq_im_233
INFO: [VRFC 10-311] analyzing module lenetSynthMatlab_0_compare_eq_im_300
INFO: [VRFC 10-311] analyzing module lenetSynthMatlab_0_compare_eq_im_367
INFO: [VRFC 10-311] analyzing module lenetSynthMatlab_0_compare_eq_im_434
INFO: [VRFC 10-311] analyzing module lenetSynthMatlab_0_compare_eq_im__parameterized0
INFO: [VRFC 10-311] analyzing module lenetSynthMatlab_0_compare_eq_im__parameterized0_148
INFO: [VRFC 10-311] analyzing module lenetSynthMatlab_0_compare_eq_im__parameterized0_154
INFO: [VRFC 10-311] analyzing module lenetSynthMatlab_0_compare_eq_im__parameterized0_16
INFO: [VRFC 10-311] analyzing module lenetSynthMatlab_0_compare_eq_im__parameterized0_215
INFO: [VRFC 10-311] analyzing module lenetSynthMatlab_0_compare_eq_im__parameterized0_221
INFO: [VRFC 10-311] analyzing module lenetSynthMatlab_0_compare_eq_im__parameterized0_282
INFO: [VRFC 10-311] analyzing module lenetSynthMatlab_0_compare_eq_im__parameterized0_288
INFO: [VRFC 10-311] analyzing module lenetSynthMatlab_0_compare_eq_im__parameterized0_349
INFO: [VRFC 10-311] analyzing module lenetSynthMatlab_0_compare_eq_im__parameterized0_355
INFO: [VRFC 10-311] analyzing module lenetSynthMatlab_0_compare_eq_im__parameterized0_416
INFO: [VRFC 10-311] analyzing module lenetSynthMatlab_0_compare_eq_im__parameterized0_422
INFO: [VRFC 10-311] analyzing module lenetSynthMatlab_0_compare_eq_im__parameterized1
INFO: [VRFC 10-311] analyzing module lenetSynthMatlab_0_compare_eq_im__parameterized1_103
INFO: [VRFC 10-311] analyzing module lenetSynthMatlab_0_compare_eq_im__parameterized2
INFO: [VRFC 10-311] analyzing module lenetSynthMatlab_0_compare_eq_im__parameterized3
INFO: [VRFC 10-311] analyzing module lenetSynthMatlab_0_compare_eq_im__parameterized4
INFO: [VRFC 10-311] analyzing module lenetSynthMatlab_0_compare_eq_im__parameterized5
INFO: [VRFC 10-311] analyzing module lenetSynthMatlab_0_compare_eq_im__parameterized5_64
INFO: [VRFC 10-311] analyzing module lenetSynthMatlab_0_compare_eq_im__parameterized6
INFO: [VRFC 10-311] analyzing module lenetSynthMatlab_0_compare_eq_im__parameterized7
INFO: [VRFC 10-311] analyzing module lenetSynthMatlab_0_compare_eq_im__parameterized7_28
INFO: [VRFC 10-311] analyzing module lenetSynthMatlab_0_compare_gt
INFO: [VRFC 10-311] analyzing module lenetSynthMatlab_0_compare_gt_140
INFO: [VRFC 10-311] analyzing module lenetSynthMatlab_0_compare_gt_207
INFO: [VRFC 10-311] analyzing module lenetSynthMatlab_0_compare_gt_274
INFO: [VRFC 10-311] analyzing module lenetSynthMatlab_0_compare_gt_341
INFO: [VRFC 10-311] analyzing module lenetSynthMatlab_0_compare_gt_408
INFO: [VRFC 10-311] analyzing module lenetSynthMatlab_0_compare_gt_51
INFO: [VRFC 10-311] analyzing module lenetSynthMatlab_0_compare_gt_52
INFO: [VRFC 10-311] analyzing module lenetSynthMatlab_0_compare_gt__parameterized0
INFO: [VRFC 10-311] analyzing module lenetSynthMatlab_0_compare_ne_im
INFO: [VRFC 10-311] analyzing module lenetSynthMatlab_0_compare_ne_im__parameterized0
INFO: [VRFC 10-311] analyzing module lenetSynthMatlab_0_compare_ne_im__parameterized0_29
INFO: [VRFC 10-311] analyzing module lenetSynthMatlab_0_delay
INFO: [VRFC 10-311] analyzing module lenetSynthMatlab_0_delay_1
INFO: [VRFC 10-311] analyzing module lenetSynthMatlab_0_delay_110
INFO: [VRFC 10-311] analyzing module lenetSynthMatlab_0_delay_111
INFO: [VRFC 10-311] analyzing module lenetSynthMatlab_0_delay_177
INFO: [VRFC 10-311] analyzing module lenetSynthMatlab_0_delay_178
INFO: [VRFC 10-311] analyzing module lenetSynthMatlab_0_delay_244
INFO: [VRFC 10-311] analyzing module lenetSynthMatlab_0_delay_245
INFO: [VRFC 10-311] analyzing module lenetSynthMatlab_0_delay_311
INFO: [VRFC 10-311] analyzing module lenetSynthMatlab_0_delay_312
INFO: [VRFC 10-311] analyzing module lenetSynthMatlab_0_delay_378
INFO: [VRFC 10-311] analyzing module lenetSynthMatlab_0_delay_379
INFO: [VRFC 10-311] analyzing module lenetSynthMatlab_0_delay__parameterized14
INFO: [VRFC 10-311] analyzing module lenetSynthMatlab_0_delay__parameterized14_116
INFO: [VRFC 10-311] analyzing module lenetSynthMatlab_0_delay__parameterized14_183
INFO: [VRFC 10-311] analyzing module lenetSynthMatlab_0_delay__parameterized14_250
INFO: [VRFC 10-311] analyzing module lenetSynthMatlab_0_delay__parameterized14_317
INFO: [VRFC 10-311] analyzing module lenetSynthMatlab_0_delay__parameterized14_35
INFO: [VRFC 10-311] analyzing module lenetSynthMatlab_0_delay__parameterized14_36
INFO: [VRFC 10-311] analyzing module lenetSynthMatlab_0_delay__parameterized14_37
INFO: [VRFC 10-311] analyzing module lenetSynthMatlab_0_delay__parameterized14_384
INFO: [VRFC 10-311] analyzing module lenetSynthMatlab_0_delay__parameterized14_46
INFO: [VRFC 10-311] analyzing module lenetSynthMatlab_0_delay__parameterized14_84
INFO: [VRFC 10-311] analyzing module lenetSynthMatlab_0_delay__parameterized18
INFO: [VRFC 10-311] analyzing module lenetSynthMatlab_0_delay__parameterized18_11
INFO: [VRFC 10-311] analyzing module lenetSynthMatlab_0_delay__parameterized18_12
INFO: [VRFC 10-311] analyzing module lenetSynthMatlab_0_delay__parameterized18_126
INFO: [VRFC 10-311] analyzing module lenetSynthMatlab_0_delay__parameterized18_14
INFO: [VRFC 10-311] analyzing module lenetSynthMatlab_0_delay__parameterized18_146
INFO: [VRFC 10-311] analyzing module lenetSynthMatlab_0_delay__parameterized18_147
INFO: [VRFC 10-311] analyzing module lenetSynthMatlab_0_delay__parameterized18_15
INFO: [VRFC 10-311] analyzing module lenetSynthMatlab_0_delay__parameterized18_152
INFO: [VRFC 10-311] analyzing module lenetSynthMatlab_0_delay__parameterized18_153
INFO: [VRFC 10-311] analyzing module lenetSynthMatlab_0_delay__parameterized18_193
INFO: [VRFC 10-311] analyzing module lenetSynthMatlab_0_delay__parameterized18_213
INFO: [VRFC 10-311] analyzing module lenetSynthMatlab_0_delay__parameterized18_214
INFO: [VRFC 10-311] analyzing module lenetSynthMatlab_0_delay__parameterized18_219
INFO: [VRFC 10-311] analyzing module lenetSynthMatlab_0_delay__parameterized18_220
INFO: [VRFC 10-311] analyzing module lenetSynthMatlab_0_delay__parameterized18_260
INFO: [VRFC 10-311] analyzing module lenetSynthMatlab_0_delay__parameterized18_280
INFO: [VRFC 10-311] analyzing module lenetSynthMatlab_0_delay__parameterized18_281
INFO: [VRFC 10-311] analyzing module lenetSynthMatlab_0_delay__parameterized18_286
INFO: [VRFC 10-311] analyzing module lenetSynthMatlab_0_delay__parameterized18_287
INFO: [VRFC 10-311] analyzing module lenetSynthMatlab_0_delay__parameterized18_327
INFO: [VRFC 10-311] analyzing module lenetSynthMatlab_0_delay__parameterized18_347
INFO: [VRFC 10-311] analyzing module lenetSynthMatlab_0_delay__parameterized18_348
INFO: [VRFC 10-311] analyzing module lenetSynthMatlab_0_delay__parameterized18_353
INFO: [VRFC 10-311] analyzing module lenetSynthMatlab_0_delay__parameterized18_354
INFO: [VRFC 10-311] analyzing module lenetSynthMatlab_0_delay__parameterized18_394
INFO: [VRFC 10-311] analyzing module lenetSynthMatlab_0_delay__parameterized18_414
INFO: [VRFC 10-311] analyzing module lenetSynthMatlab_0_delay__parameterized18_415
INFO: [VRFC 10-311] analyzing module lenetSynthMatlab_0_delay__parameterized18_42
INFO: [VRFC 10-311] analyzing module lenetSynthMatlab_0_delay__parameterized18_420
INFO: [VRFC 10-311] analyzing module lenetSynthMatlab_0_delay__parameterized18_421
INFO: [VRFC 10-311] analyzing module lenetSynthMatlab_0_delay__parameterized18_58
INFO: [VRFC 10-311] analyzing module lenetSynthMatlab_0_delay__parameterized18_59
INFO: [VRFC 10-311] analyzing module lenetSynthMatlab_0_delay__parameterized18_62
INFO: [VRFC 10-311] analyzing module lenetSynthMatlab_0_delay__parameterized18_63
INFO: [VRFC 10-311] analyzing module lenetSynthMatlab_0_delay__parameterized18_70
INFO: [VRFC 10-311] analyzing module lenetSynthMatlab_0_delay__parameterized20
INFO: [VRFC 10-311] analyzing module lenetSynthMatlab_0_delay__parameterized20_121
INFO: [VRFC 10-311] analyzing module lenetSynthMatlab_0_delay__parameterized20_124
INFO: [VRFC 10-311] analyzing module lenetSynthMatlab_0_delay__parameterized20_188
INFO: [VRFC 10-311] analyzing module lenetSynthMatlab_0_delay__parameterized20_191
INFO: [VRFC 10-311] analyzing module lenetSynthMatlab_0_delay__parameterized20_255
INFO: [VRFC 10-311] analyzing module lenetSynthMatlab_0_delay__parameterized20_258
INFO: [VRFC 10-311] analyzing module lenetSynthMatlab_0_delay__parameterized20_3
INFO: [VRFC 10-311] analyzing module lenetSynthMatlab_0_delay__parameterized20_322
INFO: [VRFC 10-311] analyzing module lenetSynthMatlab_0_delay__parameterized20_325
INFO: [VRFC 10-311] analyzing module lenetSynthMatlab_0_delay__parameterized20_389
INFO: [VRFC 10-311] analyzing module lenetSynthMatlab_0_delay__parameterized20_392
INFO: [VRFC 10-311] analyzing module lenetSynthMatlab_0_delay__parameterized20_92
INFO: [VRFC 10-311] analyzing module lenetSynthMatlab_0_delay__parameterized23
INFO: [VRFC 10-311] analyzing module lenetSynthMatlab_0_delay__parameterized23_123
INFO: [VRFC 10-311] analyzing module lenetSynthMatlab_0_delay__parameterized23_130
INFO: [VRFC 10-311] analyzing module lenetSynthMatlab_0_delay__parameterized23_190
INFO: [VRFC 10-311] analyzing module lenetSynthMatlab_0_delay__parameterized23_197
INFO: [VRFC 10-311] analyzing module lenetSynthMatlab_0_delay__parameterized23_257
INFO: [VRFC 10-311] analyzing module lenetSynthMatlab_0_delay__parameterized23_264
INFO: [VRFC 10-311] analyzing module lenetSynthMatlab_0_delay__parameterized23_324
INFO: [VRFC 10-311] analyzing module lenetSynthMatlab_0_delay__parameterized23_331
INFO: [VRFC 10-311] analyzing module lenetSynthMatlab_0_delay__parameterized23_391
INFO: [VRFC 10-311] analyzing module lenetSynthMatlab_0_delay__parameterized23_398
INFO: [VRFC 10-311] analyzing module lenetSynthMatlab_0_delay__parameterized23_6
INFO: [VRFC 10-311] analyzing module lenetSynthMatlab_0_delay__parameterized24
INFO: [VRFC 10-311] analyzing module lenetSynthMatlab_0_delay__parameterized24_135
INFO: [VRFC 10-311] analyzing module lenetSynthMatlab_0_delay__parameterized24_202
INFO: [VRFC 10-311] analyzing module lenetSynthMatlab_0_delay__parameterized24_269
INFO: [VRFC 10-311] analyzing module lenetSynthMatlab_0_delay__parameterized24_336
INFO: [VRFC 10-311] analyzing module lenetSynthMatlab_0_delay__parameterized24_403
INFO: [VRFC 10-311] analyzing module lenetSynthMatlab_0_delay__parameterized24_47
INFO: [VRFC 10-311] analyzing module lenetSynthMatlab_0_delay__parameterized25
INFO: [VRFC 10-311] analyzing module lenetSynthMatlab_0_delay__parameterized25_132
INFO: [VRFC 10-311] analyzing module lenetSynthMatlab_0_delay__parameterized25_199
INFO: [VRFC 10-311] analyzing module lenetSynthMatlab_0_delay__parameterized25_266
INFO: [VRFC 10-311] analyzing module lenetSynthMatlab_0_delay__parameterized25_333
INFO: [VRFC 10-311] analyzing module lenetSynthMatlab_0_delay__parameterized25_400
INFO: [VRFC 10-311] analyzing module lenetSynthMatlab_0_delay__parameterized25_45
INFO: [VRFC 10-311] analyzing module lenetSynthMatlab_0_delay__parameterized26
INFO: [VRFC 10-311] analyzing module lenetSynthMatlab_0_delay__parameterized26_129
INFO: [VRFC 10-311] analyzing module lenetSynthMatlab_0_delay__parameterized26_196
INFO: [VRFC 10-311] analyzing module lenetSynthMatlab_0_delay__parameterized26_263
INFO: [VRFC 10-311] analyzing module lenetSynthMatlab_0_delay__parameterized26_330
INFO: [VRFC 10-311] analyzing module lenetSynthMatlab_0_delay__parameterized26_397
INFO: [VRFC 10-311] analyzing module lenetSynthMatlab_0_delay__parameterized26_44
INFO: [VRFC 10-311] analyzing module lenetSynthMatlab_0_delay__parameterized28
INFO: [VRFC 10-311] analyzing module lenetSynthMatlab_0_delay__parameterized28_133
INFO: [VRFC 10-311] analyzing module lenetSynthMatlab_0_delay__parameterized28_200
INFO: [VRFC 10-311] analyzing module lenetSynthMatlab_0_delay__parameterized28_267
INFO: [VRFC 10-311] analyzing module lenetSynthMatlab_0_delay__parameterized28_334
INFO: [VRFC 10-311] analyzing module lenetSynthMatlab_0_delay__parameterized28_401
INFO: [VRFC 10-311] analyzing module lenetSynthMatlab_0_delay__parameterized37
INFO: [VRFC 10-311] analyzing module lenetSynthMatlab_0_delay__parameterized37_96
INFO: [VRFC 10-311] analyzing module lenetSynthMatlab_0_delay__parameterized38
INFO: [VRFC 10-311] analyzing module lenetSynthMatlab_0_delay__parameterized38_87
INFO: [VRFC 10-311] analyzing module lenetSynthMatlab_0_delay__parameterized38_93
INFO: [VRFC 10-311] analyzing module lenetSynthMatlab_0_delay__parameterized38_94
INFO: [VRFC 10-311] analyzing module lenetSynthMatlab_0_delay__parameterized39
INFO: [VRFC 10-311] analyzing module lenetSynthMatlab_0_delay__parameterized39_95
INFO: [VRFC 10-311] analyzing module lenetSynthMatlab_0_delay__parameterized45
INFO: [VRFC 10-311] analyzing module lenetSynthMatlab_0_delay__parameterized45_76
INFO: [VRFC 10-311] analyzing module lenetSynthMatlab_0_delay__parameterized45_77
INFO: [VRFC 10-311] analyzing module lenetSynthMatlab_0_delay__parameterized45_80
INFO: [VRFC 10-311] analyzing module lenetSynthMatlab_0_delay__parameterized46
INFO: [VRFC 10-311] analyzing module lenetSynthMatlab_0_delay__parameterized46_83
INFO: [VRFC 10-311] analyzing module lenetSynthMatlab_0_delay__parameterized54
INFO: [VRFC 10-311] analyzing module lenetSynthMatlab_0_delay__parameterized60
INFO: [VRFC 10-311] analyzing module lenetSynthMatlab_0_delay__parameterized70
INFO: [VRFC 10-311] analyzing module lenetSynthMatlab_0_delay__parameterized76
INFO: [VRFC 10-311] analyzing module lenetSynthMatlab_0_delay__parameterized76_41
INFO: [VRFC 10-311] analyzing module lenetSynthMatlab_0_delay__parameterized77
INFO: [VRFC 10-311] analyzing module lenetSynthMatlab_0_delay__parameterized78
INFO: [VRFC 10-311] analyzing module lenetSynthMatlab_0_delay__parameterized79
INFO: [VRFC 10-311] analyzing module lenetSynthMatlab_0_delay__parameterized9
INFO: [VRFC 10-311] analyzing module lenetSynthMatlab_0_delay__parameterized9_117
INFO: [VRFC 10-311] analyzing module lenetSynthMatlab_0_delay__parameterized9_122
INFO: [VRFC 10-311] analyzing module lenetSynthMatlab_0_delay__parameterized9_125
INFO: [VRFC 10-311] analyzing module lenetSynthMatlab_0_delay__parameterized9_136
INFO: [VRFC 10-311] analyzing module lenetSynthMatlab_0_delay__parameterized9_167
INFO: [VRFC 10-311] analyzing module lenetSynthMatlab_0_delay__parameterized9_184
INFO: [VRFC 10-311] analyzing module lenetSynthMatlab_0_delay__parameterized9_189
INFO: [VRFC 10-311] analyzing module lenetSynthMatlab_0_delay__parameterized9_192
INFO: [VRFC 10-311] analyzing module lenetSynthMatlab_0_delay__parameterized9_2
INFO: [VRFC 10-311] analyzing module lenetSynthMatlab_0_delay__parameterized9_203
INFO: [VRFC 10-311] analyzing module lenetSynthMatlab_0_delay__parameterized9_234
INFO: [VRFC 10-311] analyzing module lenetSynthMatlab_0_delay__parameterized9_25
INFO: [VRFC 10-311] analyzing module lenetSynthMatlab_0_delay__parameterized9_251
INFO: [VRFC 10-311] analyzing module lenetSynthMatlab_0_delay__parameterized9_256
INFO: [VRFC 10-311] analyzing module lenetSynthMatlab_0_delay__parameterized9_259
INFO: [VRFC 10-311] analyzing module lenetSynthMatlab_0_delay__parameterized9_270
INFO: [VRFC 10-311] analyzing module lenetSynthMatlab_0_delay__parameterized9_301
INFO: [VRFC 10-311] analyzing module lenetSynthMatlab_0_delay__parameterized9_318
INFO: [VRFC 10-311] analyzing module lenetSynthMatlab_0_delay__parameterized9_32
INFO: [VRFC 10-311] analyzing module lenetSynthMatlab_0_delay__parameterized9_323
INFO: [VRFC 10-311] analyzing module lenetSynthMatlab_0_delay__parameterized9_326
INFO: [VRFC 10-311] analyzing module lenetSynthMatlab_0_delay__parameterized9_337
INFO: [VRFC 10-311] analyzing module lenetSynthMatlab_0_delay__parameterized9_368
INFO: [VRFC 10-311] analyzing module lenetSynthMatlab_0_delay__parameterized9_385
INFO: [VRFC 10-311] analyzing module lenetSynthMatlab_0_delay__parameterized9_390
INFO: [VRFC 10-311] analyzing module lenetSynthMatlab_0_delay__parameterized9_393
INFO: [VRFC 10-311] analyzing module lenetSynthMatlab_0_delay__parameterized9_4
INFO: [VRFC 10-311] analyzing module lenetSynthMatlab_0_delay__parameterized9_404
INFO: [VRFC 10-311] analyzing module lenetSynthMatlab_0_delay__parameterized9_435
INFO: [VRFC 10-311] analyzing module lenetSynthMatlab_0_delay__parameterized9_48
INFO: [VRFC 10-311] analyzing module lenetSynthMatlab_0_delay__parameterized9_7
INFO: [VRFC 10-311] analyzing module lenetSynthMatlab_0_dsp48e1_wrapper
INFO: [VRFC 10-311] analyzing module lenetSynthMatlab_0_dsp48e1_wrapper_164
INFO: [VRFC 10-311] analyzing module lenetSynthMatlab_0_dsp48e1_wrapper_231
INFO: [VRFC 10-311] analyzing module lenetSynthMatlab_0_dsp48e1_wrapper_298
INFO: [VRFC 10-311] analyzing module lenetSynthMatlab_0_dsp48e1_wrapper_365
INFO: [VRFC 10-311] analyzing module lenetSynthMatlab_0_dsp48e1_wrapper_432
INFO: [VRFC 10-311] analyzing module lenetSynthMatlab_0_dsp48e1_wrapper__parameterized0
INFO: [VRFC 10-311] analyzing module lenetSynthMatlab_0_dsp48e1_wrapper__parameterized0_118
INFO: [VRFC 10-311] analyzing module lenetSynthMatlab_0_dsp48e1_wrapper__parameterized0_185
INFO: [VRFC 10-311] analyzing module lenetSynthMatlab_0_dsp48e1_wrapper__parameterized0_252
INFO: [VRFC 10-311] analyzing module lenetSynthMatlab_0_dsp48e1_wrapper__parameterized0_319
INFO: [VRFC 10-311] analyzing module lenetSynthMatlab_0_dsp48e1_wrapper__parameterized0_386
INFO: [VRFC 10-311] analyzing module lenetSynthMatlab_0_dsp48e1_wrapper__parameterized1
INFO: [VRFC 10-311] analyzing module lenetSynthMatlab_0_dsp48e1_wrapper__parameterized2
INFO: [VRFC 10-311] analyzing module lenetSynthMatlab_0_dsp48e1_wrapper__parameterized3
INFO: [VRFC 10-311] analyzing module lenetSynthMatlab_0_dsp48e1_wrapper__parameterized4
INFO: [VRFC 10-311] analyzing module lenetSynthMatlab_0_dsp48e1_wrapper__parameterized5
INFO: [VRFC 10-311] analyzing module lenetSynthMatlab_0_dsp48e1_wrapper__parameterized6
INFO: [VRFC 10-311] analyzing module lenetSynthMatlab_0_fix_mult
INFO: [VRFC 10-311] analyzing module lenetSynthMatlab_0_fix_mult_dsp48e1_sgl
INFO: [VRFC 10-311] analyzing module lenetSynthMatlab_0_fix_to_flt_conv
INFO: [VRFC 10-311] analyzing module lenetSynthMatlab_0_fix_to_flt_conv_exp
INFO: [VRFC 10-311] analyzing module lenetSynthMatlab_0_floating_point_v7_1_6_viv
INFO: [VRFC 10-311] analyzing module lenetSynthMatlab_0_floating_point_v7_1_6_viv__1
INFO: [VRFC 10-311] analyzing module lenetSynthMatlab_0_floating_point_v7_1_6_viv__2
INFO: [VRFC 10-311] analyzing module lenetSynthMatlab_0_floating_point_v7_1_6_viv__3
INFO: [VRFC 10-311] analyzing module lenetSynthMatlab_0_floating_point_v7_1_6_viv__4
INFO: [VRFC 10-311] analyzing module lenetSynthMatlab_0_floating_point_v7_1_6_viv__5
INFO: [VRFC 10-311] analyzing module lenetSynthMatlab_0_floating_point_v7_1_6_viv__parameterized1
INFO: [VRFC 10-311] analyzing module lenetSynthMatlab_0_floating_point_v7_1_6_viv__parameterized11
INFO: [VRFC 10-311] analyzing module lenetSynthMatlab_0_floating_point_v7_1_6_viv__parameterized3
INFO: [VRFC 10-311] analyzing module lenetSynthMatlab_0_floating_point_v7_1_6_viv__parameterized5
INFO: [VRFC 10-311] analyzing module lenetSynthMatlab_0_floating_point_v7_1_6_viv__parameterized7
INFO: [VRFC 10-311] analyzing module lenetSynthMatlab_0_floating_point_v7_1_6_viv__parameterized9
INFO: [VRFC 10-311] analyzing module lenetSynthMatlab_0_flt_add
INFO: [VRFC 10-311] analyzing module lenetSynthMatlab_0_flt_add_107
INFO: [VRFC 10-311] analyzing module lenetSynthMatlab_0_flt_add_174
INFO: [VRFC 10-311] analyzing module lenetSynthMatlab_0_flt_add_241
INFO: [VRFC 10-311] analyzing module lenetSynthMatlab_0_flt_add_308
INFO: [VRFC 10-311] analyzing module lenetSynthMatlab_0_flt_add_375
INFO: [VRFC 10-311] analyzing module lenetSynthMatlab_0_flt_add__parameterized0
INFO: [VRFC 10-311] analyzing module lenetSynthMatlab_0_flt_add_dsp
INFO: [VRFC 10-311] analyzing module lenetSynthMatlab_0_flt_add_dsp_109
INFO: [VRFC 10-311] analyzing module lenetSynthMatlab_0_flt_add_dsp_176
INFO: [VRFC 10-311] analyzing module lenetSynthMatlab_0_flt_add_dsp_243
INFO: [VRFC 10-311] analyzing module lenetSynthMatlab_0_flt_add_dsp_310
INFO: [VRFC 10-311] analyzing module lenetSynthMatlab_0_flt_add_dsp_377
INFO: [VRFC 10-311] analyzing module lenetSynthMatlab_0_flt_add_exp
INFO: [VRFC 10-311] analyzing module lenetSynthMatlab_0_flt_add_exp_sp
INFO: [VRFC 10-311] analyzing module lenetSynthMatlab_0_flt_add_exp_sp_113
INFO: [VRFC 10-311] analyzing module lenetSynthMatlab_0_flt_add_exp_sp_180
INFO: [VRFC 10-311] analyzing module lenetSynthMatlab_0_flt_add_exp_sp_247
INFO: [VRFC 10-311] analyzing module lenetSynthMatlab_0_flt_add_exp_sp_314
INFO: [VRFC 10-311] analyzing module lenetSynthMatlab_0_flt_add_exp_sp_381
INFO: [VRFC 10-311] analyzing module lenetSynthMatlab_0_flt_add_logic
INFO: [VRFC 10-311] analyzing module lenetSynthMatlab_0_flt_dec_op__parameterized0
INFO: [VRFC 10-311] analyzing module lenetSynthMatlab_0_flt_dec_op__parameterized3
INFO: [VRFC 10-311] analyzing module lenetSynthMatlab_0_flt_dec_op_lat
INFO: [VRFC 10-311] analyzing module lenetSynthMatlab_0_flt_mult
INFO: [VRFC 10-311] analyzing module lenetSynthMatlab_0_flt_mult_exp
INFO: [VRFC 10-311] analyzing module lenetSynthMatlab_0_flt_mult_round
INFO: [VRFC 10-311] analyzing module lenetSynthMatlab_0_flt_round_bit
INFO: [VRFC 10-311] analyzing module lenetSynthMatlab_0_flt_round_bit__parameterized0
INFO: [VRFC 10-311] analyzing module lenetSynthMatlab_0_flt_round_bit__parameterized0_73
INFO: [VRFC 10-311] analyzing module lenetSynthMatlab_0_flt_round_dsp_opt_full
INFO: [VRFC 10-311] analyzing module lenetSynthMatlab_0_flt_to_flt_conv
INFO: [VRFC 10-311] analyzing module lenetSynthMatlab_0_flt_to_flt_conv__parameterized0
INFO: [VRFC 10-311] analyzing module lenetSynthMatlab_0_flt_to_flt_conv_exp
INFO: [VRFC 10-311] analyzing module lenetSynthMatlab_0_flt_to_flt_conv_exp__parameterized0
INFO: [VRFC 10-311] analyzing module lenetSynthMatlab_0_fp_cmp
INFO: [VRFC 10-311] analyzing module lenetSynthMatlab_0_lead_zero_encode
INFO: [VRFC 10-311] analyzing module lenetSynthMatlab_0_lead_zero_encode__parameterized0
INFO: [VRFC 10-311] analyzing module lenetSynthMatlab_0_lead_zero_encode_shift
INFO: [VRFC 10-311] analyzing module lenetSynthMatlab_0_lead_zero_encode_shift_115
INFO: [VRFC 10-311] analyzing module lenetSynthMatlab_0_lead_zero_encode_shift_182
INFO: [VRFC 10-311] analyzing module lenetSynthMatlab_0_lead_zero_encode_shift_249
INFO: [VRFC 10-311] analyzing module lenetSynthMatlab_0_lead_zero_encode_shift_316
INFO: [VRFC 10-311] analyzing module lenetSynthMatlab_0_lead_zero_encode_shift_383
INFO: [VRFC 10-311] analyzing module lenetSynthMatlab_0_mux4__parameterized1
INFO: [VRFC 10-311] analyzing module lenetSynthMatlab_0_mux4__parameterized2
INFO: [VRFC 10-311] analyzing module lenetSynthMatlab_0_norm_and_round_dsp48e1_sgl
INFO: [VRFC 10-311] analyzing module lenetSynthMatlab_0_norm_and_round_dsp48e1_sgl_114
INFO: [VRFC 10-311] analyzing module lenetSynthMatlab_0_norm_and_round_dsp48e1_sgl_181
INFO: [VRFC 10-311] analyzing module lenetSynthMatlab_0_norm_and_round_dsp48e1_sgl_248
INFO: [VRFC 10-311] analyzing module lenetSynthMatlab_0_norm_and_round_dsp48e1_sgl_315
INFO: [VRFC 10-311] analyzing module lenetSynthMatlab_0_norm_and_round_dsp48e1_sgl_382
INFO: [VRFC 10-311] analyzing module lenetSynthMatlab_0_norm_and_round_logic
INFO: [VRFC 10-311] analyzing module lenetSynthMatlab_0_norm_zero_det
INFO: [VRFC 10-311] analyzing module lenetSynthMatlab_0_renorm_and_round_logic
INFO: [VRFC 10-311] analyzing module lenetSynthMatlab_0_renorm_and_round_logic__parameterized0
INFO: [VRFC 10-311] analyzing module lenetSynthMatlab_0_renorm_and_round_logic__parameterized1
INFO: [VRFC 10-311] analyzing module lenetSynthMatlab_0_shift_msb_first
INFO: [VRFC 10-311] analyzing module lenetSynthMatlab_0_shift_msb_first__parameterized1
INFO: [VRFC 10-311] analyzing module lenetSynthMatlab_0_special_detect
INFO: [VRFC 10-311] analyzing module lenetSynthMatlab_0_special_detect_127
INFO: [VRFC 10-311] analyzing module lenetSynthMatlab_0_special_detect_128
INFO: [VRFC 10-311] analyzing module lenetSynthMatlab_0_special_detect_194
INFO: [VRFC 10-311] analyzing module lenetSynthMatlab_0_special_detect_195
INFO: [VRFC 10-311] analyzing module lenetSynthMatlab_0_special_detect_261
INFO: [VRFC 10-311] analyzing module lenetSynthMatlab_0_special_detect_262
INFO: [VRFC 10-311] analyzing module lenetSynthMatlab_0_special_detect_328
INFO: [VRFC 10-311] analyzing module lenetSynthMatlab_0_special_detect_329
INFO: [VRFC 10-311] analyzing module lenetSynthMatlab_0_special_detect_395
INFO: [VRFC 10-311] analyzing module lenetSynthMatlab_0_special_detect_396
INFO: [VRFC 10-311] analyzing module lenetSynthMatlab_0_special_detect_5
INFO: [VRFC 10-311] analyzing module lenetSynthMatlab_0_special_detect__parameterized0
INFO: [VRFC 10-311] analyzing module lenetSynthMatlab_0_special_detect__parameterized0_91
INFO: [VRFC 10-311] analyzing module lenetSynthMatlab_0_special_detect__parameterized1
INFO: [VRFC 10-311] analyzing module lenetSynthMatlab_0_special_detect__parameterized2
INFO: [VRFC 10-311] analyzing module lenetSynthMatlab_0_special_detect__parameterized3
INFO: [VRFC 10-311] analyzing module lenetSynthMatlab_0_special_detect__parameterized3_43
INFO: [VRFC 10-311] analyzing module lenetSynthMatlab_0_xbip_pipe_v3_0_5_viv
INFO: [VRFC 10-311] analyzing module lenetSynthMatlab_0_xbip_pipe_v3_0_5_viv_108
INFO: [VRFC 10-311] analyzing module lenetSynthMatlab_0_xbip_pipe_v3_0_5_viv_175
INFO: [VRFC 10-311] analyzing module lenetSynthMatlab_0_xbip_pipe_v3_0_5_viv_242
INFO: [VRFC 10-311] analyzing module lenetSynthMatlab_0_xbip_pipe_v3_0_5_viv_309
INFO: [VRFC 10-311] analyzing module lenetSynthMatlab_0_xbip_pipe_v3_0_5_viv_376
INFO: [VRFC 10-311] analyzing module lenetSynthMatlab_0_xbip_pipe_v3_0_5_viv__parameterized1
INFO: [VRFC 10-311] analyzing module lenetSynthMatlab_0_xbip_pipe_v3_0_5_viv__parameterized110
INFO: [VRFC 10-311] analyzing module lenetSynthMatlab_0_xbip_pipe_v3_0_5_viv__parameterized120
INFO: [VRFC 10-311] analyzing module lenetSynthMatlab_0_xbip_pipe_v3_0_5_viv__parameterized120_69
INFO: [VRFC 10-311] analyzing module lenetSynthMatlab_0_xbip_pipe_v3_0_5_viv__parameterized122
INFO: [VRFC 10-311] analyzing module lenetSynthMatlab_0_xbip_pipe_v3_0_5_viv__parameterized124
INFO: [VRFC 10-311] analyzing module lenetSynthMatlab_0_xbip_pipe_v3_0_5_viv__parameterized17
INFO: [VRFC 10-311] analyzing module lenetSynthMatlab_0_xbip_pipe_v3_0_5_viv__parameterized17_119
INFO: [VRFC 10-311] analyzing module lenetSynthMatlab_0_xbip_pipe_v3_0_5_viv__parameterized17_138
INFO: [VRFC 10-311] analyzing module lenetSynthMatlab_0_xbip_pipe_v3_0_5_viv__parameterized17_159
INFO: [VRFC 10-311] analyzing module lenetSynthMatlab_0_xbip_pipe_v3_0_5_viv__parameterized17_162
INFO: [VRFC 10-311] analyzing module lenetSynthMatlab_0_xbip_pipe_v3_0_5_viv__parameterized17_168
INFO: [VRFC 10-311] analyzing module lenetSynthMatlab_0_xbip_pipe_v3_0_5_viv__parameterized17_186
INFO: [VRFC 10-311] analyzing module lenetSynthMatlab_0_xbip_pipe_v3_0_5_viv__parameterized17_205
INFO: [VRFC 10-311] analyzing module lenetSynthMatlab_0_xbip_pipe_v3_0_5_viv__parameterized17_21
INFO: [VRFC 10-311] analyzing module lenetSynthMatlab_0_xbip_pipe_v3_0_5_viv__parameterized17_226
INFO: [VRFC 10-311] analyzing module lenetSynthMatlab_0_xbip_pipe_v3_0_5_viv__parameterized17_229
INFO: [VRFC 10-311] analyzing module lenetSynthMatlab_0_xbip_pipe_v3_0_5_viv__parameterized17_23
INFO: [VRFC 10-311] analyzing module lenetSynthMatlab_0_xbip_pipe_v3_0_5_viv__parameterized17_235
INFO: [VRFC 10-311] analyzing module lenetSynthMatlab_0_xbip_pipe_v3_0_5_viv__parameterized17_253
INFO: [VRFC 10-311] analyzing module lenetSynthMatlab_0_xbip_pipe_v3_0_5_viv__parameterized17_26
INFO: [VRFC 10-311] analyzing module lenetSynthMatlab_0_xbip_pipe_v3_0_5_viv__parameterized17_272
INFO: [VRFC 10-311] analyzing module lenetSynthMatlab_0_xbip_pipe_v3_0_5_viv__parameterized17_293
INFO: [VRFC 10-311] analyzing module lenetSynthMatlab_0_xbip_pipe_v3_0_5_viv__parameterized17_296
INFO: [VRFC 10-311] analyzing module lenetSynthMatlab_0_xbip_pipe_v3_0_5_viv__parameterized17_302
INFO: [VRFC 10-311] analyzing module lenetSynthMatlab_0_xbip_pipe_v3_0_5_viv__parameterized17_320
INFO: [VRFC 10-311] analyzing module lenetSynthMatlab_0_xbip_pipe_v3_0_5_viv__parameterized17_33
INFO: [VRFC 10-311] analyzing module lenetSynthMatlab_0_xbip_pipe_v3_0_5_viv__parameterized17_339
INFO: [VRFC 10-311] analyzing module lenetSynthMatlab_0_xbip_pipe_v3_0_5_viv__parameterized17_360
INFO: [VRFC 10-311] analyzing module lenetSynthMatlab_0_xbip_pipe_v3_0_5_viv__parameterized17_363
INFO: [VRFC 10-311] analyzing module lenetSynthMatlab_0_xbip_pipe_v3_0_5_viv__parameterized17_369
INFO: [VRFC 10-311] analyzing module lenetSynthMatlab_0_xbip_pipe_v3_0_5_viv__parameterized17_387
INFO: [VRFC 10-311] analyzing module lenetSynthMatlab_0_xbip_pipe_v3_0_5_viv__parameterized17_406
INFO: [VRFC 10-311] analyzing module lenetSynthMatlab_0_xbip_pipe_v3_0_5_viv__parameterized17_427
INFO: [VRFC 10-311] analyzing module lenetSynthMatlab_0_xbip_pipe_v3_0_5_viv__parameterized17_430
INFO: [VRFC 10-311] analyzing module lenetSynthMatlab_0_xbip_pipe_v3_0_5_viv__parameterized17_436
INFO: [VRFC 10-311] analyzing module lenetSynthMatlab_0_xbip_pipe_v3_0_5_viv__parameterized17_49
INFO: [VRFC 10-311] analyzing module lenetSynthMatlab_0_xbip_pipe_v3_0_5_viv__parameterized17_9
INFO: [VRFC 10-311] analyzing module lenetSynthMatlab_0_xbip_pipe_v3_0_5_viv__parameterized1_170
INFO: [VRFC 10-311] analyzing module lenetSynthMatlab_0_xbip_pipe_v3_0_5_viv__parameterized1_171
INFO: [VRFC 10-311] analyzing module lenetSynthMatlab_0_xbip_pipe_v3_0_5_viv__parameterized1_237
INFO: [VRFC 10-311] analyzing module lenetSynthMatlab_0_xbip_pipe_v3_0_5_viv__parameterized1_238
INFO: [VRFC 10-311] analyzing module lenetSynthMatlab_0_xbip_pipe_v3_0_5_viv__parameterized1_27
INFO: [VRFC 10-311] analyzing module lenetSynthMatlab_0_xbip_pipe_v3_0_5_viv__parameterized1_304
INFO: [VRFC 10-311] analyzing module lenetSynthMatlab_0_xbip_pipe_v3_0_5_viv__parameterized1_305
INFO: [VRFC 10-311] analyzing module lenetSynthMatlab_0_xbip_pipe_v3_0_5_viv__parameterized1_371
INFO: [VRFC 10-311] analyzing module lenetSynthMatlab_0_xbip_pipe_v3_0_5_viv__parameterized1_372
INFO: [VRFC 10-311] analyzing module lenetSynthMatlab_0_xbip_pipe_v3_0_5_viv__parameterized1_438
INFO: [VRFC 10-311] analyzing module lenetSynthMatlab_0_xbip_pipe_v3_0_5_viv__parameterized1_439
INFO: [VRFC 10-311] analyzing module lenetSynthMatlab_0_xbip_pipe_v3_0_5_viv__parameterized27
INFO: [VRFC 10-311] analyzing module lenetSynthMatlab_0_xbip_pipe_v3_0_5_viv__parameterized27_120
INFO: [VRFC 10-311] analyzing module lenetSynthMatlab_0_xbip_pipe_v3_0_5_viv__parameterized27_187
INFO: [VRFC 10-311] analyzing module lenetSynthMatlab_0_xbip_pipe_v3_0_5_viv__parameterized27_254
INFO: [VRFC 10-311] analyzing module lenetSynthMatlab_0_xbip_pipe_v3_0_5_viv__parameterized27_321
INFO: [VRFC 10-311] analyzing module lenetSynthMatlab_0_xbip_pipe_v3_0_5_viv__parameterized27_38
INFO: [VRFC 10-311] analyzing module lenetSynthMatlab_0_xbip_pipe_v3_0_5_viv__parameterized27_388
INFO: [VRFC 10-311] analyzing module lenetSynthMatlab_0_xbip_pipe_v3_0_5_viv__parameterized27_39
INFO: [VRFC 10-311] analyzing module lenetSynthMatlab_0_xbip_pipe_v3_0_5_viv__parameterized27_40
INFO: [VRFC 10-311] analyzing module lenetSynthMatlab_0_xbip_pipe_v3_0_5_viv__parameterized27_55
INFO: [VRFC 10-311] analyzing module lenetSynthMatlab_0_xbip_pipe_v3_0_5_viv__parameterized27_86
INFO: [VRFC 10-311] analyzing module lenetSynthMatlab_0_xbip_pipe_v3_0_5_viv__parameterized31
INFO: [VRFC 10-311] analyzing module lenetSynthMatlab_0_xbip_pipe_v3_0_5_viv__parameterized31_100
INFO: [VRFC 10-311] analyzing module lenetSynthMatlab_0_xbip_pipe_v3_0_5_viv__parameterized31_13
INFO: [VRFC 10-311] analyzing module lenetSynthMatlab_0_xbip_pipe_v3_0_5_viv__parameterized31_150
INFO: [VRFC 10-311] analyzing module lenetSynthMatlab_0_xbip_pipe_v3_0_5_viv__parameterized31_151
INFO: [VRFC 10-311] analyzing module lenetSynthMatlab_0_xbip_pipe_v3_0_5_viv__parameterized31_156
INFO: [VRFC 10-311] analyzing module lenetSynthMatlab_0_xbip_pipe_v3_0_5_viv__parameterized31_157
INFO: [VRFC 10-311] analyzing module lenetSynthMatlab_0_xbip_pipe_v3_0_5_viv__parameterized31_158
INFO: [VRFC 10-311] analyzing module lenetSynthMatlab_0_xbip_pipe_v3_0_5_viv__parameterized31_18
INFO: [VRFC 10-311] analyzing module lenetSynthMatlab_0_xbip_pipe_v3_0_5_viv__parameterized31_19
INFO: [VRFC 10-311] analyzing module lenetSynthMatlab_0_xbip_pipe_v3_0_5_viv__parameterized31_20
INFO: [VRFC 10-311] analyzing module lenetSynthMatlab_0_xbip_pipe_v3_0_5_viv__parameterized31_217
INFO: [VRFC 10-311] analyzing module lenetSynthMatlab_0_xbip_pipe_v3_0_5_viv__parameterized31_218
INFO: [VRFC 10-311] analyzing module lenetSynthMatlab_0_xbip_pipe_v3_0_5_viv__parameterized31_223
INFO: [VRFC 10-311] analyzing module lenetSynthMatlab_0_xbip_pipe_v3_0_5_viv__parameterized31_224
INFO: [VRFC 10-311] analyzing module lenetSynthMatlab_0_xbip_pipe_v3_0_5_viv__parameterized31_225
INFO: [VRFC 10-311] analyzing module lenetSynthMatlab_0_xbip_pipe_v3_0_5_viv__parameterized31_284
INFO: [VRFC 10-311] analyzing module lenetSynthMatlab_0_xbip_pipe_v3_0_5_viv__parameterized31_285
INFO: [VRFC 10-311] analyzing module lenetSynthMatlab_0_xbip_pipe_v3_0_5_viv__parameterized31_290
INFO: [VRFC 10-311] analyzing module lenetSynthMatlab_0_xbip_pipe_v3_0_5_viv__parameterized31_291
INFO: [VRFC 10-311] analyzing module lenetSynthMatlab_0_xbip_pipe_v3_0_5_viv__parameterized31_292
INFO: [VRFC 10-311] analyzing module lenetSynthMatlab_0_xbip_pipe_v3_0_5_viv__parameterized31_351
INFO: [VRFC 10-311] analyzing module lenetSynthMatlab_0_xbip_pipe_v3_0_5_viv__parameterized31_352
INFO: [VRFC 10-311] analyzing module lenetSynthMatlab_0_xbip_pipe_v3_0_5_viv__parameterized31_357
INFO: [VRFC 10-311] analyzing module lenetSynthMatlab_0_xbip_pipe_v3_0_5_viv__parameterized31_358
INFO: [VRFC 10-311] analyzing module lenetSynthMatlab_0_xbip_pipe_v3_0_5_viv__parameterized31_359
INFO: [VRFC 10-311] analyzing module lenetSynthMatlab_0_xbip_pipe_v3_0_5_viv__parameterized31_418
INFO: [VRFC 10-311] analyzing module lenetSynthMatlab_0_xbip_pipe_v3_0_5_viv__parameterized31_419
INFO: [VRFC 10-311] analyzing module lenetSynthMatlab_0_xbip_pipe_v3_0_5_viv__parameterized31_424
INFO: [VRFC 10-311] analyzing module lenetSynthMatlab_0_xbip_pipe_v3_0_5_viv__parameterized31_425
INFO: [VRFC 10-311] analyzing module lenetSynthMatlab_0_xbip_pipe_v3_0_5_viv__parameterized31_426
INFO: [VRFC 10-311] analyzing module lenetSynthMatlab_0_xbip_pipe_v3_0_5_viv__parameterized31_60
INFO: [VRFC 10-311] analyzing module lenetSynthMatlab_0_xbip_pipe_v3_0_5_viv__parameterized31_61
INFO: [VRFC 10-311] analyzing module lenetSynthMatlab_0_xbip_pipe_v3_0_5_viv__parameterized31_66
INFO: [VRFC 10-311] analyzing module lenetSynthMatlab_0_xbip_pipe_v3_0_5_viv__parameterized31_67
INFO: [VRFC 10-311] analyzing module lenetSynthMatlab_0_xbip_pipe_v3_0_5_viv__parameterized31_68
INFO: [VRFC 10-311] analyzing module lenetSynthMatlab_0_xbip_pipe_v3_0_5_viv__parameterized31_71
INFO: [VRFC 10-311] analyzing module lenetSynthMatlab_0_xbip_pipe_v3_0_5_viv__parameterized31_82
INFO: [VRFC 10-311] analyzing module lenetSynthMatlab_0_xbip_pipe_v3_0_5_viv__parameterized31_88
INFO: [VRFC 10-311] analyzing module lenetSynthMatlab_0_xbip_pipe_v3_0_5_viv__parameterized31_99
INFO: [VRFC 10-311] analyzing module lenetSynthMatlab_0_xbip_pipe_v3_0_5_viv__parameterized33
INFO: [VRFC 10-311] analyzing module lenetSynthMatlab_0_xbip_pipe_v3_0_5_viv__parameterized33_101
INFO: [VRFC 10-311] analyzing module lenetSynthMatlab_0_xbip_pipe_v3_0_5_viv__parameterized33_160
INFO: [VRFC 10-311] analyzing module lenetSynthMatlab_0_xbip_pipe_v3_0_5_viv__parameterized33_163
INFO: [VRFC 10-311] analyzing module lenetSynthMatlab_0_xbip_pipe_v3_0_5_viv__parameterized33_227
INFO: [VRFC 10-311] analyzing module lenetSynthMatlab_0_xbip_pipe_v3_0_5_viv__parameterized33_230
INFO: [VRFC 10-311] analyzing module lenetSynthMatlab_0_xbip_pipe_v3_0_5_viv__parameterized33_24
INFO: [VRFC 10-311] analyzing module lenetSynthMatlab_0_xbip_pipe_v3_0_5_viv__parameterized33_294
INFO: [VRFC 10-311] analyzing module lenetSynthMatlab_0_xbip_pipe_v3_0_5_viv__parameterized33_297
INFO: [VRFC 10-311] analyzing module lenetSynthMatlab_0_xbip_pipe_v3_0_5_viv__parameterized33_361
INFO: [VRFC 10-311] analyzing module lenetSynthMatlab_0_xbip_pipe_v3_0_5_viv__parameterized33_364
INFO: [VRFC 10-311] analyzing module lenetSynthMatlab_0_xbip_pipe_v3_0_5_viv__parameterized33_428
INFO: [VRFC 10-311] analyzing module lenetSynthMatlab_0_xbip_pipe_v3_0_5_viv__parameterized33_431
INFO: [VRFC 10-311] analyzing module lenetSynthMatlab_0_xbip_pipe_v3_0_5_viv__parameterized37
INFO: [VRFC 10-311] analyzing module lenetSynthMatlab_0_xbip_pipe_v3_0_5_viv__parameterized37_144
INFO: [VRFC 10-311] analyzing module lenetSynthMatlab_0_xbip_pipe_v3_0_5_viv__parameterized37_161
INFO: [VRFC 10-311] analyzing module lenetSynthMatlab_0_xbip_pipe_v3_0_5_viv__parameterized37_211
INFO: [VRFC 10-311] analyzing module lenetSynthMatlab_0_xbip_pipe_v3_0_5_viv__parameterized37_22
INFO: [VRFC 10-311] analyzing module lenetSynthMatlab_0_xbip_pipe_v3_0_5_viv__parameterized37_228
INFO: [VRFC 10-311] analyzing module lenetSynthMatlab_0_xbip_pipe_v3_0_5_viv__parameterized37_278
INFO: [VRFC 10-311] analyzing module lenetSynthMatlab_0_xbip_pipe_v3_0_5_viv__parameterized37_295
INFO: [VRFC 10-311] analyzing module lenetSynthMatlab_0_xbip_pipe_v3_0_5_viv__parameterized37_345
INFO: [VRFC 10-311] analyzing module lenetSynthMatlab_0_xbip_pipe_v3_0_5_viv__parameterized37_362
INFO: [VRFC 10-311] analyzing module lenetSynthMatlab_0_xbip_pipe_v3_0_5_viv__parameterized37_412
INFO: [VRFC 10-311] analyzing module lenetSynthMatlab_0_xbip_pipe_v3_0_5_viv__parameterized37_429
INFO: [VRFC 10-311] analyzing module lenetSynthMatlab_0_xbip_pipe_v3_0_5_viv__parameterized39
INFO: [VRFC 10-311] analyzing module lenetSynthMatlab_0_xbip_pipe_v3_0_5_viv__parameterized39_139
INFO: [VRFC 10-311] analyzing module lenetSynthMatlab_0_xbip_pipe_v3_0_5_viv__parameterized39_206
INFO: [VRFC 10-311] analyzing module lenetSynthMatlab_0_xbip_pipe_v3_0_5_viv__parameterized39_273
INFO: [VRFC 10-311] analyzing module lenetSynthMatlab_0_xbip_pipe_v3_0_5_viv__parameterized39_340
INFO: [VRFC 10-311] analyzing module lenetSynthMatlab_0_xbip_pipe_v3_0_5_viv__parameterized39_407
INFO: [VRFC 10-311] analyzing module lenetSynthMatlab_0_xbip_pipe_v3_0_5_viv__parameterized39_50
INFO: [VRFC 10-311] analyzing module lenetSynthMatlab_0_xbip_pipe_v3_0_5_viv__parameterized41
INFO: [VRFC 10-311] analyzing module lenetSynthMatlab_0_xbip_pipe_v3_0_5_viv__parameterized41_10
INFO: [VRFC 10-311] analyzing module lenetSynthMatlab_0_xbip_pipe_v3_0_5_viv__parameterized41_143
INFO: [VRFC 10-311] analyzing module lenetSynthMatlab_0_xbip_pipe_v3_0_5_viv__parameterized41_145
INFO: [VRFC 10-311] analyzing module lenetSynthMatlab_0_xbip_pipe_v3_0_5_viv__parameterized41_210
INFO: [VRFC 10-311] analyzing module lenetSynthMatlab_0_xbip_pipe_v3_0_5_viv__parameterized41_212
INFO: [VRFC 10-311] analyzing module lenetSynthMatlab_0_xbip_pipe_v3_0_5_viv__parameterized41_277
INFO: [VRFC 10-311] analyzing module lenetSynthMatlab_0_xbip_pipe_v3_0_5_viv__parameterized41_279
INFO: [VRFC 10-311] analyzing module lenetSynthMatlab_0_xbip_pipe_v3_0_5_viv__parameterized41_344
INFO: [VRFC 10-311] analyzing module lenetSynthMatlab_0_xbip_pipe_v3_0_5_viv__parameterized41_346
INFO: [VRFC 10-311] analyzing module lenetSynthMatlab_0_xbip_pipe_v3_0_5_viv__parameterized41_411
INFO: [VRFC 10-311] analyzing module lenetSynthMatlab_0_xbip_pipe_v3_0_5_viv__parameterized41_413
INFO: [VRFC 10-311] analyzing module lenetSynthMatlab_0_xbip_pipe_v3_0_5_viv__parameterized41_56
INFO: [VRFC 10-311] analyzing module lenetSynthMatlab_0_xbip_pipe_v3_0_5_viv__parameterized41_57
INFO: [VRFC 10-311] analyzing module lenetSynthMatlab_0_xbip_pipe_v3_0_5_viv__parameterized45
INFO: [VRFC 10-311] analyzing module lenetSynthMatlab_0_xbip_pipe_v3_0_5_viv__parameterized45_142
INFO: [VRFC 10-311] analyzing module lenetSynthMatlab_0_xbip_pipe_v3_0_5_viv__parameterized45_209
INFO: [VRFC 10-311] analyzing module lenetSynthMatlab_0_xbip_pipe_v3_0_5_viv__parameterized45_276
INFO: [VRFC 10-311] analyzing module lenetSynthMatlab_0_xbip_pipe_v3_0_5_viv__parameterized45_343
INFO: [VRFC 10-311] analyzing module lenetSynthMatlab_0_xbip_pipe_v3_0_5_viv__parameterized45_410
INFO: [VRFC 10-311] analyzing module lenetSynthMatlab_0_xbip_pipe_v3_0_5_viv__parameterized56
INFO: [VRFC 10-311] analyzing module lenetSynthMatlab_0_xbip_pipe_v3_0_5_viv__parameterized62
INFO: [VRFC 10-311] analyzing module lenetSynthMatlab_0_xbip_pipe_v3_0_5_viv__parameterized62_97
INFO: [VRFC 10-311] analyzing module lenetSynthMatlab_0_xbip_pipe_v3_0_5_viv__parameterized64
INFO: [VRFC 10-311] analyzing module lenetSynthMatlab_0_xbip_pipe_v3_0_5_viv__parameterized64_98
INFO: [VRFC 10-311] analyzing module lenetSynthMatlab_0_xbip_pipe_v3_0_5_viv__parameterized73
INFO: [VRFC 10-311] analyzing module lenetSynthMatlab_0_xbip_pipe_v3_0_5_viv__parameterized73_75
INFO: [VRFC 10-311] analyzing module lenetSynthMatlab_0_xbip_pipe_v3_0_5_viv__parameterized77
INFO: [VRFC 10-311] analyzing module lenetSynthMatlab_0_xbip_pipe_v3_0_5_viv__parameterized77_78
INFO: [VRFC 10-311] analyzing module lenetSynthMatlab_0_xbip_pipe_v3_0_5_viv__parameterized77_79
INFO: [VRFC 10-311] analyzing module lenetSynthMatlab_0_xbip_pipe_v3_0_5_viv__parameterized77_81
INFO: [VRFC 10-311] analyzing module lenetSynthMatlab_0_xbip_pipe_v3_0_5_viv__parameterized79
INFO: [VRFC 10-311] analyzing module lenetSynthMatlab_0_xbip_pipe_v3_0_5_viv__parameterized79_89
INFO: [VRFC 10-311] analyzing module lenetSynthMatlab_0_xbip_pipe_v3_0_5_viv__parameterized87
INFO: [VRFC 10-311] analyzing module lenetSynthMatlab_0_xbip_pipe_v3_0_5_viv__parameterized87_90
INFO: [VRFC 10-311] analyzing module lenetSynthMatlab_0_xbip_pipe_v3_0_5_viv__parameterized96
INFO: [VRFC 10-311] analyzing module lenetSynthMatlab_0_zero_det_sel
INFO: [VRFC 10-311] analyzing module glbl
INFO: [VRFC 10-163] Analyzing VHDL file "/home/tyrian/nnproject/lenet58BitFloatMod/lenet58BitFloatMod.srcs/sim_1/imports/new/tb_lenet5.vhd" into library xil_defaultlib
INFO: [VRFC 10-307] analyzing entity tb_lenet5
