Copyright 1986-2018 Xilinx, Inc. All Rights Reserved.
---------------------------------------------------------------------------------------------
| Tool Version : Vivado v.2018.2 (lin64) Build 2258646 Thu Jun 14 20:02:38 MDT 2018
| Date         : Wed Dec 12 12:17:31 2018
| Host         : Neuromancer running 64-bit Ubuntu 18.04.1 LTS
| Command      : report_control_sets -verbose -file lenetSynthMatlab_control_sets_placed.rpt
| Design       : lenetSynthMatlab
| Device       : xc7a100t
---------------------------------------------------------------------------------------------

Control Set Information

Table of Contents
-----------------
1. Summary
2. Histogram
3. Flip-Flop Distribution
4. Detailed Control Set Information

1. Summary
----------

+----------------------------------------------------------+-------+
|                          Status                          | Count |
+----------------------------------------------------------+-------+
| Number of unique control sets                            |   162 |
| Unused register locations in slices containing registers |   374 |
+----------------------------------------------------------+-------+


2. Histogram
------------

+--------+--------------+
| Fanout | Control Sets |
+--------+--------------+
|      8 |           22 |
|     10 |           24 |
|     12 |            4 |
|     14 |           15 |
|    16+ |           97 |
+--------+--------------+


3. Flip-Flop Distribution
-------------------------

+--------------+-----------------------+------------------------+-----------------+--------------+
| Clock Enable | Synchronous Set/Reset | Asynchronous Set/Reset | Total Registers | Total Slices |
+--------------+-----------------------+------------------------+-----------------+--------------+
| No           | No                    | No                     |            3086 |          515 |
| No           | No                    | Yes                    |               0 |            0 |
| No           | Yes                   | No                     |             604 |          157 |
| Yes          | No                    | No                     |            4494 |          792 |
| Yes          | No                    | Yes                    |               0 |            0 |
| Yes          | Yes                   | No                     |             890 |          137 |
+--------------+-----------------------+------------------------+-----------------+--------------+


4. Detailed Control Set Information
-----------------------------------

+--------------+------------------------------------------------+--------------------------------------------------------------------------------------------------------------------------------------------+------------------+----------------+
| Clock Signal |                  Enable Signal                 |                                                              Set/Reset Signal                                                              | Slice Load Count | Bel Load Count |
+--------------+------------------------------------------------+--------------------------------------------------------------------------------------------------------------------------------------------+------------------+----------------+
|  ap_clk      | ap_CS_fsm_state52                              | c_1_reg_1014                                                                                                                               |                1 |              8 |
|  ap_clk      | ap_CS_fsm_state43                              |                                                                                                                                            |                1 |              8 |
|  ap_clk      | b_k_2_reg_11490                                |                                                                                                                                            |                1 |              8 |
|  ap_clk      | ce025_in                                       |                                                                                                                                            |                2 |              8 |
|  ap_clk      | ap_NS_fsm138_out                               |                                                                                                                                            |                1 |              8 |
|  ap_clk      | grp_g_sum_fu_1416/tmp_reg_1981                 |                                                                                                                                            |                3 |              8 |
|  ap_clk      | grp_g_sum_fu_1416/y_addr_2_reg_2340            |                                                                                                                                            |                2 |              8 |
|  ap_clk      | ap_NS_fsm132_out                               | r_2_reg_1049                                                                                                                               |                2 |              8 |
|  ap_clk      | ce052_in                                       | biasConv1_U/lenetSynthMatlab_cud_rom_U/q0[21]_i_1_n_0                                                                                      |                2 |              8 |
|  ap_clk      | ap_NS_fsm123_out                               | ap_NS_fsm135_out                                                                                                                           |                1 |              8 |
|  ap_clk      | grp_sum_fu_1422/b_k_reg_910                    |                                                                                                                                            |                2 |              8 |
|  ap_clk      | colOutIdx_8_reg_13870                          |                                                                                                                                            |                1 |              8 |
|  ap_clk      | ap_NS_fsm122_out                               | colOutIdx_4_reg_1138                                                                                                                       |                1 |              8 |
|  ap_clk      | grp_d_sum_fu_1410/b_k_reg_890                  |                                                                                                                                            |                1 |              8 |
|  ap_clk      | ap_CS_fsm_state131                             | k_i2_reg_1296                                                                                                                              |                1 |              8 |
|  ap_clk      | we02_in                                        | c_2_reg_10610                                                                                                                              |                1 |              8 |
|  ap_clk      | ap_CS_fsm_state59                              |                                                                                                                                            |                2 |              8 |
|  ap_clk      | ap_CS_fsm_state60                              |                                                                                                                                            |                1 |              8 |
|  ap_clk      | ap_CS_fsm_state87                              |                                                                                                                                            |                1 |              8 |
|  ap_clk      | ap_CS_fsm_state88                              |                                                                                                                                            |                1 |              8 |
|  ap_clk      | tmp_5_cast_reg_4409[4]_i_1_n_0                 |                                                                                                                                            |                2 |              8 |
|  ap_clk      | ap_NS_fsm116_out                               | p_Val2_9_reg_4872[4]_i_1_n_0                                                                                                               |                1 |              8 |
|  ap_clk      | ap_CS_fsm_state89                              |                                                                                                                                            |                2 |             10 |
|  ap_clk      | ap_NS_fsm133_out                               | f_2_reg_1037                                                                                                                               |                2 |             10 |
|  ap_clk      | ap_NS_fsm114_out                               |                                                                                                                                            |                2 |             10 |
|  ap_clk      | ap_CS_fsm_reg_n_0_[32]                         | c_reg_8590                                                                                                                                 |                2 |             10 |
|  ap_clk      | ap_NS_fsm142_out                               | colOutIdx_1_reg_9360                                                                                                                       |                2 |             10 |
|  ap_clk      | grp_g_sum_fu_1416/ap_CS_fsm_state5             |                                                                                                                                            |                1 |             10 |
|  ap_clk      | ap_NS_fsm119_out                               | f_3_reg_1171                                                                                                                               |                2 |             10 |
|  ap_clk      | ap_CS_fsm_state112                             |                                                                                                                                            |                2 |             10 |
|  ap_clk      | grp_g_sum_fu_1416/ap_CS_fsm_state3             | grp_g_sum_fu_1416/k_reg_71                                                                                                                 |                2 |             10 |
|  ap_clk      | ap_CS_fsm_state35                              |                                                                                                                                            |                2 |             10 |
|  ap_clk      | grp_c_sum_fu_1398/b_k_1_reg_1120               |                                                                                                                                            |                3 |             10 |
|  ap_clk      | grp_c_sum_fu_1398/b_k_reg_900                  |                                                                                                                                            |                1 |             10 |
|  ap_clk      | grp_c_sum_fu_1398/y_addr_5_reg_4380            |                                                                                                                                            |                3 |             10 |
|  ap_clk      | grp_c_sum_fu_1398/ap_NS_fsm[3]                 |                                                                                                                                            |                2 |             10 |
|  ap_clk      | tmp_24_reg_42420                               |                                                                                                                                            |                2 |             10 |
|  ap_clk      | grp_g_sum_fu_1416/ap_CS_fsm_state2             |                                                                                                                                            |                1 |             10 |
|  ap_clk      | we0                                            | b_k_3_reg_12750                                                                                                                            |                2 |             10 |
|  ap_clk      | ce052_in                                       | biasConv1_U/lenetSynthMatlab_cud_rom_U/q0[31]_i_1__6_n_0                                                                                   |                2 |             10 |
|  ap_clk      | grp_f_sum_fu_1404/ap_CS_fsm_state15            | grp_f_sum_fu_1404/c_k_reg_1230                                                                                                             |                1 |             10 |
|  ap_clk      | grp_f_sum_fu_1404/ap_CS_fsm_state3             |                                                                                                                                            |                2 |             10 |
|  ap_clk      | grp_f_sum_fu_1404/ap_CS_fsm_state4             | grp_f_sum_fu_1404/b_k_reg_900                                                                                                              |                2 |             10 |
|  ap_clk      | grp_f_sum_fu_1404/ap_CS_fsm_state7             |                                                                                                                                            |                1 |             10 |
|  ap_clk      | we023_in                                       | b_k_2_reg_11490                                                                                                                            |                2 |             10 |
|  ap_clk      | grp_g_sum_fu_1416/ap_CS_fsm_state12            | grp_g_sum_fu_1416/b_k_reg_930                                                                                                              |                1 |             10 |
|  ap_clk      | r_3_reg_11940                                  |                                                                                                                                            |                3 |             12 |
|  ap_clk      | ap_CS_fsm_state6                               |                                                                                                                                            |                3 |             12 |
|  ap_clk      | colOutIdx_4_reg_11380                          |                                                                                                                                            |                1 |             12 |
|  ap_clk      | c_2_reg_10610                                  |                                                                                                                                            |                2 |             12 |
|  ap_clk      | ap_CS_fsm_state173                             | colOutIdx_8_reg_1387                                                                                                                       |                2 |             14 |
|  ap_clk      | ap_CS_fsm_state154                             | colOutIdx_7_reg_1341                                                                                                                       |                2 |             14 |
|  ap_clk      | ap_CS_fsm_state143                             |                                                                                                                                            |                3 |             14 |
|  ap_clk      |                                                | lenetSynthMatlab_DeQ_U18/lenetSynthMatlab_ap_fmul_2_max_dsp_32_u/U0/i_synth/MULT.OP/EXP/STATE_DELAY/i_pipe/p_1_in12_out                    |                3 |             14 |
|  ap_clk      | ap_NS_fsm19_out                                |                                                                                                                                            |                3 |             14 |
|  ap_clk      | b_k_reg_9470                                   |                                                                                                                                            |                1 |             14 |
|  ap_clk      | ce04_in                                        |                                                                                                                                            |                3 |             14 |
|  ap_clk      | tmp_49_reg_50581                               |                                                                                                                                            |                1 |             14 |
|  ap_clk      | we00_in                                        | ap_NS_fsm120_out                                                                                                                           |                2 |             14 |
|  ap_clk      | we015_in                                       | ap_NS_fsm17_out                                                                                                                            |                3 |             14 |
|  ap_clk      | we05_in                                        | ap_NS_fsm115_out                                                                                                                           |                3 |             14 |
|  ap_clk      | ap_CS_fsm_state139                             |                                                                                                                                            |                3 |             14 |
|  ap_clk      | grp_f_sum_fu_1404/tmp_158_reg_3111             |                                                                                                                                            |                3 |             14 |
|  ap_clk      | grp_f_sum_fu_1404/y_addr_3_reg_376_reg[6]_0[0] |                                                                                                                                            |                3 |             14 |
|  ap_clk      | ap_CS_fsm_state109                             |                                                                                                                                            |                3 |             14 |
|  ap_clk      | ap_NS_fsm136_out                               | p_Val2_2_reg_4498[8]_i_1_n_0                                                                                                               |                4 |             16 |
|  ap_clk      | tmp_101_reg_46540                              |                                                                                                                                            |                2 |             16 |
|  ap_clk      | ap_CS_fsm_state8                               |                                                                                                                                            |                5 |             16 |
|  ap_clk      | ce08_in                                        |                                                                                                                                            |                5 |             18 |
|  ap_clk      | ap_NS_fsm136_out                               |                                                                                                                                            |                6 |             18 |
|  ap_clk      | invdar1_reg_11600                              | ap_NS_fsm124_out                                                                                                                           |                3 |             18 |
|  ap_clk      | ap_CS_fsm_state50                              |                                                                                                                                            |                2 |             18 |
|  ap_clk      | b_k_3_reg_12750                                |                                                                                                                                            |                3 |             18 |
|  ap_clk      | ap_NS_fsm116_out                               |                                                                                                                                            |                5 |             20 |
|  ap_clk      | ap_CS_fsm_state5                               |                                                                                                                                            |                4 |             20 |
|  ap_clk      | ap_CS_fsm_state94                              |                                                                                                                                            |                3 |             20 |
|  ap_clk      | ap_NS_fsm125_out                               |                                                                                                                                            |                3 |             22 |
|  ap_clk      | invdar_reg_9580                                | ap_NS_fsm144_out                                                                                                                           |                5 |             22 |
|  ap_clk      | b_k_1_reg_10950                                |                                                                                                                                            |                5 |             22 |
|  ap_clk      | tmp_72_reg_47361                               |                                                                                                                                            |                3 |             22 |
|  ap_clk      | grp_c_sum_fu_1398/c_k_reg_1230                 |                                                                                                                                            |                3 |             22 |
|  ap_clk      | ap_CS_fsm_state100                             |                                                                                                                                            |                5 |             22 |
|  ap_clk      | netScores_ce0                                  | ap_NS_fsm16_out                                                                                                                            |                3 |             24 |
|  ap_clk      | ap_CS_fsm_state162                             |                                                                                                                                            |                3 |             24 |
|  ap_clk      | ap_NS_fsm145_out                               |                                                                                                                                            |                4 |             26 |
|  ap_clk      | ap_NS_fsm113_out                               | k_4_reg_12410                                                                                                                              |                4 |             26 |
|  ap_clk      | grp_f_sum_fu_1404/tmp_160_reg_3610             |                                                                                                                                            |                5 |             26 |
|  ap_clk      | ap_CS_fsm_state47                              |                                                                                                                                            |                4 |             26 |
|  ap_clk      | tmp_8_reg_43441                                |                                                                                                                                            |                4 |             26 |
|  ap_clk      | ap_CS_fsm_state110                             |                                                                                                                                            |                4 |             26 |
|  ap_clk      | ap_NS_fsm149_out                               |                                                                                                                                            |                3 |             28 |
|  ap_clk      | ap_CS_fsm_state56                              | phi_mul4_reg_1003                                                                                                                          |                5 |             28 |
|  ap_clk      | ap_NS_fsm143_out                               | ap_NS_fsm153_out                                                                                                                           |                4 |             32 |
|  ap_clk      | ap_NS_fsm131_out                               |                                                                                                                                            |                4 |             32 |
|  ap_clk      | ap_NS_fsm150_out                               | phi_mul_reg_848                                                                                                                            |                3 |             32 |
|  ap_clk      | colOutIdx_7_reg_13410                          |                                                                                                                                            |                5 |             36 |
|  ap_clk      | tmp_121_reg_48550                              |                                                                                                                                            |                7 |             38 |
|  ap_clk      |                                                | lenetSynthMatlab_DeQ_U18/lenetSynthMatlab_ap_fmul_2_max_dsp_32_u/U0/i_synth/MULT.OP/EXP/SIG_DELAY/i_pipe/RESULT_REG.NORMAL.mant_op_reg[21] |                6 |             44 |
|  ap_clk      |                                                | lenetSynthMatlab_Ee0_U19/lenetSynthMatlab_ap_uitofp_4_no_dsp_32_u/U0/i_synth/FIX_TO_FLT_OP.SPD.OP/EXP/ZERO_DELAY/i_pipe/op_state[0]        |                7 |             46 |
|  ap_clk      | ap_CS_fsm_state42                              |                                                                                                                                            |                6 |             48 |
|  ap_clk      | ce052_in                                       |                                                                                                                                            |                7 |             52 |
|  ap_clk      | tmp_45_reg_44760                               |                                                                                                                                            |                8 |             52 |
|  ap_clk      | ap_CS_fsm_state34                              |                                                                                                                                            |                8 |             54 |
|  ap_clk      | ap_CS_fsm_state4                               |                                                                                                                                            |                7 |             54 |
|  ap_clk      | ap_CS_fsm_state174                             |                                                                                                                                            |                7 |             58 |
|  ap_clk      | ap_CS_fsm_state3                               |                                                                                                                                            |                7 |             58 |
|  ap_clk      | ap_CS_fsm_state58                              |                                                                                                                                            |                9 |             58 |
|  ap_clk      | tmp_95_reg_1329[31]_i_2_n_0                    | tmp_95_reg_1329[31]_i_1_n_0                                                                                                                |               11 |             64 |
|  ap_clk      | x_assign_reg_980[31]_i_2_n_0                   | x_assign_reg_980[31]_i_1_n_0                                                                                                               |               12 |             64 |
|  ap_clk      | grp_d_sum_fu_1410/q0_reg[31]_0[0]              |                                                                                                                                            |               18 |             64 |
|  ap_clk      | grp_d_sum_fu_1410/E[0]                         |                                                                                                                                            |               12 |             64 |
|  ap_clk      | ap_CS_fsm_state141                             | fc1ActivationMap_U/lenetSynthMatlab_zec_ram_U/SR[0]                                                                                        |                5 |             64 |
|  ap_clk      | x_assign_5_reg_1182[31]_i_2_n_0                | x_assign_5_reg_1182[31]_i_1_n_0                                                                                                            |               10 |             64 |
|  ap_clk      | grp_d_sum_fu_1410/q0_reg[31]                   |                                                                                                                                            |                8 |             64 |
|  ap_clk      | grp_c_sum_fu_1398/ap_CS_fsm_state13            |                                                                                                                                            |                9 |             64 |
|  ap_clk      | maxval_1_6_fu_344[31]_i_1_n_0                  |                                                                                                                                            |               16 |             64 |
|  ap_clk      | grp_d_sum_fu_1410/ap_CS_fsm_state11            |                                                                                                                                            |                6 |             64 |
|  ap_clk      | grp_d_sum_fu_1410/q0_reg[0]_7                  |                                                                                                                                            |                8 |             64 |
|  ap_clk      | tmp_111_reg_1375[31]_i_2_n_0                   | tmp_111_reg_1375[31]_i_1_n_0                                                                                                               |               11 |             64 |
|  ap_clk      | reg_14910                                      |                                                                                                                                            |                9 |             64 |
|  ap_clk      | reg_14820                                      |                                                                                                                                            |               12 |             64 |
|  ap_clk      | grp_d_sum_fu_1410/p_0_in                       |                                                                                                                                            |                8 |             64 |
|  ap_clk      | maxval_1_3_fu_340                              |                                                                                                                                            |               13 |             64 |
|  ap_clk      | maxval_1_fu_336                                |                                                                                                                                            |               12 |             64 |
|  ap_clk      | maxval_1_7_fu_348[31]_i_1_n_0                  |                                                                                                                                            |               12 |             64 |
|  ap_clk      | grp_sum_fu_1422/p_0_in                         |                                                                                                                                            |                8 |             64 |
|  ap_clk      | ap_CS_fsm_state76                              |                                                                                                                                            |               13 |             64 |
|  ap_clk      | ap_CS_fsm[74]_i_1_n_0                          |                                                                                                                                            |                6 |             64 |
|  ap_clk      | ap_CS_fsm_state46                              |                                                                                                                                            |               13 |             64 |
|  ap_clk      | ap_CS_fsm[21]_i_1_n_0                          |                                                                                                                                            |                9 |             64 |
|  ap_clk      | ap_CS_fsm[124]_i_1_n_0                         |                                                                                                                                            |               12 |             64 |
|  ap_clk      | grp_sum_fu_1422/q0_reg[31][0]                  |                                                                                                                                            |               17 |             64 |
|  ap_clk      | ap_CS_fsm_state91                              | conv2ActivationMap_U/lenetSynthMatlab_sc4_ram_U/SR[0]                                                                                      |                7 |             64 |
|  ap_clk      | ap_CS_fsm_state99                              |                                                                                                                                            |               11 |             64 |
|  ap_clk      | grp_sum_fu_1422/E[0]                           |                                                                                                                                            |               11 |             64 |
|  ap_clk      | grp_sum_fu_1422/q0_reg[31]_0                   |                                                                                                                                            |                8 |             64 |
|  ap_clk      | grp_sum_fu_1422/q0_reg[0]_3                    |                                                                                                                                            |                8 |             64 |
|  ap_clk      | ap_CS_fsm_state38                              | conv1ActivationMap_U/lenetSynthMatlab_ncg_ram_U/SR[0]                                                                                      |                8 |             64 |
|  ap_clk      | grp_sum_fu_1422/ap_CS_fsm_state11              |                                                                                                                                            |                7 |             64 |
|  ap_clk      | grp_g_sum_fu_1416/E[0]                         |                                                                                                                                            |               15 |             64 |
|  ap_clk      | grp_g_sum_fu_1416/p_0_in                       |                                                                                                                                            |                8 |             64 |
|  ap_clk      | ap_CS_fsm_state126                             |                                                                                                                                            |               15 |             64 |
|  ap_clk      | grp_g_sum_fu_1416/ap_CS_fsm_state11            |                                                                                                                                            |                9 |             64 |
|  ap_clk      | ap_CS_fsm_state23                              |                                                                                                                                            |               12 |             64 |
|  ap_clk      | ap_CS_fsm_state132                             |                                                                                                                                            |               11 |             64 |
|  ap_clk      | grp_f_sum_fu_1404/ap_CS_fsm_state14            |                                                                                                                                            |                8 |             64 |
|  ap_clk      | c_3_reg_12060                                  |                                                                                                                                            |               14 |             70 |
|  ap_clk      | ce014_in                                       |                                                                                                                                            |                7 |             70 |
|  ap_clk      | ce034_in                                       |                                                                                                                                            |               11 |             76 |
|  ap_clk      | ap_CS_fsm_state103                             |                                                                                                                                            |               15 |             82 |
|  ap_clk      | ap_CS_fsm_state51                              |                                                                                                                                            |                9 |             82 |
|  ap_clk      | c_1_reg_10140                                  |                                                                                                                                            |               14 |             82 |
|  ap_clk      | tmp_147_reg_49770                              |                                                                                                                                            |               29 |            114 |
|  ap_clk      | ap_CS_fsm_state14                              |                                                                                                                                            |               25 |            126 |
|  ap_clk      | grp_d_sum_fu_1410/ap_CS_fsm_state6             |                                                                                                                                            |               29 |            128 |
|  ap_clk      | grp_c_sum_fu_1398/ap_CS_fsm_state8             |                                                                                                                                            |               31 |            128 |
|  ap_clk      | grp_sum_fu_1422/ap_CS_fsm_state6               |                                                                                                                                            |               24 |            128 |
|  ap_clk      | grp_g_sum_fu_1416/ap_CS_fsm_state6             |                                                                                                                                            |               26 |            128 |
|  ap_clk      | grp_f_sum_fu_1404/ap_CS_fsm_state9             |                                                                                                                                            |               18 |            128 |
|  ap_clk      | ap_CS_fsm_state41                              |                                                                                                                                            |               19 |            140 |
|  ap_clk      |                                                | ap_rst                                                                                                                                     |              141 |            500 |
|  ap_clk      |                                                |                                                                                                                                            |              519 |           3096 |
+--------------+------------------------------------------------+--------------------------------------------------------------------------------------------------------------------------------------------+------------------+----------------+


