Copyright 1986-2018 Xilinx, Inc. All Rights Reserved.
-----------------------------------------------------------------------------------------------------------------------------------------------------------------------------------------------------------------------
| Tool Version : Vivado v.2018.2 (lin64) Build 2258646 Thu Jun 14 20:02:38 MDT 2018
| Date         : Wed Dec 12 12:18:30 2018
| Host         : Neuromancer running 64-bit Ubuntu 18.04.1 LTS
| Command      : report_timing_summary -max_paths 10 -file lenetSynthMatlab_timing_summary_routed.rpt -pb lenetSynthMatlab_timing_summary_routed.pb -rpx lenetSynthMatlab_timing_summary_routed.rpx -warn_on_violation
| Design       : lenetSynthMatlab
| Device       : 7a100t-csg324
| Speed File   : -1  PRODUCTION 1.22 2018-03-21
-----------------------------------------------------------------------------------------------------------------------------------------------------------------------------------------------------------------------

Timing Summary Report

------------------------------------------------------------------------------------------------
| Timer Settings
| --------------
------------------------------------------------------------------------------------------------

  Enable Multi Corner Analysis               :  Yes
  Enable Pessimism Removal                   :  Yes
  Pessimism Removal Resolution               :  Nearest Common Node
  Enable Input Delay Default Clock           :  No
  Enable Preset / Clear Arcs                 :  No
  Disable Flight Delays                      :  No
  Ignore I/O Paths                           :  No
  Timing Early Launch at Borrowing Latches   :  false

  Corner  Analyze    Analyze    
  Name    Max Paths  Min Paths  
  ------  ---------  ---------  
  Slow    Yes        Yes        
  Fast    Yes        Yes        



check_timing report

Table of Contents
-----------------
1. checking no_clock
2. checking constant_clock
3. checking pulse_width_clock
4. checking unconstrained_internal_endpoints
5. checking no_input_delay
6. checking no_output_delay
7. checking multiple_clock
8. checking generated_clocks
9. checking loops
10. checking partial_input_delay
11. checking partial_output_delay
12. checking latch_loops

1. checking no_clock
--------------------
 There are 0 register/latch pins with no clock.


2. checking constant_clock
--------------------------
 There are 0 register/latch pins with constant_clock.


3. checking pulse_width_clock
-----------------------------
 There are 0 register/latch pins which need pulse_width check


4. checking unconstrained_internal_endpoints
--------------------------------------------
 There are 0 pins that are not constrained for maximum delay.

 There are 0 pins that are not constrained for maximum delay due to constant clock.


5. checking no_input_delay
--------------------------
 There are 10 input ports with no input delay specified. (HIGH)

 There are 0 input ports with no input delay but user has a false path constraint.


6. checking no_output_delay
---------------------------
 There are 52 ports with no output delay specified. (HIGH)

 There are 0 ports with no output delay but user has a false path constraint

 There are 0 ports with no output delay but with a timing clock defined on it or propagating through it


7. checking multiple_clock
--------------------------
 There are 0 register/latch pins with multiple clocks.


8. checking generated_clocks
----------------------------
 There are 0 generated clocks that are not connected to a clock source.


9. checking loops
-----------------
 There are 0 combinational loops in the design.


10. checking partial_input_delay
--------------------------------
 There are 0 input ports with partial input delay specified.


11. checking partial_output_delay
---------------------------------
 There are 0 ports with partial output delay specified.


12. checking latch_loops
------------------------
 There are 0 combinational latch loops in the design through latch input



------------------------------------------------------------------------------------------------
| Design Timing Summary
| ---------------------
------------------------------------------------------------------------------------------------

    WNS(ns)      TNS(ns)  TNS Failing Endpoints  TNS Total Endpoints      WHS(ns)      THS(ns)  THS Failing Endpoints  THS Total Endpoints     WPWS(ns)     TPWS(ns)  TPWS Failing Endpoints  TPWS Total Endpoints  
    -------      -------  ---------------------  -------------------      -------      -------  ---------------------  -------------------     --------     --------  ----------------------  --------------------  
      0.587        0.000                      0                12245        0.102        0.000                      0                12245        3.750        0.000                       0                  4910  


All user specified timing constraints are met.


------------------------------------------------------------------------------------------------
| Clock Summary
| -------------
------------------------------------------------------------------------------------------------

Clock   Waveform(ns)       Period(ns)      Frequency(MHz)
-----   ------------       ----------      --------------
ap_clk  {0.000 5.000}      10.000          100.000         


------------------------------------------------------------------------------------------------
| Intra Clock Table
| -----------------
------------------------------------------------------------------------------------------------

Clock             WNS(ns)      TNS(ns)  TNS Failing Endpoints  TNS Total Endpoints      WHS(ns)      THS(ns)  THS Failing Endpoints  THS Total Endpoints     WPWS(ns)     TPWS(ns)  TPWS Failing Endpoints  TPWS Total Endpoints  
-----             -------      -------  ---------------------  -------------------      -------      -------  ---------------------  -------------------     --------     --------  ----------------------  --------------------  
ap_clk              0.587        0.000                      0                12245        0.102        0.000                      0                12245        3.750        0.000                       0                  4910  


------------------------------------------------------------------------------------------------
| Inter Clock Table
| -----------------
------------------------------------------------------------------------------------------------

From Clock    To Clock          WNS(ns)      TNS(ns)  TNS Failing Endpoints  TNS Total Endpoints      WHS(ns)      THS(ns)  THS Failing Endpoints  THS Total Endpoints  
----------    --------          -------      -------  ---------------------  -------------------      -------      -------  ---------------------  -------------------  


------------------------------------------------------------------------------------------------
| Other Path Groups Table
| -----------------------
------------------------------------------------------------------------------------------------

Path Group    From Clock    To Clock          WNS(ns)      TNS(ns)  TNS Failing Endpoints  TNS Total Endpoints      WHS(ns)      THS(ns)  THS Failing Endpoints  THS Total Endpoints  
----------    ----------    --------          -------      -------  ---------------------  -------------------      -------      -------  ---------------------  -------------------  


------------------------------------------------------------------------------------------------
| Timing Details
| --------------
------------------------------------------------------------------------------------------------


---------------------------------------------------------------------------------------------------
From Clock:  ap_clk
  To Clock:  ap_clk

Setup :            0  Failing Endpoints,  Worst Slack        0.587ns,  Total Violation        0.000ns
Hold  :            0  Failing Endpoints,  Worst Slack        0.102ns,  Total Violation        0.000ns
PW    :            0  Failing Endpoints,  Worst Slack        3.750ns,  Total Violation        0.000ns
---------------------------------------------------------------------------------------------------


Max Delay Paths
--------------------------------------------------------------------------------------
Slack (MET) :             0.587ns  (required time - arrival time)
  Source:                 conv2ActivationMap_U/lenetSynthMatlab_sc4_ram_U/ram_reg_1/CLKARDCLK
                            (rising edge-triggered cell RAMB36E1 clocked by ap_clk  {rise@0.000ns fall@5.000ns period=10.000ns})
  Destination:            maxval_1_8_maxval_0_8_reg_4920_reg[27]/D
                            (rising edge-triggered cell FDRE clocked by ap_clk  {rise@0.000ns fall@5.000ns period=10.000ns})
  Path Group:             ap_clk
  Path Type:              Setup (Max at Slow Process Corner)
  Requirement:            10.000ns  (ap_clk rise@10.000ns - ap_clk rise@0.000ns)
  Data Path Delay:        9.268ns  (logic 2.491ns (26.878%)  route 6.777ns (73.122%))
  Logic Levels:           9  (CARRY4=2 LUT2=1 LUT3=2 LUT5=3 LUT6=1)
  Clock Path Skew:        -0.049ns (DCD - SCD + CPR)
    Destination Clock Delay (DCD):    0.924ns = ( 10.924 - 10.000 ) 
    Source Clock Delay      (SCD):    0.973ns
    Clock Pessimism Removal (CPR):    0.000ns
  Clock Uncertainty:      0.035ns  ((TSJ^2 + TIJ^2)^1/2 + DJ) / 2 + PE
    Total System Jitter     (TSJ):    0.071ns
    Total Input Jitter      (TIJ):    0.000ns
    Discrete Jitter          (DJ):    0.000ns
    Phase Error              (PE):    0.000ns

    Location             Delay type                Incr(ns)  Path(ns)    Netlist Resource(s)
  -------------------------------------------------------------------    -------------------
                         (clock ap_clk rise edge)     0.000     0.000 r  
                                                      0.000     0.000 r  ap_clk (IN)
                         net (fo=4917, unset)         0.973     0.973    conv2ActivationMap_U/lenetSynthMatlab_sc4_ram_U/ap_clk
    RAMB36_X0Y12         RAMB36E1                                     r  conv2ActivationMap_U/lenetSynthMatlab_sc4_ram_U/ram_reg_1/CLKARDCLK
  -------------------------------------------------------------------    -------------------
    RAMB36_X0Y12         RAMB36E1 (Prop_ramb36e1_CLKARDCLK_DOADO[2])
                                                      0.882     1.855 f  conv2ActivationMap_U/lenetSynthMatlab_sc4_ram_U/ram_reg_1/DOADO[2]
                         net (fo=3, routed)           2.272     4.127    conv2ActivationMap_U/lenetSynthMatlab_sc4_ram_U/q0[20]
    SLICE_X56Y62         LUT6 (Prop_lut6_I1_O)        0.124     4.251 f  conv2ActivationMap_U/lenetSynthMatlab_sc4_ram_U/lenetSynthMatlab_ap_fcmp_0_no_dsp_32_u_i_88/O
                         net (fo=1, routed)           0.750     5.002    conv2ActivationMap_U/lenetSynthMatlab_sc4_ram_U/lenetSynthMatlab_ap_fcmp_0_no_dsp_32_u_i_88_n_0
    SLICE_X56Y65         LUT5 (Prop_lut5_I0_O)        0.124     5.126 f  conv2ActivationMap_U/lenetSynthMatlab_sc4_ram_U/lenetSynthMatlab_ap_fcmp_0_no_dsp_32_u_i_12/O
                         net (fo=4, routed)           0.859     5.985    lenetSynthMatlab_Ffa_U20/lenetSynthMatlab_ap_fcmp_0_no_dsp_32_u/U0/i_synth/COMP_OP.SPD.OP/STRUCT_CMP.A_FRAC_NOT_ZERO_DET/WIDE_NOR/s_axis_a_tdata[20]
    SLICE_X54Y66         LUT5 (Prop_lut5_I4_O)        0.124     6.109 r  lenetSynthMatlab_Ffa_U20/lenetSynthMatlab_ap_fcmp_0_no_dsp_32_u/U0/i_synth/COMP_OP.SPD.OP/STRUCT_CMP.A_FRAC_NOT_ZERO_DET/WIDE_NOR/CHAIN_GEN[3].C_MUX.CARRY_MUX_i_1/O
                         net (fo=1, routed)           0.000     6.109    lenetSynthMatlab_Ffa_U20/lenetSynthMatlab_ap_fcmp_0_no_dsp_32_u/U0/i_synth/COMP_OP.SPD.OP/STRUCT_CMP.A_FRAC_NOT_ZERO_DET/WIDE_NOR/zero_det[3]
    SLICE_X54Y66         CARRY4 (Prop_carry4_S[3]_CO[3])
                                                      0.376     6.485 r  lenetSynthMatlab_Ffa_U20/lenetSynthMatlab_ap_fcmp_0_no_dsp_32_u/U0/i_synth/COMP_OP.SPD.OP/STRUCT_CMP.A_FRAC_NOT_ZERO_DET/WIDE_NOR/CHAIN_GEN[0].C_MUX.CARRY_MUX_CARRY4/CO[3]
                         net (fo=1, routed)           0.000     6.485    lenetSynthMatlab_Ffa_U20/lenetSynthMatlab_ap_fcmp_0_no_dsp_32_u/U0/i_synth/COMP_OP.SPD.OP/STRUCT_CMP.A_EXP_ALL_ONE_DET/CARRY_ZERO_DET/CARRYS_OUT[0]
    SLICE_X54Y67         CARRY4 (Prop_carry4_CI_CO[1])
                                                      0.157     6.642 f  lenetSynthMatlab_Ffa_U20/lenetSynthMatlab_ap_fcmp_0_no_dsp_32_u/U0/i_synth/COMP_OP.SPD.OP/STRUCT_CMP.A_EXP_ALL_ONE_DET/CARRY_ZERO_DET/CHAIN_GEN[0].C_MUX.CARRY_MUX_CARRY4/CO[1]
                         net (fo=1, routed)           0.564     7.206    lenetSynthMatlab_Ffa_U20/lenetSynthMatlab_ap_fcmp_0_no_dsp_32_u/U0/i_synth/COMP_OP.SPD.OP/STRUCT_CMP.A_EXP_ALL_ONE_DET/CARRY_ZERO_DET/p_3_out
    SLICE_X52Y67         LUT2 (Prop_lut2_I0_O)        0.332     7.538 f  lenetSynthMatlab_Ffa_U20/lenetSynthMatlab_ap_fcmp_0_no_dsp_32_u/U0/i_synth/COMP_OP.SPD.OP/STRUCT_CMP.A_EXP_ALL_ONE_DET/CARRY_ZERO_DET/m_axis_result_tdata[0]_INST_0_i_3/O
                         net (fo=1, routed)           0.565     8.103    lenetSynthMatlab_Ffa_U20/lenetSynthMatlab_ap_fcmp_0_no_dsp_32_u/U0/i_synth/COMP_OP.SPD.OP/STRUCT_CMP.A_GT_B_DET/C_CHAIN/p_0_in
    SLICE_X55Y66         LUT3 (Prop_lut3_I2_O)        0.124     8.227 r  lenetSynthMatlab_Ffa_U20/lenetSynthMatlab_ap_fcmp_0_no_dsp_32_u/U0/i_synth/COMP_OP.SPD.OP/STRUCT_CMP.A_GT_B_DET/C_CHAIN/m_axis_result_tdata[0]_INST_0/O
                         net (fo=7, routed)           0.336     8.563    lenetSynthMatlab_Ffa_U20/m_axis_result_tdata[0]
    SLICE_X54Y67         LUT5 (Prop_lut5_I4_O)        0.124     8.687 r  lenetSynthMatlab_Ffa_U20/maxval_1_8_maxval_0_8_reg_4920[31]_i_2/O
                         net (fo=32, routed)          0.784     9.471    lenetSynthMatlab_Ffa_U20/tmp_142_fu_3636_p2
    SLICE_X51Y68         LUT3 (Prop_lut3_I2_O)        0.124     9.595 r  lenetSynthMatlab_Ffa_U20/maxval_1_8_maxval_0_8_reg_4920[27]_i_1/O
                         net (fo=1, routed)           0.646    10.241    maxval_1_8_maxval_0_8_fu_3680_p3[27]
    SLICE_X51Y68         FDRE                                         r  maxval_1_8_maxval_0_8_reg_4920_reg[27]/D
  -------------------------------------------------------------------    -------------------

                         (clock ap_clk rise edge)    10.000    10.000 r  
                                                      0.000    10.000 r  ap_clk (IN)
                         net (fo=4917, unset)         0.924    10.924    ap_clk
    SLICE_X51Y68         FDRE                                         r  maxval_1_8_maxval_0_8_reg_4920_reg[27]/C
                         clock pessimism              0.000    10.924    
                         clock uncertainty           -0.035    10.889    
    SLICE_X51Y68         FDRE (Setup_fdre_C_D)       -0.061    10.828    maxval_1_8_maxval_0_8_reg_4920_reg[27]
  -------------------------------------------------------------------
                         required time                         10.828    
                         arrival time                         -10.241    
  -------------------------------------------------------------------
                         slack                                  0.587    

Slack (MET) :             0.649ns  (required time - arrival time)
  Source:                 tmp_151_reg_4982_reg[8]_rep__0/C
                            (rising edge-triggered cell FDRE clocked by ap_clk  {rise@0.000ns fall@5.000ns period=10.000ns})
  Destination:            weightsFC1_U/lenetSynthMatlab_g8j_rom_U/q0_reg_1_24/ADDRARDADDR[8]
                            (rising edge-triggered cell RAMB36E1 clocked by ap_clk  {rise@0.000ns fall@5.000ns period=10.000ns})
  Path Group:             ap_clk
  Path Type:              Setup (Max at Slow Process Corner)
  Requirement:            10.000ns  (ap_clk rise@10.000ns - ap_clk rise@0.000ns)
  Data Path Delay:        8.701ns  (logic 0.456ns (5.241%)  route 8.245ns (94.759%))
  Logic Levels:           0  
  Clock Path Skew:        -0.049ns (DCD - SCD + CPR)
    Destination Clock Delay (DCD):    0.924ns = ( 10.924 - 10.000 ) 
    Source Clock Delay      (SCD):    0.973ns
    Clock Pessimism Removal (CPR):    0.000ns
  Clock Uncertainty:      0.035ns  ((TSJ^2 + TIJ^2)^1/2 + DJ) / 2 + PE
    Total System Jitter     (TSJ):    0.071ns
    Total Input Jitter      (TIJ):    0.000ns
    Discrete Jitter          (DJ):    0.000ns
    Phase Error              (PE):    0.000ns

    Location             Delay type                Incr(ns)  Path(ns)    Netlist Resource(s)
  -------------------------------------------------------------------    -------------------
                         (clock ap_clk rise edge)     0.000     0.000 r  
                                                      0.000     0.000 r  ap_clk (IN)
                         net (fo=4917, unset)         0.973     0.973    ap_clk
    SLICE_X68Y14         FDRE                                         r  tmp_151_reg_4982_reg[8]_rep__0/C
  -------------------------------------------------------------------    -------------------
    SLICE_X68Y14         FDRE (Prop_fdre_C_Q)         0.456     1.429 r  tmp_151_reg_4982_reg[8]_rep__0/Q
                         net (fo=20, routed)          8.245     9.674    weightsFC1_U/lenetSynthMatlab_g8j_rom_U/sel[8]
    RAMB36_X1Y36         RAMB36E1                                     r  weightsFC1_U/lenetSynthMatlab_g8j_rom_U/q0_reg_1_24/ADDRARDADDR[8]
  -------------------------------------------------------------------    -------------------

                         (clock ap_clk rise edge)    10.000    10.000 r  
                                                      0.000    10.000 r  ap_clk (IN)
                         net (fo=4917, unset)         0.924    10.924    weightsFC1_U/lenetSynthMatlab_g8j_rom_U/ap_clk
    RAMB36_X1Y36         RAMB36E1                                     r  weightsFC1_U/lenetSynthMatlab_g8j_rom_U/q0_reg_1_24/CLKARDCLK
                         clock pessimism              0.000    10.924    
                         clock uncertainty           -0.035    10.889    
    RAMB36_X1Y36         RAMB36E1 (Setup_ramb36e1_CLKARDCLK_ADDRARDADDR[8])
                                                     -0.566    10.323    weightsFC1_U/lenetSynthMatlab_g8j_rom_U/q0_reg_1_24
  -------------------------------------------------------------------
                         required time                         10.323    
                         arrival time                          -9.674    
  -------------------------------------------------------------------
                         slack                                  0.649    

Slack (MET) :             0.712ns  (required time - arrival time)
  Source:                 conv2ActivationMap_U/lenetSynthMatlab_sc4_ram_U/ram_reg_1/CLKARDCLK
                            (rising edge-triggered cell RAMB36E1 clocked by ap_clk  {rise@0.000ns fall@5.000ns period=10.000ns})
  Destination:            maxval_1_8_maxval_0_8_reg_4920_reg[9]/D
                            (rising edge-triggered cell FDRE clocked by ap_clk  {rise@0.000ns fall@5.000ns period=10.000ns})
  Path Group:             ap_clk
  Path Type:              Setup (Max at Slow Process Corner)
  Requirement:            10.000ns  (ap_clk rise@10.000ns - ap_clk rise@0.000ns)
  Data Path Delay:        9.146ns  (logic 2.491ns (27.235%)  route 6.655ns (72.765%))
  Logic Levels:           9  (CARRY4=2 LUT2=1 LUT3=2 LUT5=3 LUT6=1)
  Clock Path Skew:        -0.049ns (DCD - SCD + CPR)
    Destination Clock Delay (DCD):    0.924ns = ( 10.924 - 10.000 ) 
    Source Clock Delay      (SCD):    0.973ns
    Clock Pessimism Removal (CPR):    0.000ns
  Clock Uncertainty:      0.035ns  ((TSJ^2 + TIJ^2)^1/2 + DJ) / 2 + PE
    Total System Jitter     (TSJ):    0.071ns
    Total Input Jitter      (TIJ):    0.000ns
    Discrete Jitter          (DJ):    0.000ns
    Phase Error              (PE):    0.000ns

    Location             Delay type                Incr(ns)  Path(ns)    Netlist Resource(s)
  -------------------------------------------------------------------    -------------------
                         (clock ap_clk rise edge)     0.000     0.000 r  
                                                      0.000     0.000 r  ap_clk (IN)
                         net (fo=4917, unset)         0.973     0.973    conv2ActivationMap_U/lenetSynthMatlab_sc4_ram_U/ap_clk
    RAMB36_X0Y12         RAMB36E1                                     r  conv2ActivationMap_U/lenetSynthMatlab_sc4_ram_U/ram_reg_1/CLKARDCLK
  -------------------------------------------------------------------    -------------------
    RAMB36_X0Y12         RAMB36E1 (Prop_ramb36e1_CLKARDCLK_DOADO[2])
                                                      0.882     1.855 f  conv2ActivationMap_U/lenetSynthMatlab_sc4_ram_U/ram_reg_1/DOADO[2]
                         net (fo=3, routed)           2.272     4.127    conv2ActivationMap_U/lenetSynthMatlab_sc4_ram_U/q0[20]
    SLICE_X56Y62         LUT6 (Prop_lut6_I1_O)        0.124     4.251 f  conv2ActivationMap_U/lenetSynthMatlab_sc4_ram_U/lenetSynthMatlab_ap_fcmp_0_no_dsp_32_u_i_88/O
                         net (fo=1, routed)           0.750     5.002    conv2ActivationMap_U/lenetSynthMatlab_sc4_ram_U/lenetSynthMatlab_ap_fcmp_0_no_dsp_32_u_i_88_n_0
    SLICE_X56Y65         LUT5 (Prop_lut5_I0_O)        0.124     5.126 f  conv2ActivationMap_U/lenetSynthMatlab_sc4_ram_U/lenetSynthMatlab_ap_fcmp_0_no_dsp_32_u_i_12/O
                         net (fo=4, routed)           0.859     5.985    lenetSynthMatlab_Ffa_U20/lenetSynthMatlab_ap_fcmp_0_no_dsp_32_u/U0/i_synth/COMP_OP.SPD.OP/STRUCT_CMP.A_FRAC_NOT_ZERO_DET/WIDE_NOR/s_axis_a_tdata[20]
    SLICE_X54Y66         LUT5 (Prop_lut5_I4_O)        0.124     6.109 r  lenetSynthMatlab_Ffa_U20/lenetSynthMatlab_ap_fcmp_0_no_dsp_32_u/U0/i_synth/COMP_OP.SPD.OP/STRUCT_CMP.A_FRAC_NOT_ZERO_DET/WIDE_NOR/CHAIN_GEN[3].C_MUX.CARRY_MUX_i_1/O
                         net (fo=1, routed)           0.000     6.109    lenetSynthMatlab_Ffa_U20/lenetSynthMatlab_ap_fcmp_0_no_dsp_32_u/U0/i_synth/COMP_OP.SPD.OP/STRUCT_CMP.A_FRAC_NOT_ZERO_DET/WIDE_NOR/zero_det[3]
    SLICE_X54Y66         CARRY4 (Prop_carry4_S[3]_CO[3])
                                                      0.376     6.485 r  lenetSynthMatlab_Ffa_U20/lenetSynthMatlab_ap_fcmp_0_no_dsp_32_u/U0/i_synth/COMP_OP.SPD.OP/STRUCT_CMP.A_FRAC_NOT_ZERO_DET/WIDE_NOR/CHAIN_GEN[0].C_MUX.CARRY_MUX_CARRY4/CO[3]
                         net (fo=1, routed)           0.000     6.485    lenetSynthMatlab_Ffa_U20/lenetSynthMatlab_ap_fcmp_0_no_dsp_32_u/U0/i_synth/COMP_OP.SPD.OP/STRUCT_CMP.A_EXP_ALL_ONE_DET/CARRY_ZERO_DET/CARRYS_OUT[0]
    SLICE_X54Y67         CARRY4 (Prop_carry4_CI_CO[1])
                                                      0.157     6.642 f  lenetSynthMatlab_Ffa_U20/lenetSynthMatlab_ap_fcmp_0_no_dsp_32_u/U0/i_synth/COMP_OP.SPD.OP/STRUCT_CMP.A_EXP_ALL_ONE_DET/CARRY_ZERO_DET/CHAIN_GEN[0].C_MUX.CARRY_MUX_CARRY4/CO[1]
                         net (fo=1, routed)           0.564     7.206    lenetSynthMatlab_Ffa_U20/lenetSynthMatlab_ap_fcmp_0_no_dsp_32_u/U0/i_synth/COMP_OP.SPD.OP/STRUCT_CMP.A_EXP_ALL_ONE_DET/CARRY_ZERO_DET/p_3_out
    SLICE_X52Y67         LUT2 (Prop_lut2_I0_O)        0.332     7.538 f  lenetSynthMatlab_Ffa_U20/lenetSynthMatlab_ap_fcmp_0_no_dsp_32_u/U0/i_synth/COMP_OP.SPD.OP/STRUCT_CMP.A_EXP_ALL_ONE_DET/CARRY_ZERO_DET/m_axis_result_tdata[0]_INST_0_i_3/O
                         net (fo=1, routed)           0.565     8.103    lenetSynthMatlab_Ffa_U20/lenetSynthMatlab_ap_fcmp_0_no_dsp_32_u/U0/i_synth/COMP_OP.SPD.OP/STRUCT_CMP.A_GT_B_DET/C_CHAIN/p_0_in
    SLICE_X55Y66         LUT3 (Prop_lut3_I2_O)        0.124     8.227 r  lenetSynthMatlab_Ffa_U20/lenetSynthMatlab_ap_fcmp_0_no_dsp_32_u/U0/i_synth/COMP_OP.SPD.OP/STRUCT_CMP.A_GT_B_DET/C_CHAIN/m_axis_result_tdata[0]_INST_0/O
                         net (fo=7, routed)           0.336     8.563    lenetSynthMatlab_Ffa_U20/m_axis_result_tdata[0]
    SLICE_X54Y67         LUT5 (Prop_lut5_I4_O)        0.124     8.687 r  lenetSynthMatlab_Ffa_U20/maxval_1_8_maxval_0_8_reg_4920[31]_i_2/O
                         net (fo=32, routed)          0.955     9.642    lenetSynthMatlab_Ffa_U20/tmp_142_fu_3636_p2
    SLICE_X56Y64         LUT3 (Prop_lut3_I2_O)        0.124     9.766 r  lenetSynthMatlab_Ffa_U20/maxval_1_8_maxval_0_8_reg_4920[9]_i_1/O
                         net (fo=1, routed)           0.353    10.119    maxval_1_8_maxval_0_8_fu_3680_p3[9]
    SLICE_X55Y64         FDRE                                         r  maxval_1_8_maxval_0_8_reg_4920_reg[9]/D
  -------------------------------------------------------------------    -------------------

                         (clock ap_clk rise edge)    10.000    10.000 r  
                                                      0.000    10.000 r  ap_clk (IN)
                         net (fo=4917, unset)         0.924    10.924    ap_clk
    SLICE_X55Y64         FDRE                                         r  maxval_1_8_maxval_0_8_reg_4920_reg[9]/C
                         clock pessimism              0.000    10.924    
                         clock uncertainty           -0.035    10.889    
    SLICE_X55Y64         FDRE (Setup_fdre_C_D)       -0.058    10.831    maxval_1_8_maxval_0_8_reg_4920_reg[9]
  -------------------------------------------------------------------
                         required time                         10.831    
                         arrival time                         -10.119    
  -------------------------------------------------------------------
                         slack                                  0.712    

Slack (MET) :             0.717ns  (required time - arrival time)
  Source:                 tmp_151_reg_4982_reg[1]_rep__0/C
                            (rising edge-triggered cell FDRE clocked by ap_clk  {rise@0.000ns fall@5.000ns period=10.000ns})
  Destination:            weightsFC1_U/lenetSynthMatlab_g8j_rom_U/q0_reg_1_24/ADDRARDADDR[1]
                            (rising edge-triggered cell RAMB36E1 clocked by ap_clk  {rise@0.000ns fall@5.000ns period=10.000ns})
  Path Group:             ap_clk
  Path Type:              Setup (Max at Slow Process Corner)
  Requirement:            10.000ns  (ap_clk rise@10.000ns - ap_clk rise@0.000ns)
  Data Path Delay:        8.633ns  (logic 0.518ns (6.000%)  route 8.115ns (94.000%))
  Logic Levels:           0  
  Clock Path Skew:        -0.049ns (DCD - SCD + CPR)
    Destination Clock Delay (DCD):    0.924ns = ( 10.924 - 10.000 ) 
    Source Clock Delay      (SCD):    0.973ns
    Clock Pessimism Removal (CPR):    0.000ns
  Clock Uncertainty:      0.035ns  ((TSJ^2 + TIJ^2)^1/2 + DJ) / 2 + PE
    Total System Jitter     (TSJ):    0.071ns
    Total Input Jitter      (TIJ):    0.000ns
    Discrete Jitter          (DJ):    0.000ns
    Phase Error              (PE):    0.000ns

    Location             Delay type                Incr(ns)  Path(ns)    Netlist Resource(s)
  -------------------------------------------------------------------    -------------------
                         (clock ap_clk rise edge)     0.000     0.000 r  
                                                      0.000     0.000 r  ap_clk (IN)
                         net (fo=4917, unset)         0.973     0.973    ap_clk
    SLICE_X66Y23         FDRE                                         r  tmp_151_reg_4982_reg[1]_rep__0/C
  -------------------------------------------------------------------    -------------------
    SLICE_X66Y23         FDRE (Prop_fdre_C_Q)         0.518     1.491 r  tmp_151_reg_4982_reg[1]_rep__0/Q
                         net (fo=20, routed)          8.115     9.606    weightsFC1_U/lenetSynthMatlab_g8j_rom_U/sel[1]
    RAMB36_X1Y36         RAMB36E1                                     r  weightsFC1_U/lenetSynthMatlab_g8j_rom_U/q0_reg_1_24/ADDRARDADDR[1]
  -------------------------------------------------------------------    -------------------

                         (clock ap_clk rise edge)    10.000    10.000 r  
                                                      0.000    10.000 r  ap_clk (IN)
                         net (fo=4917, unset)         0.924    10.924    weightsFC1_U/lenetSynthMatlab_g8j_rom_U/ap_clk
    RAMB36_X1Y36         RAMB36E1                                     r  weightsFC1_U/lenetSynthMatlab_g8j_rom_U/q0_reg_1_24/CLKARDCLK
                         clock pessimism              0.000    10.924    
                         clock uncertainty           -0.035    10.889    
    RAMB36_X1Y36         RAMB36E1 (Setup_ramb36e1_CLKARDCLK_ADDRARDADDR[1])
                                                     -0.566    10.323    weightsFC1_U/lenetSynthMatlab_g8j_rom_U/q0_reg_1_24
  -------------------------------------------------------------------
                         required time                         10.323    
                         arrival time                          -9.606    
  -------------------------------------------------------------------
                         slack                                  0.717    

Slack (MET) :             0.731ns  (required time - arrival time)
  Source:                 tmp_151_reg_4982_reg[13]/C
                            (rising edge-triggered cell FDRE clocked by ap_clk  {rise@0.000ns fall@5.000ns period=10.000ns})
  Destination:            weightsFC1_U/lenetSynthMatlab_g8j_rom_U/q0_reg_1_2/ADDRARDADDR[13]
                            (rising edge-triggered cell RAMB36E1 clocked by ap_clk  {rise@0.000ns fall@5.000ns period=10.000ns})
  Path Group:             ap_clk
  Path Type:              Setup (Max at Slow Process Corner)
  Requirement:            10.000ns  (ap_clk rise@10.000ns - ap_clk rise@0.000ns)
  Data Path Delay:        8.619ns  (logic 0.456ns (5.290%)  route 8.163ns (94.710%))
  Logic Levels:           0  
  Clock Path Skew:        -0.049ns (DCD - SCD + CPR)
    Destination Clock Delay (DCD):    0.924ns = ( 10.924 - 10.000 ) 
    Source Clock Delay      (SCD):    0.973ns
    Clock Pessimism Removal (CPR):    0.000ns
  Clock Uncertainty:      0.035ns  ((TSJ^2 + TIJ^2)^1/2 + DJ) / 2 + PE
    Total System Jitter     (TSJ):    0.071ns
    Total Input Jitter      (TIJ):    0.000ns
    Discrete Jitter          (DJ):    0.000ns
    Phase Error              (PE):    0.000ns

    Location             Delay type                Incr(ns)  Path(ns)    Netlist Resource(s)
  -------------------------------------------------------------------    -------------------
                         (clock ap_clk rise edge)     0.000     0.000 r  
                                                      0.000     0.000 r  ap_clk (IN)
                         net (fo=4917, unset)         0.973     0.973    ap_clk
    SLICE_X64Y11         FDRE                                         r  tmp_151_reg_4982_reg[13]/C
  -------------------------------------------------------------------    -------------------
    SLICE_X64Y11         FDRE (Prop_fdre_C_Q)         0.456     1.429 r  tmp_151_reg_4982_reg[13]/Q
                         net (fo=22, routed)          8.163     9.592    weightsFC1_U/lenetSynthMatlab_g8j_rom_U/Q[13]
    RAMB36_X2Y36         RAMB36E1                                     r  weightsFC1_U/lenetSynthMatlab_g8j_rom_U/q0_reg_1_2/ADDRARDADDR[13]
  -------------------------------------------------------------------    -------------------

                         (clock ap_clk rise edge)    10.000    10.000 r  
                                                      0.000    10.000 r  ap_clk (IN)
                         net (fo=4917, unset)         0.924    10.924    weightsFC1_U/lenetSynthMatlab_g8j_rom_U/ap_clk
    RAMB36_X2Y36         RAMB36E1                                     r  weightsFC1_U/lenetSynthMatlab_g8j_rom_U/q0_reg_1_2/CLKARDCLK
                         clock pessimism              0.000    10.924    
                         clock uncertainty           -0.035    10.889    
    RAMB36_X2Y36         RAMB36E1 (Setup_ramb36e1_CLKARDCLK_ADDRARDADDR[13])
                                                     -0.566    10.323    weightsFC1_U/lenetSynthMatlab_g8j_rom_U/q0_reg_1_2
  -------------------------------------------------------------------
                         required time                         10.323    
                         arrival time                          -9.592    
  -------------------------------------------------------------------
                         slack                                  0.731    

Slack (MET) :             0.736ns  (required time - arrival time)
  Source:                 tmp_151_reg_4982_reg[4]_rep__0/C
                            (rising edge-triggered cell FDRE clocked by ap_clk  {rise@0.000ns fall@5.000ns period=10.000ns})
  Destination:            weightsFC1_U/lenetSynthMatlab_g8j_rom_U/q0_reg_1_24/ADDRARDADDR[4]
                            (rising edge-triggered cell RAMB36E1 clocked by ap_clk  {rise@0.000ns fall@5.000ns period=10.000ns})
  Path Group:             ap_clk
  Path Type:              Setup (Max at Slow Process Corner)
  Requirement:            10.000ns  (ap_clk rise@10.000ns - ap_clk rise@0.000ns)
  Data Path Delay:        8.614ns  (logic 0.456ns (5.294%)  route 8.158ns (94.706%))
  Logic Levels:           0  
  Clock Path Skew:        -0.049ns (DCD - SCD + CPR)
    Destination Clock Delay (DCD):    0.924ns = ( 10.924 - 10.000 ) 
    Source Clock Delay      (SCD):    0.973ns
    Clock Pessimism Removal (CPR):    0.000ns
  Clock Uncertainty:      0.035ns  ((TSJ^2 + TIJ^2)^1/2 + DJ) / 2 + PE
    Total System Jitter     (TSJ):    0.071ns
    Total Input Jitter      (TIJ):    0.000ns
    Discrete Jitter          (DJ):    0.000ns
    Phase Error              (PE):    0.000ns

    Location             Delay type                Incr(ns)  Path(ns)    Netlist Resource(s)
  -------------------------------------------------------------------    -------------------
                         (clock ap_clk rise edge)     0.000     0.000 r  
                                                      0.000     0.000 r  ap_clk (IN)
                         net (fo=4917, unset)         0.973     0.973    ap_clk
    SLICE_X65Y13         FDRE                                         r  tmp_151_reg_4982_reg[4]_rep__0/C
  -------------------------------------------------------------------    -------------------
    SLICE_X65Y13         FDRE (Prop_fdre_C_Q)         0.456     1.429 r  tmp_151_reg_4982_reg[4]_rep__0/Q
                         net (fo=20, routed)          8.158     9.587    weightsFC1_U/lenetSynthMatlab_g8j_rom_U/sel[4]
    RAMB36_X1Y36         RAMB36E1                                     r  weightsFC1_U/lenetSynthMatlab_g8j_rom_U/q0_reg_1_24/ADDRARDADDR[4]
  -------------------------------------------------------------------    -------------------

                         (clock ap_clk rise edge)    10.000    10.000 r  
                                                      0.000    10.000 r  ap_clk (IN)
                         net (fo=4917, unset)         0.924    10.924    weightsFC1_U/lenetSynthMatlab_g8j_rom_U/ap_clk
    RAMB36_X1Y36         RAMB36E1                                     r  weightsFC1_U/lenetSynthMatlab_g8j_rom_U/q0_reg_1_24/CLKARDCLK
                         clock pessimism              0.000    10.924    
                         clock uncertainty           -0.035    10.889    
    RAMB36_X1Y36         RAMB36E1 (Setup_ramb36e1_CLKARDCLK_ADDRARDADDR[4])
                                                     -0.566    10.323    weightsFC1_U/lenetSynthMatlab_g8j_rom_U/q0_reg_1_24
  -------------------------------------------------------------------
                         required time                         10.323    
                         arrival time                          -9.587    
  -------------------------------------------------------------------
                         slack                                  0.736    

Slack (MET) :             0.777ns  (required time - arrival time)
  Source:                 tmp_151_reg_4982_reg[15]_rep/C
                            (rising edge-triggered cell FDRE clocked by ap_clk  {rise@0.000ns fall@5.000ns period=10.000ns})
  Destination:            weightsFC1_U/lenetSynthMatlab_g8j_rom_U/q0_reg_0_13/ADDRARDADDR[15]
                            (rising edge-triggered cell RAMB36E1 clocked by ap_clk  {rise@0.000ns fall@5.000ns period=10.000ns})
  Path Group:             ap_clk
  Path Type:              Setup (Max at Slow Process Corner)
  Requirement:            10.000ns  (ap_clk rise@10.000ns - ap_clk rise@0.000ns)
  Data Path Delay:        8.624ns  (logic 0.456ns (5.287%)  route 8.168ns (94.713%))
  Logic Levels:           0  
  Clock Path Skew:        -0.049ns (DCD - SCD + CPR)
    Destination Clock Delay (DCD):    0.924ns = ( 10.924 - 10.000 ) 
    Source Clock Delay      (SCD):    0.973ns
    Clock Pessimism Removal (CPR):    0.000ns
  Clock Uncertainty:      0.035ns  ((TSJ^2 + TIJ^2)^1/2 + DJ) / 2 + PE
    Total System Jitter     (TSJ):    0.071ns
    Total Input Jitter      (TIJ):    0.000ns
    Discrete Jitter          (DJ):    0.000ns
    Phase Error              (PE):    0.000ns

    Location             Delay type                Incr(ns)  Path(ns)    Netlist Resource(s)
  -------------------------------------------------------------------    -------------------
                         (clock ap_clk rise edge)     0.000     0.000 r  
                                                      0.000     0.000 r  ap_clk (IN)
                         net (fo=4917, unset)         0.973     0.973    ap_clk
    SLICE_X65Y14         FDRE                                         r  tmp_151_reg_4982_reg[15]_rep/C
  -------------------------------------------------------------------    -------------------
    SLICE_X65Y14         FDRE (Prop_fdre_C_Q)         0.456     1.429 r  tmp_151_reg_4982_reg[15]_rep/Q
                         net (fo=22, routed)          8.168     9.597    weightsFC1_U/lenetSynthMatlab_g8j_rom_U/ADDRARDADDR[15]
    RAMB36_X1Y32         RAMB36E1                                     r  weightsFC1_U/lenetSynthMatlab_g8j_rom_U/q0_reg_0_13/ADDRARDADDR[15]
  -------------------------------------------------------------------    -------------------

                         (clock ap_clk rise edge)    10.000    10.000 r  
                                                      0.000    10.000 r  ap_clk (IN)
                         net (fo=4917, unset)         0.924    10.924    weightsFC1_U/lenetSynthMatlab_g8j_rom_U/ap_clk
    RAMB36_X1Y32         RAMB36E1                                     r  weightsFC1_U/lenetSynthMatlab_g8j_rom_U/q0_reg_0_13/CLKARDCLK
                         clock pessimism              0.000    10.924    
                         clock uncertainty           -0.035    10.889    
    RAMB36_X1Y32         RAMB36E1 (Setup_ramb36e1_CLKARDCLK_ADDRARDADDR[15])
                                                     -0.515    10.374    weightsFC1_U/lenetSynthMatlab_g8j_rom_U/q0_reg_0_13
  -------------------------------------------------------------------
                         required time                         10.374    
                         arrival time                          -9.597    
  -------------------------------------------------------------------
                         slack                                  0.777    

Slack (MET) :             0.777ns  (required time - arrival time)
  Source:                 tmp_151_reg_4982_reg[8]_rep/C
                            (rising edge-triggered cell FDRE clocked by ap_clk  {rise@0.000ns fall@5.000ns period=10.000ns})
  Destination:            weightsFC1_U/lenetSynthMatlab_g8j_rom_U/q0_reg_1_13/ADDRARDADDR[8]
                            (rising edge-triggered cell RAMB36E1 clocked by ap_clk  {rise@0.000ns fall@5.000ns period=10.000ns})
  Path Group:             ap_clk
  Path Type:              Setup (Max at Slow Process Corner)
  Requirement:            10.000ns  (ap_clk rise@10.000ns - ap_clk rise@0.000ns)
  Data Path Delay:        8.573ns  (logic 0.456ns (5.319%)  route 8.117ns (94.681%))
  Logic Levels:           0  
  Clock Path Skew:        -0.049ns (DCD - SCD + CPR)
    Destination Clock Delay (DCD):    0.924ns = ( 10.924 - 10.000 ) 
    Source Clock Delay      (SCD):    0.973ns
    Clock Pessimism Removal (CPR):    0.000ns
  Clock Uncertainty:      0.035ns  ((TSJ^2 + TIJ^2)^1/2 + DJ) / 2 + PE
    Total System Jitter     (TSJ):    0.071ns
    Total Input Jitter      (TIJ):    0.000ns
    Discrete Jitter          (DJ):    0.000ns
    Phase Error              (PE):    0.000ns

    Location             Delay type                Incr(ns)  Path(ns)    Netlist Resource(s)
  -------------------------------------------------------------------    -------------------
                         (clock ap_clk rise edge)     0.000     0.000 r  
                                                      0.000     0.000 r  ap_clk (IN)
                         net (fo=4917, unset)         0.973     0.973    ap_clk
    SLICE_X68Y13         FDRE                                         r  tmp_151_reg_4982_reg[8]_rep/C
  -------------------------------------------------------------------    -------------------
    SLICE_X68Y13         FDRE (Prop_fdre_C_Q)         0.456     1.429 r  tmp_151_reg_4982_reg[8]_rep/Q
                         net (fo=22, routed)          8.117     9.546    weightsFC1_U/lenetSynthMatlab_g8j_rom_U/ADDRARDADDR[8]
    RAMB36_X1Y33         RAMB36E1                                     r  weightsFC1_U/lenetSynthMatlab_g8j_rom_U/q0_reg_1_13/ADDRARDADDR[8]
  -------------------------------------------------------------------    -------------------

                         (clock ap_clk rise edge)    10.000    10.000 r  
                                                      0.000    10.000 r  ap_clk (IN)
                         net (fo=4917, unset)         0.924    10.924    weightsFC1_U/lenetSynthMatlab_g8j_rom_U/ap_clk
    RAMB36_X1Y33         RAMB36E1                                     r  weightsFC1_U/lenetSynthMatlab_g8j_rom_U/q0_reg_1_13/CLKARDCLK
                         clock pessimism              0.000    10.924    
                         clock uncertainty           -0.035    10.889    
    RAMB36_X1Y33         RAMB36E1 (Setup_ramb36e1_CLKARDCLK_ADDRARDADDR[8])
                                                     -0.566    10.323    weightsFC1_U/lenetSynthMatlab_g8j_rom_U/q0_reg_1_13
  -------------------------------------------------------------------
                         required time                         10.323    
                         arrival time                          -9.546    
  -------------------------------------------------------------------
                         slack                                  0.777    

Slack (MET) :             0.780ns  (required time - arrival time)
  Source:                 tmp_151_reg_4982_reg[12]/C
                            (rising edge-triggered cell FDRE clocked by ap_clk  {rise@0.000ns fall@5.000ns period=10.000ns})
  Destination:            weightsFC1_U/lenetSynthMatlab_g8j_rom_U/q0_reg_1_2/ADDRARDADDR[12]
                            (rising edge-triggered cell RAMB36E1 clocked by ap_clk  {rise@0.000ns fall@5.000ns period=10.000ns})
  Path Group:             ap_clk
  Path Type:              Setup (Max at Slow Process Corner)
  Requirement:            10.000ns  (ap_clk rise@10.000ns - ap_clk rise@0.000ns)
  Data Path Delay:        8.570ns  (logic 0.456ns (5.321%)  route 8.114ns (94.679%))
  Logic Levels:           0  
  Clock Path Skew:        -0.049ns (DCD - SCD + CPR)
    Destination Clock Delay (DCD):    0.924ns = ( 10.924 - 10.000 ) 
    Source Clock Delay      (SCD):    0.973ns
    Clock Pessimism Removal (CPR):    0.000ns
  Clock Uncertainty:      0.035ns  ((TSJ^2 + TIJ^2)^1/2 + DJ) / 2 + PE
    Total System Jitter     (TSJ):    0.071ns
    Total Input Jitter      (TIJ):    0.000ns
    Discrete Jitter          (DJ):    0.000ns
    Phase Error              (PE):    0.000ns

    Location             Delay type                Incr(ns)  Path(ns)    Netlist Resource(s)
  -------------------------------------------------------------------    -------------------
                         (clock ap_clk rise edge)     0.000     0.000 r  
                                                      0.000     0.000 r  ap_clk (IN)
                         net (fo=4917, unset)         0.973     0.973    ap_clk
    SLICE_X64Y11         FDRE                                         r  tmp_151_reg_4982_reg[12]/C
  -------------------------------------------------------------------    -------------------
    SLICE_X64Y11         FDRE (Prop_fdre_C_Q)         0.456     1.429 r  tmp_151_reg_4982_reg[12]/Q
                         net (fo=22, routed)          8.114     9.543    weightsFC1_U/lenetSynthMatlab_g8j_rom_U/Q[12]
    RAMB36_X2Y36         RAMB36E1                                     r  weightsFC1_U/lenetSynthMatlab_g8j_rom_U/q0_reg_1_2/ADDRARDADDR[12]
  -------------------------------------------------------------------    -------------------

                         (clock ap_clk rise edge)    10.000    10.000 r  
                                                      0.000    10.000 r  ap_clk (IN)
                         net (fo=4917, unset)         0.924    10.924    weightsFC1_U/lenetSynthMatlab_g8j_rom_U/ap_clk
    RAMB36_X2Y36         RAMB36E1                                     r  weightsFC1_U/lenetSynthMatlab_g8j_rom_U/q0_reg_1_2/CLKARDCLK
                         clock pessimism              0.000    10.924    
                         clock uncertainty           -0.035    10.889    
    RAMB36_X2Y36         RAMB36E1 (Setup_ramb36e1_CLKARDCLK_ADDRARDADDR[12])
                                                     -0.566    10.323    weightsFC1_U/lenetSynthMatlab_g8j_rom_U/q0_reg_1_2
  -------------------------------------------------------------------
                         required time                         10.323    
                         arrival time                          -9.543    
  -------------------------------------------------------------------
                         slack                                  0.780    

Slack (MET) :             0.804ns  (required time - arrival time)
  Source:                 ap_CS_fsm_reg[143]/C
                            (rising edge-triggered cell FDRE clocked by ap_clk  {rise@0.000ns fall@5.000ns period=10.000ns})
  Destination:            weightsFC2_U/lenetSynthMatlab_ibs_rom_U/q0_reg_12/ENARDEN
                            (rising edge-triggered cell RAMB36E1 clocked by ap_clk  {rise@0.000ns fall@5.000ns period=10.000ns})
  Path Group:             ap_clk
  Path Type:              Setup (Max at Slow Process Corner)
  Requirement:            10.000ns  (ap_clk rise@10.000ns - ap_clk rise@0.000ns)
  Data Path Delay:        8.669ns  (logic 0.518ns (5.976%)  route 8.151ns (94.024%))
  Logic Levels:           0  
  Clock Path Skew:        -0.049ns (DCD - SCD + CPR)
    Destination Clock Delay (DCD):    0.924ns = ( 10.924 - 10.000 ) 
    Source Clock Delay      (SCD):    0.973ns
    Clock Pessimism Removal (CPR):    0.000ns
  Clock Uncertainty:      0.035ns  ((TSJ^2 + TIJ^2)^1/2 + DJ) / 2 + PE
    Total System Jitter     (TSJ):    0.071ns
    Total Input Jitter      (TIJ):    0.000ns
    Discrete Jitter          (DJ):    0.000ns
    Phase Error              (PE):    0.000ns

    Location             Delay type                Incr(ns)  Path(ns)    Netlist Resource(s)
  -------------------------------------------------------------------    -------------------
                         (clock ap_clk rise edge)     0.000     0.000 r  
                                                      0.000     0.000 r  ap_clk (IN)
                         net (fo=4917, unset)         0.973     0.973    ap_clk
    SLICE_X58Y41         FDRE                                         r  ap_CS_fsm_reg[143]/C
  -------------------------------------------------------------------    -------------------
    SLICE_X58Y41         FDRE (Prop_fdre_C_Q)         0.518     1.491 r  ap_CS_fsm_reg[143]/Q
                         net (fo=37, routed)          8.151     9.642    weightsFC2_U/lenetSynthMatlab_ibs_rom_U/ap_CS_fsm_reg[144][0]
    RAMB36_X1Y34         RAMB36E1                                     r  weightsFC2_U/lenetSynthMatlab_ibs_rom_U/q0_reg_12/ENARDEN
  -------------------------------------------------------------------    -------------------

                         (clock ap_clk rise edge)    10.000    10.000 r  
                                                      0.000    10.000 r  ap_clk (IN)
                         net (fo=4917, unset)         0.924    10.924    weightsFC2_U/lenetSynthMatlab_ibs_rom_U/ap_clk
    RAMB36_X1Y34         RAMB36E1                                     r  weightsFC2_U/lenetSynthMatlab_ibs_rom_U/q0_reg_12/CLKARDCLK
                         clock pessimism              0.000    10.924    
                         clock uncertainty           -0.035    10.889    
    RAMB36_X1Y34         RAMB36E1 (Setup_ramb36e1_CLKARDCLK_ENARDEN)
                                                     -0.443    10.446    weightsFC2_U/lenetSynthMatlab_ibs_rom_U/q0_reg_12
  -------------------------------------------------------------------
                         required time                         10.446    
                         arrival time                          -9.642    
  -------------------------------------------------------------------
                         slack                                  0.804    





Min Delay Paths
--------------------------------------------------------------------------------------
Slack (MET) :             0.102ns  (arrival time - required time)
  Source:                 lenetSynthMatlab_Ee0_U19/lenetSynthMatlab_ap_uitofp_4_no_dsp_32_u/U0/i_synth/FIX_TO_FLT_OP.SPD.OP/LZE/ENCODE[1].DIST_DEL/i_pipe/opt_has_pipe.first_q_reg[1]/C
                            (rising edge-triggered cell FDRE clocked by ap_clk  {rise@0.000ns fall@5.000ns period=10.000ns})
  Destination:            lenetSynthMatlab_Ee0_U19/lenetSynthMatlab_ap_uitofp_4_no_dsp_32_u/U0/i_synth/FIX_TO_FLT_OP.SPD.OP/LZE/ENCODE[1].DIST_DEL/i_pipe/opt_has_pipe.i_pipe[2].pipe_reg[2][1]/D
                            (rising edge-triggered cell FDRE clocked by ap_clk  {rise@0.000ns fall@5.000ns period=10.000ns})
  Path Group:             ap_clk
  Path Type:              Hold (Min at Fast Process Corner)
  Requirement:            0.000ns  (ap_clk rise@0.000ns - ap_clk rise@0.000ns)
  Data Path Delay:        0.200ns  (logic 0.141ns (70.589%)  route 0.059ns (29.411%))
  Logic Levels:           0  
  Clock Path Skew:        0.022ns (DCD - SCD - CPR)
    Destination Clock Delay (DCD):    0.432ns
    Source Clock Delay      (SCD):    0.410ns
    Clock Pessimism Removal (CPR):    -0.000ns

    Location             Delay type                Incr(ns)  Path(ns)    Netlist Resource(s)
  -------------------------------------------------------------------    -------------------
                         (clock ap_clk rise edge)     0.000     0.000 r  
                                                      0.000     0.000 r  ap_clk (IN)
                         net (fo=4917, unset)         0.410     0.410    lenetSynthMatlab_Ee0_U19/lenetSynthMatlab_ap_uitofp_4_no_dsp_32_u/U0/i_synth/FIX_TO_FLT_OP.SPD.OP/LZE/ENCODE[1].DIST_DEL/i_pipe/aclk
    SLICE_X68Y31         FDRE                                         r  lenetSynthMatlab_Ee0_U19/lenetSynthMatlab_ap_uitofp_4_no_dsp_32_u/U0/i_synth/FIX_TO_FLT_OP.SPD.OP/LZE/ENCODE[1].DIST_DEL/i_pipe/opt_has_pipe.first_q_reg[1]/C
  -------------------------------------------------------------------    -------------------
    SLICE_X68Y31         FDRE (Prop_fdre_C_Q)         0.141     0.551 r  lenetSynthMatlab_Ee0_U19/lenetSynthMatlab_ap_uitofp_4_no_dsp_32_u/U0/i_synth/FIX_TO_FLT_OP.SPD.OP/LZE/ENCODE[1].DIST_DEL/i_pipe/opt_has_pipe.first_q_reg[1]/Q
                         net (fo=1, routed)           0.059     0.610    lenetSynthMatlab_Ee0_U19/lenetSynthMatlab_ap_uitofp_4_no_dsp_32_u/U0/i_synth/FIX_TO_FLT_OP.SPD.OP/LZE/ENCODE[1].DIST_DEL/i_pipe/opt_has_pipe.first_q_reg_n_0_[1]
    SLICE_X68Y31         FDRE                                         r  lenetSynthMatlab_Ee0_U19/lenetSynthMatlab_ap_uitofp_4_no_dsp_32_u/U0/i_synth/FIX_TO_FLT_OP.SPD.OP/LZE/ENCODE[1].DIST_DEL/i_pipe/opt_has_pipe.i_pipe[2].pipe_reg[2][1]/D
  -------------------------------------------------------------------    -------------------

                         (clock ap_clk rise edge)     0.000     0.000 r  
                                                      0.000     0.000 r  ap_clk (IN)
                         net (fo=4917, unset)         0.432     0.432    lenetSynthMatlab_Ee0_U19/lenetSynthMatlab_ap_uitofp_4_no_dsp_32_u/U0/i_synth/FIX_TO_FLT_OP.SPD.OP/LZE/ENCODE[1].DIST_DEL/i_pipe/aclk
    SLICE_X68Y31         FDRE                                         r  lenetSynthMatlab_Ee0_U19/lenetSynthMatlab_ap_uitofp_4_no_dsp_32_u/U0/i_synth/FIX_TO_FLT_OP.SPD.OP/LZE/ENCODE[1].DIST_DEL/i_pipe/opt_has_pipe.i_pipe[2].pipe_reg[2][1]/C
                         clock pessimism              0.000     0.432    
    SLICE_X68Y31         FDRE (Hold_fdre_C_D)         0.076     0.508    lenetSynthMatlab_Ee0_U19/lenetSynthMatlab_ap_uitofp_4_no_dsp_32_u/U0/i_synth/FIX_TO_FLT_OP.SPD.OP/LZE/ENCODE[1].DIST_DEL/i_pipe/opt_has_pipe.i_pipe[2].pipe_reg[2][1]
  -------------------------------------------------------------------
                         required time                         -0.508    
                         arrival time                           0.610    
  -------------------------------------------------------------------
                         slack                                  0.102    

Slack (MET) :             0.110ns  (arrival time - required time)
  Source:                 lenetSynthMatlab_Ee0_U19/lenetSynthMatlab_ap_uitofp_4_no_dsp_32_u/U0/i_synth/FIX_TO_FLT_OP.SPD.OP/EXP/ZERO_DELAY/i_pipe/opt_has_pipe.first_q_reg[0]/C
                            (rising edge-triggered cell FDRE clocked by ap_clk  {rise@0.000ns fall@5.000ns period=10.000ns})
  Destination:            lenetSynthMatlab_Ee0_U19/lenetSynthMatlab_ap_uitofp_4_no_dsp_32_u/U0/i_synth/FIX_TO_FLT_OP.SPD.OP/EXP/ZERO_DELAY/i_pipe/opt_has_pipe.i_pipe[2].pipe_reg[2][0]/D
                            (rising edge-triggered cell FDRE clocked by ap_clk  {rise@0.000ns fall@5.000ns period=10.000ns})
  Path Group:             ap_clk
  Path Type:              Hold (Min at Fast Process Corner)
  Requirement:            0.000ns  (ap_clk rise@0.000ns - ap_clk rise@0.000ns)
  Data Path Delay:        0.206ns  (logic 0.141ns (68.336%)  route 0.065ns (31.664%))
  Logic Levels:           0  
  Clock Path Skew:        0.022ns (DCD - SCD - CPR)
    Destination Clock Delay (DCD):    0.432ns
    Source Clock Delay      (SCD):    0.410ns
    Clock Pessimism Removal (CPR):    -0.000ns

    Location             Delay type                Incr(ns)  Path(ns)    Netlist Resource(s)
  -------------------------------------------------------------------    -------------------
                         (clock ap_clk rise edge)     0.000     0.000 r  
                                                      0.000     0.000 r  ap_clk (IN)
                         net (fo=4917, unset)         0.410     0.410    lenetSynthMatlab_Ee0_U19/lenetSynthMatlab_ap_uitofp_4_no_dsp_32_u/U0/i_synth/FIX_TO_FLT_OP.SPD.OP/EXP/ZERO_DELAY/i_pipe/aclk
    SLICE_X68Y23         FDRE                                         r  lenetSynthMatlab_Ee0_U19/lenetSynthMatlab_ap_uitofp_4_no_dsp_32_u/U0/i_synth/FIX_TO_FLT_OP.SPD.OP/EXP/ZERO_DELAY/i_pipe/opt_has_pipe.first_q_reg[0]/C
  -------------------------------------------------------------------    -------------------
    SLICE_X68Y23         FDRE (Prop_fdre_C_Q)         0.141     0.551 r  lenetSynthMatlab_Ee0_U19/lenetSynthMatlab_ap_uitofp_4_no_dsp_32_u/U0/i_synth/FIX_TO_FLT_OP.SPD.OP/EXP/ZERO_DELAY/i_pipe/opt_has_pipe.first_q_reg[0]/Q
                         net (fo=1, routed)           0.065     0.616    lenetSynthMatlab_Ee0_U19/lenetSynthMatlab_ap_uitofp_4_no_dsp_32_u/U0/i_synth/FIX_TO_FLT_OP.SPD.OP/EXP/ZERO_DELAY/i_pipe/opt_has_pipe.first_q_reg_n_0_[0]
    SLICE_X68Y23         FDRE                                         r  lenetSynthMatlab_Ee0_U19/lenetSynthMatlab_ap_uitofp_4_no_dsp_32_u/U0/i_synth/FIX_TO_FLT_OP.SPD.OP/EXP/ZERO_DELAY/i_pipe/opt_has_pipe.i_pipe[2].pipe_reg[2][0]/D
  -------------------------------------------------------------------    -------------------

                         (clock ap_clk rise edge)     0.000     0.000 r  
                                                      0.000     0.000 r  ap_clk (IN)
                         net (fo=4917, unset)         0.432     0.432    lenetSynthMatlab_Ee0_U19/lenetSynthMatlab_ap_uitofp_4_no_dsp_32_u/U0/i_synth/FIX_TO_FLT_OP.SPD.OP/EXP/ZERO_DELAY/i_pipe/aclk
    SLICE_X68Y23         FDRE                                         r  lenetSynthMatlab_Ee0_U19/lenetSynthMatlab_ap_uitofp_4_no_dsp_32_u/U0/i_synth/FIX_TO_FLT_OP.SPD.OP/EXP/ZERO_DELAY/i_pipe/opt_has_pipe.i_pipe[2].pipe_reg[2][0]/C
                         clock pessimism              0.000     0.432    
    SLICE_X68Y23         FDRE (Hold_fdre_C_D)         0.075     0.507    lenetSynthMatlab_Ee0_U19/lenetSynthMatlab_ap_uitofp_4_no_dsp_32_u/U0/i_synth/FIX_TO_FLT_OP.SPD.OP/EXP/ZERO_DELAY/i_pipe/opt_has_pipe.i_pipe[2].pipe_reg[2][0]
  -------------------------------------------------------------------
                         required time                         -0.507    
                         arrival time                           0.616    
  -------------------------------------------------------------------
                         slack                                  0.110    

Slack (MET) :             0.112ns  (arrival time - required time)
  Source:                 ap_CS_fsm_reg[52]/C
                            (rising edge-triggered cell FDRE clocked by ap_clk  {rise@0.000ns fall@5.000ns period=10.000ns})
  Destination:            ap_CS_fsm_reg[53]/D
                            (rising edge-triggered cell FDRE clocked by ap_clk  {rise@0.000ns fall@5.000ns period=10.000ns})
  Path Group:             ap_clk
  Path Type:              Hold (Min at Fast Process Corner)
  Requirement:            0.000ns  (ap_clk rise@0.000ns - ap_clk rise@0.000ns)
  Data Path Delay:        0.209ns  (logic 0.141ns (67.454%)  route 0.068ns (32.546%))
  Logic Levels:           0  
  Clock Path Skew:        0.022ns (DCD - SCD - CPR)
    Destination Clock Delay (DCD):    0.432ns
    Source Clock Delay      (SCD):    0.410ns
    Clock Pessimism Removal (CPR):    -0.000ns

    Location             Delay type                Incr(ns)  Path(ns)    Netlist Resource(s)
  -------------------------------------------------------------------    -------------------
                         (clock ap_clk rise edge)     0.000     0.000 r  
                                                      0.000     0.000 r  ap_clk (IN)
                         net (fo=4917, unset)         0.410     0.410    ap_clk
    SLICE_X47Y53         FDRE                                         r  ap_CS_fsm_reg[52]/C
  -------------------------------------------------------------------    -------------------
    SLICE_X47Y53         FDRE (Prop_fdre_C_Q)         0.141     0.551 r  ap_CS_fsm_reg[52]/Q
                         net (fo=2, routed)           0.068     0.619    ap_CS_fsm_reg_n_0_[52]
    SLICE_X47Y53         FDRE                                         r  ap_CS_fsm_reg[53]/D
  -------------------------------------------------------------------    -------------------

                         (clock ap_clk rise edge)     0.000     0.000 r  
                                                      0.000     0.000 r  ap_clk (IN)
                         net (fo=4917, unset)         0.432     0.432    ap_clk
    SLICE_X47Y53         FDRE                                         r  ap_CS_fsm_reg[53]/C
                         clock pessimism              0.000     0.432    
    SLICE_X47Y53         FDRE (Hold_fdre_C_D)         0.075     0.507    ap_CS_fsm_reg[53]
  -------------------------------------------------------------------
                         required time                         -0.507    
                         arrival time                           0.619    
  -------------------------------------------------------------------
                         slack                                  0.112    

Slack (MET) :             0.122ns  (arrival time - required time)
  Source:                 grp_g_sum_fu_1416/x_load_2_reg_239_reg[10]/C
                            (rising edge-triggered cell FDRE clocked by ap_clk  {rise@0.000ns fall@5.000ns period=10.000ns})
  Destination:            grp_g_sum_fu_1416/lenetSynthMatlab_bkb_U14/din1_buf1_reg[10]/D
                            (rising edge-triggered cell FDRE clocked by ap_clk  {rise@0.000ns fall@5.000ns period=10.000ns})
  Path Group:             ap_clk
  Path Type:              Hold (Min at Fast Process Corner)
  Requirement:            0.000ns  (ap_clk rise@0.000ns - ap_clk rise@0.000ns)
  Data Path Delay:        0.228ns  (logic 0.141ns (61.814%)  route 0.087ns (38.186%))
  Logic Levels:           0  
  Clock Path Skew:        0.022ns (DCD - SCD - CPR)
    Destination Clock Delay (DCD):    0.432ns
    Source Clock Delay      (SCD):    0.410ns
    Clock Pessimism Removal (CPR):    -0.000ns

    Location             Delay type                Incr(ns)  Path(ns)    Netlist Resource(s)
  -------------------------------------------------------------------    -------------------
                         (clock ap_clk rise edge)     0.000     0.000 r  
                                                      0.000     0.000 r  ap_clk (IN)
                         net (fo=4917, unset)         0.410     0.410    grp_g_sum_fu_1416/ap_clk
    SLICE_X13Y32         FDRE                                         r  grp_g_sum_fu_1416/x_load_2_reg_239_reg[10]/C
  -------------------------------------------------------------------    -------------------
    SLICE_X13Y32         FDRE (Prop_fdre_C_Q)         0.141     0.551 r  grp_g_sum_fu_1416/x_load_2_reg_239_reg[10]/Q
                         net (fo=1, routed)           0.087     0.638    grp_g_sum_fu_1416/lenetSynthMatlab_bkb_U14/x_load_2_reg_239_reg[31][10]
    SLICE_X12Y32         FDRE                                         r  grp_g_sum_fu_1416/lenetSynthMatlab_bkb_U14/din1_buf1_reg[10]/D
  -------------------------------------------------------------------    -------------------

                         (clock ap_clk rise edge)     0.000     0.000 r  
                                                      0.000     0.000 r  ap_clk (IN)
                         net (fo=4917, unset)         0.432     0.432    grp_g_sum_fu_1416/lenetSynthMatlab_bkb_U14/ap_clk
    SLICE_X12Y32         FDRE                                         r  grp_g_sum_fu_1416/lenetSynthMatlab_bkb_U14/din1_buf1_reg[10]/C
                         clock pessimism              0.000     0.432    
    SLICE_X12Y32         FDRE (Hold_fdre_C_D)         0.085     0.517    grp_g_sum_fu_1416/lenetSynthMatlab_bkb_U14/din1_buf1_reg[10]
  -------------------------------------------------------------------
                         required time                         -0.517    
                         arrival time                           0.638    
  -------------------------------------------------------------------
                         slack                                  0.122    

Slack (MET) :             0.127ns  (arrival time - required time)
  Source:                 lenetSynthMatlab_Ee0_U19/lenetSynthMatlab_ap_uitofp_4_no_dsp_32_u/U0/i_synth/FIX_TO_FLT_OP.SPD.OP/NEED_Z_DET.Z_DET/ENCODE[1].Z_DET_DEL/i_pipe/opt_has_pipe.first_q_reg[3]/C
                            (rising edge-triggered cell FDRE clocked by ap_clk  {rise@0.000ns fall@5.000ns period=10.000ns})
  Destination:            lenetSynthMatlab_Ee0_U19/lenetSynthMatlab_ap_uitofp_4_no_dsp_32_u/U0/i_synth/FIX_TO_FLT_OP.SPD.OP/NEED_Z_DET.Z_DET/ENCODE[2].Z_DET_DEL/i_pipe/opt_has_pipe.first_q_reg[0]/D
                            (rising edge-triggered cell FDRE clocked by ap_clk  {rise@0.000ns fall@5.000ns period=10.000ns})
  Path Group:             ap_clk
  Path Type:              Hold (Min at Fast Process Corner)
  Requirement:            0.000ns  (ap_clk rise@0.000ns - ap_clk rise@0.000ns)
  Data Path Delay:        0.240ns  (logic 0.186ns (77.515%)  route 0.054ns (22.485%))
  Logic Levels:           1  (LUT6=1)
  Clock Path Skew:        0.022ns (DCD - SCD - CPR)
    Destination Clock Delay (DCD):    0.432ns
    Source Clock Delay      (SCD):    0.410ns
    Clock Pessimism Removal (CPR):    -0.000ns

    Location             Delay type                Incr(ns)  Path(ns)    Netlist Resource(s)
  -------------------------------------------------------------------    -------------------
                         (clock ap_clk rise edge)     0.000     0.000 r  
                                                      0.000     0.000 r  ap_clk (IN)
                         net (fo=4917, unset)         0.410     0.410    lenetSynthMatlab_Ee0_U19/lenetSynthMatlab_ap_uitofp_4_no_dsp_32_u/U0/i_synth/FIX_TO_FLT_OP.SPD.OP/NEED_Z_DET.Z_DET/ENCODE[1].Z_DET_DEL/i_pipe/aclk
    SLICE_X64Y22         FDRE                                         r  lenetSynthMatlab_Ee0_U19/lenetSynthMatlab_ap_uitofp_4_no_dsp_32_u/U0/i_synth/FIX_TO_FLT_OP.SPD.OP/NEED_Z_DET.Z_DET/ENCODE[1].Z_DET_DEL/i_pipe/opt_has_pipe.first_q_reg[3]/C
  -------------------------------------------------------------------    -------------------
    SLICE_X64Y22         FDRE (Prop_fdre_C_Q)         0.141     0.551 r  lenetSynthMatlab_Ee0_U19/lenetSynthMatlab_ap_uitofp_4_no_dsp_32_u/U0/i_synth/FIX_TO_FLT_OP.SPD.OP/NEED_Z_DET.Z_DET/ENCODE[1].Z_DET_DEL/i_pipe/opt_has_pipe.first_q_reg[3]/Q
                         net (fo=1, routed)           0.054     0.605    lenetSynthMatlab_Ee0_U19/lenetSynthMatlab_ap_uitofp_4_no_dsp_32_u/U0/i_synth/FIX_TO_FLT_OP.SPD.OP/NEED_Z_DET.Z_DET/ENCODE[1].Z_DET_DEL/i_pipe/first_q[3]
    SLICE_X65Y22         LUT6 (Prop_lut6_I5_O)        0.045     0.650 r  lenetSynthMatlab_Ee0_U19/lenetSynthMatlab_ap_uitofp_4_no_dsp_32_u/U0/i_synth/FIX_TO_FLT_OP.SPD.OP/NEED_Z_DET.Z_DET/ENCODE[1].Z_DET_DEL/i_pipe/opt_has_pipe.first_q[0]_i_1__1/O
                         net (fo=1, routed)           0.000     0.650    lenetSynthMatlab_Ee0_U19/lenetSynthMatlab_ap_uitofp_4_no_dsp_32_u/U0/i_synth/FIX_TO_FLT_OP.SPD.OP/NEED_Z_DET.Z_DET/ENCODE[2].Z_DET_DEL/i_pipe/z_det_up[2]_2[0]
    SLICE_X65Y22         FDRE                                         r  lenetSynthMatlab_Ee0_U19/lenetSynthMatlab_ap_uitofp_4_no_dsp_32_u/U0/i_synth/FIX_TO_FLT_OP.SPD.OP/NEED_Z_DET.Z_DET/ENCODE[2].Z_DET_DEL/i_pipe/opt_has_pipe.first_q_reg[0]/D
  -------------------------------------------------------------------    -------------------

                         (clock ap_clk rise edge)     0.000     0.000 r  
                                                      0.000     0.000 r  ap_clk (IN)
                         net (fo=4917, unset)         0.432     0.432    lenetSynthMatlab_Ee0_U19/lenetSynthMatlab_ap_uitofp_4_no_dsp_32_u/U0/i_synth/FIX_TO_FLT_OP.SPD.OP/NEED_Z_DET.Z_DET/ENCODE[2].Z_DET_DEL/i_pipe/aclk
    SLICE_X65Y22         FDRE                                         r  lenetSynthMatlab_Ee0_U19/lenetSynthMatlab_ap_uitofp_4_no_dsp_32_u/U0/i_synth/FIX_TO_FLT_OP.SPD.OP/NEED_Z_DET.Z_DET/ENCODE[2].Z_DET_DEL/i_pipe/opt_has_pipe.first_q_reg[0]/C
                         clock pessimism              0.000     0.432    
    SLICE_X65Y22         FDRE (Hold_fdre_C_D)         0.091     0.523    lenetSynthMatlab_Ee0_U19/lenetSynthMatlab_ap_uitofp_4_no_dsp_32_u/U0/i_synth/FIX_TO_FLT_OP.SPD.OP/NEED_Z_DET.Z_DET/ENCODE[2].Z_DET_DEL/i_pipe/opt_has_pipe.first_q_reg[0]
  -------------------------------------------------------------------
                         required time                         -0.523    
                         arrival time                           0.650    
  -------------------------------------------------------------------
                         slack                                  0.127    

Slack (MET) :             0.127ns  (arrival time - required time)
  Source:                 tmp_95_reg_1329_reg[16]/C
                            (rising edge-triggered cell FDRE clocked by ap_clk  {rise@0.000ns fall@5.000ns period=10.000ns})
  Destination:            lenetSynthMatlab_bkb_U17/din0_buf1_reg[16]/D
                            (rising edge-triggered cell FDRE clocked by ap_clk  {rise@0.000ns fall@5.000ns period=10.000ns})
  Path Group:             ap_clk
  Path Type:              Hold (Min at Fast Process Corner)
  Requirement:            0.000ns  (ap_clk rise@0.000ns - ap_clk rise@0.000ns)
  Data Path Delay:        0.240ns  (logic 0.186ns (77.515%)  route 0.054ns (22.485%))
  Logic Levels:           1  (LUT6=1)
  Clock Path Skew:        0.022ns (DCD - SCD - CPR)
    Destination Clock Delay (DCD):    0.432ns
    Source Clock Delay      (SCD):    0.410ns
    Clock Pessimism Removal (CPR):    -0.000ns

    Location             Delay type                Incr(ns)  Path(ns)    Netlist Resource(s)
  -------------------------------------------------------------------    -------------------
                         (clock ap_clk rise edge)     0.000     0.000 r  
                                                      0.000     0.000 r  ap_clk (IN)
                         net (fo=4917, unset)         0.410     0.410    ap_clk
    SLICE_X16Y44         FDRE                                         r  tmp_95_reg_1329_reg[16]/C
  -------------------------------------------------------------------    -------------------
    SLICE_X16Y44         FDRE (Prop_fdre_C_Q)         0.141     0.551 r  tmp_95_reg_1329_reg[16]/Q
                         net (fo=1, routed)           0.054     0.605    lenetSynthMatlab_bkb_U17/tmp_95_reg_1329[16]
    SLICE_X17Y44         LUT6 (Prop_lut6_I4_O)        0.045     0.650 r  lenetSynthMatlab_bkb_U17/din0_buf1[16]_i_1/O
                         net (fo=1, routed)           0.000     0.650    lenetSynthMatlab_bkb_U17/din0_buf1[16]_i_1_n_0
    SLICE_X17Y44         FDRE                                         r  lenetSynthMatlab_bkb_U17/din0_buf1_reg[16]/D
  -------------------------------------------------------------------    -------------------

                         (clock ap_clk rise edge)     0.000     0.000 r  
                                                      0.000     0.000 r  ap_clk (IN)
                         net (fo=4917, unset)         0.432     0.432    lenetSynthMatlab_bkb_U17/ap_clk
    SLICE_X17Y44         FDRE                                         r  lenetSynthMatlab_bkb_U17/din0_buf1_reg[16]/C
                         clock pessimism              0.000     0.432    
    SLICE_X17Y44         FDRE (Hold_fdre_C_D)         0.091     0.523    lenetSynthMatlab_bkb_U17/din0_buf1_reg[16]
  -------------------------------------------------------------------
                         required time                         -0.523    
                         arrival time                           0.650    
  -------------------------------------------------------------------
                         slack                                  0.127    

Slack (MET) :             0.130ns  (arrival time - required time)
  Source:                 phi_mul8_reg_1363_reg[3]/C
                            (rising edge-triggered cell FDRE clocked by ap_clk  {rise@0.000ns fall@5.000ns period=10.000ns})
  Destination:            next_mul9_reg_5137_reg[7]/D
                            (rising edge-triggered cell FDRE clocked by ap_clk  {rise@0.000ns fall@5.000ns period=10.000ns})
  Path Group:             ap_clk
  Path Type:              Hold (Min at Fast Process Corner)
  Requirement:            0.000ns  (ap_clk rise@0.000ns - ap_clk rise@0.000ns)
  Data Path Delay:        0.272ns  (logic 0.186ns (68.270%)  route 0.086ns (31.730%))
  Logic Levels:           1  (LUT6=1)
  Clock Path Skew:        0.022ns (DCD - SCD - CPR)
    Destination Clock Delay (DCD):    0.432ns
    Source Clock Delay      (SCD):    0.410ns
    Clock Pessimism Removal (CPR):    -0.000ns

    Location             Delay type                Incr(ns)  Path(ns)    Netlist Resource(s)
  -------------------------------------------------------------------    -------------------
                         (clock ap_clk rise edge)     0.000     0.000 r  
                                                      0.000     0.000 r  ap_clk (IN)
                         net (fo=4917, unset)         0.410     0.410    ap_clk
    SLICE_X55Y32         FDRE                                         r  phi_mul8_reg_1363_reg[3]/C
  -------------------------------------------------------------------    -------------------
    SLICE_X55Y32         FDRE (Prop_fdre_C_Q)         0.141     0.551 r  phi_mul8_reg_1363_reg[3]/Q
                         net (fo=8, routed)           0.086     0.638    phi_mul8_reg_1363[3]
    SLICE_X54Y32         LUT6 (Prop_lut6_I3_O)        0.045     0.683 r  next_mul9_reg_5137[7]_i_1/O
                         net (fo=1, routed)           0.000     0.683    next_mul9_fu_4083_p2[7]
    SLICE_X54Y32         FDRE                                         r  next_mul9_reg_5137_reg[7]/D
  -------------------------------------------------------------------    -------------------

                         (clock ap_clk rise edge)     0.000     0.000 r  
                                                      0.000     0.000 r  ap_clk (IN)
                         net (fo=4917, unset)         0.432     0.432    ap_clk
    SLICE_X54Y32         FDRE                                         r  next_mul9_reg_5137_reg[7]/C
                         clock pessimism              0.000     0.432    
    SLICE_X54Y32         FDRE (Hold_fdre_C_D)         0.121     0.553    next_mul9_reg_5137_reg[7]
  -------------------------------------------------------------------
                         required time                         -0.553    
                         arrival time                           0.683    
  -------------------------------------------------------------------
                         slack                                  0.130    

Slack (MET) :             0.130ns  (arrival time - required time)
  Source:                 grp_sum_fu_1422/y_load_reg_256_reg[6]/C
                            (rising edge-triggered cell FDRE clocked by ap_clk  {rise@0.000ns fall@5.000ns period=10.000ns})
  Destination:            grp_sum_fu_1422/lenetSynthMatlab_bkb_U1/din0_buf1_reg[6]/D
                            (rising edge-triggered cell FDRE clocked by ap_clk  {rise@0.000ns fall@5.000ns period=10.000ns})
  Path Group:             ap_clk
  Path Type:              Hold (Min at Fast Process Corner)
  Requirement:            0.000ns  (ap_clk rise@0.000ns - ap_clk rise@0.000ns)
  Data Path Delay:        0.198ns  (logic 0.141ns (71.038%)  route 0.057ns (28.962%))
  Logic Levels:           0  
  Clock Path Skew:        0.022ns (DCD - SCD - CPR)
    Destination Clock Delay (DCD):    0.432ns
    Source Clock Delay      (SCD):    0.410ns
    Clock Pessimism Removal (CPR):    -0.000ns

    Location             Delay type                Incr(ns)  Path(ns)    Netlist Resource(s)
  -------------------------------------------------------------------    -------------------
                         (clock ap_clk rise edge)     0.000     0.000 r  
                                                      0.000     0.000 r  ap_clk (IN)
                         net (fo=4917, unset)         0.410     0.410    grp_sum_fu_1422/ap_clk
    SLICE_X37Y34         FDRE                                         r  grp_sum_fu_1422/y_load_reg_256_reg[6]/C
  -------------------------------------------------------------------    -------------------
    SLICE_X37Y34         FDRE (Prop_fdre_C_Q)         0.141     0.551 r  grp_sum_fu_1422/y_load_reg_256_reg[6]/Q
                         net (fo=1, routed)           0.057     0.609    grp_sum_fu_1422/lenetSynthMatlab_bkb_U1/Q[6]
    SLICE_X36Y34         FDRE                                         r  grp_sum_fu_1422/lenetSynthMatlab_bkb_U1/din0_buf1_reg[6]/D
  -------------------------------------------------------------------    -------------------

                         (clock ap_clk rise edge)     0.000     0.000 r  
                                                      0.000     0.000 r  ap_clk (IN)
                         net (fo=4917, unset)         0.432     0.432    grp_sum_fu_1422/lenetSynthMatlab_bkb_U1/ap_clk
    SLICE_X36Y34         FDRE                                         r  grp_sum_fu_1422/lenetSynthMatlab_bkb_U1/din0_buf1_reg[6]/C
                         clock pessimism              0.000     0.432    
    SLICE_X36Y34         FDRE (Hold_fdre_C_D)         0.047     0.479    grp_sum_fu_1422/lenetSynthMatlab_bkb_U1/din0_buf1_reg[6]
  -------------------------------------------------------------------
                         required time                         -0.479    
                         arrival time                           0.609    
  -------------------------------------------------------------------
                         slack                                  0.130    

Slack (MET) :             0.132ns  (arrival time - required time)
  Source:                 f_6_reg_4404_reg[1]/C
                            (rising edge-triggered cell FDRE clocked by ap_clk  {rise@0.000ns fall@5.000ns period=10.000ns})
  Destination:            f_1_reg_969_reg[1]/D
                            (rising edge-triggered cell FDRE clocked by ap_clk  {rise@0.000ns fall@5.000ns period=10.000ns})
  Path Group:             ap_clk
  Path Type:              Hold (Min at Fast Process Corner)
  Requirement:            0.000ns  (ap_clk rise@0.000ns - ap_clk rise@0.000ns)
  Data Path Delay:        0.273ns  (logic 0.186ns (68.106%)  route 0.087ns (31.894%))
  Logic Levels:           1  (LUT4=1)
  Clock Path Skew:        0.022ns (DCD - SCD - CPR)
    Destination Clock Delay (DCD):    0.432ns
    Source Clock Delay      (SCD):    0.410ns
    Clock Pessimism Removal (CPR):    -0.000ns

    Location             Delay type                Incr(ns)  Path(ns)    Netlist Resource(s)
  -------------------------------------------------------------------    -------------------
                         (clock ap_clk rise edge)     0.000     0.000 r  
                                                      0.000     0.000 r  ap_clk (IN)
                         net (fo=4917, unset)         0.410     0.410    ap_clk
    SLICE_X47Y57         FDRE                                         r  f_6_reg_4404_reg[1]/C
  -------------------------------------------------------------------    -------------------
    SLICE_X47Y57         FDRE (Prop_fdre_C_Q)         0.141     0.551 r  f_6_reg_4404_reg[1]/Q
                         net (fo=1, routed)           0.087     0.638    f_6_reg_4404[1]
    SLICE_X46Y57         LUT4 (Prop_lut4_I2_O)        0.045     0.683 r  f_1_reg_969[1]_i_1/O
                         net (fo=1, routed)           0.000     0.683    f_1_reg_969[1]_i_1_n_0
    SLICE_X46Y57         FDRE                                         r  f_1_reg_969_reg[1]/D
  -------------------------------------------------------------------    -------------------

                         (clock ap_clk rise edge)     0.000     0.000 r  
                                                      0.000     0.000 r  ap_clk (IN)
                         net (fo=4917, unset)         0.432     0.432    ap_clk
    SLICE_X46Y57         FDRE                                         r  f_1_reg_969_reg[1]/C
                         clock pessimism              0.000     0.432    
    SLICE_X46Y57         FDRE (Hold_fdre_C_D)         0.120     0.552    f_1_reg_969_reg[1]
  -------------------------------------------------------------------
                         required time                         -0.552    
                         arrival time                           0.683    
  -------------------------------------------------------------------
                         slack                                  0.132    

Slack (MET) :             0.132ns  (arrival time - required time)
  Source:                 tmp_111_reg_1375_reg[31]/C
                            (rising edge-triggered cell FDRE clocked by ap_clk  {rise@0.000ns fall@5.000ns period=10.000ns})
  Destination:            lenetSynthMatlab_bkb_U17/din0_buf1_reg[31]/D
                            (rising edge-triggered cell FDRE clocked by ap_clk  {rise@0.000ns fall@5.000ns period=10.000ns})
  Path Group:             ap_clk
  Path Type:              Hold (Min at Fast Process Corner)
  Requirement:            0.000ns  (ap_clk rise@0.000ns - ap_clk rise@0.000ns)
  Data Path Delay:        0.273ns  (logic 0.186ns (68.106%)  route 0.087ns (31.894%))
  Logic Levels:           1  (LUT6=1)
  Clock Path Skew:        0.022ns (DCD - SCD - CPR)
    Destination Clock Delay (DCD):    0.432ns
    Source Clock Delay      (SCD):    0.410ns
    Clock Pessimism Removal (CPR):    -0.000ns

    Location             Delay type                Incr(ns)  Path(ns)    Netlist Resource(s)
  -------------------------------------------------------------------    -------------------
                         (clock ap_clk rise edge)     0.000     0.000 r  
                                                      0.000     0.000 r  ap_clk (IN)
                         net (fo=4917, unset)         0.410     0.410    ap_clk
    SLICE_X31Y45         FDRE                                         r  tmp_111_reg_1375_reg[31]/C
  -------------------------------------------------------------------    -------------------
    SLICE_X31Y45         FDRE (Prop_fdre_C_Q)         0.141     0.551 r  tmp_111_reg_1375_reg[31]/Q
                         net (fo=1, routed)           0.087     0.638    lenetSynthMatlab_bkb_U17/tmp_111_reg_1375[31]
    SLICE_X30Y45         LUT6 (Prop_lut6_I5_O)        0.045     0.683 r  lenetSynthMatlab_bkb_U17/din0_buf1[31]_i_1/O
                         net (fo=1, routed)           0.000     0.683    lenetSynthMatlab_bkb_U17/din0_buf1[31]_i_1_n_0
    SLICE_X30Y45         FDRE                                         r  lenetSynthMatlab_bkb_U17/din0_buf1_reg[31]/D
  -------------------------------------------------------------------    -------------------

                         (clock ap_clk rise edge)     0.000     0.000 r  
                                                      0.000     0.000 r  ap_clk (IN)
                         net (fo=4917, unset)         0.432     0.432    lenetSynthMatlab_bkb_U17/ap_clk
    SLICE_X30Y45         FDRE                                         r  lenetSynthMatlab_bkb_U17/din0_buf1_reg[31]/C
                         clock pessimism              0.000     0.432    
    SLICE_X30Y45         FDRE (Hold_fdre_C_D)         0.120     0.552    lenetSynthMatlab_bkb_U17/din0_buf1_reg[31]
  -------------------------------------------------------------------
                         required time                         -0.552    
                         arrival time                           0.683    
  -------------------------------------------------------------------
                         slack                                  0.132    





Pulse Width Checks
--------------------------------------------------------------------------------------
Clock Name:         ap_clk
Waveform(ns):       { 0.000 5.000 }
Period(ns):         10.000
Sources:            { ap_clk }

Check Type        Corner  Lib Pin             Reference Pin  Required(ns)  Actual(ns)  Slack(ns)  Location      Pin
Min Period        n/a     RAMB36E1/CLKARDCLK  n/a            2.892         10.000      7.108      RAMB36_X2Y26  weightsFC1_U/lenetSynthMatlab_g8j_rom_U/q0_reg_0_23/CLKARDCLK
Min Period        n/a     RAMB36E1/CLKARDCLK  n/a            2.892         10.000      7.108      RAMB36_X1Y9   weightsFC1_U/lenetSynthMatlab_g8j_rom_U/q0_reg_1_29/CLKARDCLK
Min Period        n/a     RAMB36E1/CLKARDCLK  n/a            2.892         10.000      7.108      RAMB36_X1Y35  weightsFC1_U/lenetSynthMatlab_g8j_rom_U/q0_reg_0_24/CLKARDCLK
Min Period        n/a     RAMB36E1/CLKARDCLK  n/a            2.892         10.000      7.108      RAMB36_X3Y25  weightsFC1_U/lenetSynthMatlab_g8j_rom_U/q0_reg_1_3/CLKARDCLK
Min Period        n/a     RAMB36E1/CLKARDCLK  n/a            2.892         10.000      7.108      RAMB36_X3Y22  weightsFC1_U/lenetSynthMatlab_g8j_rom_U/q0_reg_0_25/CLKARDCLK
Min Period        n/a     RAMB36E1/CLKARDCLK  n/a            2.892         10.000      7.108      RAMB36_X0Y22  weightsFC1_U/lenetSynthMatlab_g8j_rom_U/q0_reg_1_30/CLKARDCLK
Min Period        n/a     RAMB36E1/CLKARDCLK  n/a            2.892         10.000      7.108      RAMB36_X3Y26  weightsFC1_U/lenetSynthMatlab_g8j_rom_U/q0_reg_0_26/CLKARDCLK
Min Period        n/a     RAMB36E1/CLKARDCLK  n/a            2.892         10.000      7.108      RAMB36_X1Y31  weightsFC1_U/lenetSynthMatlab_g8j_rom_U/q0_reg_1_31/CLKARDCLK
Min Period        n/a     RAMB36E1/CLKARDCLK  n/a            2.892         10.000      7.108      RAMB36_X0Y8   weightsFC1_U/lenetSynthMatlab_g8j_rom_U/q0_reg_0_27/CLKARDCLK
Min Period        n/a     RAMB36E1/CLKARDCLK  n/a            2.892         10.000      7.108      RAMB36_X3Y19  weightsFC1_U/lenetSynthMatlab_g8j_rom_U/q0_reg_1_4/CLKARDCLK
Low Pulse Width   Fast    RAMS32/CLK          n/a            1.250         5.000       3.750      SLICE_X42Y31  fv10_U/lenetSynthMatlab_pcA_ram_U/ram_reg_0_15_0_0/SP/CLK
Low Pulse Width   Fast    RAMS32/CLK          n/a            1.250         5.000       3.750      SLICE_X46Y31  fv10_U/lenetSynthMatlab_pcA_ram_U/ram_reg_0_15_0_0__0/SP/CLK
Low Pulse Width   Fast    RAMS32/CLK          n/a            1.250         5.000       3.750      SLICE_X42Y31  fv10_U/lenetSynthMatlab_pcA_ram_U/ram_reg_0_15_0_0__1/SP/CLK
Low Pulse Width   Fast    RAMS32/CLK          n/a            1.250         5.000       3.750      SLICE_X46Y31  fv10_U/lenetSynthMatlab_pcA_ram_U/ram_reg_0_15_0_0__10/SP/CLK
Low Pulse Width   Fast    RAMS32/CLK          n/a            1.250         5.000       3.750      SLICE_X42Y31  fv10_U/lenetSynthMatlab_pcA_ram_U/ram_reg_0_15_0_0__11/SP/CLK
Low Pulse Width   Fast    RAMS32/CLK          n/a            1.250         5.000       3.750      SLICE_X46Y31  fv10_U/lenetSynthMatlab_pcA_ram_U/ram_reg_0_15_0_0__12/SP/CLK
Low Pulse Width   Fast    RAMS32/CLK          n/a            1.250         5.000       3.750      SLICE_X42Y31  fv10_U/lenetSynthMatlab_pcA_ram_U/ram_reg_0_15_0_0__13/SP/CLK
Low Pulse Width   Fast    RAMS32/CLK          n/a            1.250         5.000       3.750      SLICE_X46Y31  fv10_U/lenetSynthMatlab_pcA_ram_U/ram_reg_0_15_0_0__14/SP/CLK
Low Pulse Width   Fast    RAMS32/CLK          n/a            1.250         5.000       3.750      SLICE_X42Y29  fv10_U/lenetSynthMatlab_pcA_ram_U/ram_reg_0_15_0_0__15/SP/CLK
Low Pulse Width   Fast    RAMS32/CLK          n/a            1.250         5.000       3.750      SLICE_X42Y30  fv10_U/lenetSynthMatlab_pcA_ram_U/ram_reg_0_15_0_0__16/SP/CLK
High Pulse Width  Slow    RAMS32/CLK          n/a            1.250         5.000       3.750      SLICE_X42Y31  fv10_U/lenetSynthMatlab_pcA_ram_U/ram_reg_0_15_0_0/SP/CLK
High Pulse Width  Fast    RAMS32/CLK          n/a            1.250         5.000       3.750      SLICE_X42Y31  fv10_U/lenetSynthMatlab_pcA_ram_U/ram_reg_0_15_0_0/SP/CLK
High Pulse Width  Slow    RAMS32/CLK          n/a            1.250         5.000       3.750      SLICE_X46Y31  fv10_U/lenetSynthMatlab_pcA_ram_U/ram_reg_0_15_0_0__0/SP/CLK
High Pulse Width  Fast    RAMS32/CLK          n/a            1.250         5.000       3.750      SLICE_X46Y31  fv10_U/lenetSynthMatlab_pcA_ram_U/ram_reg_0_15_0_0__0/SP/CLK
High Pulse Width  Slow    RAMS32/CLK          n/a            1.250         5.000       3.750      SLICE_X42Y31  fv10_U/lenetSynthMatlab_pcA_ram_U/ram_reg_0_15_0_0__1/SP/CLK
High Pulse Width  Fast    RAMS32/CLK          n/a            1.250         5.000       3.750      SLICE_X42Y31  fv10_U/lenetSynthMatlab_pcA_ram_U/ram_reg_0_15_0_0__1/SP/CLK
High Pulse Width  Slow    RAMS32/CLK          n/a            1.250         5.000       3.750      SLICE_X46Y31  fv10_U/lenetSynthMatlab_pcA_ram_U/ram_reg_0_15_0_0__10/SP/CLK
High Pulse Width  Fast    RAMS32/CLK          n/a            1.250         5.000       3.750      SLICE_X46Y31  fv10_U/lenetSynthMatlab_pcA_ram_U/ram_reg_0_15_0_0__10/SP/CLK
High Pulse Width  Slow    RAMS32/CLK          n/a            1.250         5.000       3.750      SLICE_X42Y31  fv10_U/lenetSynthMatlab_pcA_ram_U/ram_reg_0_15_0_0__11/SP/CLK
High Pulse Width  Fast    RAMS32/CLK          n/a            1.250         5.000       3.750      SLICE_X42Y31  fv10_U/lenetSynthMatlab_pcA_ram_U/ram_reg_0_15_0_0__11/SP/CLK



