
*** Running vivado
    with args -log lenetSynthMatlab.vdi -applog -m64 -product Vivado -messageDb vivado.pb -mode batch -source lenetSynthMatlab.tcl -notrace


****** Vivado v2018.2 (64-bit)
  **** SW Build 2258646 on Thu Jun 14 20:02:38 MDT 2018
  **** IP Build 2256618 on Thu Jun 14 22:10:49 MDT 2018
    ** Copyright 1986-2018 Xilinx, Inc. All Rights Reserved.

source lenetSynthMatlab.tcl -notrace
Command: open_checkpoint /home/tyrian/nnproject/hls8BitFloatMod/Lenet_100MHz/impl/vhdl/project.runs/impl_1/lenetSynthMatlab.dcp

Starting open_checkpoint Task

Time (s): cpu = 00:00:00.04 ; elapsed = 00:00:00.09 . Memory (MB): peak = 1186.273 ; gain = 0.000 ; free physical = 2561 ; free virtual = 4266
INFO: [Netlist 29-17] Analyzing 619 Unisim elements for replacement
INFO: [Netlist 29-28] Unisim Transformation completed in 0 CPU seconds
INFO: [Project 1-479] Netlist was created with Vivado 2018.2
INFO: [Device 21-403] Loading part xc7a100tcsg324-1
INFO: [Project 1-570] Preparing netlist for logic optimization
INFO: [Timing 38-478] Restoring timing data from binary archive.
INFO: [Timing 38-479] Binary timing data restore complete.
INFO: [Project 1-856] Restoring constraints from binary archive.
INFO: [Project 1-853] Binary constraint restore complete.
INFO: [Project 1-111] Unisim Transformation Summary:
  A total of 224 instances were transformed.
  RAM16X1S => RAM32X1S (RAMS32): 224 instances

INFO: [Project 1-604] Checkpoint was created with Vivado v2018.2 (64-bit) build 2258646
open_checkpoint: Time (s): cpu = 00:00:20 ; elapsed = 00:00:42 . Memory (MB): peak = 2010.281 ; gain = 824.008 ; free physical = 1764 ; free virtual = 3471
Command: opt_design
Attempting to get a license for feature 'Implementation' and/or device 'xc7a100t'
INFO: [Common 17-349] Got license for feature 'Implementation' and/or device 'xc7a100t'
Running DRC as a precondition to command opt_design

Starting DRC Task
INFO: [DRC 23-27] Running DRC with 4 threads
INFO: [Project 1-461] DRC finished with 0 Errors
INFO: [Project 1-462] Please refer to the DRC report (report_drc) for more information.

Time (s): cpu = 00:00:01 ; elapsed = 00:00:01 . Memory (MB): peak = 2047.297 ; gain = 37.016 ; free physical = 1756 ; free virtual = 3463

Starting Cache Timing Information Task
Ending Cache Timing Information Task | Checksum: 10099f946

Time (s): cpu = 00:00:00.02 ; elapsed = 00:00:00.02 . Memory (MB): peak = 2047.297 ; gain = 0.000 ; free physical = 1757 ; free virtual = 3464

Starting Logic Optimization Task

Phase 1 Retarget
INFO: [Opt 31-138] Pushed 6 inverter(s) to 54 load pin(s).
INFO: [Opt 31-49] Retargeted 0 cell(s).
Phase 1 Retarget | Checksum: d0b77731

Time (s): cpu = 00:00:00.85 ; elapsed = 00:00:00.65 . Memory (MB): peak = 2047.297 ; gain = 0.000 ; free physical = 1816 ; free virtual = 3523
INFO: [Opt 31-389] Phase Retarget created 0 cells and removed 0 cells

Phase 2 Constant propagation
INFO: [Opt 31-138] Pushed 0 inverter(s) to 0 load pin(s).
Phase 2 Constant propagation | Checksum: 1611c7481

Time (s): cpu = 00:00:01 ; elapsed = 00:00:00.86 . Memory (MB): peak = 2047.297 ; gain = 0.000 ; free physical = 1816 ; free virtual = 3523
INFO: [Opt 31-389] Phase Constant propagation created 54 cells and removed 164 cells

Phase 3 Sweep
Phase 3 Sweep | Checksum: c0761352

Time (s): cpu = 00:00:01 ; elapsed = 00:00:01 . Memory (MB): peak = 2047.297 ; gain = 0.000 ; free physical = 1815 ; free virtual = 3522
INFO: [Opt 31-389] Phase Sweep created 0 cells and removed 39 cells

Phase 4 BUFG optimization
Phase 4 BUFG optimization | Checksum: c0761352

Time (s): cpu = 00:00:01 ; elapsed = 00:00:01 . Memory (MB): peak = 2047.297 ; gain = 0.000 ; free physical = 1814 ; free virtual = 3522
INFO: [Opt 31-662] Phase BUFG optimization created 0 cells of which 0 are BUFGs and removed 0 cells.

Phase 5 Shift Register Optimization
Phase 5 Shift Register Optimization | Checksum: 15d9269ca

Time (s): cpu = 00:00:02 ; elapsed = 00:00:01 . Memory (MB): peak = 2047.297 ; gain = 0.000 ; free physical = 1814 ; free virtual = 3522
INFO: [Opt 31-389] Phase Shift Register Optimization created 0 cells and removed 0 cells

Phase 6 Post Processing Netlist
Phase 6 Post Processing Netlist | Checksum: 15d9269ca

Time (s): cpu = 00:00:02 ; elapsed = 00:00:02 . Memory (MB): peak = 2047.297 ; gain = 0.000 ; free physical = 1814 ; free virtual = 3522
INFO: [Opt 31-389] Phase Post Processing Netlist created 0 cells and removed 0 cells

Starting Connectivity Check Task

Time (s): cpu = 00:00:00.02 ; elapsed = 00:00:00.02 . Memory (MB): peak = 2047.297 ; gain = 0.000 ; free physical = 1814 ; free virtual = 3522
Ending Logic Optimization Task | Checksum: 15d9269ca

Time (s): cpu = 00:00:02 ; elapsed = 00:00:02 . Memory (MB): peak = 2047.297 ; gain = 0.000 ; free physical = 1814 ; free virtual = 3522

Starting Power Optimization Task
INFO: [Pwropt 34-132] Skipping clock gating for clocks with a period < 2.00 ns.
INFO: [Timing 38-35] Done setting XDC timing constraints.
WARNING: [Timing 38-242] The property HD.CLK_SRC of clock port "ap_clk" is not set. In out-of-context mode, this prevents timing estimation for clock delay/skew
Resolution: Set the HD.CLK_SRC property of the out-of-context port to the location of the clock buffer instance in the top-level design
INFO: [Physopt 32-619] Estimated Timing Summary | WNS=1.761 | TNS=0.000 |
Running Vector-less Activity Propagation...

Finished Running Vector-less Activity Propagation
INFO: [Pwropt 34-9] Applying IDT optimizations ...
INFO: [Pwropt 34-10] Applying ODC optimizations ...


Starting PowerOpt Patch Enables Task
INFO: [Pwropt 34-162] WRITE_MODE attribute of 0 BRAM(s) out of a total of 117 has been updated to save power. Run report_power_opt to get a complete listing of the BRAMs updated.
INFO: [Pwropt 34-201] Structural ODC has moved 0 WE to EN ports
Number of BRAM Ports augmented: 66 newly gated: 0 Total Ports: 234
Number of Flops added for Enable Generation: 10

Ending PowerOpt Patch Enables Task | Checksum: 52a32f0e

Time (s): cpu = 00:00:00.37 ; elapsed = 00:00:00.37 . Memory (MB): peak = 2522.492 ; gain = 0.000 ; free physical = 1746 ; free virtual = 3458
Ending Power Optimization Task | Checksum: 52a32f0e

Time (s): cpu = 00:00:13 ; elapsed = 00:00:10 . Memory (MB): peak = 2522.492 ; gain = 475.195 ; free physical = 1764 ; free virtual = 3476

Starting Final Cleanup Task
Ending Final Cleanup Task | Checksum: 52a32f0e

Time (s): cpu = 00:00:00 ; elapsed = 00:00:00 . Memory (MB): peak = 2522.492 ; gain = 0.000 ; free physical = 1763 ; free virtual = 3476
INFO: [Common 17-83] Releasing license: Implementation
32 Infos, 1 Warnings, 0 Critical Warnings and 0 Errors encountered.
opt_design completed successfully
opt_design: Time (s): cpu = 00:00:17 ; elapsed = 00:00:13 . Memory (MB): peak = 2522.492 ; gain = 512.211 ; free physical = 1764 ; free virtual = 3476
INFO: [Timing 38-35] Done setting XDC timing constraints.
INFO: [Timing 38-480] Writing timing data to binary archive.
INFO: [Common 17-1381] The checkpoint '/home/tyrian/nnproject/hls8BitFloatMod/Lenet_100MHz/impl/vhdl/project.runs/impl_1/lenetSynthMatlab_opt.dcp' has been generated.
INFO: [runtcl-4] Executing : report_drc -file lenetSynthMatlab_drc_opted.rpt -pb lenetSynthMatlab_drc_opted.pb -rpx lenetSynthMatlab_drc_opted.rpx
Command: report_drc -file lenetSynthMatlab_drc_opted.rpt -pb lenetSynthMatlab_drc_opted.pb -rpx lenetSynthMatlab_drc_opted.rpx
INFO: [IP_Flow 19-234] Refreshing IP repositories
INFO: [IP_Flow 19-1704] No user IP repositories specified
INFO: [IP_Flow 19-2313] Loaded Vivado IP repository '/home/tyrian/xilinx/Vivado/2018.2/data/ip'.
INFO: [DRC 23-27] Running DRC with 4 threads
INFO: [Coretcl 2-168] The results of DRC are in file /home/tyrian/nnproject/hls8BitFloatMod/Lenet_100MHz/impl/vhdl/project.runs/impl_1/lenetSynthMatlab_drc_opted.rpt.
report_drc completed successfully
Command: place_design
Attempting to get a license for feature 'Implementation' and/or device 'xc7a100t'
INFO: [Common 17-349] Got license for feature 'Implementation' and/or device 'xc7a100t'
INFO: [DRC 23-27] Running DRC with 4 threads
INFO: [Vivado_Tcl 4-198] DRC finished with 0 Errors
INFO: [Vivado_Tcl 4-199] Please refer to the DRC report (report_drc) for more information.
Running DRC as a precondition to command place_design
INFO: [DRC 23-27] Running DRC with 4 threads
INFO: [DRC REQP-1725] DSP_Abus_sign_bit_alert: grp_c_sum_fu_1398/lenetSynthMatlab_bkb_U5/lenetSynthMatlab_ap_fadd_3_full_dsp_32_u/U0/i_synth/ADDSUB_OP.ADDSUB/SPEED_OP.DSP.OP/DSP48E1_BODY.ALIGN_ADD/DSP2/DSP: When using the PreAdder and USE_DPORT is TRUE, the A operand should be restricted to 24 bit two's complement (and sign extended) to avoid over/underflow in the pre-add stage.
INFO: [DRC REQP-1725] DSP_Abus_sign_bit_alert: grp_d_sum_fu_1410/lenetSynthMatlab_bkb_U8/lenetSynthMatlab_ap_fadd_3_full_dsp_32_u/U0/i_synth/ADDSUB_OP.ADDSUB/SPEED_OP.DSP.OP/DSP48E1_BODY.ALIGN_ADD/DSP2/DSP: When using the PreAdder and USE_DPORT is TRUE, the A operand should be restricted to 24 bit two's complement (and sign extended) to avoid over/underflow in the pre-add stage.
INFO: [DRC REQP-1725] DSP_Abus_sign_bit_alert: grp_f_sum_fu_1404/lenetSynthMatlab_bkb_U11/lenetSynthMatlab_ap_fadd_3_full_dsp_32_u/U0/i_synth/ADDSUB_OP.ADDSUB/SPEED_OP.DSP.OP/DSP48E1_BODY.ALIGN_ADD/DSP2/DSP: When using the PreAdder and USE_DPORT is TRUE, the A operand should be restricted to 24 bit two's complement (and sign extended) to avoid over/underflow in the pre-add stage.
INFO: [DRC REQP-1725] DSP_Abus_sign_bit_alert: grp_g_sum_fu_1416/lenetSynthMatlab_bkb_U14/lenetSynthMatlab_ap_fadd_3_full_dsp_32_u/U0/i_synth/ADDSUB_OP.ADDSUB/SPEED_OP.DSP.OP/DSP48E1_BODY.ALIGN_ADD/DSP2/DSP: When using the PreAdder and USE_DPORT is TRUE, the A operand should be restricted to 24 bit two's complement (and sign extended) to avoid over/underflow in the pre-add stage.
INFO: [DRC REQP-1725] DSP_Abus_sign_bit_alert: grp_sum_fu_1422/lenetSynthMatlab_bkb_U1/lenetSynthMatlab_ap_fadd_3_full_dsp_32_u/U0/i_synth/ADDSUB_OP.ADDSUB/SPEED_OP.DSP.OP/DSP48E1_BODY.ALIGN_ADD/DSP2/DSP: When using the PreAdder and USE_DPORT is TRUE, the A operand should be restricted to 24 bit two's complement (and sign extended) to avoid over/underflow in the pre-add stage.
INFO: [DRC REQP-1725] DSP_Abus_sign_bit_alert: lenetSynthMatlab_bkb_U17/lenetSynthMatlab_ap_fadd_3_full_dsp_32_u/U0/i_synth/ADDSUB_OP.ADDSUB/SPEED_OP.DSP.OP/DSP48E1_BODY.ALIGN_ADD/DSP2/DSP: When using the PreAdder and USE_DPORT is TRUE, the A operand should be restricted to 24 bit two's complement (and sign extended) to avoid over/underflow in the pre-add stage.
INFO: [Vivado_Tcl 4-198] DRC finished with 0 Errors, 6 Advisories
INFO: [Vivado_Tcl 4-199] Please refer to the DRC report (report_drc) for more information.

Starting Placer Task
INFO: [Place 30-611] Multithreading enabled for place_design using a maximum of 4 CPUs

Phase 1 Placer Initialization

Phase 1.1 Placer Initialization Netlist Sorting
Netlist sorting complete. Time (s): cpu = 00:00:00.01 ; elapsed = 00:00:00.01 . Memory (MB): peak = 2522.492 ; gain = 0.000 ; free physical = 1729 ; free virtual = 3447
Phase 1.1 Placer Initialization Netlist Sorting | Checksum: 3e40df6a

Time (s): cpu = 00:00:00.02 ; elapsed = 00:00:00.05 . Memory (MB): peak = 2522.492 ; gain = 0.000 ; free physical = 1729 ; free virtual = 3447
INFO: [Opt 31-138] Pushed 0 inverter(s) to 0 load pin(s).
Netlist sorting complete. Time (s): cpu = 00:00:00.01 ; elapsed = 00:00:00.01 . Memory (MB): peak = 2522.492 ; gain = 0.000 ; free physical = 1739 ; free virtual = 3458

Phase 1.2 IO Placement/ Clock Placement/ Build Placer Device
INFO: [Timing 38-35] Done setting XDC timing constraints.
Phase 1.2 IO Placement/ Clock Placement/ Build Placer Device | Checksum: b60a0d3e

Time (s): cpu = 00:00:03 ; elapsed = 00:00:02 . Memory (MB): peak = 2522.492 ; gain = 0.000 ; free physical = 1728 ; free virtual = 3447

Phase 1.3 Build Placer Netlist Model
Phase 1.3 Build Placer Netlist Model | Checksum: 164875a01

Time (s): cpu = 00:00:05 ; elapsed = 00:00:03 . Memory (MB): peak = 2522.492 ; gain = 0.000 ; free physical = 1709 ; free virtual = 3429

Phase 1.4 Constrain Clocks/Macros
Phase 1.4 Constrain Clocks/Macros | Checksum: 164875a01

Time (s): cpu = 00:00:05 ; elapsed = 00:00:03 . Memory (MB): peak = 2522.492 ; gain = 0.000 ; free physical = 1709 ; free virtual = 3429
Phase 1 Placer Initialization | Checksum: 164875a01

Time (s): cpu = 00:00:05 ; elapsed = 00:00:03 . Memory (MB): peak = 2522.492 ; gain = 0.000 ; free physical = 1709 ; free virtual = 3429

Phase 2 Global Placement

Phase 2.1 Floorplanning
Phase 2.1 Floorplanning | Checksum: 175c6469e

Time (s): cpu = 00:00:06 ; elapsed = 00:00:04 . Memory (MB): peak = 2522.492 ; gain = 0.000 ; free physical = 1700 ; free virtual = 3420

Phase 2.2 Physical Synthesis In Placer
INFO: [Physopt 32-65] No nets found for high-fanout optimization.
INFO: [Physopt 32-232] Optimized 0 net. Created 0 new instance.
INFO: [Physopt 32-775] End 1 Pass. Optimized 0 net or cell. Created 0 new cell, deleted 0 existing cell and moved 0 existing cell
Netlist sorting complete. Time (s): cpu = 00:00:00.02 ; elapsed = 00:00:00.01 . Memory (MB): peak = 2527.492 ; gain = 0.000 ; free physical = 1686 ; free virtual = 3408

Summary of Physical Synthesis Optimizations
============================================


-----------------------------------------------------------------------------------------------------------------------------
|  Optimization       |  Added Cells  |  Removed Cells  |  Optimized Cells/Nets  |  Dont Touch  |  Iterations  |  Elapsed   |
-----------------------------------------------------------------------------------------------------------------------------
|  Very High Fanout   |            0  |              0  |                     0  |           0  |           1  |  00:00:00  |
|  Total              |            0  |              0  |                     0  |           0  |           1  |  00:00:00  |
-----------------------------------------------------------------------------------------------------------------------------


Phase 2.2 Physical Synthesis In Placer | Checksum: 17bb67b2d

Time (s): cpu = 00:00:19 ; elapsed = 00:00:10 . Memory (MB): peak = 2527.492 ; gain = 5.000 ; free physical = 1686 ; free virtual = 3408
Phase 2 Global Placement | Checksum: 153dbacf1

Time (s): cpu = 00:00:20 ; elapsed = 00:00:11 . Memory (MB): peak = 2527.492 ; gain = 5.000 ; free physical = 1689 ; free virtual = 3411

Phase 3 Detail Placement

Phase 3.1 Commit Multi Column Macros
Phase 3.1 Commit Multi Column Macros | Checksum: 153dbacf1

Time (s): cpu = 00:00:21 ; elapsed = 00:00:11 . Memory (MB): peak = 2527.492 ; gain = 5.000 ; free physical = 1689 ; free virtual = 3411

Phase 3.2 Commit Most Macros & LUTRAMs
Phase 3.2 Commit Most Macros & LUTRAMs | Checksum: 1bc9d66ef

Time (s): cpu = 00:00:23 ; elapsed = 00:00:12 . Memory (MB): peak = 2527.492 ; gain = 5.000 ; free physical = 1686 ; free virtual = 3409

Phase 3.3 Area Swap Optimization
Phase 3.3 Area Swap Optimization | Checksum: 2087e6376

Time (s): cpu = 00:00:23 ; elapsed = 00:00:12 . Memory (MB): peak = 2527.492 ; gain = 5.000 ; free physical = 1686 ; free virtual = 3409

Phase 3.4 Pipeline Register Optimization
Phase 3.4 Pipeline Register Optimization | Checksum: 2041e748d

Time (s): cpu = 00:00:23 ; elapsed = 00:00:12 . Memory (MB): peak = 2527.492 ; gain = 5.000 ; free physical = 1686 ; free virtual = 3409

Phase 3.5 Timing Path Optimizer
Phase 3.5 Timing Path Optimizer | Checksum: 2041e748d

Time (s): cpu = 00:00:23 ; elapsed = 00:00:12 . Memory (MB): peak = 2527.492 ; gain = 5.000 ; free physical = 1686 ; free virtual = 3409

Phase 3.6 Fast Optimization
Phase 3.6 Fast Optimization | Checksum: 1f499ef1c

Time (s): cpu = 00:00:23 ; elapsed = 00:00:12 . Memory (MB): peak = 2527.492 ; gain = 5.000 ; free physical = 1686 ; free virtual = 3408

Phase 3.7 Small Shape Detail Placement
Phase 3.7 Small Shape Detail Placement | Checksum: 12d18f8dd

Time (s): cpu = 00:00:25 ; elapsed = 00:00:14 . Memory (MB): peak = 2527.492 ; gain = 5.000 ; free physical = 1680 ; free virtual = 3403

Phase 3.8 Re-assign LUT pins
Phase 3.8 Re-assign LUT pins | Checksum: 18dccc01f

Time (s): cpu = 00:00:26 ; elapsed = 00:00:14 . Memory (MB): peak = 2527.492 ; gain = 5.000 ; free physical = 1680 ; free virtual = 3403

Phase 3.9 Pipeline Register Optimization
Phase 3.9 Pipeline Register Optimization | Checksum: 2036c95fe

Time (s): cpu = 00:00:26 ; elapsed = 00:00:14 . Memory (MB): peak = 2527.492 ; gain = 5.000 ; free physical = 1680 ; free virtual = 3403
Phase 3 Detail Placement | Checksum: 2036c95fe

Time (s): cpu = 00:00:26 ; elapsed = 00:00:14 . Memory (MB): peak = 2527.492 ; gain = 5.000 ; free physical = 1680 ; free virtual = 3403

Phase 4 Post Placement Optimization and Clean-Up

Phase 4.1 Post Commit Optimization
INFO: [Timing 38-35] Done setting XDC timing constraints.

Phase 4.1.1 Post Placement Optimization
Post Placement Optimization Initialization | Checksum: 13cf22893

Phase 4.1.1.1 BUFG Insertion
INFO: [Place 46-31] BUFG insertion identified 0 candidate nets, 0 success, 0 skipped for placement/routing, 0 skipped for timing, 0 skipped for netlist change reason.
Phase 4.1.1.1 BUFG Insertion | Checksum: 13cf22893

Time (s): cpu = 00:00:29 ; elapsed = 00:00:16 . Memory (MB): peak = 2527.492 ; gain = 5.000 ; free physical = 1678 ; free virtual = 3401
INFO: [Place 30-746] Post Placement Timing Summary WNS=0.516. For the most accurate timing information please run report_timing.
Phase 4.1.1 Post Placement Optimization | Checksum: 177a11eb6

Time (s): cpu = 00:00:30 ; elapsed = 00:00:17 . Memory (MB): peak = 2527.492 ; gain = 5.000 ; free physical = 1680 ; free virtual = 3403
Phase 4.1 Post Commit Optimization | Checksum: 177a11eb6

Time (s): cpu = 00:00:30 ; elapsed = 00:00:17 . Memory (MB): peak = 2527.492 ; gain = 5.000 ; free physical = 1680 ; free virtual = 3403

Phase 4.2 Post Placement Cleanup
Phase 4.2 Post Placement Cleanup | Checksum: 177a11eb6

Time (s): cpu = 00:00:30 ; elapsed = 00:00:18 . Memory (MB): peak = 2527.492 ; gain = 5.000 ; free physical = 1681 ; free virtual = 3404

Phase 4.3 Placer Reporting
Phase 4.3 Placer Reporting | Checksum: 177a11eb6

Time (s): cpu = 00:00:31 ; elapsed = 00:00:18 . Memory (MB): peak = 2527.492 ; gain = 5.000 ; free physical = 1681 ; free virtual = 3404

Phase 4.4 Final Placement Cleanup
Phase 4.4 Final Placement Cleanup | Checksum: 1cccce2ed

Time (s): cpu = 00:00:31 ; elapsed = 00:00:18 . Memory (MB): peak = 2527.492 ; gain = 5.000 ; free physical = 1681 ; free virtual = 3404
Phase 4 Post Placement Optimization and Clean-Up | Checksum: 1cccce2ed

Time (s): cpu = 00:00:31 ; elapsed = 00:00:18 . Memory (MB): peak = 2527.492 ; gain = 5.000 ; free physical = 1681 ; free virtual = 3404
Ending Placer Task | Checksum: 15382e05f

Time (s): cpu = 00:00:31 ; elapsed = 00:00:18 . Memory (MB): peak = 2527.492 ; gain = 5.000 ; free physical = 1694 ; free virtual = 3417
INFO: [Common 17-83] Releasing license: Implementation
64 Infos, 1 Warnings, 0 Critical Warnings and 0 Errors encountered.
place_design completed successfully
place_design: Time (s): cpu = 00:00:33 ; elapsed = 00:00:19 . Memory (MB): peak = 2527.492 ; gain = 5.000 ; free physical = 1694 ; free virtual = 3417
INFO: [Timing 38-480] Writing timing data to binary archive.
Writing placer database...
Writing XDEF routing.
Writing XDEF routing logical nets.
Writing XDEF routing special nets.
Write XDEF Complete: Time (s): cpu = 00:00:02 ; elapsed = 00:00:00.78 . Memory (MB): peak = 2527.492 ; gain = 0.000 ; free physical = 1673 ; free virtual = 3411
INFO: [Common 17-1381] The checkpoint '/home/tyrian/nnproject/hls8BitFloatMod/Lenet_100MHz/impl/vhdl/project.runs/impl_1/lenetSynthMatlab_placed.dcp' has been generated.
INFO: [runtcl-4] Executing : report_io -file lenetSynthMatlab_io_placed.rpt
report_io: Time (s): cpu = 00:00:00.09 ; elapsed = 00:00:00.13 . Memory (MB): peak = 2527.492 ; gain = 0.000 ; free physical = 1677 ; free virtual = 3405
INFO: [runtcl-4] Executing : report_utilization -file lenetSynthMatlab_utilization_placed.rpt -pb lenetSynthMatlab_utilization_placed.pb
report_utilization: Time (s): cpu = 00:00:00.15 ; elapsed = 00:00:00.20 . Memory (MB): peak = 2527.492 ; gain = 0.000 ; free physical = 1686 ; free virtual = 3414
INFO: [runtcl-4] Executing : report_control_sets -verbose -file lenetSynthMatlab_control_sets_placed.rpt
report_control_sets: Time (s): cpu = 00:00:00.10 ; elapsed = 00:00:00.13 . Memory (MB): peak = 2527.492 ; gain = 0.000 ; free physical = 1686 ; free virtual = 3414
Command: phys_opt_design
Attempting to get a license for feature 'Implementation' and/or device 'xc7a100t'
INFO: [Common 17-349] Got license for feature 'Implementation' and/or device 'xc7a100t'
INFO: [Vivado_Tcl 4-383] Design worst setup slack (WNS) is greater than or equal to 0.250 ns. Skipping all physical synthesis optimizations.
INFO: [Vivado_Tcl 4-232] No setup violation found. The netlist was not modified.
INFO: [Common 17-83] Releasing license: Implementation
73 Infos, 1 Warnings, 0 Critical Warnings and 0 Errors encountered.
phys_opt_design completed successfully
INFO: [Timing 38-480] Writing timing data to binary archive.
Writing placer database...
Writing XDEF routing.
Writing XDEF routing logical nets.
Writing XDEF routing special nets.
Write XDEF Complete: Time (s): cpu = 00:00:01 ; elapsed = 00:00:00.53 . Memory (MB): peak = 2527.492 ; gain = 0.000 ; free physical = 1667 ; free virtual = 3410
INFO: [Common 17-1381] The checkpoint '/home/tyrian/nnproject/hls8BitFloatMod/Lenet_100MHz/impl/vhdl/project.runs/impl_1/lenetSynthMatlab_physopt.dcp' has been generated.
Command: route_design
Attempting to get a license for feature 'Implementation' and/or device 'xc7a100t'
INFO: [Common 17-349] Got license for feature 'Implementation' and/or device 'xc7a100t'
Running DRC as a precondition to command route_design
INFO: [DRC 23-27] Running DRC with 4 threads
INFO: [Vivado_Tcl 4-198] DRC finished with 0 Errors
INFO: [Vivado_Tcl 4-199] Please refer to the DRC report (report_drc) for more information.


Starting Routing Task
INFO: [Route 35-254] Multithreading enabled for route_design using a maximum of 4 CPUs
Checksum: PlaceDB: d1a115ab ConstDB: 0 ShapeSum: 81e1cab4 RouteDB: 0

Phase 1 Build RT Design
WARNING: [Route 35-197] Clock port "ap_clk" does not have an associated HD.CLK_SRC. Without this constraint, timing analysis may not be accurate and upstream checks cannot be done to ensure correct clock placement.
WARNING: [Route 35-198] Port "ap_rst" does not have an associated HD.PARTPIN_LOCS, which will prevent the partial routing of the signal "ap_rst". Without this partial route, timing analysis to/from this port will not be accurate, and no routing information for this port can be exported.
WARNING: [Route 35-198] Port "ap_start" does not have an associated HD.PARTPIN_LOCS, which will prevent the partial routing of the signal "ap_start". Without this partial route, timing analysis to/from this port will not be accurate, and no routing information for this port can be exported.
WARNING: [Route 35-198] Port "inputImg_q0[0]" does not have an associated HD.PARTPIN_LOCS, which will prevent the partial routing of the signal "inputImg_q0[0]". Without this partial route, timing analysis to/from this port will not be accurate, and no routing information for this port can be exported.
WARNING: [Route 35-198] Port "inputImg_q0[1]" does not have an associated HD.PARTPIN_LOCS, which will prevent the partial routing of the signal "inputImg_q0[1]". Without this partial route, timing analysis to/from this port will not be accurate, and no routing information for this port can be exported.
WARNING: [Route 35-198] Port "inputImg_q0[6]" does not have an associated HD.PARTPIN_LOCS, which will prevent the partial routing of the signal "inputImg_q0[6]". Without this partial route, timing analysis to/from this port will not be accurate, and no routing information for this port can be exported.
WARNING: [Route 35-198] Port "inputImg_q0[3]" does not have an associated HD.PARTPIN_LOCS, which will prevent the partial routing of the signal "inputImg_q0[3]". Without this partial route, timing analysis to/from this port will not be accurate, and no routing information for this port can be exported.
WARNING: [Route 35-198] Port "inputImg_q0[5]" does not have an associated HD.PARTPIN_LOCS, which will prevent the partial routing of the signal "inputImg_q0[5]". Without this partial route, timing analysis to/from this port will not be accurate, and no routing information for this port can be exported.
WARNING: [Route 35-198] Port "inputImg_q0[7]" does not have an associated HD.PARTPIN_LOCS, which will prevent the partial routing of the signal "inputImg_q0[7]". Without this partial route, timing analysis to/from this port will not be accurate, and no routing information for this port can be exported.
WARNING: [Route 35-198] Port "inputImg_q0[2]" does not have an associated HD.PARTPIN_LOCS, which will prevent the partial routing of the signal "inputImg_q0[2]". Without this partial route, timing analysis to/from this port will not be accurate, and no routing information for this port can be exported.
WARNING: [Route 35-198] Port "inputImg_q0[4]" does not have an associated HD.PARTPIN_LOCS, which will prevent the partial routing of the signal "inputImg_q0[4]". Without this partial route, timing analysis to/from this port will not be accurate, and no routing information for this port can be exported.
Phase 1 Build RT Design | Checksum: df770fbf

Time (s): cpu = 00:00:24 ; elapsed = 00:00:19 . Memory (MB): peak = 2527.492 ; gain = 0.000 ; free physical = 1520 ; free virtual = 3262
Post Restoration Checksum: NetGraph: 2ae488e3 NumContArr: b49286dc Constraints: 0 Timing: 0

Phase 2 Router Initialization

Phase 2.1 Create Timer
Phase 2.1 Create Timer | Checksum: df770fbf

Time (s): cpu = 00:00:24 ; elapsed = 00:00:19 . Memory (MB): peak = 2527.492 ; gain = 0.000 ; free physical = 1520 ; free virtual = 3262

Phase 2.2 Fix Topology Constraints
Phase 2.2 Fix Topology Constraints | Checksum: df770fbf

Time (s): cpu = 00:00:24 ; elapsed = 00:00:20 . Memory (MB): peak = 2527.492 ; gain = 0.000 ; free physical = 1504 ; free virtual = 3246

Phase 2.3 Pre Route Cleanup
Phase 2.3 Pre Route Cleanup | Checksum: df770fbf

Time (s): cpu = 00:00:24 ; elapsed = 00:00:20 . Memory (MB): peak = 2527.492 ; gain = 0.000 ; free physical = 1504 ; free virtual = 3246
 Number of Nodes with overlaps = 0

Phase 2.4 Update Timing
Phase 2.4 Update Timing | Checksum: bcebb77e

Time (s): cpu = 00:00:27 ; elapsed = 00:00:21 . Memory (MB): peak = 2527.492 ; gain = 0.000 ; free physical = 1490 ; free virtual = 3233
INFO: [Route 35-416] Intermediate Timing Summary | WNS=0.543  | TNS=0.000  | WHS=0.105  | THS=0.000  |

Phase 2 Router Initialization | Checksum: e0f1eed4

Time (s): cpu = 00:00:28 ; elapsed = 00:00:21 . Memory (MB): peak = 2527.492 ; gain = 0.000 ; free physical = 1487 ; free virtual = 3230

Phase 3 Initial Routing
Phase 3 Initial Routing | Checksum: 1fac19ff8

Time (s): cpu = 00:00:40 ; elapsed = 00:00:25 . Memory (MB): peak = 2527.492 ; gain = 0.000 ; free physical = 1483 ; free virtual = 3226

Phase 4 Rip-up And Reroute

Phase 4.1 Global Iteration 0
 Number of Nodes with overlaps = 976
 Number of Nodes with overlaps = 282
 Number of Nodes with overlaps = 154
 Number of Nodes with overlaps = 72
 Number of Nodes with overlaps = 25
 Number of Nodes with overlaps = 10
 Number of Nodes with overlaps = 6
 Number of Nodes with overlaps = 7
 Number of Nodes with overlaps = 6
 Number of Nodes with overlaps = 0
INFO: [Route 35-416] Intermediate Timing Summary | WNS=0.584  | TNS=0.000  | WHS=N/A    | THS=N/A    |

Phase 4.1 Global Iteration 0 | Checksum: 1b3f716bb

Time (s): cpu = 00:01:15 ; elapsed = 00:00:38 . Memory (MB): peak = 2527.492 ; gain = 0.000 ; free physical = 1483 ; free virtual = 3226
Phase 4 Rip-up And Reroute | Checksum: 1b3f716bb

Time (s): cpu = 00:01:15 ; elapsed = 00:00:38 . Memory (MB): peak = 2527.492 ; gain = 0.000 ; free physical = 1483 ; free virtual = 3226

Phase 5 Delay and Skew Optimization

Phase 5.1 Delay CleanUp
Phase 5.1 Delay CleanUp | Checksum: 1b3f716bb

Time (s): cpu = 00:01:15 ; elapsed = 00:00:38 . Memory (MB): peak = 2527.492 ; gain = 0.000 ; free physical = 1483 ; free virtual = 3226

Phase 5.2 Clock Skew Optimization
Phase 5.2 Clock Skew Optimization | Checksum: 1b3f716bb

Time (s): cpu = 00:01:15 ; elapsed = 00:00:38 . Memory (MB): peak = 2527.492 ; gain = 0.000 ; free physical = 1483 ; free virtual = 3226
Phase 5 Delay and Skew Optimization | Checksum: 1b3f716bb

Time (s): cpu = 00:01:15 ; elapsed = 00:00:38 . Memory (MB): peak = 2527.492 ; gain = 0.000 ; free physical = 1483 ; free virtual = 3226

Phase 6 Post Hold Fix

Phase 6.1 Hold Fix Iter

Phase 6.1.1 Update Timing
Phase 6.1.1 Update Timing | Checksum: 20ca76513

Time (s): cpu = 00:01:16 ; elapsed = 00:00:39 . Memory (MB): peak = 2527.492 ; gain = 0.000 ; free physical = 1483 ; free virtual = 3226
INFO: [Route 35-416] Intermediate Timing Summary | WNS=0.584  | TNS=0.000  | WHS=0.101  | THS=0.000  |

Phase 6.1 Hold Fix Iter | Checksum: 20ca76513

Time (s): cpu = 00:01:16 ; elapsed = 00:00:39 . Memory (MB): peak = 2527.492 ; gain = 0.000 ; free physical = 1483 ; free virtual = 3226
Phase 6 Post Hold Fix | Checksum: 20ca76513

Time (s): cpu = 00:01:16 ; elapsed = 00:00:39 . Memory (MB): peak = 2527.492 ; gain = 0.000 ; free physical = 1483 ; free virtual = 3226

Phase 7 Route finalize

Router Utilization Summary
  Global Vertical Routing Utilization    = 3.36745 %
  Global Horizontal Routing Utilization  = 3.03502 %
  Routable Net Status*
  *Does not include unroutable nets such as driverless and loadless.
  Run report_route_status for detailed report.
  Number of Failed Nets               = 0
  Number of Unrouted Nets             = 0
  Number of Partially Routed Nets     = 0
  Number of Node Overlaps             = 0

Phase 7 Route finalize | Checksum: 1c3b28c46

Time (s): cpu = 00:01:16 ; elapsed = 00:00:39 . Memory (MB): peak = 2527.492 ; gain = 0.000 ; free physical = 1483 ; free virtual = 3226

Phase 8 Verifying routed nets

 Verification completed successfully
Phase 8 Verifying routed nets | Checksum: 1c3b28c46

Time (s): cpu = 00:01:16 ; elapsed = 00:00:39 . Memory (MB): peak = 2527.492 ; gain = 0.000 ; free physical = 1482 ; free virtual = 3225

Phase 9 Depositing Routes
Phase 9 Depositing Routes | Checksum: 164f78cf7

Time (s): cpu = 00:01:17 ; elapsed = 00:00:40 . Memory (MB): peak = 2527.492 ; gain = 0.000 ; free physical = 1483 ; free virtual = 3226

Phase 10 Post Router Timing
INFO: [Route 35-57] Estimated Timing Summary | WNS=0.584  | TNS=0.000  | WHS=0.101  | THS=0.000  |

INFO: [Route 35-327] The final timing numbers are based on the router estimated timing analysis. For a complete and accurate timing signoff, please run report_timing_summary.
Phase 10 Post Router Timing | Checksum: 164f78cf7

Time (s): cpu = 00:01:17 ; elapsed = 00:00:40 . Memory (MB): peak = 2527.492 ; gain = 0.000 ; free physical = 1483 ; free virtual = 3226
INFO: [Route 35-16] Router Completed Successfully

Time (s): cpu = 00:01:17 ; elapsed = 00:00:40 . Memory (MB): peak = 2527.492 ; gain = 0.000 ; free physical = 1506 ; free virtual = 3249

Routing Is Done.
INFO: [Common 17-83] Releasing license: Implementation
87 Infos, 12 Warnings, 0 Critical Warnings and 0 Errors encountered.
route_design completed successfully
route_design: Time (s): cpu = 00:01:20 ; elapsed = 00:00:41 . Memory (MB): peak = 2527.492 ; gain = 0.000 ; free physical = 1506 ; free virtual = 3249
INFO: [Timing 38-480] Writing timing data to binary archive.
Writing placer database...
Writing XDEF routing.
Writing XDEF routing logical nets.
Writing XDEF routing special nets.
Write XDEF Complete: Time (s): cpu = 00:00:01 ; elapsed = 00:00:00.58 . Memory (MB): peak = 2527.492 ; gain = 0.000 ; free physical = 1485 ; free virtual = 3246
INFO: [Common 17-1381] The checkpoint '/home/tyrian/nnproject/hls8BitFloatMod/Lenet_100MHz/impl/vhdl/project.runs/impl_1/lenetSynthMatlab_routed.dcp' has been generated.
INFO: [runtcl-4] Executing : report_drc -file lenetSynthMatlab_drc_routed.rpt -pb lenetSynthMatlab_drc_routed.pb -rpx lenetSynthMatlab_drc_routed.rpx
Command: report_drc -file lenetSynthMatlab_drc_routed.rpt -pb lenetSynthMatlab_drc_routed.pb -rpx lenetSynthMatlab_drc_routed.rpx
INFO: [DRC 23-27] Running DRC with 4 threads
INFO: [Coretcl 2-168] The results of DRC are in file /home/tyrian/nnproject/hls8BitFloatMod/Lenet_100MHz/impl/vhdl/project.runs/impl_1/lenetSynthMatlab_drc_routed.rpt.
report_drc completed successfully
INFO: [runtcl-4] Executing : report_methodology -file lenetSynthMatlab_methodology_drc_routed.rpt -pb lenetSynthMatlab_methodology_drc_routed.pb -rpx lenetSynthMatlab_methodology_drc_routed.rpx
Command: report_methodology -file lenetSynthMatlab_methodology_drc_routed.rpt -pb lenetSynthMatlab_methodology_drc_routed.pb -rpx lenetSynthMatlab_methodology_drc_routed.rpx
INFO: [Timing 38-35] Done setting XDC timing constraints.
INFO: [Timing 38-35] Done setting XDC timing constraints.
WARNING: [Timing 38-242] The property HD.CLK_SRC of clock port "ap_clk" is not set. In out-of-context mode, this prevents timing estimation for clock delay/skew
Resolution: Set the HD.CLK_SRC property of the out-of-context port to the location of the clock buffer instance in the top-level design
INFO: [DRC 23-133] Running Methodology with 4 threads
INFO: [Coretcl 2-1520] The results of Report Methodology are in file /home/tyrian/nnproject/hls8BitFloatMod/Lenet_100MHz/impl/vhdl/project.runs/impl_1/lenetSynthMatlab_methodology_drc_routed.rpt.
report_methodology completed successfully
INFO: [runtcl-4] Executing : report_power -file lenetSynthMatlab_power_routed.rpt -pb lenetSynthMatlab_power_summary_routed.pb -rpx lenetSynthMatlab_power_routed.rpx
Command: report_power -file lenetSynthMatlab_power_routed.rpt -pb lenetSynthMatlab_power_summary_routed.pb -rpx lenetSynthMatlab_power_routed.rpx
INFO: [Timing 38-35] Done setting XDC timing constraints.
Running Vector-less Activity Propagation...

Finished Running Vector-less Activity Propagation
99 Infos, 13 Warnings, 0 Critical Warnings and 0 Errors encountered.
report_power completed successfully
INFO: [runtcl-4] Executing : report_route_status -file lenetSynthMatlab_route_status.rpt -pb lenetSynthMatlab_route_status.pb
INFO: [runtcl-4] Executing : report_timing_summary -max_paths 10 -file lenetSynthMatlab_timing_summary_routed.rpt -pb lenetSynthMatlab_timing_summary_routed.pb -rpx lenetSynthMatlab_timing_summary_routed.rpx -warn_on_violation 
INFO: [Timing 38-91] UpdateTimingParams: Speed grade: -1, Delay Type: min_max, Timing Stage: Requireds.
INFO: [Timing 38-191] Multithreading enabled for timing update using a maximum of 4 CPUs
INFO: [runtcl-4] Executing : report_incremental_reuse -file lenetSynthMatlab_incremental_reuse_routed.rpt
INFO: [Vivado_Tcl 4-545] No incremental reuse to report, no incremental placement and routing data was found.
INFO: [runtcl-4] Executing : report_clock_utilization -file lenetSynthMatlab_clock_utilization_routed.rpt
INFO: [runtcl-4] Executing : report_bus_skew -warn_on_violation -file lenetSynthMatlab_bus_skew_routed.rpt -pb lenetSynthMatlab_bus_skew_routed.pb -rpx lenetSynthMatlab_bus_skew_routed.rpx
INFO: [Timing 38-91] UpdateTimingParams: Speed grade: -1, Delay Type: min_max, Timing Stage: Requireds.
INFO: [Timing 38-191] Multithreading enabled for timing update using a maximum of 4 CPUs
INFO: [Common 17-206] Exiting Vivado at Wed Dec 12 12:18:31 2018...
