

================================================================
== Vivado HLS Report for 'd_sum'
================================================================
* Date:           Mon Dec 10 15:19:42 2018

* Version:        2018.2 (Build 2258646 on Thu Jun 14 20:25:20 MDT 2018)
* Project:        hls8Bit16Quant
* Solution:       solution1
* Product family: artix7
* Target device:  xc7a100tcsg324-1


================================================================
== Performance Estimates
================================================================
+ Timing (ns): 
    * Summary: 
    +--------+-------+----------+------------+
    |  Clock | Target| Estimated| Uncertainty|
    +--------+-------+----------+------------+
    |ap_clk  |  10.00|     7.804|        1.25|
    +--------+-------+----------+------------+

+ Latency (clock cycles): 
    * Summary: 
    +-----+-----+-----+-----+---------+
    |  Latency  |  Interval | Pipeline|
    | min | max | min | max |   Type  |
    +-----+-----+-----+-----+---------+
    |   91|  283|   91|  283|   none  |
    +-----+-----+-----+-----+---------+

    + Detail: 
        * Instance: 
        N/A

        * Loop: 
        +-------------+-----+-----+----------+-----------+-----------+------+----------+
        |             |  Latency  | Iteration|  Initiation Interval  | Trip |          |
        |  Loop Name  | min | max |  Latency |  achieved |   target  | Count| Pipelined|
        +-------------+-----+-----+----------+-----------+-----------+------+----------+
        |- Loop 1     |   90|  282|  15 ~ 47 |          -|          -|     6|    no    |
        | + Loop 1.1  |   12|   44|  3 ~ 11  |          -|          -|     4|    no    |
        +-------------+-----+-----+----------+-----------+-----------+------+----------+

============================================================
+ Verbose Summary: Synthesis Manager
============================================================
InlineROM: 1
ExposeGlobal: 0
============================================================
+ Verbose Summary: CDFG Model
============================================================
IsTopModel: 0
ResetActiveHigh: 1
IsCombinational: 0
IsDatapathOnly: 0
HasWiredReturn: 1
HasMFsm: 0
HasVarLatency: 1
IsPipeline: 0
IsRtlPipelined: 0
IsInstanceOverlapped: 0
IsDontTouch: 0
HasImplIP: 0
IsGatedGlobalClock: 0


============================================================
+ Verbose Summary: Schedule
============================================================
* Number of FSM states : 22
* Pipeline : 0
* Dataflow Pipeline: 0

* FSM state transitions: 
1 --> 
	2  / true
2 --> 
	3  / (!exitcond1)
3 --> 
	4  / true
4 --> 
	13  / (!exitcond & b3)
	5  / (!exitcond & !b3 & tmp_67)
	21  / (!exitcond & !b3 & !tmp_67)
	2  / (exitcond)
5 --> 
	6  / true
6 --> 
	7  / true
7 --> 
	8  / true
8 --> 
	9  / true
9 --> 
	10  / true
10 --> 
	11  / true
11 --> 
	12  / true
12 --> 
	21  / true
13 --> 
	14  / true
14 --> 
	15  / true
15 --> 
	16  / true
16 --> 
	17  / true
17 --> 
	18  / true
18 --> 
	19  / true
19 --> 
	20  / true
20 --> 
	21  / true
21 --> 
	22  / true
22 --> 
	4  / true

* FSM state operations: 

State 1 <SV = 0> <Delay = 1.66>
ST_1 : Operation 23 [1/1] (1.66ns)   --->   "br label %1" [../Desktop/quantTest/sum.c:141]   --->   Operation 23 'br' <Predicate = true> <Delay = 1.66>

State 2 <SV = 1> <Delay = 3.25>
ST_2 : Operation 24 [1/1] (0.00ns)   --->   "%indvars_iv1 = phi i3 [ %indvars_iv_next2, %9 ], [ 0, %0 ]" [../Desktop/quantTest/sum.c:141]   --->   Operation 24 'phi' 'indvars_iv1' <Predicate = true> <Delay = 0.00>
ST_2 : Operation 25 [1/1] (0.00ns)   --->   "%indvars_iv = phi i6 [ %indvars_iv_next, %9 ], [ 4, %0 ]" [../Desktop/quantTest/sum.c:141]   --->   Operation 25 'phi' 'indvars_iv' <Predicate = true> <Delay = 0.00>
ST_2 : Operation 26 [1/1] (0.00ns)   --->   "%iy = phi i3 [ %i, %9 ], [ 0, %0 ]"   --->   Operation 26 'phi' 'iy' <Predicate = true> <Delay = 0.00>
ST_2 : Operation 27 [1/1] (0.00ns)   --->   "%ix = phi i6 [ %ix_8, %9 ], [ -1, %0 ]"   --->   Operation 27 'phi' 'ix' <Predicate = true> <Delay = 0.00>
ST_2 : Operation 28 [1/1] (1.18ns)   --->   "%exitcond1 = icmp eq i3 %iy, -2" [../Desktop/quantTest/sum.c:141]   --->   Operation 28 'icmp' 'exitcond1' <Predicate = true> <Delay = 1.18> <Core = "Cmp">   --->   Core 25 'Cmp' <Latency = 0> <II = 1> <Delay = 2.43> <FuncUnit> <Opcode : 'icmp'> <InPorts = 2> <OutPorts = 1>
ST_2 : Operation 29 [1/1] (0.00ns)   --->   "%empty = call i32 (...)* @_ssdm_op_SpecLoopTripCount(i64 6, i64 6, i64 6)"   --->   Operation 29 'speclooptripcount' 'empty' <Predicate = true> <Delay = 0.00>
ST_2 : Operation 30 [1/1] (1.68ns)   --->   "%indvars_iv_next2 = add i3 %indvars_iv1, 1" [../Desktop/quantTest/sum.c:141]   --->   Operation 30 'add' 'indvars_iv_next2' <Predicate = true> <Delay = 1.68> <Core = "AddSub">   --->   Core 14 'AddSub' <Latency = 0> <II = 1> <Delay = 1.94> <FuncUnit> <Opcode : 'add' 'sub'> <InPorts = 2> <OutPorts = 1>
ST_2 : Operation 31 [1/1] (0.00ns)   --->   "br i1 %exitcond1, label %10, label %2" [../Desktop/quantTest/sum.c:141]   --->   Operation 31 'br' <Predicate = true> <Delay = 0.00>
ST_2 : Operation 32 [1/1] (0.00ns)   --->   "%tmp = trunc i6 %ix to i5" [../Desktop/quantTest/sum.c:142]   --->   Operation 32 'trunc' 'tmp' <Predicate = (!exitcond1)> <Delay = 0.00>
ST_2 : Operation 33 [1/1] (0.00ns)   --->   "%tmp_s = zext i3 %indvars_iv1 to i64" [../Desktop/quantTest/sum.c:144]   --->   Operation 33 'zext' 'tmp_s' <Predicate = (!exitcond1)> <Delay = 0.00>
ST_2 : Operation 34 [1/1] (0.00ns)   --->   "%X_addr = getelementptr [30 x i64]* %X, i64 0, i64 %tmp_s" [../Desktop/quantTest/sum.c:144]   --->   Operation 34 'getelementptr' 'X_addr' <Predicate = (!exitcond1)> <Delay = 0.00>
ST_2 : Operation 35 [2/2] (3.25ns)   --->   "%s = load i64* %X_addr, align 8" [../Desktop/quantTest/sum.c:144]   --->   Operation 35 'load' 's' <Predicate = (!exitcond1)> <Delay = 3.25> <Core = "RAM">   --->   Core 37 'RAM' <Latency = 1> <II = 1> <Delay = 2.15> <Storage> <Opcode : 'load' 'store'> <Ports = 2> <Width = 64> <Depth = 6> <RAM>
ST_2 : Operation 36 [1/1] (1.94ns)   --->   "%ix_8 = add i6 5, %ix" [../Desktop/quantTest/sum.c:143]   --->   Operation 36 'add' 'ix_8' <Predicate = (!exitcond1)> <Delay = 1.94> <Core = "AddSub">   --->   Core 14 'AddSub' <Latency = 0> <II = 1> <Delay = 1.94> <FuncUnit> <Opcode : 'add' 'sub'> <InPorts = 2> <OutPorts = 1>
ST_2 : Operation 37 [1/1] (0.00ns)   --->   "ret void" [../Desktop/quantTest/sum.c:181]   --->   Operation 37 'ret' <Predicate = (exitcond1)> <Delay = 0.00>

State 3 <SV = 2> <Delay = 4.24>
ST_3 : Operation 38 [1/1] (1.86ns)   --->   "%ixstart_cast = add i5 1, %tmp" [../Desktop/quantTest/sum.c:142]   --->   Operation 38 'add' 'ixstart_cast' <Predicate = true> <Delay = 1.86> <Core = "AddSub">   --->   Core 14 'AddSub' <Latency = 0> <II = 1> <Delay = 1.94> <FuncUnit> <Opcode : 'add' 'sub'> <InPorts = 2> <OutPorts = 1>
ST_3 : Operation 39 [1/2] (3.25ns)   --->   "%s = load i64* %X_addr, align 8" [../Desktop/quantTest/sum.c:144]   --->   Operation 39 'load' 's' <Predicate = true> <Delay = 3.25> <Core = "RAM">   --->   Core 37 'RAM' <Latency = 1> <II = 1> <Delay = 2.15> <Storage> <Opcode : 'load' 'store'> <Ports = 2> <Width = 64> <Depth = 6> <RAM>
ST_3 : Operation 40 [1/1] (0.00ns) (grouped into LUT with out node s12)   --->   "%s_11 = trunc i64 %s to i37" [../Desktop/quantTest/sum.c:144]   --->   Operation 40 'trunc' 's_11' <Predicate = true> <Delay = 0.00>
ST_3 : Operation 41 [1/1] (0.00ns) (grouped into LUT with out node s12)   --->   "%tmp_94 = call i1 @_ssdm_op_BitSelect.i1.i64.i32(i64 %s, i32 37)" [../Desktop/quantTest/sum.c:145]   --->   Operation 41 'bitselect' 'tmp_94' <Predicate = true> <Delay = 0.00>
ST_3 : Operation 42 [1/1] (0.00ns) (grouped into LUT with out node s12)   --->   "%s_4 = or i64 %s, -137438953472" [../Desktop/quantTest/sum.c:146]   --->   Operation 42 'or' 's_4' <Predicate = true> <Delay = 0.00>
ST_3 : Operation 43 [1/1] (0.00ns) (grouped into LUT with out node s12)   --->   "%s_16_cast = zext i37 %s_11 to i64" [../Desktop/quantTest/sum.c:148]   --->   Operation 43 'zext' 's_16_cast' <Predicate = true> <Delay = 0.00>
ST_3 : Operation 44 [1/1] (0.98ns) (out node of the LUT)   --->   "%s12 = select i1 %tmp_94, i64 %s_4, i64 %s_16_cast" [../Desktop/quantTest/sum.c:145]   --->   Operation 44 'select' 's12' <Predicate = true> <Delay = 0.98> <Core = "Sel">   --->   Core 26 'Sel' <Latency = 0> <II = 1> <Delay = 0.98> <FuncUnit> <Opcode : 'select'> <InPorts = 3> <OutPorts = 1>
ST_3 : Operation 45 [1/1] (1.66ns)   --->   "br label %3" [../Desktop/quantTest/sum.c:153]   --->   Operation 45 'br' <Predicate = true> <Delay = 1.66>

State 4 <SV = 3> <Delay = 5.93>
ST_4 : Operation 46 [1/1] (0.00ns)   --->   "%s_1 = phi i64 [ %s12, %2 ], [ %s_2, %._crit_edge ]"   --->   Operation 46 'phi' 's_1' <Predicate = true> <Delay = 0.00>
ST_4 : Operation 47 [1/1] (0.00ns)   --->   "%ixstart = phi i32 [ 0, %2 ], [ %ixstart_4, %._crit_edge ]" [../Desktop/quantTest/sum.c:160]   --->   Operation 47 'phi' 'ixstart' <Predicate = true> <Delay = 0.00>
ST_4 : Operation 48 [1/1] (0.00ns)   --->   "%ix_1 = phi i5 [ %ixstart_cast, %2 ], [ %ix_9, %._crit_edge ]"   --->   Operation 48 'phi' 'ix_1' <Predicate = true> <Delay = 0.00>
ST_4 : Operation 49 [1/1] (0.00ns)   --->   "%b3 = phi i1 [ true, %2 ], [ false, %._crit_edge ]"   --->   Operation 49 'phi' 'b3' <Predicate = true> <Delay = 0.00>
ST_4 : Operation 50 [1/1] (0.00ns)   --->   "%ix_1_cast_cast = zext i5 %ix_1 to i6" [../Desktop/quantTest/sum.c:141]   --->   Operation 50 'zext' 'ix_1_cast_cast' <Predicate = true> <Delay = 0.00>
ST_4 : Operation 51 [1/1] (1.45ns)   --->   "%exitcond = icmp eq i6 %ix_1_cast_cast, %indvars_iv" [../Desktop/quantTest/sum.c:153]   --->   Operation 51 'icmp' 'exitcond' <Predicate = true> <Delay = 1.45> <Core = "Cmp">   --->   Core 25 'Cmp' <Latency = 0> <II = 1> <Delay = 2.43> <FuncUnit> <Opcode : 'icmp'> <InPorts = 2> <OutPorts = 1>
ST_4 : Operation 52 [1/1] (0.00ns)   --->   "%empty_39 = call i32 (...)* @_ssdm_op_SpecLoopTripCount(i64 4, i64 4, i64 4)"   --->   Operation 52 'speclooptripcount' 'empty_39' <Predicate = true> <Delay = 0.00>
ST_4 : Operation 53 [1/1] (0.00ns)   --->   "br i1 %exitcond, label %9, label %4" [../Desktop/quantTest/sum.c:153]   --->   Operation 53 'br' <Predicate = true> <Delay = 0.00>
ST_4 : Operation 54 [1/1] (1.86ns)   --->   "%ix_9 = add i5 %ix_1, 1" [../Desktop/quantTest/sum.c:154]   --->   Operation 54 'add' 'ix_9' <Predicate = (!exitcond)> <Delay = 1.86> <Core = "AddSub">   --->   Core 14 'AddSub' <Latency = 0> <II = 1> <Delay = 1.94> <FuncUnit> <Opcode : 'add' 'sub'> <InPorts = 2> <OutPorts = 1>
ST_4 : Operation 55 [1/1] (0.00ns)   --->   "br i1 %b3, label %5, label %6" [../Desktop/quantTest/sum.c:158]   --->   Operation 55 'br' <Predicate = (!exitcond)> <Delay = 0.00>
ST_4 : Operation 56 [1/1] (2.43ns)   --->   "%tmp_67 = icmp sgt i32 %ixstart, 2147483641" [../Desktop/quantTest/sum.c:161]   --->   Operation 56 'icmp' 'tmp_67' <Predicate = (!exitcond & !b3)> <Delay = 2.43> <Core = "Cmp">   --->   Core 25 'Cmp' <Latency = 0> <II = 1> <Delay = 2.43> <FuncUnit> <Opcode : 'icmp'> <InPorts = 2> <OutPorts = 1>
ST_4 : Operation 57 [1/1] (0.00ns)   --->   "br i1 %tmp_67, label %7, label %8" [../Desktop/quantTest/sum.c:161]   --->   Operation 57 'br' <Predicate = (!exitcond & !b3)> <Delay = 0.00>
ST_4 : Operation 58 [1/1] (2.70ns)   --->   "%ixstart_16 = add nsw i32 %ixstart, 6" [../Desktop/quantTest/sum.c:164]   --->   Operation 58 'add' 'ixstart_16' <Predicate = (!exitcond & !b3 & !tmp_67)> <Delay = 2.70> <Core = "AddSub">   --->   Core 14 'AddSub' <Latency = 0> <II = 1> <Delay = 1.94> <FuncUnit> <Opcode : 'add' 'sub'> <InPorts = 2> <OutPorts = 1>
ST_4 : Operation 59 [1/1] (2.43ns)   --->   "%tmp_70 = icmp sgt i32 %ixstart_16, 29" [../Desktop/quantTest/sum.c:165]   --->   Operation 59 'icmp' 'tmp_70' <Predicate = (!exitcond & !b3 & !tmp_67)> <Delay = 2.43> <Core = "Cmp">   --->   Core 25 'Cmp' <Latency = 0> <II = 1> <Delay = 2.43> <FuncUnit> <Opcode : 'icmp'> <InPorts = 2> <OutPorts = 1>
ST_4 : Operation 60 [1/1] (2.70ns)   --->   "%ixstart_17 = add nsw i32 %ixstart, -23" [../Desktop/quantTest/sum.c:166]   --->   Operation 60 'add' 'ixstart_17' <Predicate = (!exitcond & !b3 & !tmp_67)> <Delay = 2.70> <Core = "AddSub">   --->   Core 14 'AddSub' <Latency = 0> <II = 1> <Delay = 1.94> <FuncUnit> <Opcode : 'add' 'sub'> <InPorts = 2> <OutPorts = 1>
ST_4 : Operation 61 [1/1] (0.79ns)   --->   "%p_s = select i1 %tmp_70, i32 %ixstart_17, i32 %ixstart_16" [../Desktop/quantTest/sum.c:165]   --->   Operation 61 'select' 'p_s' <Predicate = (!exitcond & !b3 & !tmp_67)> <Delay = 0.79> <Core = "Sel">   --->   Core 26 'Sel' <Latency = 0> <II = 1> <Delay = 0.98> <FuncUnit> <Opcode : 'select'> <InPorts = 3> <OutPorts = 1>
ST_4 : Operation 62 [1/1] (1.70ns)   --->   "br label %._crit_edge"   --->   Operation 62 'br' <Predicate = (!exitcond & !b3 & !tmp_67)> <Delay = 1.70>
ST_4 : Operation 63 [9/9] (3.06ns)   --->   "%tmp_68 = urem i5 %ix_9, 5" [../Desktop/quantTest/sum.c:162]   --->   Operation 63 'urem' 'tmp_68' <Predicate = (!exitcond & !b3 & tmp_67)> <Delay = 3.06> <Core = "DivnS_SEQ">   --->   Core 24 'DivnS_SEQ' <Latency = 8> <II = 3> <Delay = 3.06> <FuncUnit> <Opcode : 'sdiv' 'srem' 'udiv' 'urem'> <InPorts = 2> <OutPorts = 1>
ST_4 : Operation 64 [9/9] (3.06ns)   --->   "%tmp_65 = urem i5 %ix_9, 5" [../Desktop/quantTest/sum.c:160]   --->   Operation 64 'urem' 'tmp_65' <Predicate = (!exitcond & b3)> <Delay = 3.06> <Core = "DivnS_SEQ">   --->   Core 24 'DivnS_SEQ' <Latency = 8> <II = 3> <Delay = 3.06> <FuncUnit> <Opcode : 'sdiv' 'srem' 'udiv' 'urem'> <InPorts = 2> <OutPorts = 1>
ST_4 : Operation 65 [1/1] (0.00ns)   --->   "%tmp_64 = zext i3 %iy to i64" [../Desktop/quantTest/sum.c:179]   --->   Operation 65 'zext' 'tmp_64' <Predicate = (exitcond)> <Delay = 0.00>
ST_4 : Operation 66 [1/1] (0.00ns)   --->   "%Y_addr = getelementptr [6 x i64]* %Y, i64 0, i64 %tmp_64" [../Desktop/quantTest/sum.c:179]   --->   Operation 66 'getelementptr' 'Y_addr' <Predicate = (exitcond)> <Delay = 0.00>
ST_4 : Operation 67 [1/1] (2.15ns)   --->   "store i64 %s_1, i64* %Y_addr, align 8" [../Desktop/quantTest/sum.c:179]   --->   Operation 67 'store' <Predicate = (exitcond)> <Delay = 2.15> <Core = "RAM">   --->   Core 37 'RAM' <Latency = 1> <II = 1> <Delay = 2.15> <Storage> <Opcode : 'load' 'store'> <Ports = 2> <Width = 64> <Depth = 6> <RAM>
ST_4 : Operation 68 [1/1] (1.68ns)   --->   "%i = add i3 %iy, 1" [../Desktop/quantTest/sum.c:141]   --->   Operation 68 'add' 'i' <Predicate = (exitcond)> <Delay = 1.68> <Core = "AddSub">   --->   Core 14 'AddSub' <Latency = 0> <II = 1> <Delay = 1.94> <FuncUnit> <Opcode : 'add' 'sub'> <InPorts = 2> <OutPorts = 1>
ST_4 : Operation 69 [1/1] (1.94ns)   --->   "%indvars_iv_next = add i6 %indvars_iv, 5" [../Desktop/quantTest/sum.c:141]   --->   Operation 69 'add' 'indvars_iv_next' <Predicate = (exitcond)> <Delay = 1.94> <Core = "AddSub">   --->   Core 14 'AddSub' <Latency = 0> <II = 1> <Delay = 1.94> <FuncUnit> <Opcode : 'add' 'sub'> <InPorts = 2> <OutPorts = 1>
ST_4 : Operation 70 [1/1] (0.00ns)   --->   "br label %1" [../Desktop/quantTest/sum.c:141]   --->   Operation 70 'br' <Predicate = (exitcond)> <Delay = 0.00>

State 5 <SV = 4> <Delay = 3.06>
ST_5 : Operation 71 [8/9] (3.06ns)   --->   "%tmp_68 = urem i5 %ix_9, 5" [../Desktop/quantTest/sum.c:162]   --->   Operation 71 'urem' 'tmp_68' <Predicate = true> <Delay = 3.06> <Core = "DivnS_SEQ">   --->   Core 24 'DivnS_SEQ' <Latency = 8> <II = 3> <Delay = 3.06> <FuncUnit> <Opcode : 'sdiv' 'srem' 'udiv' 'urem'> <InPorts = 2> <OutPorts = 1>

State 6 <SV = 5> <Delay = 3.06>
ST_6 : Operation 72 [7/9] (3.06ns)   --->   "%tmp_68 = urem i5 %ix_9, 5" [../Desktop/quantTest/sum.c:162]   --->   Operation 72 'urem' 'tmp_68' <Predicate = true> <Delay = 3.06> <Core = "DivnS_SEQ">   --->   Core 24 'DivnS_SEQ' <Latency = 8> <II = 3> <Delay = 3.06> <FuncUnit> <Opcode : 'sdiv' 'srem' 'udiv' 'urem'> <InPorts = 2> <OutPorts = 1>

State 7 <SV = 6> <Delay = 3.06>
ST_7 : Operation 73 [6/9] (3.06ns)   --->   "%tmp_68 = urem i5 %ix_9, 5" [../Desktop/quantTest/sum.c:162]   --->   Operation 73 'urem' 'tmp_68' <Predicate = true> <Delay = 3.06> <Core = "DivnS_SEQ">   --->   Core 24 'DivnS_SEQ' <Latency = 8> <II = 3> <Delay = 3.06> <FuncUnit> <Opcode : 'sdiv' 'srem' 'udiv' 'urem'> <InPorts = 2> <OutPorts = 1>

State 8 <SV = 7> <Delay = 3.06>
ST_8 : Operation 74 [5/9] (3.06ns)   --->   "%tmp_68 = urem i5 %ix_9, 5" [../Desktop/quantTest/sum.c:162]   --->   Operation 74 'urem' 'tmp_68' <Predicate = true> <Delay = 3.06> <Core = "DivnS_SEQ">   --->   Core 24 'DivnS_SEQ' <Latency = 8> <II = 3> <Delay = 3.06> <FuncUnit> <Opcode : 'sdiv' 'srem' 'udiv' 'urem'> <InPorts = 2> <OutPorts = 1>

State 9 <SV = 8> <Delay = 3.06>
ST_9 : Operation 75 [4/9] (3.06ns)   --->   "%tmp_68 = urem i5 %ix_9, 5" [../Desktop/quantTest/sum.c:162]   --->   Operation 75 'urem' 'tmp_68' <Predicate = true> <Delay = 3.06> <Core = "DivnS_SEQ">   --->   Core 24 'DivnS_SEQ' <Latency = 8> <II = 3> <Delay = 3.06> <FuncUnit> <Opcode : 'sdiv' 'srem' 'udiv' 'urem'> <InPorts = 2> <OutPorts = 1>

State 10 <SV = 9> <Delay = 3.06>
ST_10 : Operation 76 [3/9] (3.06ns)   --->   "%tmp_68 = urem i5 %ix_9, 5" [../Desktop/quantTest/sum.c:162]   --->   Operation 76 'urem' 'tmp_68' <Predicate = true> <Delay = 3.06> <Core = "DivnS_SEQ">   --->   Core 24 'DivnS_SEQ' <Latency = 8> <II = 3> <Delay = 3.06> <FuncUnit> <Opcode : 'sdiv' 'srem' 'udiv' 'urem'> <InPorts = 2> <OutPorts = 1>

State 11 <SV = 10> <Delay = 3.69>
ST_11 : Operation 77 [2/9] (3.06ns)   --->   "%tmp_68 = urem i5 %ix_9, 5" [../Desktop/quantTest/sum.c:162]   --->   Operation 77 'urem' 'tmp_68' <Predicate = true> <Delay = 3.06> <Core = "DivnS_SEQ">   --->   Core 24 'DivnS_SEQ' <Latency = 8> <II = 3> <Delay = 3.06> <FuncUnit> <Opcode : 'sdiv' 'srem' 'udiv' 'urem'> <InPorts = 2> <OutPorts = 1>
ST_11 : Operation 78 [1/1] (0.00ns)   --->   "%zext3_cast = zext i5 %ix_9 to i12" [../Desktop/quantTest/sum.c:162]   --->   Operation 78 'zext' 'zext3_cast' <Predicate = true> <Delay = 0.00>
ST_11 : Operation 79 [1/1] (3.69ns)   --->   "%mul4 = mul i12 52, %zext3_cast" [../Desktop/quantTest/sum.c:162]   --->   Operation 79 'mul' 'mul4' <Predicate = true> <Delay = 3.69> <Core = "Mul">   --->   Core 16 'Mul' <Latency = 0> <II = 1> <Delay = 3.69> <FuncUnit> <Opcode : 'mul'> <InPorts = 2> <OutPorts = 1>
ST_11 : Operation 80 [1/1] (0.00ns)   --->   "%tmp_98 = call i4 @_ssdm_op_PartSelect.i4.i12.i32.i32(i12 %mul4, i32 8, i32 11)" [../Desktop/quantTest/sum.c:162]   --->   Operation 80 'partselect' 'tmp_98' <Predicate = true> <Delay = 0.00>

State 12 <SV = 11> <Delay = 6.60>
ST_12 : Operation 81 [1/9] (3.06ns)   --->   "%tmp_68 = urem i5 %ix_9, 5" [../Desktop/quantTest/sum.c:162]   --->   Operation 81 'urem' 'tmp_68' <Predicate = true> <Delay = 3.06> <Core = "DivnS_SEQ">   --->   Core 24 'DivnS_SEQ' <Latency = 8> <II = 3> <Delay = 3.06> <FuncUnit> <Opcode : 'sdiv' 'srem' 'udiv' 'urem'> <InPorts = 2> <OutPorts = 1>
ST_12 : Operation 82 [1/1] (0.00ns)   --->   "%tmp_97 = trunc i5 %tmp_68 to i3" [../Desktop/quantTest/sum.c:162]   --->   Operation 82 'trunc' 'tmp_97' <Predicate = true> <Delay = 0.00>
ST_12 : Operation 83 [1/1] (0.00ns)   --->   "%p_shl10 = call i6 @_ssdm_op_BitConcatenate.i6.i3.i3(i3 %tmp_97, i3 0)" [../Desktop/quantTest/sum.c:162]   --->   Operation 83 'bitconcatenate' 'p_shl10' <Predicate = true> <Delay = 0.00>
ST_12 : Operation 84 [1/1] (0.00ns)   --->   "%p_shl10_cast = zext i6 %p_shl10 to i7" [../Desktop/quantTest/sum.c:162]   --->   Operation 84 'zext' 'p_shl10_cast' <Predicate = true> <Delay = 0.00>
ST_12 : Operation 85 [1/1] (0.00ns)   --->   "%p_shl11 = call i4 @_ssdm_op_BitConcatenate.i4.i3.i1(i3 %tmp_97, i1 false)" [../Desktop/quantTest/sum.c:162]   --->   Operation 85 'bitconcatenate' 'p_shl11' <Predicate = true> <Delay = 0.00>
ST_12 : Operation 86 [1/1] (0.00ns)   --->   "%p_shl11_cast = zext i4 %p_shl11 to i7" [../Desktop/quantTest/sum.c:162]   --->   Operation 86 'zext' 'p_shl11_cast' <Predicate = true> <Delay = 0.00>
ST_12 : Operation 87 [1/1] (0.00ns) (grouped into TernaryAdder)   --->   "%tmp_69 = sub i7 %p_shl10_cast, %p_shl11_cast" [../Desktop/quantTest/sum.c:162]   --->   Operation 87 'sub' 'tmp_69' <Predicate = true> <Delay = 0.00> <Core = "TAddSub">   --->   Core 80 'TAddSub' <Latency = 0> <II = 1> <Delay = 1.77> <IPBlock> <Opcode : 'add' 'sub'> <InPorts = 3> <OutPorts = 1> <Sync> <CReg>
ST_12 : Operation 88 [1/1] (0.00ns)   --->   "%tmp_53 = sext i4 %tmp_98 to i5" [../Desktop/quantTest/sum.c:162]   --->   Operation 88 'sext' 'tmp_53' <Predicate = true> <Delay = 0.00>
ST_12 : Operation 89 [1/1] (0.00ns)   --->   "%tmp_146_cast = zext i5 %tmp_53 to i7" [../Desktop/quantTest/sum.c:162]   --->   Operation 89 'zext' 'tmp_146_cast' <Predicate = true> <Delay = 0.00>
ST_12 : Operation 90 [1/1] (3.54ns) (root node of TernaryAdder)   --->   "%ixstart_15 = add i7 %tmp_146_cast, %tmp_69" [../Desktop/quantTest/sum.c:162]   --->   Operation 90 'add' 'ixstart_15' <Predicate = true> <Delay = 3.54> <Core = "TAddSub">   --->   Core 80 'TAddSub' <Latency = 0> <II = 1> <Delay = 1.77> <IPBlock> <Opcode : 'add' 'sub'> <InPorts = 3> <OutPorts = 1> <Sync> <CReg>
ST_12 : Operation 91 [1/1] (0.00ns)   --->   "%ixstart_21_cast = sext i7 %ixstart_15 to i32" [../Desktop/quantTest/sum.c:162]   --->   Operation 91 'sext' 'ixstart_21_cast' <Predicate = true> <Delay = 0.00>
ST_12 : Operation 92 [1/1] (1.70ns)   --->   "br label %._crit_edge" [../Desktop/quantTest/sum.c:163]   --->   Operation 92 'br' <Predicate = true> <Delay = 1.70>

State 13 <SV = 4> <Delay = 3.06>
ST_13 : Operation 93 [8/9] (3.06ns)   --->   "%tmp_65 = urem i5 %ix_9, 5" [../Desktop/quantTest/sum.c:160]   --->   Operation 93 'urem' 'tmp_65' <Predicate = true> <Delay = 3.06> <Core = "DivnS_SEQ">   --->   Core 24 'DivnS_SEQ' <Latency = 8> <II = 3> <Delay = 3.06> <FuncUnit> <Opcode : 'sdiv' 'srem' 'udiv' 'urem'> <InPorts = 2> <OutPorts = 1>

State 14 <SV = 5> <Delay = 3.06>
ST_14 : Operation 94 [7/9] (3.06ns)   --->   "%tmp_65 = urem i5 %ix_9, 5" [../Desktop/quantTest/sum.c:160]   --->   Operation 94 'urem' 'tmp_65' <Predicate = true> <Delay = 3.06> <Core = "DivnS_SEQ">   --->   Core 24 'DivnS_SEQ' <Latency = 8> <II = 3> <Delay = 3.06> <FuncUnit> <Opcode : 'sdiv' 'srem' 'udiv' 'urem'> <InPorts = 2> <OutPorts = 1>

State 15 <SV = 6> <Delay = 3.06>
ST_15 : Operation 95 [6/9] (3.06ns)   --->   "%tmp_65 = urem i5 %ix_9, 5" [../Desktop/quantTest/sum.c:160]   --->   Operation 95 'urem' 'tmp_65' <Predicate = true> <Delay = 3.06> <Core = "DivnS_SEQ">   --->   Core 24 'DivnS_SEQ' <Latency = 8> <II = 3> <Delay = 3.06> <FuncUnit> <Opcode : 'sdiv' 'srem' 'udiv' 'urem'> <InPorts = 2> <OutPorts = 1>

State 16 <SV = 7> <Delay = 3.06>
ST_16 : Operation 96 [5/9] (3.06ns)   --->   "%tmp_65 = urem i5 %ix_9, 5" [../Desktop/quantTest/sum.c:160]   --->   Operation 96 'urem' 'tmp_65' <Predicate = true> <Delay = 3.06> <Core = "DivnS_SEQ">   --->   Core 24 'DivnS_SEQ' <Latency = 8> <II = 3> <Delay = 3.06> <FuncUnit> <Opcode : 'sdiv' 'srem' 'udiv' 'urem'> <InPorts = 2> <OutPorts = 1>

State 17 <SV = 8> <Delay = 3.06>
ST_17 : Operation 97 [4/9] (3.06ns)   --->   "%tmp_65 = urem i5 %ix_9, 5" [../Desktop/quantTest/sum.c:160]   --->   Operation 97 'urem' 'tmp_65' <Predicate = true> <Delay = 3.06> <Core = "DivnS_SEQ">   --->   Core 24 'DivnS_SEQ' <Latency = 8> <II = 3> <Delay = 3.06> <FuncUnit> <Opcode : 'sdiv' 'srem' 'udiv' 'urem'> <InPorts = 2> <OutPorts = 1>

State 18 <SV = 9> <Delay = 3.06>
ST_18 : Operation 98 [3/9] (3.06ns)   --->   "%tmp_65 = urem i5 %ix_9, 5" [../Desktop/quantTest/sum.c:160]   --->   Operation 98 'urem' 'tmp_65' <Predicate = true> <Delay = 3.06> <Core = "DivnS_SEQ">   --->   Core 24 'DivnS_SEQ' <Latency = 8> <II = 3> <Delay = 3.06> <FuncUnit> <Opcode : 'sdiv' 'srem' 'udiv' 'urem'> <InPorts = 2> <OutPorts = 1>

State 19 <SV = 10> <Delay = 3.69>
ST_19 : Operation 99 [2/9] (3.06ns)   --->   "%tmp_65 = urem i5 %ix_9, 5" [../Desktop/quantTest/sum.c:160]   --->   Operation 99 'urem' 'tmp_65' <Predicate = true> <Delay = 3.06> <Core = "DivnS_SEQ">   --->   Core 24 'DivnS_SEQ' <Latency = 8> <II = 3> <Delay = 3.06> <FuncUnit> <Opcode : 'sdiv' 'srem' 'udiv' 'urem'> <InPorts = 2> <OutPorts = 1>
ST_19 : Operation 100 [1/1] (0.00ns)   --->   "%zext_cast = zext i5 %ix_9 to i12" [../Desktop/quantTest/sum.c:160]   --->   Operation 100 'zext' 'zext_cast' <Predicate = true> <Delay = 0.00>
ST_19 : Operation 101 [1/1] (3.69ns)   --->   "%mul = mul i12 52, %zext_cast" [../Desktop/quantTest/sum.c:160]   --->   Operation 101 'mul' 'mul' <Predicate = true> <Delay = 3.69> <Core = "Mul">   --->   Core 16 'Mul' <Latency = 0> <II = 1> <Delay = 3.69> <FuncUnit> <Opcode : 'mul'> <InPorts = 2> <OutPorts = 1>
ST_19 : Operation 102 [1/1] (0.00ns)   --->   "%tmp_96 = call i4 @_ssdm_op_PartSelect.i4.i12.i32.i32(i12 %mul, i32 8, i32 11)" [../Desktop/quantTest/sum.c:160]   --->   Operation 102 'partselect' 'tmp_96' <Predicate = true> <Delay = 0.00>

State 20 <SV = 11> <Delay = 6.60>
ST_20 : Operation 103 [1/9] (3.06ns)   --->   "%tmp_65 = urem i5 %ix_9, 5" [../Desktop/quantTest/sum.c:160]   --->   Operation 103 'urem' 'tmp_65' <Predicate = true> <Delay = 3.06> <Core = "DivnS_SEQ">   --->   Core 24 'DivnS_SEQ' <Latency = 8> <II = 3> <Delay = 3.06> <FuncUnit> <Opcode : 'sdiv' 'srem' 'udiv' 'urem'> <InPorts = 2> <OutPorts = 1>
ST_20 : Operation 104 [1/1] (0.00ns)   --->   "%tmp_95 = trunc i5 %tmp_65 to i3" [../Desktop/quantTest/sum.c:160]   --->   Operation 104 'trunc' 'tmp_95' <Predicate = true> <Delay = 0.00>
ST_20 : Operation 105 [1/1] (0.00ns)   --->   "%p_shl = call i6 @_ssdm_op_BitConcatenate.i6.i3.i3(i3 %tmp_95, i3 0)" [../Desktop/quantTest/sum.c:160]   --->   Operation 105 'bitconcatenate' 'p_shl' <Predicate = true> <Delay = 0.00>
ST_20 : Operation 106 [1/1] (0.00ns)   --->   "%p_shl_cast = zext i6 %p_shl to i7" [../Desktop/quantTest/sum.c:160]   --->   Operation 106 'zext' 'p_shl_cast' <Predicate = true> <Delay = 0.00>
ST_20 : Operation 107 [1/1] (0.00ns)   --->   "%p_shl8 = call i4 @_ssdm_op_BitConcatenate.i4.i3.i1(i3 %tmp_95, i1 false)" [../Desktop/quantTest/sum.c:160]   --->   Operation 107 'bitconcatenate' 'p_shl8' <Predicate = true> <Delay = 0.00>
ST_20 : Operation 108 [1/1] (0.00ns)   --->   "%p_shl8_cast = zext i4 %p_shl8 to i7" [../Desktop/quantTest/sum.c:160]   --->   Operation 108 'zext' 'p_shl8_cast' <Predicate = true> <Delay = 0.00>
ST_20 : Operation 109 [1/1] (0.00ns) (grouped into TernaryAdder)   --->   "%tmp_66 = sub i7 %p_shl_cast, %p_shl8_cast" [../Desktop/quantTest/sum.c:160]   --->   Operation 109 'sub' 'tmp_66' <Predicate = true> <Delay = 0.00> <Core = "TAddSub">   --->   Core 80 'TAddSub' <Latency = 0> <II = 1> <Delay = 1.77> <IPBlock> <Opcode : 'add' 'sub'> <InPorts = 3> <OutPorts = 1> <Sync> <CReg>
ST_20 : Operation 110 [1/1] (0.00ns)   --->   "%tmp_52 = sext i4 %tmp_96 to i5" [../Desktop/quantTest/sum.c:160]   --->   Operation 110 'sext' 'tmp_52' <Predicate = true> <Delay = 0.00>
ST_20 : Operation 111 [1/1] (0.00ns)   --->   "%tmp_143_cast = zext i5 %tmp_52 to i7" [../Desktop/quantTest/sum.c:160]   --->   Operation 111 'zext' 'tmp_143_cast' <Predicate = true> <Delay = 0.00>
ST_20 : Operation 112 [1/1] (3.54ns) (root node of TernaryAdder)   --->   "%ixstart_14 = add i7 %tmp_143_cast, %tmp_66" [../Desktop/quantTest/sum.c:160]   --->   Operation 112 'add' 'ixstart_14' <Predicate = true> <Delay = 3.54> <Core = "TAddSub">   --->   Core 80 'TAddSub' <Latency = 0> <II = 1> <Delay = 1.77> <IPBlock> <Opcode : 'add' 'sub'> <InPorts = 3> <OutPorts = 1> <Sync> <CReg>
ST_20 : Operation 113 [1/1] (0.00ns)   --->   "%ixstart_20_cast = sext i7 %ixstart_14 to i32" [../Desktop/quantTest/sum.c:160]   --->   Operation 113 'sext' 'ixstart_20_cast' <Predicate = true> <Delay = 0.00>
ST_20 : Operation 114 [1/1] (1.70ns)   --->   "br label %._crit_edge" [../Desktop/quantTest/sum.c:161]   --->   Operation 114 'br' <Predicate = true> <Delay = 1.70>

State 21 <SV = 12> <Delay = 3.25>
ST_21 : Operation 115 [1/1] (0.00ns)   --->   "%ixstart_4 = phi i32 [ %ixstart_20_cast, %5 ], [ %ixstart_21_cast, %7 ], [ %p_s, %8 ]" [../Desktop/quantTest/sum.c:160]   --->   Operation 115 'phi' 'ixstart_4' <Predicate = true> <Delay = 0.00>
ST_21 : Operation 116 [1/1] (0.00ns)   --->   "%tmp_71 = sext i32 %ixstart_4 to i64" [../Desktop/quantTest/sum.c:170]   --->   Operation 116 'sext' 'tmp_71' <Predicate = true> <Delay = 0.00>
ST_21 : Operation 117 [1/1] (0.00ns)   --->   "%X_addr_4 = getelementptr [30 x i64]* %X, i64 0, i64 %tmp_71" [../Desktop/quantTest/sum.c:170]   --->   Operation 117 'getelementptr' 'X_addr_4' <Predicate = true> <Delay = 0.00>
ST_21 : Operation 118 [2/2] (3.25ns)   --->   "%X_load = load i64* %X_addr_4, align 8" [../Desktop/quantTest/sum.c:170]   --->   Operation 118 'load' 'X_load' <Predicate = true> <Delay = 3.25> <Core = "RAM">   --->   Core 37 'RAM' <Latency = 1> <II = 1> <Delay = 2.15> <Storage> <Opcode : 'load' 'store'> <Ports = 2> <Width = 64> <Depth = 6> <RAM>

State 22 <SV = 13> <Delay = 7.80>
ST_22 : Operation 119 [1/2] (3.25ns)   --->   "%X_load = load i64* %X_addr_4, align 8" [../Desktop/quantTest/sum.c:170]   --->   Operation 119 'load' 'X_load' <Predicate = true> <Delay = 3.25> <Core = "RAM">   --->   Core 37 'RAM' <Latency = 1> <II = 1> <Delay = 2.15> <Storage> <Opcode : 'load' 'store'> <Ports = 2> <Width = 64> <Depth = 6> <RAM>
ST_22 : Operation 120 [1/1] (0.00ns)   --->   "%tmp_99 = trunc i64 %s_1 to i38" [../Desktop/quantTest/sum.c:145]   --->   Operation 120 'trunc' 'tmp_99' <Predicate = true> <Delay = 0.00>
ST_22 : Operation 121 [1/1] (0.00ns)   --->   "%tmp_100 = trunc i64 %X_load to i38" [../Desktop/quantTest/sum.c:170]   --->   Operation 121 'trunc' 'tmp_100' <Predicate = true> <Delay = 0.00>
ST_22 : Operation 122 [1/1] (0.00ns)   --->   "%tmp_101 = trunc i64 %s_1 to i37" [../Desktop/quantTest/sum.c:145]   --->   Operation 122 'trunc' 'tmp_101' <Predicate = true> <Delay = 0.00>
ST_22 : Operation 123 [1/1] (0.00ns)   --->   "%tmp_102 = trunc i64 %X_load to i37" [../Desktop/quantTest/sum.c:170]   --->   Operation 123 'trunc' 'tmp_102' <Predicate = true> <Delay = 0.00>
ST_22 : Operation 124 [1/1] (3.56ns)   --->   "%s_13 = add nsw i64 %s_1, %X_load" [../Desktop/quantTest/sum.c:170]   --->   Operation 124 'add' 's_13' <Predicate = true> <Delay = 3.56> <Core = "AddSub">   --->   Core 14 'AddSub' <Latency = 0> <II = 1> <Delay = 1.94> <FuncUnit> <Opcode : 'add' 'sub'> <InPorts = 2> <OutPorts = 1>
ST_22 : Operation 125 [1/1] (2.81ns)   --->   "%s_5 = add i37 %tmp_102, %tmp_101" [../Desktop/quantTest/sum.c:170]   --->   Operation 125 'add' 's_5' <Predicate = true> <Delay = 2.81> <Core = "AddSub">   --->   Core 14 'AddSub' <Latency = 0> <II = 1> <Delay = 1.94> <FuncUnit> <Opcode : 'add' 'sub'> <InPorts = 2> <OutPorts = 1>
ST_22 : Operation 126 [1/1] (2.83ns)   --->   "%s_18_cast = add i38 %tmp_100, %tmp_99" [../Desktop/quantTest/sum.c:170]   --->   Operation 126 'add' 's_18_cast' <Predicate = true> <Delay = 2.83> <Core = "AddSub">   --->   Core 14 'AddSub' <Latency = 0> <II = 1> <Delay = 1.94> <FuncUnit> <Opcode : 'add' 'sub'> <InPorts = 2> <OutPorts = 1>
ST_22 : Operation 127 [1/1] (0.00ns) (grouped into LUT with out node s_2)   --->   "%tmp_103 = call i1 @_ssdm_op_BitSelect.i1.i38.i32(i38 %s_18_cast, i32 37)" [../Desktop/quantTest/sum.c:171]   --->   Operation 127 'bitselect' 'tmp_103' <Predicate = true> <Delay = 0.00>
ST_22 : Operation 128 [1/1] (0.00ns) (grouped into LUT with out node s_2)   --->   "%s_14 = or i64 %s_13, -137438953472" [../Desktop/quantTest/sum.c:172]   --->   Operation 128 'or' 's_14' <Predicate = true> <Delay = 0.00>
ST_22 : Operation 129 [1/1] (0.00ns) (grouped into LUT with out node s_2)   --->   "%s_20_cast = zext i37 %s_5 to i64" [../Desktop/quantTest/sum.c:174]   --->   Operation 129 'zext' 's_20_cast' <Predicate = true> <Delay = 0.00>
ST_22 : Operation 130 [1/1] (0.98ns) (out node of the LUT)   --->   "%s_2 = select i1 %tmp_103, i64 %s_14, i64 %s_20_cast" [../Desktop/quantTest/sum.c:171]   --->   Operation 130 'select' 's_2' <Predicate = true> <Delay = 0.98> <Core = "Sel">   --->   Core 26 'Sel' <Latency = 0> <II = 1> <Delay = 0.98> <FuncUnit> <Opcode : 'select'> <InPorts = 3> <OutPorts = 1>
ST_22 : Operation 131 [1/1] (0.00ns)   --->   "br label %3" [../Desktop/quantTest/sum.c:153]   --->   Operation 131 'br' <Predicate = true> <Delay = 0.00>


============================================================
+ Verbose Summary: Timing violations
============================================================
Target clock period: 10ns, clock uncertainty: 1.25ns.

 <State 1>: 1.66ns
The critical path consists of the following:
	multiplexor before 'phi' operation ('indvars_iv1', ../Desktop/quantTest/sum.c:141) with incoming values : ('indvars_iv_next2', ../Desktop/quantTest/sum.c:141) [5]  (1.66 ns)

 <State 2>: 3.26ns
The critical path consists of the following:
	'phi' operation ('indvars_iv1', ../Desktop/quantTest/sum.c:141) with incoming values : ('indvars_iv_next2', ../Desktop/quantTest/sum.c:141) [5]  (0 ns)
	'getelementptr' operation ('X_addr', ../Desktop/quantTest/sum.c:144) [17]  (0 ns)
	'load' operation ('s', ../Desktop/quantTest/sum.c:144) on array 'X' [18]  (3.26 ns)

 <State 3>: 4.24ns
The critical path consists of the following:
	'load' operation ('s', ../Desktop/quantTest/sum.c:144) on array 'X' [18]  (3.26 ns)
	'select' operation ('s', ../Desktop/quantTest/sum.c:145) [23]  (0.987 ns)

 <State 4>: 5.94ns
The critical path consists of the following:
	'phi' operation ('ixstart', ../Desktop/quantTest/sum.c:160) with incoming values : ('p_s', ../Desktop/quantTest/sum.c:165) ('ixstart_21_cast', ../Desktop/quantTest/sum.c:162) ('ixstart_20_cast', ../Desktop/quantTest/sum.c:160) [28]  (0 ns)
	'add' operation ('ixstart', ../Desktop/quantTest/sum.c:164) [42]  (2.7 ns)
	'icmp' operation ('tmp_70', ../Desktop/quantTest/sum.c:165) [43]  (2.44 ns)
	'select' operation ('p_s', ../Desktop/quantTest/sum.c:165) [45]  (0.796 ns)

 <State 5>: 3.06ns
The critical path consists of the following:
	'urem' operation ('tmp_68', ../Desktop/quantTest/sum.c:162) [48]  (3.06 ns)

 <State 6>: 3.06ns
The critical path consists of the following:
	'urem' operation ('tmp_68', ../Desktop/quantTest/sum.c:162) [48]  (3.06 ns)

 <State 7>: 3.06ns
The critical path consists of the following:
	'urem' operation ('tmp_68', ../Desktop/quantTest/sum.c:162) [48]  (3.06 ns)

 <State 8>: 3.06ns
The critical path consists of the following:
	'urem' operation ('tmp_68', ../Desktop/quantTest/sum.c:162) [48]  (3.06 ns)

 <State 9>: 3.06ns
The critical path consists of the following:
	'urem' operation ('tmp_68', ../Desktop/quantTest/sum.c:162) [48]  (3.06 ns)

 <State 10>: 3.06ns
The critical path consists of the following:
	'urem' operation ('tmp_68', ../Desktop/quantTest/sum.c:162) [48]  (3.06 ns)

 <State 11>: 3.69ns
The critical path consists of the following:
	'mul' operation ('mul4', ../Desktop/quantTest/sum.c:162) [56]  (3.69 ns)

 <State 12>: 6.61ns
The critical path consists of the following:
	'urem' operation ('tmp_68', ../Desktop/quantTest/sum.c:162) [48]  (3.06 ns)
	'sub' operation ('tmp_69', ../Desktop/quantTest/sum.c:162) [54]  (0 ns)
	'add' operation ('ixstart', ../Desktop/quantTest/sum.c:162) [60]  (3.54 ns)

 <State 13>: 3.06ns
The critical path consists of the following:
	'urem' operation ('tmp_65', ../Desktop/quantTest/sum.c:160) [64]  (3.06 ns)

 <State 14>: 3.06ns
The critical path consists of the following:
	'urem' operation ('tmp_65', ../Desktop/quantTest/sum.c:160) [64]  (3.06 ns)

 <State 15>: 3.06ns
The critical path consists of the following:
	'urem' operation ('tmp_65', ../Desktop/quantTest/sum.c:160) [64]  (3.06 ns)

 <State 16>: 3.06ns
The critical path consists of the following:
	'urem' operation ('tmp_65', ../Desktop/quantTest/sum.c:160) [64]  (3.06 ns)

 <State 17>: 3.06ns
The critical path consists of the following:
	'urem' operation ('tmp_65', ../Desktop/quantTest/sum.c:160) [64]  (3.06 ns)

 <State 18>: 3.06ns
The critical path consists of the following:
	'urem' operation ('tmp_65', ../Desktop/quantTest/sum.c:160) [64]  (3.06 ns)

 <State 19>: 3.69ns
The critical path consists of the following:
	'mul' operation ('mul', ../Desktop/quantTest/sum.c:160) [72]  (3.69 ns)

 <State 20>: 6.61ns
The critical path consists of the following:
	'urem' operation ('tmp_65', ../Desktop/quantTest/sum.c:160) [64]  (3.06 ns)
	'sub' operation ('tmp_66', ../Desktop/quantTest/sum.c:160) [70]  (0 ns)
	'add' operation ('ixstart', ../Desktop/quantTest/sum.c:160) [76]  (3.54 ns)

 <State 21>: 3.26ns
The critical path consists of the following:
	'phi' operation ('ixstart_4', ../Desktop/quantTest/sum.c:160) with incoming values : ('p_s', ../Desktop/quantTest/sum.c:165) ('ixstart_21_cast', ../Desktop/quantTest/sum.c:162) ('ixstart_20_cast', ../Desktop/quantTest/sum.c:160) [80]  (0 ns)
	'getelementptr' operation ('X_addr_4', ../Desktop/quantTest/sum.c:170) [82]  (0 ns)
	'load' operation ('X_load', ../Desktop/quantTest/sum.c:170) on array 'X' [83]  (3.26 ns)

 <State 22>: 7.8ns
The critical path consists of the following:
	'load' operation ('X_load', ../Desktop/quantTest/sum.c:170) on array 'X' [83]  (3.26 ns)
	'add' operation ('s', ../Desktop/quantTest/sum.c:170) [88]  (3.56 ns)
	'or' operation ('s', ../Desktop/quantTest/sum.c:172) [92]  (0 ns)
	'select' operation ('s', ../Desktop/quantTest/sum.c:171) [94]  (0.987 ns)


============================================================
+ Verbose Summary: Binding
============================================================
N/A
* FSMD analyzer results:
  - Output states:
 - Input state : 
  - Chain level:
	State 1
	State 2
	State 3
	State 4
	State 5
	State 6
	State 7
	State 8
	State 9
	State 10
	State 11
	State 12
	State 13
	State 14
	State 15
	State 16
	State 17
	State 18
	State 19
	State 20
	State 21
	State 22


============================================================
+ Verbose Summary: Datapath Resource usage 
============================================================
N/A
