INFO: [VRFC 10-2263] Analyzing Verilog file "/home/tyrian/nnproject/lenet58BitFloatMod/lenet58BitFloatMod.sim/sim_1/impl/timing/xsim/tb_lenet5_time_impl.v" into library xil_defaultlib
INFO: [VRFC 10-311] analyzing module RAM32X1S_UNIQ_BASE_
INFO: [VRFC 10-311] analyzing module RAM32X1S_HD447
INFO: [VRFC 10-311] analyzing module RAM32X1S_HD448
INFO: [VRFC 10-311] analyzing module RAM32X1S_HD449
INFO: [VRFC 10-311] analyzing module RAM32X1S_HD450
INFO: [VRFC 10-311] analyzing module RAM32X1S_HD451
INFO: [VRFC 10-311] analyzing module RAM32X1S_HD452
INFO: [VRFC 10-311] analyzing module RAM32X1S_HD453
INFO: [VRFC 10-311] analyzing module RAM32X1S_HD454
INFO: [VRFC 10-311] analyzing module RAM32X1S_HD455
INFO: [VRFC 10-311] analyzing module RAM32X1S_HD456
INFO: [VRFC 10-311] analyzing module RAM32X1S_HD457
INFO: [VRFC 10-311] analyzing module RAM32X1S_HD458
INFO: [VRFC 10-311] analyzing module RAM32X1S_HD459
INFO: [VRFC 10-311] analyzing module RAM32X1S_HD460
INFO: [VRFC 10-311] analyzing module RAM32X1S_HD461
INFO: [VRFC 10-311] analyzing module RAM32X1S_HD462
INFO: [VRFC 10-311] analyzing module RAM32X1S_HD463
INFO: [VRFC 10-311] analyzing module RAM32X1S_HD464
INFO: [VRFC 10-311] analyzing module RAM32X1S_HD465
INFO: [VRFC 10-311] analyzing module RAM32X1S_HD466
INFO: [VRFC 10-311] analyzing module RAM32X1S_HD467
INFO: [VRFC 10-311] analyzing module RAM32X1S_HD468
INFO: [VRFC 10-311] analyzing module RAM32X1S_HD469
INFO: [VRFC 10-311] analyzing module RAM32X1S_HD470
INFO: [VRFC 10-311] analyzing module RAM32X1S_HD471
INFO: [VRFC 10-311] analyzing module RAM32X1S_HD472
INFO: [VRFC 10-311] analyzing module RAM32X1S_HD473
INFO: [VRFC 10-311] analyzing module RAM32X1S_HD474
INFO: [VRFC 10-311] analyzing module RAM32X1S_HD475
INFO: [VRFC 10-311] analyzing module RAM32X1S_HD476
INFO: [VRFC 10-311] analyzing module RAM32X1S_HD477
INFO: [VRFC 10-311] analyzing module RAM32X1S_HD478
INFO: [VRFC 10-311] analyzing module RAM32X1S_HD479
INFO: [VRFC 10-311] analyzing module RAM32X1S_HD480
INFO: [VRFC 10-311] analyzing module RAM32X1S_HD481
INFO: [VRFC 10-311] analyzing module RAM32X1S_HD482
INFO: [VRFC 10-311] analyzing module RAM32X1S_HD483
INFO: [VRFC 10-311] analyzing module RAM32X1S_HD484
INFO: [VRFC 10-311] analyzing module RAM32X1S_HD485
INFO: [VRFC 10-311] analyzing module RAM32X1S_HD486
INFO: [VRFC 10-311] analyzing module RAM32X1S_HD487
INFO: [VRFC 10-311] analyzing module RAM32X1S_HD488
INFO: [VRFC 10-311] analyzing module RAM32X1S_HD489
INFO: [VRFC 10-311] analyzing module RAM32X1S_HD490
INFO: [VRFC 10-311] analyzing module RAM32X1S_HD491
INFO: [VRFC 10-311] analyzing module RAM32X1S_HD492
INFO: [VRFC 10-311] analyzing module RAM32X1S_HD493
INFO: [VRFC 10-311] analyzing module RAM32X1S_HD494
INFO: [VRFC 10-311] analyzing module RAM32X1S_HD495
INFO: [VRFC 10-311] analyzing module RAM32X1S_HD496
INFO: [VRFC 10-311] analyzing module RAM32X1S_HD497
INFO: [VRFC 10-311] analyzing module RAM32X1S_HD498
INFO: [VRFC 10-311] analyzing module RAM32X1S_HD499
INFO: [VRFC 10-311] analyzing module RAM32X1S_HD500
INFO: [VRFC 10-311] analyzing module RAM32X1S_HD501
INFO: [VRFC 10-311] analyzing module RAM32X1S_HD502
INFO: [VRFC 10-311] analyzing module RAM32X1S_HD503
INFO: [VRFC 10-311] analyzing module RAM32X1S_HD504
INFO: [VRFC 10-311] analyzing module RAM32X1S_HD505
INFO: [VRFC 10-311] analyzing module RAM32X1S_HD506
INFO: [VRFC 10-311] analyzing module RAM32X1S_HD507
INFO: [VRFC 10-311] analyzing module RAM32X1S_HD508
INFO: [VRFC 10-311] analyzing module RAM32X1S_HD509
INFO: [VRFC 10-311] analyzing module RAM32X1S_HD510
INFO: [VRFC 10-311] analyzing module RAM32X1S_HD511
INFO: [VRFC 10-311] analyzing module RAM32X1S_HD512
INFO: [VRFC 10-311] analyzing module RAM32X1S_HD513
INFO: [VRFC 10-311] analyzing module RAM32X1S_HD514
INFO: [VRFC 10-311] analyzing module RAM32X1S_HD515
INFO: [VRFC 10-311] analyzing module RAM32X1S_HD516
INFO: [VRFC 10-311] analyzing module RAM32X1S_HD517
INFO: [VRFC 10-311] analyzing module RAM32X1S_HD518
INFO: [VRFC 10-311] analyzing module RAM32X1S_HD519
INFO: [VRFC 10-311] analyzing module RAM32X1S_HD520
INFO: [VRFC 10-311] analyzing module RAM32X1S_HD521
INFO: [VRFC 10-311] analyzing module RAM32X1S_HD522
INFO: [VRFC 10-311] analyzing module RAM32X1S_HD523
INFO: [VRFC 10-311] analyzing module RAM32X1S_HD524
INFO: [VRFC 10-311] analyzing module RAM32X1S_HD525
INFO: [VRFC 10-311] analyzing module RAM32X1S_HD526
INFO: [VRFC 10-311] analyzing module RAM32X1S_HD527
INFO: [VRFC 10-311] analyzing module RAM32X1S_HD528
INFO: [VRFC 10-311] analyzing module RAM32X1S_HD529
INFO: [VRFC 10-311] analyzing module RAM32X1S_HD530
INFO: [VRFC 10-311] analyzing module RAM32X1S_HD531
INFO: [VRFC 10-311] analyzing module RAM32X1S_HD532
INFO: [VRFC 10-311] analyzing module RAM32X1S_HD533
INFO: [VRFC 10-311] analyzing module RAM32X1S_HD534
INFO: [VRFC 10-311] analyzing module RAM32X1S_HD535
INFO: [VRFC 10-311] analyzing module RAM32X1S_HD536
INFO: [VRFC 10-311] analyzing module RAM32X1S_HD537
INFO: [VRFC 10-311] analyzing module RAM32X1S_HD538
INFO: [VRFC 10-311] analyzing module RAM32X1S_HD539
INFO: [VRFC 10-311] analyzing module RAM32X1S_HD540
INFO: [VRFC 10-311] analyzing module RAM32X1S_HD541
INFO: [VRFC 10-311] analyzing module RAM32X1S_HD542
INFO: [VRFC 10-311] analyzing module RAM32X1S_HD543
INFO: [VRFC 10-311] analyzing module RAM32X1S_HD544
INFO: [VRFC 10-311] analyzing module RAM32X1S_HD545
INFO: [VRFC 10-311] analyzing module RAM32X1S_HD546
INFO: [VRFC 10-311] analyzing module RAM32X1S_HD547
INFO: [VRFC 10-311] analyzing module RAM32X1S_HD548
INFO: [VRFC 10-311] analyzing module RAM32X1S_HD549
INFO: [VRFC 10-311] analyzing module RAM32X1S_HD550
INFO: [VRFC 10-311] analyzing module RAM32X1S_HD551
INFO: [VRFC 10-311] analyzing module RAM32X1S_HD552
INFO: [VRFC 10-311] analyzing module RAM32X1S_HD553
INFO: [VRFC 10-311] analyzing module RAM32X1S_HD554
INFO: [VRFC 10-311] analyzing module RAM32X1S_HD555
INFO: [VRFC 10-311] analyzing module RAM32X1S_HD556
INFO: [VRFC 10-311] analyzing module RAM32X1S_HD557
INFO: [VRFC 10-311] analyzing module RAM32X1S_HD558
INFO: [VRFC 10-311] analyzing module RAM32X1S_HD559
INFO: [VRFC 10-311] analyzing module RAM32X1S_HD560
INFO: [VRFC 10-311] analyzing module RAM32X1S_HD561
INFO: [VRFC 10-311] analyzing module RAM32X1S_HD562
INFO: [VRFC 10-311] analyzing module RAM32X1S_HD563
INFO: [VRFC 10-311] analyzing module RAM32X1S_HD564
INFO: [VRFC 10-311] analyzing module RAM32X1S_HD565
INFO: [VRFC 10-311] analyzing module RAM32X1S_HD566
INFO: [VRFC 10-311] analyzing module RAM32X1S_HD567
INFO: [VRFC 10-311] analyzing module RAM32X1S_HD568
INFO: [VRFC 10-311] analyzing module RAM32X1S_HD569
INFO: [VRFC 10-311] analyzing module RAM32X1S_HD570
INFO: [VRFC 10-311] analyzing module RAM32X1S_HD571
INFO: [VRFC 10-311] analyzing module RAM32X1S_HD572
INFO: [VRFC 10-311] analyzing module RAM32X1S_HD573
INFO: [VRFC 10-311] analyzing module RAM32X1S_HD574
INFO: [VRFC 10-311] analyzing module RAM32X1S_HD575
INFO: [VRFC 10-311] analyzing module RAM32X1S_HD576
INFO: [VRFC 10-311] analyzing module RAM32X1S_HD577
INFO: [VRFC 10-311] analyzing module RAM32X1S_HD578
INFO: [VRFC 10-311] analyzing module RAM32X1S_HD579
INFO: [VRFC 10-311] analyzing module RAM32X1S_HD580
INFO: [VRFC 10-311] analyzing module RAM32X1S_HD581
INFO: [VRFC 10-311] analyzing module RAM32X1S_HD582
INFO: [VRFC 10-311] analyzing module RAM32X1S_HD583
INFO: [VRFC 10-311] analyzing module RAM32X1S_HD584
INFO: [VRFC 10-311] analyzing module RAM32X1S_HD585
INFO: [VRFC 10-311] analyzing module RAM32X1S_HD586
INFO: [VRFC 10-311] analyzing module RAM32X1S_HD587
INFO: [VRFC 10-311] analyzing module RAM32X1S_HD588
INFO: [VRFC 10-311] analyzing module RAM32X1S_HD589
INFO: [VRFC 10-311] analyzing module RAM32X1S_HD590
INFO: [VRFC 10-311] analyzing module RAM32X1S_HD591
INFO: [VRFC 10-311] analyzing module RAM32X1S_HD592
INFO: [VRFC 10-311] analyzing module RAM32X1S_HD593
INFO: [VRFC 10-311] analyzing module RAM32X1S_HD594
INFO: [VRFC 10-311] analyzing module RAM32X1S_HD595
INFO: [VRFC 10-311] analyzing module RAM32X1S_HD596
INFO: [VRFC 10-311] analyzing module RAM32X1S_HD597
INFO: [VRFC 10-311] analyzing module RAM32X1S_HD598
INFO: [VRFC 10-311] analyzing module RAM32X1S_HD599
INFO: [VRFC 10-311] analyzing module RAM32X1S_HD600
INFO: [VRFC 10-311] analyzing module RAM32X1S_HD601
INFO: [VRFC 10-311] analyzing module RAM32X1S_HD602
INFO: [VRFC 10-311] analyzing module RAM32X1S_HD603
INFO: [VRFC 10-311] analyzing module RAM32X1S_HD604
INFO: [VRFC 10-311] analyzing module RAM32X1S_HD605
INFO: [VRFC 10-311] analyzing module RAM32X1S_HD606
INFO: [VRFC 10-311] analyzing module RAM32X1S_HD607
INFO: [VRFC 10-311] analyzing module RAM32X1S_HD608
INFO: [VRFC 10-311] analyzing module RAM32X1S_HD609
INFO: [VRFC 10-311] analyzing module RAM32X1S_HD610
INFO: [VRFC 10-311] analyzing module RAM32X1S_HD611
INFO: [VRFC 10-311] analyzing module RAM32X1S_HD612
INFO: [VRFC 10-311] analyzing module RAM32X1S_HD613
INFO: [VRFC 10-311] analyzing module RAM32X1S_HD614
INFO: [VRFC 10-311] analyzing module RAM32X1S_HD615
INFO: [VRFC 10-311] analyzing module RAM32X1S_HD616
INFO: [VRFC 10-311] analyzing module RAM32X1S_HD617
INFO: [VRFC 10-311] analyzing module RAM32X1S_HD618
INFO: [VRFC 10-311] analyzing module RAM32X1S_HD619
INFO: [VRFC 10-311] analyzing module RAM32X1S_HD620
INFO: [VRFC 10-311] analyzing module RAM32X1S_HD621
INFO: [VRFC 10-311] analyzing module RAM32X1S_HD622
INFO: [VRFC 10-311] analyzing module RAM32X1S_HD623
INFO: [VRFC 10-311] analyzing module RAM32X1S_HD624
INFO: [VRFC 10-311] analyzing module RAM32X1S_HD625
INFO: [VRFC 10-311] analyzing module RAM32X1S_HD626
INFO: [VRFC 10-311] analyzing module RAM32X1S_HD627
INFO: [VRFC 10-311] analyzing module RAM32X1S_HD628
INFO: [VRFC 10-311] analyzing module RAM32X1S_HD629
INFO: [VRFC 10-311] analyzing module RAM32X1S_HD630
INFO: [VRFC 10-311] analyzing module RAM32X1S_HD631
INFO: [VRFC 10-311] analyzing module RAM32X1S_HD632
INFO: [VRFC 10-311] analyzing module RAM32X1S_HD633
INFO: [VRFC 10-311] analyzing module RAM32X1S_HD634
INFO: [VRFC 10-311] analyzing module RAM32X1S_HD635
INFO: [VRFC 10-311] analyzing module RAM32X1S_HD636
INFO: [VRFC 10-311] analyzing module RAM32X1S_HD637
INFO: [VRFC 10-311] analyzing module RAM32X1S_HD638
INFO: [VRFC 10-311] analyzing module RAM32X1S_HD639
INFO: [VRFC 10-311] analyzing module RAM32X1S_HD640
INFO: [VRFC 10-311] analyzing module RAM32X1S_HD641
INFO: [VRFC 10-311] analyzing module RAM32X1S_HD642
INFO: [VRFC 10-311] analyzing module RAM32X1S_HD643
INFO: [VRFC 10-311] analyzing module RAM32X1S_HD644
INFO: [VRFC 10-311] analyzing module RAM32X1S_HD645
INFO: [VRFC 10-311] analyzing module RAM32X1S_HD646
INFO: [VRFC 10-311] analyzing module RAM32X1S_HD647
INFO: [VRFC 10-311] analyzing module RAM32X1S_HD648
INFO: [VRFC 10-311] analyzing module RAM32X1S_HD649
INFO: [VRFC 10-311] analyzing module RAM32X1S_HD650
INFO: [VRFC 10-311] analyzing module RAM32X1S_HD651
INFO: [VRFC 10-311] analyzing module RAM32X1S_HD652
INFO: [VRFC 10-311] analyzing module RAM32X1S_HD653
INFO: [VRFC 10-311] analyzing module RAM32X1S_HD654
INFO: [VRFC 10-311] analyzing module RAM32X1S_HD655
INFO: [VRFC 10-311] analyzing module RAM32X1S_HD656
INFO: [VRFC 10-311] analyzing module RAM32X1S_HD657
INFO: [VRFC 10-311] analyzing module RAM32X1S_HD658
INFO: [VRFC 10-311] analyzing module RAM32X1S_HD659
INFO: [VRFC 10-311] analyzing module RAM32X1S_HD660
INFO: [VRFC 10-311] analyzing module RAM32X1S_HD661
INFO: [VRFC 10-311] analyzing module RAM32X1S_HD662
INFO: [VRFC 10-311] analyzing module RAM32X1S_HD663
INFO: [VRFC 10-311] analyzing module RAM32X1S_HD664
INFO: [VRFC 10-311] analyzing module RAM32X1S_HD665
INFO: [VRFC 10-311] analyzing module RAM32X1S_HD666
INFO: [VRFC 10-311] analyzing module RAM32X1S_HD667
INFO: [VRFC 10-311] analyzing module RAM32X1S_HD668
INFO: [VRFC 10-311] analyzing module RAM32X1S_HD669
INFO: [VRFC 10-311] analyzing module blk_mem_gen_0
INFO: [VRFC 10-311] analyzing module c_sum
INFO: [VRFC 10-311] analyzing module d_sum
INFO: [VRFC 10-311] analyzing module f_sum
INFO: [VRFC 10-311] analyzing module g_sum
INFO: [VRFC 10-311] analyzing module imgROM
INFO: [VRFC 10-311] analyzing module lenet5top
INFO: [VRFC 10-311] analyzing module lenetSynthMatlab
INFO: [VRFC 10-311] analyzing module lenetSynthMatlab_0
INFO: [VRFC 10-311] analyzing module lenetSynthMatlab_Aem
INFO: [VRFC 10-311] analyzing module lenetSynthMatlab_Aem_ram
INFO: [VRFC 10-311] analyzing module lenetSynthMatlab_CeG
INFO: [VRFC 10-311] analyzing module lenetSynthMatlab_CeG_ram
INFO: [VRFC 10-311] analyzing module lenetSynthMatlab_DeQ
INFO: [VRFC 10-311] analyzing module lenetSynthMatlab_Ee0
INFO: [VRFC 10-311] analyzing module lenetSynthMatlab_Ffa
INFO: [VRFC 10-311] analyzing module lenetSynthMatlab_ap_fadd_0_full_dsp_32
INFO: [VRFC 10-311] analyzing module lenetSynthMatlab_ap_fadd_0_full_dsp_32_117
INFO: [VRFC 10-311] analyzing module lenetSynthMatlab_ap_fadd_0_full_dsp_32_21
INFO: [VRFC 10-311] analyzing module lenetSynthMatlab_ap_fadd_0_full_dsp_32_45
INFO: [VRFC 10-311] analyzing module lenetSynthMatlab_ap_fadd_0_full_dsp_32_69
INFO: [VRFC 10-311] analyzing module lenetSynthMatlab_ap_fadd_0_full_dsp_32_93
INFO: [VRFC 10-311] analyzing module lenetSynthMatlab_ap_fcmp_0_no_dsp_32
INFO: [VRFC 10-311] analyzing module lenetSynthMatlab_ap_fmul_0_max_dsp_32
INFO: [VRFC 10-311] analyzing module lenetSynthMatlab_ap_uitofp_0_no_dsp_32
INFO: [VRFC 10-311] analyzing module lenetSynthMatlab_bkb
INFO: [VRFC 10-311] analyzing module lenetSynthMatlab_bkb_116
INFO: [VRFC 10-311] analyzing module lenetSynthMatlab_bkb_20
INFO: [VRFC 10-311] analyzing module lenetSynthMatlab_bkb_44
INFO: [VRFC 10-311] analyzing module lenetSynthMatlab_bkb_68
INFO: [VRFC 10-311] analyzing module lenetSynthMatlab_bkb_92
INFO: [VRFC 10-311] analyzing module lenetSynthMatlab_cud
INFO: [VRFC 10-311] analyzing module lenetSynthMatlab_cud_rom
INFO: [VRFC 10-311] analyzing module lenetSynthMatlab_dEe
INFO: [VRFC 10-311] analyzing module lenetSynthMatlab_dEe_rom
INFO: [VRFC 10-311] analyzing module lenetSynthMatlab_eOg
INFO: [VRFC 10-311] analyzing module lenetSynthMatlab_eOg_rom
INFO: [VRFC 10-311] analyzing module lenetSynthMatlab_fYi
INFO: [VRFC 10-311] analyzing module lenetSynthMatlab_fYi_rom
INFO: [VRFC 10-311] analyzing module lenetSynthMatlab_g8j
INFO: [VRFC 10-311] analyzing module lenetSynthMatlab_g8j_rom
INFO: [VRFC 10-311] analyzing module lenetSynthMatlab_ibs
INFO: [VRFC 10-311] analyzing module lenetSynthMatlab_ibs_rom
INFO: [VRFC 10-311] analyzing module lenetSynthMatlab_jbC
INFO: [VRFC 10-311] analyzing module lenetSynthMatlab_jbC_rom
INFO: [VRFC 10-311] analyzing module lenetSynthMatlab_kbM
INFO: [VRFC 10-311] analyzing module lenetSynthMatlab_kbM_rom
INFO: [VRFC 10-311] analyzing module lenetSynthMatlab_lbW
INFO: [VRFC 10-311] analyzing module lenetSynthMatlab_lbW_rom
INFO: [VRFC 10-311] analyzing module lenetSynthMatlab_mb6
INFO: [VRFC 10-311] analyzing module lenetSynthMatlab_mb6_ram
INFO: [VRFC 10-311] analyzing module lenetSynthMatlab_ncg
INFO: [VRFC 10-311] analyzing module lenetSynthMatlab_ncg_ram
INFO: [VRFC 10-311] analyzing module lenetSynthMatlab_ocq
INFO: [VRFC 10-311] analyzing module lenetSynthMatlab_ocq_ram
INFO: [VRFC 10-311] analyzing module lenetSynthMatlab_pcA
INFO: [VRFC 10-311] analyzing module lenetSynthMatlab_pcA_ram
INFO: [VRFC 10-311] analyzing module lenetSynthMatlab_qcK
INFO: [VRFC 10-311] analyzing module lenetSynthMatlab_qcK_ram
INFO: [VRFC 10-311] analyzing module lenetSynthMatlab_rcU
INFO: [VRFC 10-311] analyzing module lenetSynthMatlab_rcU_0
INFO: [VRFC 10-311] analyzing module lenetSynthMatlab_rcU_ram
INFO: [VRFC 10-311] analyzing module lenetSynthMatlab_rcU_ram_141
INFO: [VRFC 10-311] analyzing module lenetSynthMatlab_sc4
INFO: [VRFC 10-311] analyzing module lenetSynthMatlab_sc4_ram
INFO: [VRFC 10-311] analyzing module lenetSynthMatlab_tde
INFO: [VRFC 10-311] analyzing module lenetSynthMatlab_tde_ram
INFO: [VRFC 10-311] analyzing module lenetSynthMatlab_udo
INFO: [VRFC 10-311] analyzing module lenetSynthMatlab_udo_ram
INFO: [VRFC 10-311] analyzing module lenetSynthMatlab_vdy
INFO: [VRFC 10-311] analyzing module lenetSynthMatlab_vdy_ram
INFO: [VRFC 10-311] analyzing module lenetSynthMatlab_wdI
INFO: [VRFC 10-311] analyzing module lenetSynthMatlab_wdI_ram
INFO: [VRFC 10-311] analyzing module lenetSynthMatlab_yd2
INFO: [VRFC 10-311] analyzing module lenetSynthMatlab_yd2_ram
INFO: [VRFC 10-311] analyzing module lenetSynthMatlab_zec
INFO: [VRFC 10-311] analyzing module lenetSynthMatlab_zec_1
INFO: [VRFC 10-311] analyzing module lenetSynthMatlab_zec_ram
INFO: [VRFC 10-311] analyzing module lenetSynthMatlab_zec_ram_140
INFO: [VRFC 10-311] analyzing module sum
INFO: [VRFC 10-311] analyzing module blk_mem_gen_generic_cstr
INFO: [VRFC 10-311] analyzing module blk_mem_gen_generic_cstr__parameterized0
INFO: [VRFC 10-311] analyzing module blk_mem_gen_prim_width
INFO: [VRFC 10-311] analyzing module blk_mem_gen_prim_width__parameterized0
INFO: [VRFC 10-311] analyzing module blk_mem_gen_prim_wrapper
INFO: [VRFC 10-311] analyzing module blk_mem_gen_prim_wrapper_init
INFO: [VRFC 10-311] analyzing module blk_mem_gen_top
INFO: [VRFC 10-311] analyzing module blk_mem_gen_top__parameterized0
INFO: [VRFC 10-311] analyzing module blk_mem_gen_v8_4_1
INFO: [VRFC 10-311] analyzing module blk_mem_gen_v8_4_1__parameterized1
INFO: [VRFC 10-311] analyzing module blk_mem_gen_v8_4_1_synth
INFO: [VRFC 10-311] analyzing module blk_mem_gen_v8_4_1_synth__parameterized0
INFO: [VRFC 10-311] analyzing module floating_point_v7_1_6
INFO: [VRFC 10-311] analyzing module floating_point_v7_1_6__1
INFO: [VRFC 10-311] analyzing module floating_point_v7_1_6__2
INFO: [VRFC 10-311] analyzing module floating_point_v7_1_6__3
INFO: [VRFC 10-311] analyzing module floating_point_v7_1_6__4
INFO: [VRFC 10-311] analyzing module floating_point_v7_1_6__5
INFO: [VRFC 10-311] analyzing module floating_point_v7_1_6__parameterized1
INFO: [VRFC 10-311] analyzing module floating_point_v7_1_6__parameterized3
INFO: [VRFC 10-311] analyzing module floating_point_v7_1_6__parameterized5
INFO: [VRFC 10-311] analyzing module align_add_dsp48e1_sgl
INFO: [VRFC 10-311] analyzing module align_add_dsp48e1_sgl_120
INFO: [VRFC 10-311] analyzing module align_add_dsp48e1_sgl_24
INFO: [VRFC 10-311] analyzing module align_add_dsp48e1_sgl_48
INFO: [VRFC 10-311] analyzing module align_add_dsp48e1_sgl_72
INFO: [VRFC 10-311] analyzing module align_add_dsp48e1_sgl_96
INFO: [VRFC 10-311] analyzing module carry_chain
INFO: [VRFC 10-311] analyzing module carry_chain_115
INFO: [VRFC 10-311] analyzing module carry_chain_139
INFO: [VRFC 10-311] analyzing module carry_chain_43
INFO: [VRFC 10-311] analyzing module carry_chain_67
INFO: [VRFC 10-311] analyzing module carry_chain_91
INFO: [VRFC 10-311] analyzing module carry_chain__parameterized0
INFO: [VRFC 10-311] analyzing module carry_chain__parameterized0_113
INFO: [VRFC 10-311] analyzing module carry_chain__parameterized0_137
INFO: [VRFC 10-311] analyzing module carry_chain__parameterized0_41
INFO: [VRFC 10-311] analyzing module carry_chain__parameterized0_65
INFO: [VRFC 10-311] analyzing module carry_chain__parameterized0_89
INFO: [VRFC 10-311] analyzing module carry_chain__parameterized1
INFO: [VRFC 10-311] analyzing module carry_chain__parameterized10
INFO: [VRFC 10-311] analyzing module carry_chain__parameterized11
INFO: [VRFC 10-311] analyzing module carry_chain__parameterized11_12
INFO: [VRFC 10-311] analyzing module carry_chain__parameterized12
INFO: [VRFC 10-311] analyzing module carry_chain__parameterized1_109
INFO: [VRFC 10-311] analyzing module carry_chain__parameterized1_11
INFO: [VRFC 10-311] analyzing module carry_chain__parameterized1_111
INFO: [VRFC 10-311] analyzing module carry_chain__parameterized1_133
INFO: [VRFC 10-311] analyzing module carry_chain__parameterized1_135
INFO: [VRFC 10-311] analyzing module carry_chain__parameterized1_17
INFO: [VRFC 10-311] analyzing module carry_chain__parameterized1_19
INFO: [VRFC 10-311] analyzing module carry_chain__parameterized1_37
INFO: [VRFC 10-311] analyzing module carry_chain__parameterized1_39
INFO: [VRFC 10-311] analyzing module carry_chain__parameterized1_5
INFO: [VRFC 10-311] analyzing module carry_chain__parameterized1_61
INFO: [VRFC 10-311] analyzing module carry_chain__parameterized1_63
INFO: [VRFC 10-311] analyzing module carry_chain__parameterized1_85
INFO: [VRFC 10-311] analyzing module carry_chain__parameterized1_87
INFO: [VRFC 10-311] analyzing module carry_chain__parameterized1_9
INFO: [VRFC 10-311] analyzing module carry_chain__parameterized2
INFO: [VRFC 10-311] analyzing module carry_chain__parameterized2_10
INFO: [VRFC 10-311] analyzing module carry_chain__parameterized2_107
INFO: [VRFC 10-311] analyzing module carry_chain__parameterized2_131
INFO: [VRFC 10-311] analyzing module carry_chain__parameterized2_35
INFO: [VRFC 10-311] analyzing module carry_chain__parameterized2_59
INFO: [VRFC 10-311] analyzing module carry_chain__parameterized2_83
INFO: [VRFC 10-311] analyzing module carry_chain__parameterized3
INFO: [VRFC 10-311] analyzing module carry_chain__parameterized3_103
INFO: [VRFC 10-311] analyzing module carry_chain__parameterized3_105
INFO: [VRFC 10-311] analyzing module carry_chain__parameterized3_127
INFO: [VRFC 10-311] analyzing module carry_chain__parameterized3_129
INFO: [VRFC 10-311] analyzing module carry_chain__parameterized3_3
INFO: [VRFC 10-311] analyzing module carry_chain__parameterized3_31
INFO: [VRFC 10-311] analyzing module carry_chain__parameterized3_33
INFO: [VRFC 10-311] analyzing module carry_chain__parameterized3_55
INFO: [VRFC 10-311] analyzing module carry_chain__parameterized3_57
INFO: [VRFC 10-311] analyzing module carry_chain__parameterized3_79
INFO: [VRFC 10-311] analyzing module carry_chain__parameterized3_81
INFO: [VRFC 10-311] analyzing module carry_chain__parameterized4
INFO: [VRFC 10-311] analyzing module carry_chain__parameterized5
INFO: [VRFC 10-311] analyzing module carry_chain__parameterized6
INFO: [VRFC 10-311] analyzing module carry_chain__parameterized6_13
INFO: [VRFC 10-311] analyzing module carry_chain__parameterized7
INFO: [VRFC 10-311] analyzing module carry_chain__parameterized8
INFO: [VRFC 10-311] analyzing module carry_chain__parameterized9
INFO: [VRFC 10-311] analyzing module compare
INFO: [VRFC 10-311] analyzing module compare_104
INFO: [VRFC 10-311] analyzing module compare_128
INFO: [VRFC 10-311] analyzing module compare_32
INFO: [VRFC 10-311] analyzing module compare_56
INFO: [VRFC 10-311] analyzing module compare_80
INFO: [VRFC 10-311] analyzing module compare_eq
INFO: [VRFC 10-311] analyzing module compare_eq_im
INFO: [VRFC 10-311] analyzing module compare_eq_im_114
INFO: [VRFC 10-311] analyzing module compare_eq_im_138
INFO: [VRFC 10-311] analyzing module compare_eq_im_42
INFO: [VRFC 10-311] analyzing module compare_eq_im_66
INFO: [VRFC 10-311] analyzing module compare_eq_im_90
INFO: [VRFC 10-311] analyzing module compare_eq_im__parameterized0
INFO: [VRFC 10-311] analyzing module compare_eq_im__parameterized0_108
INFO: [VRFC 10-311] analyzing module compare_eq_im__parameterized0_110
INFO: [VRFC 10-311] analyzing module compare_eq_im__parameterized0_132
INFO: [VRFC 10-311] analyzing module compare_eq_im__parameterized0_134
INFO: [VRFC 10-311] analyzing module compare_eq_im__parameterized0_16
INFO: [VRFC 10-311] analyzing module compare_eq_im__parameterized0_18
INFO: [VRFC 10-311] analyzing module compare_eq_im__parameterized0_36
INFO: [VRFC 10-311] analyzing module compare_eq_im__parameterized0_38
INFO: [VRFC 10-311] analyzing module compare_eq_im__parameterized0_4
INFO: [VRFC 10-311] analyzing module compare_eq_im__parameterized0_60
INFO: [VRFC 10-311] analyzing module compare_eq_im__parameterized0_62
INFO: [VRFC 10-311] analyzing module compare_eq_im__parameterized0_84
INFO: [VRFC 10-311] analyzing module compare_eq_im__parameterized0_86
INFO: [VRFC 10-311] analyzing module compare_eq_im__parameterized1
INFO: [VRFC 10-311] analyzing module compare_eq_im__parameterized2
INFO: [VRFC 10-311] analyzing module compare_eq_im__parameterized2_7
INFO: [VRFC 10-311] analyzing module compare_gt
INFO: [VRFC 10-311] analyzing module compare_gt_106
INFO: [VRFC 10-311] analyzing module compare_gt_130
INFO: [VRFC 10-311] analyzing module compare_gt_34
INFO: [VRFC 10-311] analyzing module compare_gt_58
INFO: [VRFC 10-311] analyzing module compare_gt_6
INFO: [VRFC 10-311] analyzing module compare_gt_82
INFO: [VRFC 10-311] analyzing module compare_ne_im
INFO: [VRFC 10-311] analyzing module compare_ne_im_8
INFO: [VRFC 10-311] analyzing module dsp48e1_wrapper
INFO: [VRFC 10-311] analyzing module dsp48e1_wrapper_112
INFO: [VRFC 10-311] analyzing module dsp48e1_wrapper_136
INFO: [VRFC 10-311] analyzing module dsp48e1_wrapper_40
INFO: [VRFC 10-311] analyzing module dsp48e1_wrapper_64
INFO: [VRFC 10-311] analyzing module dsp48e1_wrapper_88
INFO: [VRFC 10-311] analyzing module dsp48e1_wrapper__parameterized0
INFO: [VRFC 10-311] analyzing module dsp48e1_wrapper__parameterized0_100
INFO: [VRFC 10-311] analyzing module dsp48e1_wrapper__parameterized0_124
INFO: [VRFC 10-311] analyzing module dsp48e1_wrapper__parameterized0_28
INFO: [VRFC 10-311] analyzing module dsp48e1_wrapper__parameterized0_52
INFO: [VRFC 10-311] analyzing module dsp48e1_wrapper__parameterized0_76
INFO: [VRFC 10-311] analyzing module dsp48e1_wrapper__parameterized1
INFO: [VRFC 10-311] analyzing module dsp48e1_wrapper__parameterized2
INFO: [VRFC 10-311] analyzing module dsp48e1_wrapper__parameterized3
INFO: [VRFC 10-311] analyzing module fix_mult
INFO: [VRFC 10-311] analyzing module fix_mult_dsp48e1_sgl
INFO: [VRFC 10-311] analyzing module fix_to_flt_conv
INFO: [VRFC 10-311] analyzing module floating_point_v7_1_6_viv
INFO: [VRFC 10-311] analyzing module floating_point_v7_1_6_viv__1
INFO: [VRFC 10-311] analyzing module floating_point_v7_1_6_viv__2
INFO: [VRFC 10-311] analyzing module floating_point_v7_1_6_viv__3
INFO: [VRFC 10-311] analyzing module floating_point_v7_1_6_viv__4
INFO: [VRFC 10-311] analyzing module floating_point_v7_1_6_viv__5
INFO: [VRFC 10-311] analyzing module floating_point_v7_1_6_viv__parameterized1
INFO: [VRFC 10-311] analyzing module floating_point_v7_1_6_viv__parameterized3
INFO: [VRFC 10-311] analyzing module floating_point_v7_1_6_viv__parameterized5
INFO: [VRFC 10-311] analyzing module flt_add
INFO: [VRFC 10-311] analyzing module flt_add_118
INFO: [VRFC 10-311] analyzing module flt_add_22
INFO: [VRFC 10-311] analyzing module flt_add_46
INFO: [VRFC 10-311] analyzing module flt_add_70
INFO: [VRFC 10-311] analyzing module flt_add_94
INFO: [VRFC 10-311] analyzing module flt_add_dsp
INFO: [VRFC 10-311] analyzing module flt_add_dsp_119
INFO: [VRFC 10-311] analyzing module flt_add_dsp_23
INFO: [VRFC 10-311] analyzing module flt_add_dsp_47
INFO: [VRFC 10-311] analyzing module flt_add_dsp_71
INFO: [VRFC 10-311] analyzing module flt_add_dsp_95
INFO: [VRFC 10-311] analyzing module flt_add_exp_sp
INFO: [VRFC 10-311] analyzing module flt_add_exp_sp_121
INFO: [VRFC 10-311] analyzing module flt_add_exp_sp_25
INFO: [VRFC 10-311] analyzing module flt_add_exp_sp_49
INFO: [VRFC 10-311] analyzing module flt_add_exp_sp_73
INFO: [VRFC 10-311] analyzing module flt_add_exp_sp_97
INFO: [VRFC 10-311] analyzing module flt_mult
INFO: [VRFC 10-311] analyzing module flt_mult_exp
INFO: [VRFC 10-311] analyzing module flt_mult_round
INFO: [VRFC 10-311] analyzing module flt_round_bit
INFO: [VRFC 10-311] analyzing module flt_round_dsp_opt_full
INFO: [VRFC 10-311] analyzing module fp_cmp
INFO: [VRFC 10-311] analyzing module lead_zero_encode
INFO: [VRFC 10-311] analyzing module lead_zero_encode_shift
INFO: [VRFC 10-311] analyzing module lead_zero_encode_shift_123
INFO: [VRFC 10-311] analyzing module lead_zero_encode_shift_27
INFO: [VRFC 10-311] analyzing module lead_zero_encode_shift_51
INFO: [VRFC 10-311] analyzing module lead_zero_encode_shift_75
INFO: [VRFC 10-311] analyzing module lead_zero_encode_shift_99
INFO: [VRFC 10-311] analyzing module norm_and_round_dsp48e1_sgl
INFO: [VRFC 10-311] analyzing module norm_and_round_dsp48e1_sgl_122
INFO: [VRFC 10-311] analyzing module norm_and_round_dsp48e1_sgl_26
INFO: [VRFC 10-311] analyzing module norm_and_round_dsp48e1_sgl_50
INFO: [VRFC 10-311] analyzing module norm_and_round_dsp48e1_sgl_74
INFO: [VRFC 10-311] analyzing module norm_and_round_dsp48e1_sgl_98
INFO: [VRFC 10-311] analyzing module norm_zero_det
INFO: [VRFC 10-311] analyzing module renorm_and_round_logic
INFO: [VRFC 10-311] analyzing module special_detect
INFO: [VRFC 10-311] analyzing module special_detect_101
INFO: [VRFC 10-311] analyzing module special_detect_102
INFO: [VRFC 10-311] analyzing module special_detect_125
INFO: [VRFC 10-311] analyzing module special_detect_126
INFO: [VRFC 10-311] analyzing module special_detect_14
INFO: [VRFC 10-311] analyzing module special_detect_15
INFO: [VRFC 10-311] analyzing module special_detect_2
INFO: [VRFC 10-311] analyzing module special_detect_29
INFO: [VRFC 10-311] analyzing module special_detect_30
INFO: [VRFC 10-311] analyzing module special_detect_53
INFO: [VRFC 10-311] analyzing module special_detect_54
INFO: [VRFC 10-311] analyzing module special_detect_77
INFO: [VRFC 10-311] analyzing module special_detect_78
INFO: [VRFC 10-311] analyzing module glbl
