

================================================================
== Vivado HLS Report for 'lenetSynthMatlab_fixpt'
================================================================
* Date:           Mon Dec 10 15:19:46 2018

* Version:        2018.2 (Build 2258646 on Thu Jun 14 20:25:20 MDT 2018)
* Project:        hls8Bit16Quant
* Solution:       solution1
* Product family: artix7
* Target device:  xc7a100tcsg324-1


================================================================
== Performance Estimates
================================================================
+ Timing (ns): 
    * Summary: 
    +--------+-------+----------+------------+
    |  Clock | Target| Estimated| Uncertainty|
    +--------+-------+----------+------------+
    |ap_clk  |  10.00|     8.360|        1.25|
    +--------+-------+----------+------------+

+ Latency (clock cycles): 
    * Summary: 
    +---------+---------+---------+---------+---------+
    |      Latency      |      Interval     | Pipeline|
    |   min   |   max   |   min   |   max   |   Type  |
    +---------+---------+---------+---------+---------+
    |  2729254|  6861094|  2729254|  6861094|   none  |
    +---------+---------+---------+---------+---------+

    + Detail: 
        * Instance: 
        +------------------+-------+-------+-------+-------+-------+---------+
        |                  |       |    Latency    |    Interval   | Pipeline|
        |     Instance     | Module|  min  |  max  |  min  |  max  |   Type  |
        +------------------+-------+-------+-------+-------+-------+---------+
        |grp_c_sum_fu_618  |c_sum  |    781|   2311|    781|   2311|   none  |
        |grp_f_sum_fu_624  |f_sum  |   2161|   6721|   2161|   6721|   none  |
        |grp_g_sum_fu_630  |g_sum  |    241|    881|    241|    881|   none  |
        |grp_d_sum_fu_636  |d_sum  |     91|    283|     91|    283|   none  |
        |grp_sum_fu_642    |sum    |     76|    236|     76|    236|   none  |
        |grp_b_max_fu_648  |b_max  |  15737|  15737|  15737|  15737|   none  |
        |grp_d_max_fu_654  |d_max  |   5021|   5021|   5021|   5021|   none  |
        +------------------+-------+-------+-------+-------+-------+---------+

        * Loop: 
        +-----------------------------+---------+---------+-----------------+-----------+-----------+------+----------+
        |                             |      Latency      |    Iteration    |  Initiation Interval  | Trip |          |
        |          Loop Name          |   min   |   max   |     Latency     |  achieved |   target  | Count| Pipelined|
        +-----------------------------+---------+---------+-----------------+-----------+-----------+------+----------+
        |- Loop 1                     |   593052|  1345692|  98842 ~ 224282 |          -|          -|     6|    no    |
        | + Loop 1.1                  |    98840|   224280|   3530 ~ 8010   |          -|          -|    28|    no    |
        |  ++ Loop 1.1.1              |     3528|     8008|    126 ~ 286    |          -|          -|    28|    no    |
        |   +++ Loop 1.1.1.1          |       35|       35|                7|          -|          -|     5|    no    |
        |    ++++ Loop 1.1.1.1.1      |        5|        5|                1|          -|          -|     5|    no    |
        |   +++ Loop 1.1.1.2          |        8|        8|                2|          -|          -|     4|    no    |
        |- Loop 2                     |  1760352|  4515552| 110022 ~ 282222 |          -|          -|    16|    no    |
        | + Loop 2.1                  |   110020|   282220|  11002 ~ 28222  |          -|          -|    10|    no    |
        |  ++ Loop 2.1.1              |    11000|    28220|   1100 ~ 2822   |          -|          -|    10|    no    |
        |   +++ Loop 2.1.1.1          |      210|      210|               42|          -|          -|     5|    no    |
        |    ++++ Loop 2.1.1.1.1      |       40|       40|                8|          -|          -|     5|    no    |
        |     +++++ Loop 2.1.1.1.1.1  |        6|        6|                1|          -|          -|     6|    no    |
        |   +++ Loop 2.1.1.2          |       10|       10|                2|          -|          -|     5|    no    |
        |- Loop 3                     |   344040|   968040|   2867 ~ 8067   |          -|          -|   120|    no    |
        | + Loop 3.1                  |      460|      460|               92|          -|          -|     5|    no    |
        |  ++ Loop 3.1.1              |       90|       90|               18|          -|          -|     5|    no    |
        |   +++ Loop 3.1.1.1          |       16|       16|                1|          -|          -|    16|    no    |
        |- Loop 4                     |    10164|    10164|              121|          -|          -|    84|    no    |
        | + Loop 4.1                  |      119|      119|                1|          -|          -|   120|    no    |
        |- Loop 5                     |      860|      860|               86|          -|          -|    10|    no    |
        | + Loop 5.1                  |       84|       84|                1|          -|          -|    84|    no    |
        |- Loop 6                     |       20|       20|                2|          -|          -|    10|    no    |
        +-----------------------------+---------+---------+-----------------+-----------+-----------+------+----------+



================================================================
== Utilization Estimates
================================================================
* Summary: 
+-----------------+---------+-------+--------+-------+
|       Name      | BRAM_18K| DSP48E|   FF   |  LUT  |
+-----------------+---------+-------+--------+-------+
|DSP              |        -|      -|       -|      -|
|Expression       |        -|      -|       0|   1548|
|FIFO             |        -|      -|       -|      -|
|Instance         |        -|      5|    2613|   6627|
|Memory           |       26|      -|     326|     30|
|Multiplexer      |        -|      -|       -|    748|
|Register         |        -|      -|     473|      -|
+-----------------+---------+-------+--------+-------+
|Total            |       26|      5|    3412|   8953|
+-----------------+---------+-------+--------+-------+
|Available        |      270|    240|  126800|  63400|
+-----------------+---------+-------+--------+-------+
|Utilization (%)  |        9|      2|       2|     14|
+-----------------+---------+-------+--------+-------+

+ Detail: 
    * Instance: 
    +------------------+-------+---------+-------+-----+------+
    |     Instance     | Module| BRAM_18K| DSP48E|  FF |  LUT |
    +------------------+-------+---------+-------+-----+------+
    |grp_b_max_fu_648  |b_max  |        0|      0|  127|   249|
    |grp_c_sum_fu_618  |c_sum  |        0|      0|  724|  1775|
    |grp_d_max_fu_654  |d_max  |        0|      0|   69|   215|
    |grp_d_sum_fu_636  |d_sum  |        0|      0|  271|  1005|
    |grp_f_sum_fu_624  |f_sum  |        0|      5|  876|  1579|
    |grp_g_sum_fu_630  |g_sum  |        0|      0|  308|  1045|
    |grp_sum_fu_642    |sum    |        0|      0|  238|   759|
    +------------------+-------+---------+-------+-----+------+
    |Total             |       |        0|      5| 2613|  6627|
    +------------------+-------+---------+-------+-----+------+

    * DSP48: 
    N/A

    * Memory: 
    +------------------------+----------------------+---------+-----+----+------+-----+------+-------------+
    |         Memory         |        Module        | BRAM_18K|  FF | LUT| Words| Bits| Banks| W*Bits*Banks|
    +------------------------+----------------------+---------+-----+----+------+-----+------+-------------+
    |conv1ActivationMap_U    |lenetSynthMatlab_jbC  |        8|    0|   0|  4704|   16|     1|        75264|
    |iv10_U                  |lenetSynthMatlab_kbM  |        8|    0|   0|  4704|   16|     1|        75264|
    |iv11_U                  |lenetSynthMatlab_lbW  |        0|    2|   1|    25|    1|     1|           25|
    |iv12_U                  |lenetSynthMatlab_mb6  |        0|   64|   3|     5|   32|     1|          160|
    |conv2ActivationMap_U    |lenetSynthMatlab_ncg  |        2|    0|   0|  1600|   16|     1|        25600|
    |iv13_U                  |lenetSynthMatlab_ocq  |        2|    0|   0|  1600|   16|     1|        25600|
    |iv14_U                  |lenetSynthMatlab_pcA  |        0|    2|   3|   150|    1|     1|          150|
    |iv15_U                  |lenetSynthMatlab_qcK  |        2|    0|   0|    30|   64|     1|         1920|
    |iv16_U                  |lenetSynthMatlab_rcU  |        0|  128|   6|     6|   64|     1|          384|
    |b_pool2ActivationMap_U  |lenetSynthMatlab_sc4  |        0|    2|   7|   400|    1|     1|          400|
    |iv17_U                  |lenetSynthMatlab_tde  |        2|    0|   0|    80|   64|     1|         5120|
    |iv18_U                  |lenetSynthMatlab_udo  |        2|    0|   0|    16|   64|     1|         1024|
    |c_assign_1_U            |lenetSynthMatlab_vdy  |        0|  128|  10|    10|   64|     1|          640|
    +------------------------+----------------------+---------+-----+----+------+-----+------+-------------+
    |Total                   |                      |       26|  326|  30| 13330|  419|    13|       211551|
    +------------------------+----------------------+---------+-----+----+------+-----+------+-------------+

    * FIFO: 
    N/A

    * Expression: 
    +--------------------------+----------+-------+---+----+------------+------------+
    |       Variable Name      | Operation| DSP48E| FF| LUT| Bitwidth P0| Bitwidth P1|
    +--------------------------+----------+-------+---+----+------------+------------+
    |Y_10_fu_1231_p2           |     +    |      0|  0|  47|          40|          40|
    |Y_8_fu_878_p2             |     +    |      0|  0|  36|          29|          29|
    |c_1_fu_704_p2             |     +    |      0|  0|  15|           5|           1|
    |c_3_fu_995_p2             |     +    |      0|  0|  13|           4|           1|
    |f_1_fu_670_p2             |     +    |      0|  0|  12|           3|           1|
    |f_3_fu_945_p2             |     +    |      0|  0|  15|           5|           1|
    |f_5_fu_1275_p2            |     +    |      0|  0|  15|           7|           1|
    |i0_1_fu_720_p2            |     +    |      0|  0|  12|           3|           1|
    |i0_2_fu_1007_p2           |     +    |      0|  0|  12|           3|           1|
    |i0_fu_1287_p2             |     +    |      0|  0|  12|           3|           1|
    |i1_1_fu_744_p2            |     +    |      0|  0|  12|           3|           1|
    |i1_3_fu_1325_p2           |     +    |      0|  0|  12|           3|           1|
    |i1_5_fu_1049_p2           |     +    |      0|  0|  12|           3|           1|
    |i20_1_cast_fu_884_p2      |     +    |      0|  0|  37|          30|          30|
    |i20_1_fu_872_p2           |     +    |      0|  0|  39|          32|          32|
    |i22_1_cast_fu_1237_p2     |     +    |      0|  0|  48|          41|          41|
    |i22_1_fu_1225_p2          |     +    |      0|  0|  71|          64|          64|
    |i_2_fu_1349_p2            |     +    |      0|  0|  15|           5|           1|
    |i_3_fu_1095_p2            |     +    |      0|  0|  12|           3|           1|
    |i_fu_1463_p2              |     +    |      0|  0|  13|           4|           1|
    |k_1_fu_1392_p2            |     +    |      0|  0|  15|           7|           1|
    |k_2_fu_1421_p2            |     +    |      0|  0|  15|           7|           1|
    |k_fu_801_p2               |     +    |      0|  0|  12|           3|           1|
    |l_1_fu_1404_p2            |     +    |      0|  0|  13|           4|           1|
    |l_fu_1380_p2              |     +    |      0|  0|  15|           7|           1|
    |next_mul_fu_680_p2        |     +    |      0|  0|  20|          13|           8|
    |phitmp_i_fu_1165_p2       |     +    |      0|  0|  12|           1|           3|
    |r_1_fu_692_p2             |     +    |      0|  0|  15|           5|           1|
    |r_3_fu_957_p2             |     +    |      0|  0|  13|           4|           1|
    |tmp1_fu_750_p2            |     +    |      0|  0|  14|           5|           5|
    |tmp2_fu_846_p2            |     +    |      0|  0|  14|          14|          14|
    |tmp3_fu_1101_p2           |     +    |      0|  0|  15|           7|           7|
    |tmp4_fu_983_p2            |     +    |      0|  0|  18|          11|          11|
    |tmp5_fu_1190_p2           |     +    |      0|  0|  15|           8|           8|
    |tmp6_fu_1313_p2           |     +    |      0|  0|  16|           9|           9|
    |tmp7_fu_1355_p2           |     +    |      0|  0|  15|           7|           7|
    |tmp_16_fu_851_p2          |     +    |      0|  0|  14|          14|          14|
    |tmp_18_fu_755_p2          |     +    |      0|  0|  14|           5|           5|
    |tmp_25_fu_1364_p2         |     +    |      0|  0|  16|           9|           9|
    |tmp_29_fu_1199_p2         |     +    |      0|  0|  18|          11|          11|
    |tmp_32_fu_1110_p2         |     +    |      0|  0|  16|           9|           9|
    |tmp_13_fu_1037_p2         |     -    |      0|  0|  16|           9|           9|
    |tmp_15_fu_836_p2          |     -    |      0|  0|  16|           9|           9|
    |tmp_31_fu_1079_p2         |     -    |      0|  0|  15|           7|           7|
    |exitcond10_fu_989_p2      |   icmp   |      0|  0|   9|           4|           4|
    |exitcond11_fu_714_p2      |   icmp   |      0|  0|   9|           3|           3|
    |exitcond12_fu_1001_p2     |   icmp   |      0|  0|   9|           3|           3|
    |exitcond13_fu_1089_p2     |   icmp   |      0|  0|   9|           3|           3|
    |exitcond14_fu_1043_p2     |   icmp   |      0|  0|   9|           3|           3|
    |exitcond15_fu_738_p2      |   icmp   |      0|  0|   9|           3|           3|
    |exitcond1_fu_664_p2       |   icmp   |      0|  0|   9|           3|           3|
    |exitcond1_i1_fu_1398_p2   |   icmp   |      0|  0|   9|           4|           4|
    |exitcond1_i_fu_1374_p2    |   icmp   |      0|  0|  11|           7|           7|
    |exitcond2_fu_939_p2       |   icmp   |      0|  0|  11|           5|           6|
    |exitcond3_fu_1343_p2      |   icmp   |      0|  0|  11|           5|           6|
    |exitcond4_fu_1319_p2      |   icmp   |      0|  0|   9|           3|           3|
    |exitcond5_fu_1281_p2      |   icmp   |      0|  0|   9|           3|           3|
    |exitcond6_fu_1269_p2      |   icmp   |      0|  0|  11|           7|           5|
    |exitcond7_fu_686_p2       |   icmp   |      0|  0|  11|           5|           4|
    |exitcond8_fu_951_p2       |   icmp   |      0|  0|   9|           4|           4|
    |exitcond9_fu_698_p2       |   icmp   |      0|  0|  11|           5|           4|
    |exitcond_fu_1457_p2       |   icmp   |      0|  0|   9|           4|           4|
    |exitcond_i2_fu_1154_p2    |   icmp   |      0|  0|   9|           3|           3|
    |exitcond_i4_fu_1386_p2    |   icmp   |      0|  0|  11|           7|           5|
    |exitcond_i6_fu_1415_p2    |   icmp   |      0|  0|  11|           7|           7|
    |exitcond_i_fu_795_p2      |   icmp   |      0|  0|   9|           3|           4|
    |Y_3_fu_898_p2             |    or    |      0|  0|  32|          32|          31|
    |Y_4_fu_1136_p2            |    or    |      0|  0|  64|          64|          42|
    |Y_9_fu_1251_p2            |    or    |      0|  0|  64|          64|          42|
    |Y_fu_777_p2               |    or    |      0|  0|  32|          32|          31|
    |tmp_259_i_fu_1439_p2      |    or    |      0|  0|  64|          64|          40|
    |Y_11_fu_1261_p3           |  select  |      0|  0|  64|           1|          64|
    |Y_2_fu_787_p3             |  select  |      0|  0|  32|           1|          32|
    |Y_5_fu_908_p3             |  select  |      0|  0|  32|           1|          32|
    |Y_7_fu_1146_p3            |  select  |      0|  0|  64|           1|          64|
    |storemerge_i1_fu_1449_p3  |  select  |      0|  0|  64|           1|          64|
    +--------------------------+----------+-------+---+----+------------+------------+
    |Total                     |          |      0|  0|1548|         830|         935|
    +--------------------------+----------+-------+---+----+------------+------------+

    * Multiplexer: 
    +-------------------------------+-----+-----------+-----+-----------+
    |              Name             | LUT | Input Size| Bits| Total Bits|
    +-------------------------------+-----+-----------+-----+-----------+
    |Y_1_i1_reg_497                 |    9|          2|   64|        128|
    |Y_1_i_reg_398                  |    9|          2|   32|         64|
    |ap_NS_fsm                      |  181|         41|    1|         41|
    |b_pool2ActivationMap_address0  |   15|          3|    9|         27|
    |b_pool2ActivationMap_ce0       |   15|          3|    1|          3|
    |c_2_reg_441                    |    9|          2|    4|          8|
    |c_assign_1_address0            |   15|          3|    4|         12|
    |c_reg_364                      |    9|          2|    5|         10|
    |conv1ActivationMap_address0    |   15|          3|   13|         39|
    |conv1ActivationMap_ce0         |   15|          3|    1|          3|
    |conv2ActivationMap_address0    |   15|          3|   11|         33|
    |conv2ActivationMap_ce0         |   15|          3|    1|          3|
    |f_2_reg_419                    |    9|          2|    5|         10|
    |f_4_reg_507                    |    9|          2|    7|         14|
    |f_reg_331                      |    9|          2|    3|          6|
    |i0_3_reg_453                   |    9|          2|    3|          6|
    |i0_6_reg_518                   |    9|          2|    3|          6|
    |i1_2_reg_464                   |    9|          2|    3|          6|
    |i1_4_reg_529                   |    9|          2|    3|          6|
    |i1_reg_387                     |    9|          2|    3|          6|
    |i26_reg_584                    |    9|          2|   64|        128|
    |i3_reg_376                     |    9|          2|    3|          6|
    |i9_reg_475                     |    9|          2|    3|          6|
    |i_1_reg_540                    |    9|          2|    5|         10|
    |i_4_reg_607                    |    9|          2|    4|          8|
    |iv11_address0                  |   15|          3|    5|         15|
    |iv11_ce0                       |   15|          3|    1|          3|
    |iv12_address0                  |   21|          4|    3|         12|
    |iv12_ce0                       |   15|          3|    1|          3|
    |iv12_we0                       |    9|          2|    1|          2|
    |iv14_address0                  |   15|          3|    8|         24|
    |iv14_ce0                       |   15|          3|    1|          3|
    |iv15_address0                  |   15|          3|    5|         15|
    |iv15_ce0                       |   15|          3|    1|          3|
    |iv15_we0                       |    9|          2|    1|          2|
    |iv16_address0                  |   21|          4|    3|         12|
    |iv16_ce0                       |   15|          3|    1|          3|
    |iv16_we0                       |    9|          2|    1|          2|
    |iv17_address0                  |   15|          3|    7|         21|
    |iv17_ce0                       |   15|          3|    1|          3|
    |iv17_we0                       |    9|          2|    1|          2|
    |ix_reg_486                     |    9|          2|    3|          6|
    |k_i1_reg_562                   |    9|          2|    7|         14|
    |k_i2_reg_596                   |    9|          2|    7|         14|
    |k_i_reg_408                    |    9|          2|    3|          6|
    |l_i1_reg_573                   |    9|          2|    4|          8|
    |l_i_reg_551                    |    9|          2|    7|         14|
    |phi_mul_reg_353                |    9|          2|   13|         26|
    |r_2_reg_430                    |    9|          2|    4|          8|
    |r_reg_342                      |    9|          2|    5|         10|
    +-------------------------------+-----+-----------+-----+-----------+
    |Total                          |  748|        160|  349|        820|
    +-------------------------------+-----+-----------+-----+-----------+

    * Register: 
    +-------------------------------+----+----+-----+-----------+
    |              Name             | FF | LUT| Bits| Const Bits|
    +-------------------------------+----+----+-----+-----------+
    |Y_1_i1_reg_497                 |  64|   0|   64|          0|
    |Y_1_i_reg_398                  |  32|   0|   32|          0|
    |ap_CS_fsm                      |  40|   0|   40|          0|
    |c_1_reg_1524                   |   5|   0|    5|          0|
    |c_2_reg_441                    |   4|   0|    4|          0|
    |c_3_reg_1617                   |   4|   0|    4|          0|
    |c_assign_1_addr_reg_1745       |   4|   0|    4|          0|
    |c_reg_364                      |   5|   0|    5|          0|
    |f_1_reg_1498                   |   3|   0|    3|          0|
    |f_2_cast_reg_1588              |   5|   0|    8|          3|
    |f_2_reg_419                    |   5|   0|    5|          0|
    |f_3_reg_1596                   |   5|   0|    5|          0|
    |f_4_reg_507                    |   7|   0|    7|          0|
    |f_5_reg_1682                   |   7|   0|    7|          0|
    |f_cast_reg_1490                |   3|   0|   14|         11|
    |f_reg_331                      |   3|   0|    3|          0|
    |grp_b_max_fu_648_ap_start_reg  |   1|   0|    1|          0|
    |grp_c_sum_fu_618_ap_start_reg  |   1|   0|    1|          0|
    |grp_d_max_fu_654_ap_start_reg  |   1|   0|    1|          0|
    |grp_d_sum_fu_636_ap_start_reg  |   1|   0|    1|          0|
    |grp_f_sum_fu_624_ap_start_reg  |   1|   0|    1|          0|
    |grp_g_sum_fu_630_ap_start_reg  |   1|   0|    1|          0|
    |grp_sum_fu_642_ap_start_reg    |   1|   0|    1|          0|
    |i0_1_reg_1537                  |   3|   0|    3|          0|
    |i0_2_reg_1625                  |   3|   0|    3|          0|
    |i0_3_reg_453                   |   3|   0|    3|          0|
    |i0_6_reg_518                   |   3|   0|    3|          0|
    |i0_reg_1690                    |   3|   0|    3|          0|
    |i1_2_reg_464                   |   3|   0|    3|          0|
    |i1_3_reg_1703                  |   3|   0|    3|          0|
    |i1_4_reg_529                   |   3|   0|    3|          0|
    |i1_5_reg_1638                  |   3|   0|    3|          0|
    |i1_reg_387                     |   3|   0|    3|          0|
    |i26_reg_584                    |  64|   0|   64|          0|
    |i3_cast_reg_1529               |   3|   0|    5|          2|
    |i3_reg_376                     |   3|   0|    3|          0|
    |i9_reg_475                     |   3|   0|    3|          0|
    |i_1_reg_540                    |   5|   0|    5|          0|
    |i_4_reg_607                    |   4|   0|    4|          0|
    |i_reg_1766                     |   4|   0|    4|          0|
    |ix_reg_486                     |   3|   0|    3|          0|
    |k_i1_reg_562                   |   7|   0|    7|          0|
    |k_i2_reg_596                   |   7|   0|    7|          0|
    |k_i_reg_408                    |   3|   0|    3|          0|
    |k_reg_1563                     |   3|   0|    3|          0|
    |l_1_reg_1740                   |   4|   0|    4|          0|
    |l_i1_reg_573                   |   4|   0|    4|          0|
    |l_i_reg_551                    |   7|   0|    7|          0|
    |l_reg_1724                     |   7|   0|    7|          0|
    |next_mul_reg_1508              |  13|   0|   13|          0|
    |p_shl6_reg_1542                |   3|   0|    5|          2|
    |phi_mul_cast_reg_1503          |  13|   0|   14|          1|
    |phi_mul_reg_353                |  13|   0|   13|          0|
    |phitmp_i_reg_1669              |   3|   0|    3|          0|
    |r_1_reg_1516                   |   5|   0|    5|          0|
    |r_2_reg_430                    |   4|   0|    4|          0|
    |r_3_reg_1604                   |   4|   0|    4|          0|
    |r_reg_342                      |   5|   0|    5|          0|
    |tmp4_reg_1609                  |   6|   0|   11|          5|
    |tmp6_reg_1695                  |   5|   0|    9|          4|
    |tmp_13_reg_1630                |   8|   0|    9|          1|
    |tmp_16_reg_1573                |  14|   0|   14|          0|
    |tmp_20_reg_1771                |   4|   0|   64|         60|
    |tmp_31_reg_1643                |   6|   0|    7|          1|
    |tmp_s_reg_1708                 |   3|   0|    7|          4|
    +-------------------------------+----+----+-----+-----------+
    |Total                          | 473|   0|  567|         94|
    +-------------------------------+----+----+-----+-----------+



================================================================
== Interface
================================================================
* Summary: 
+--------------------+-----+-----+------------+------------------------+--------------+
|      RTL Ports     | Dir | Bits|  Protocol  |      Source Object     |    C Type    |
+--------------------+-----+-----+------------+------------------------+--------------+
|ap_clk              |  in |    1| ap_ctrl_hs | lenetSynthMatlab_fixpt | return value |
|ap_rst              |  in |    1| ap_ctrl_hs | lenetSynthMatlab_fixpt | return value |
|ap_start            |  in |    1| ap_ctrl_hs | lenetSynthMatlab_fixpt | return value |
|ap_done             | out |    1| ap_ctrl_hs | lenetSynthMatlab_fixpt | return value |
|ap_idle             | out |    1| ap_ctrl_hs | lenetSynthMatlab_fixpt | return value |
|ap_ready            | out |    1| ap_ctrl_hs | lenetSynthMatlab_fixpt | return value |
|inputImg_address0   | out |   10|  ap_memory |        inputImg        |     array    |
|inputImg_ce0        | out |    1|  ap_memory |        inputImg        |     array    |
|inputImg_we0        | out |    1|  ap_memory |        inputImg        |     array    |
|inputImg_d0         | out |    8|  ap_memory |        inputImg        |     array    |
|inputImg_q0         |  in |    8|  ap_memory |        inputImg        |     array    |
|inputImg_address1   | out |   10|  ap_memory |        inputImg        |     array    |
|inputImg_ce1        | out |    1|  ap_memory |        inputImg        |     array    |
|inputImg_we1        | out |    1|  ap_memory |        inputImg        |     array    |
|inputImg_d1         | out |    8|  ap_memory |        inputImg        |     array    |
|inputImg_q1         |  in |    8|  ap_memory |        inputImg        |     array    |
|netScores_address0  | out |    4|  ap_memory |        netScores       |     array    |
|netScores_ce0       | out |    1|  ap_memory |        netScores       |     array    |
|netScores_we0       | out |    1|  ap_memory |        netScores       |     array    |
|netScores_d0        | out |   16|  ap_memory |        netScores       |     array    |
+--------------------+-----+-----+------------+------------------------+--------------+

